2021-04-16 19:40:16,784 - trainer1_aws - INFO: [trainer1_aws.py:load_data:118] - Loading data...
2021-04-16 19:41:12,745 - trainer1_aws - INFO: [trainer1_aws.py:load_data:141] - Completed loading data
2021-04-16 19:41:23,953 - trainer1_aws - INFO: [trainer1_aws.py:GetPyTorchDataLoaders:114] - Completed loading data and returning pytorch train and validation data loaders
2021-04-16 19:41:23,957 - trainer1_aws - INFO: [trainer1_aws.py:on_connect_remote:294] - Connected to remote broker with rc: 0
2021-04-16 19:41:23,957 - trainer1_aws - INFO: [trainer1_aws.py:on_connect_remote:296] - Waiting for initial model from coordinator...
2021-04-16 19:42:09,963 - trainer1_aws - INFO: [trainer1_aws.py:on_message:300] - Model received from coordinator!
2021-04-16 19:42:09,963 - trainer1_aws - INFO: [trainer1_aws.py:on_message:301] - Topic: fed_ml/coordinator/1/model
2021-04-16 19:42:09,966 - trainer1_aws - INFO: [trainer1_aws.py:train_model:146] - Start training...
2021-04-16 19:42:25,102 - trainer1_aws - INFO: [trainer1_aws.py:train_model:218] - Global Epoch:1 Iteration: 0  Loss: 688922.1875  Accuracy: 7.192538738250732 %
2021-04-16 19:42:42,178 - trainer1_aws - INFO: [trainer1_aws.py:train_model:218] - Global Epoch:1 Iteration: 10  Loss: 185585.171875  Accuracy: 26.417741775512695 %
2021-04-16 19:42:59,210 - trainer1_aws - INFO: [trainer1_aws.py:train_model:218] - Global Epoch:1 Iteration: 20  Loss: 91797.0  Accuracy: 63.884368896484375 %
2021-04-16 19:43:16,188 - trainer1_aws - INFO: [trainer1_aws.py:train_model:218] - Global Epoch:1 Iteration: 30  Loss: 45384.3203125  Accuracy: 81.4426498413086 %
2021-04-16 19:43:33,240 - trainer1_aws - INFO: [trainer1_aws.py:train_model:218] - Global Epoch:1 Iteration: 40  Loss: 22447.0390625  Accuracy: 80.24224853515625 %
2021-04-16 19:43:50,474 - trainer1_aws - INFO: [trainer1_aws.py:train_model:218] - Global Epoch:1 Iteration: 50  Loss: 14707.3154296875  Accuracy: 84.01158905029297 %
2021-04-16 19:44:07,715 - trainer1_aws - INFO: [trainer1_aws.py:train_model:218] - Global Epoch:1 Iteration: 60  Loss: 9032.6083984375  Accuracy: 83.74239349365234 %
2021-04-16 19:44:24,965 - trainer1_aws - INFO: [trainer1_aws.py:train_model:218] - Global Epoch:1 Iteration: 70  Loss: 8184.5087890625  Accuracy: 89.78335571289062 %
2021-04-16 19:44:42,677 - trainer1_aws - INFO: [trainer1_aws.py:train_model:218] - Global Epoch:1 Iteration: 80  Loss: 6339.57275390625  Accuracy: 91.24011993408203 %
2021-04-16 19:44:59,736 - trainer1_aws - INFO: [trainer1_aws.py:train_model:218] - Global Epoch:1 Iteration: 90  Loss: 7418.4375  Accuracy: 93.95283508300781 %
2021-04-16 19:45:17,108 - trainer1_aws - INFO: [trainer1_aws.py:train_model:218] - Global Epoch:1 Iteration: 100  Loss: 2946.05322265625  Accuracy: 91.61894226074219 %
2021-04-16 19:45:34,375 - trainer1_aws - INFO: [trainer1_aws.py:train_model:218] - Global Epoch:1 Iteration: 110  Loss: 2701.415283203125  Accuracy: 91.77677154541016 %
2021-04-16 19:45:51,798 - trainer1_aws - INFO: [trainer1_aws.py:train_model:218] - Global Epoch:1 Iteration: 120  Loss: 1646.7398681640625  Accuracy: 88.2947998046875 %
2021-04-16 19:46:09,057 - trainer1_aws - INFO: [trainer1_aws.py:train_model:218] - Global Epoch:1 Iteration: 130  Loss: 3187.076416015625  Accuracy: 89.5639419555664 %
2021-04-16 19:46:26,227 - trainer1_aws - INFO: [trainer1_aws.py:train_model:218] - Global Epoch:1 Iteration: 140  Loss: 1339.736328125  Accuracy: 92.27840423583984 %
2021-04-16 19:46:43,427 - trainer1_aws - INFO: [trainer1_aws.py:train_model:218] - Global Epoch:1 Iteration: 150  Loss: 1383.0457763671875  Accuracy: 89.14511108398438 %
2021-04-16 19:47:00,618 - trainer1_aws - INFO: [trainer1_aws.py:train_model:218] - Global Epoch:1 Iteration: 160  Loss: 3997.978515625  Accuracy: 94.99295806884766 %
2021-04-16 19:47:17,920 - trainer1_aws - INFO: [trainer1_aws.py:train_model:218] - Global Epoch:1 Iteration: 170  Loss: 1994.6942138671875  Accuracy: 89.83698272705078 %
2021-04-16 19:47:35,329 - trainer1_aws - INFO: [trainer1_aws.py:train_model:218] - Global Epoch:1 Iteration: 180  Loss: 363.0997619628906  Accuracy: 95.63687896728516 %
2021-04-16 19:47:52,617 - trainer1_aws - INFO: [trainer1_aws.py:train_model:218] - Global Epoch:1 Iteration: 190  Loss: 1980.399658203125  Accuracy: 90.00084686279297 %
2021-04-16 19:48:09,840 - trainer1_aws - INFO: [trainer1_aws.py:train_model:218] - Global Epoch:1 Iteration: 200  Loss: 2540.28857421875  Accuracy: 95.90493774414062 %
2021-04-16 19:48:26,894 - trainer1_aws - INFO: [trainer1_aws.py:train_model:218] - Global Epoch:1 Iteration: 210  Loss: 602.0327758789062  Accuracy: 87.7482681274414 %
2021-04-16 19:48:43,936 - trainer1_aws - INFO: [trainer1_aws.py:train_model:218] - Global Epoch:1 Iteration: 220  Loss: 1278.7247314453125  Accuracy: 90.84435272216797 %
2021-04-16 19:48:58,654 - trainer1_aws - INFO: [trainer1_aws.py:train_model:242] - Epoch 1 completed. Time taken (seconds): 408.68860816955566
2021-04-16 19:48:58,655 - trainer1_aws - INFO: [trainer1_aws.py:train_model:244] - 
Accuracy: 91.07032012939453
2021-04-16 19:48:58,655 - trainer1_aws - INFO: [trainer1_aws.py:train_model:245] - 
LOSS:: 1278.7247314453125
2021-04-16 19:50:30,799 - trainer1_aws - INFO: [trainer1_aws.py:on_message:300] - Model received from coordinator!
2021-04-16 19:50:30,800 - trainer1_aws - INFO: [trainer1_aws.py:on_message:301] - Topic: fed_ml/coordinator/2/model
2021-04-16 19:50:30,801 - trainer1_aws - INFO: [trainer1_aws.py:train_model:146] - Start training...
2021-04-16 19:50:46,279 - trainer1_aws - INFO: [trainer1_aws.py:train_model:218] - Global Epoch:2 Iteration: 0  Loss: 179572.078125  Accuracy: 74.68692779541016 %
2021-04-16 19:51:03,651 - trainer1_aws - INFO: [trainer1_aws.py:train_model:218] - Global Epoch:2 Iteration: 10  Loss: 48585.671875  Accuracy: 88.20535278320312 %
2021-04-16 19:51:20,833 - trainer1_aws - INFO: [trainer1_aws.py:train_model:218] - Global Epoch:2 Iteration: 20  Loss: 14776.732421875  Accuracy: 77.08641815185547 %
2021-04-16 19:51:37,769 - trainer1_aws - INFO: [trainer1_aws.py:train_model:218] - Global Epoch:2 Iteration: 30  Loss: 4676.509765625  Accuracy: 84.4024658203125 %
2021-04-16 19:51:54,862 - trainer1_aws - INFO: [trainer1_aws.py:train_model:218] - Global Epoch:2 Iteration: 40  Loss: 6139.69677734375  Accuracy: 92.21236419677734 %
2021-04-16 19:52:12,074 - trainer1_aws - INFO: [trainer1_aws.py:train_model:218] - Global Epoch:2 Iteration: 50  Loss: 1908.2120361328125  Accuracy: 86.12074279785156 %
2021-04-16 19:52:29,748 - trainer1_aws - INFO: [trainer1_aws.py:train_model:218] - Global Epoch:2 Iteration: 60  Loss: 1273.02587890625  Accuracy: 92.44489288330078 %
2021-04-16 19:52:47,124 - trainer1_aws - INFO: [trainer1_aws.py:train_model:218] - Global Epoch:2 Iteration: 70  Loss: 2935.366455078125  Accuracy: 95.77225494384766 %
2021-04-16 19:53:04,351 - trainer1_aws - INFO: [trainer1_aws.py:train_model:218] - Global Epoch:2 Iteration: 80  Loss: 630.5470581054688  Accuracy: 86.57075500488281 %
2021-04-16 19:53:21,676 - trainer1_aws - INFO: [trainer1_aws.py:train_model:218] - Global Epoch:2 Iteration: 90  Loss: 1663.94775390625  Accuracy: 91.30431365966797 %
2021-04-16 19:53:39,020 - trainer1_aws - INFO: [trainer1_aws.py:train_model:218] - Global Epoch:2 Iteration: 100  Loss: 2660.854736328125  Accuracy: 93.65070343017578 %
2021-04-16 19:53:56,126 - trainer1_aws - INFO: [trainer1_aws.py:train_model:218] - Global Epoch:2 Iteration: 110  Loss: 2922.83349609375  Accuracy: 91.069091796875 %
2021-04-16 19:54:13,652 - trainer1_aws - INFO: [trainer1_aws.py:train_model:218] - Global Epoch:2 Iteration: 120  Loss: 1328.27880859375  Accuracy: 94.22142791748047 %
2021-04-16 19:54:30,836 - trainer1_aws - INFO: [trainer1_aws.py:train_model:218] - Global Epoch:2 Iteration: 130  Loss: 413.1343994140625  Accuracy: 94.55238342285156 %
2021-04-16 19:54:48,050 - trainer1_aws - INFO: [trainer1_aws.py:train_model:218] - Global Epoch:2 Iteration: 140  Loss: 746.7333374023438  Accuracy: 91.96578979492188 %
2021-04-16 19:55:05,502 - trainer1_aws - INFO: [trainer1_aws.py:train_model:218] - Global Epoch:2 Iteration: 150  Loss: 396.5630187988281  Accuracy: 88.892333984375 %
2021-04-16 19:55:23,006 - trainer1_aws - INFO: [trainer1_aws.py:train_model:218] - Global Epoch:2 Iteration: 160  Loss: 1999.0936279296875  Accuracy: 94.56626892089844 %
2021-04-16 19:55:40,469 - trainer1_aws - INFO: [trainer1_aws.py:train_model:218] - Global Epoch:2 Iteration: 170  Loss: 1849.6099853515625  Accuracy: 91.9712905883789 %
2021-04-16 19:55:57,720 - trainer1_aws - INFO: [trainer1_aws.py:train_model:218] - Global Epoch:2 Iteration: 180  Loss: 1498.2730712890625  Accuracy: 94.09913635253906 %
2021-04-16 19:56:14,710 - trainer1_aws - INFO: [trainer1_aws.py:train_model:218] - Global Epoch:2 Iteration: 190  Loss: 1055.0330810546875  Accuracy: 93.80155181884766 %
2021-04-16 19:56:31,825 - trainer1_aws - INFO: [trainer1_aws.py:train_model:218] - Global Epoch:2 Iteration: 200  Loss: 1605.010009765625  Accuracy: 97.02279663085938 %
2021-04-16 19:56:48,949 - trainer1_aws - INFO: [trainer1_aws.py:train_model:218] - Global Epoch:2 Iteration: 210  Loss: 1264.489013671875  Accuracy: 94.09695434570312 %
2021-04-16 19:57:06,020 - trainer1_aws - INFO: [trainer1_aws.py:train_model:218] - Global Epoch:2 Iteration: 220  Loss: 1167.01416015625  Accuracy: 96.79814147949219 %
2021-04-16 19:57:20,569 - trainer1_aws - INFO: [trainer1_aws.py:train_model:242] - Epoch 2 completed. Time taken (seconds): 409.76801776885986
2021-04-16 19:57:20,569 - trainer1_aws - INFO: [trainer1_aws.py:train_model:244] - 
Accuracy: 94.67720031738281
2021-04-16 19:57:20,570 - trainer1_aws - INFO: [trainer1_aws.py:train_model:245] - 
LOSS:: 1167.01416015625
2021-04-16 19:58:46,406 - trainer1_aws - INFO: [trainer1_aws.py:on_message:300] - Model received from coordinator!
2021-04-16 19:58:46,406 - trainer1_aws - INFO: [trainer1_aws.py:on_message:301] - Topic: fed_ml/coordinator/3/model
2021-04-16 19:58:46,408 - trainer1_aws - INFO: [trainer1_aws.py:train_model:146] - Start training...
2021-04-16 19:59:01,297 - trainer1_aws - INFO: [trainer1_aws.py:train_model:218] - Global Epoch:3 Iteration: 0  Loss: 108368.6015625  Accuracy: 74.81550598144531 %
2021-04-16 19:59:18,408 - trainer1_aws - INFO: [trainer1_aws.py:train_model:218] - Global Epoch:3 Iteration: 10  Loss: 6952.93896484375  Accuracy: 78.5594253540039 %
2021-04-16 19:59:35,395 - trainer1_aws - INFO: [trainer1_aws.py:train_model:218] - Global Epoch:3 Iteration: 20  Loss: 12937.189453125  Accuracy: 90.15641784667969 %
2021-04-16 19:59:52,401 - trainer1_aws - INFO: [trainer1_aws.py:train_model:218] - Global Epoch:3 Iteration: 30  Loss: 10093.6884765625  Accuracy: 89.7033462524414 %
2021-04-16 20:00:09,512 - trainer1_aws - INFO: [trainer1_aws.py:train_model:218] - Global Epoch:3 Iteration: 40  Loss: 3119.26806640625  Accuracy: 89.4048843383789 %
2021-04-16 20:00:26,805 - trainer1_aws - INFO: [trainer1_aws.py:train_model:218] - Global Epoch:3 Iteration: 50  Loss: 1697.6942138671875  Accuracy: 95.53755950927734 %
2021-04-16 20:00:44,130 - trainer1_aws - INFO: [trainer1_aws.py:train_model:218] - Global Epoch:3 Iteration: 60  Loss: 1967.208984375  Accuracy: 90.69210815429688 %
2021-04-16 20:01:01,220 - trainer1_aws - INFO: [trainer1_aws.py:train_model:218] - Global Epoch:3 Iteration: 70  Loss: 1825.100830078125  Accuracy: 96.62091064453125 %
2021-04-16 20:01:18,230 - trainer1_aws - INFO: [trainer1_aws.py:train_model:218] - Global Epoch:3 Iteration: 80  Loss: 640.3746948242188  Accuracy: 94.13014221191406 %
2021-04-16 20:01:35,114 - trainer1_aws - INFO: [trainer1_aws.py:train_model:218] - Global Epoch:3 Iteration: 90  Loss: 671.9940795898438  Accuracy: 96.92313385009766 %
2021-04-16 20:01:52,008 - trainer1_aws - INFO: [trainer1_aws.py:train_model:218] - Global Epoch:3 Iteration: 100  Loss: 412.8793640136719  Accuracy: 91.4708023071289 %
2021-04-16 20:02:08,983 - trainer1_aws - INFO: [trainer1_aws.py:train_model:218] - Global Epoch:3 Iteration: 110  Loss: 2178.02978515625  Accuracy: 93.71394348144531 %
2021-04-16 20:02:25,870 - trainer1_aws - INFO: [trainer1_aws.py:train_model:218] - Global Epoch:3 Iteration: 120  Loss: 488.9578857421875  Accuracy: 91.3279037475586 %
2021-04-16 20:02:42,697 - trainer1_aws - INFO: [trainer1_aws.py:train_model:218] - Global Epoch:3 Iteration: 130  Loss: 904.6301879882812  Accuracy: 93.78032684326172 %
2021-04-16 20:02:59,697 - trainer1_aws - INFO: [trainer1_aws.py:train_model:218] - Global Epoch:3 Iteration: 140  Loss: 2012.4345703125  Accuracy: 97.00052642822266 %
2021-04-16 20:03:16,531 - trainer1_aws - INFO: [trainer1_aws.py:train_model:218] - Global Epoch:3 Iteration: 150  Loss: 1385.9052734375  Accuracy: 94.00401306152344 %
2021-04-16 20:03:33,513 - trainer1_aws - INFO: [trainer1_aws.py:train_model:218] - Global Epoch:3 Iteration: 160  Loss: 977.7885131835938  Accuracy: 86.55747985839844 %
2021-04-16 20:03:50,433 - trainer1_aws - INFO: [trainer1_aws.py:train_model:218] - Global Epoch:3 Iteration: 170  Loss: 2816.60595703125  Accuracy: 91.69231414794922 %
2021-04-16 20:04:07,329 - trainer1_aws - INFO: [trainer1_aws.py:train_model:218] - Global Epoch:3 Iteration: 180  Loss: 1118.744384765625  Accuracy: 94.09180450439453 %
2021-04-16 20:04:24,280 - trainer1_aws - INFO: [trainer1_aws.py:train_model:218] - Global Epoch:3 Iteration: 190  Loss: 1891.6456298828125  Accuracy: 94.30248260498047 %
2021-04-16 20:04:41,279 - trainer1_aws - INFO: [trainer1_aws.py:train_model:218] - Global Epoch:3 Iteration: 200  Loss: 1591.13671875  Accuracy: 89.81331634521484 %
2021-04-16 20:04:58,174 - trainer1_aws - INFO: [trainer1_aws.py:train_model:218] - Global Epoch:3 Iteration: 210  Loss: 1633.7578125  Accuracy: 97.1373062133789 %
2021-04-16 20:05:15,314 - trainer1_aws - INFO: [trainer1_aws.py:train_model:218] - Global Epoch:3 Iteration: 220  Loss: 5291.341796875  Accuracy: 97.18473815917969 %
2021-04-16 20:05:30,110 - trainer1_aws - INFO: [trainer1_aws.py:train_model:242] - Epoch 3 completed. Time taken (seconds): 403.7021424770355
2021-04-16 20:05:30,110 - trainer1_aws - INFO: [trainer1_aws.py:train_model:244] - 
Accuracy: 94.31139373779297
2021-04-16 20:05:30,110 - trainer1_aws - INFO: [trainer1_aws.py:train_model:245] - 
LOSS:: 5291.341796875
2021-04-16 20:07:04,532 - trainer1_aws - INFO: [trainer1_aws.py:on_message:300] - Model received from coordinator!
2021-04-16 20:07:04,533 - trainer1_aws - INFO: [trainer1_aws.py:on_message:301] - Topic: fed_ml/coordinator/4/model
2021-04-16 20:07:04,534 - trainer1_aws - INFO: [trainer1_aws.py:train_model:146] - Start training...
2021-04-16 20:07:19,406 - trainer1_aws - INFO: [trainer1_aws.py:train_model:218] - Global Epoch:4 Iteration: 0  Loss: 94757.1484375  Accuracy: 65.68964385986328 %
2021-04-16 20:07:36,375 - trainer1_aws - INFO: [trainer1_aws.py:train_model:218] - Global Epoch:4 Iteration: 10  Loss: 10951.24609375  Accuracy: 73.37847900390625 %
2021-04-16 20:07:53,348 - trainer1_aws - INFO: [trainer1_aws.py:train_model:218] - Global Epoch:4 Iteration: 20  Loss: 11999.583984375  Accuracy: 92.3961410522461 %
2021-04-16 20:08:10,455 - trainer1_aws - INFO: [trainer1_aws.py:train_model:218] - Global Epoch:4 Iteration: 30  Loss: 4181.60498046875  Accuracy: 89.83812713623047 %
2021-04-16 20:08:27,347 - trainer1_aws - INFO: [trainer1_aws.py:train_model:218] - Global Epoch:4 Iteration: 40  Loss: 1856.1719970703125  Accuracy: 93.12505340576172 %
2021-04-16 20:08:44,261 - trainer1_aws - INFO: [trainer1_aws.py:train_model:218] - Global Epoch:4 Iteration: 50  Loss: 1529.694091796875  Accuracy: 96.17789459228516 %
2021-04-16 20:09:01,164 - trainer1_aws - INFO: [trainer1_aws.py:train_model:218] - Global Epoch:4 Iteration: 60  Loss: 723.4993286132812  Accuracy: 91.37541961669922 %
2021-04-16 20:09:18,282 - trainer1_aws - INFO: [trainer1_aws.py:train_model:218] - Global Epoch:4 Iteration: 70  Loss: 522.6491088867188  Accuracy: 91.81896209716797 %
2021-04-16 20:09:35,283 - trainer1_aws - INFO: [trainer1_aws.py:train_model:218] - Global Epoch:4 Iteration: 80  Loss: 409.7151794433594  Accuracy: 91.3208236694336 %
2021-04-16 20:09:52,193 - trainer1_aws - INFO: [trainer1_aws.py:train_model:218] - Global Epoch:4 Iteration: 90  Loss: 621.664306640625  Accuracy: 96.9619140625 %
2021-04-16 20:10:09,192 - trainer1_aws - INFO: [trainer1_aws.py:train_model:218] - Global Epoch:4 Iteration: 100  Loss: 2012.24658203125  Accuracy: 91.81634521484375 %
2021-04-16 20:10:26,529 - trainer1_aws - INFO: [trainer1_aws.py:train_model:218] - Global Epoch:4 Iteration: 110  Loss: 1036.51171875  Accuracy: 91.72532653808594 %
2021-04-16 20:10:43,684 - trainer1_aws - INFO: [trainer1_aws.py:train_model:218] - Global Epoch:4 Iteration: 120  Loss: 2094.005615234375  Accuracy: 94.08866119384766 %
2021-04-16 20:11:01,071 - trainer1_aws - INFO: [trainer1_aws.py:train_model:218] - Global Epoch:4 Iteration: 130  Loss: 258.6101989746094  Accuracy: 88.63247680664062 %
2021-04-16 20:11:18,266 - trainer1_aws - INFO: [trainer1_aws.py:train_model:218] - Global Epoch:4 Iteration: 140  Loss: 778.6052856445312  Accuracy: 94.31365966796875 %
2021-04-16 20:11:35,514 - trainer1_aws - INFO: [trainer1_aws.py:train_model:218] - Global Epoch:4 Iteration: 150  Loss: 1610.4908447265625  Accuracy: 96.91973114013672 %
2021-04-16 20:11:53,006 - trainer1_aws - INFO: [trainer1_aws.py:train_model:218] - Global Epoch:4 Iteration: 160  Loss: 2618.809814453125  Accuracy: 91.77423858642578 %
2021-04-16 20:12:10,099 - trainer1_aws - INFO: [trainer1_aws.py:train_model:218] - Global Epoch:4 Iteration: 170  Loss: 1585.3824462890625  Accuracy: 93.95362091064453 %
2021-04-16 20:12:27,216 - trainer1_aws - INFO: [trainer1_aws.py:train_model:218] - Global Epoch:4 Iteration: 180  Loss: 2234.86669921875  Accuracy: 90.06094360351562 %
2021-04-16 20:12:44,150 - trainer1_aws - INFO: [trainer1_aws.py:train_model:218] - Global Epoch:4 Iteration: 190  Loss: 3337.9462890625  Accuracy: 94.84237670898438 %
2021-04-16 20:13:01,127 - trainer1_aws - INFO: [trainer1_aws.py:train_model:218] - Global Epoch:4 Iteration: 200  Loss: 1598.4942626953125  Accuracy: 91.69841766357422 %
2021-04-16 20:13:18,144 - trainer1_aws - INFO: [trainer1_aws.py:train_model:218] - Global Epoch:4 Iteration: 210  Loss: 3172.687255859375  Accuracy: 94.81904602050781 %
2021-04-16 20:13:35,138 - trainer1_aws - INFO: [trainer1_aws.py:train_model:218] - Global Epoch:4 Iteration: 220  Loss: 2535.723388671875  Accuracy: 94.17024230957031 %
2021-04-16 20:13:49,631 - trainer1_aws - INFO: [trainer1_aws.py:train_model:242] - Epoch 4 completed. Time taken (seconds): 405.0965676307678
2021-04-16 20:13:49,631 - trainer1_aws - INFO: [trainer1_aws.py:train_model:244] - 
Accuracy: 94.76376342773438
2021-04-16 20:13:49,631 - trainer1_aws - INFO: [trainer1_aws.py:train_model:245] - 
LOSS:: 2535.723388671875
2021-04-16 20:15:32,938 - trainer1_aws - INFO: [trainer1_aws.py:on_message:300] - Model received from coordinator!
2021-04-16 20:15:32,938 - trainer1_aws - INFO: [trainer1_aws.py:on_message:301] - Topic: fed_ml/coordinator/5/model
2021-04-16 20:15:32,940 - trainer1_aws - INFO: [trainer1_aws.py:train_model:146] - Start training...
2021-04-16 20:15:48,045 - trainer1_aws - INFO: [trainer1_aws.py:train_model:218] - Global Epoch:5 Iteration: 0  Loss: 82720.1328125  Accuracy: 63.727752685546875 %
2021-04-16 20:16:05,154 - trainer1_aws - INFO: [trainer1_aws.py:train_model:218] - Global Epoch:5 Iteration: 10  Loss: 8213.1328125  Accuracy: 74.11358642578125 %
2021-04-16 20:16:22,217 - trainer1_aws - INFO: [trainer1_aws.py:train_model:218] - Global Epoch:5 Iteration: 20  Loss: 5184.7861328125  Accuracy: 89.75951385498047 %
2021-04-16 20:16:39,100 - trainer1_aws - INFO: [trainer1_aws.py:train_model:218] - Global Epoch:5 Iteration: 30  Loss: 1023.814697265625  Accuracy: 89.78946685791016 %
2021-04-16 20:16:56,107 - trainer1_aws - INFO: [trainer1_aws.py:train_model:218] - Global Epoch:5 Iteration: 40  Loss: 2241.5458984375  Accuracy: 93.70259094238281 %
2021-04-16 20:17:13,102 - trainer1_aws - INFO: [trainer1_aws.py:train_model:218] - Global Epoch:5 Iteration: 50  Loss: 2658.123291015625  Accuracy: 88.45708465576172 %
2021-04-16 20:17:30,015 - trainer1_aws - INFO: [trainer1_aws.py:train_model:218] - Global Epoch:5 Iteration: 60  Loss: 671.1365966796875  Accuracy: 94.66260528564453 %
2021-04-16 20:17:46,931 - trainer1_aws - INFO: [trainer1_aws.py:train_model:218] - Global Epoch:5 Iteration: 70  Loss: 1378.888671875  Accuracy: 94.20771026611328 %
2021-04-16 20:18:03,828 - trainer1_aws - INFO: [trainer1_aws.py:train_model:218] - Global Epoch:5 Iteration: 80  Loss: 856.0543212890625  Accuracy: 94.7282943725586 %
2021-04-16 20:18:20,709 - trainer1_aws - INFO: [trainer1_aws.py:train_model:218] - Global Epoch:5 Iteration: 90  Loss: 1913.818359375  Accuracy: 97.00926208496094 %
2021-04-16 20:18:37,550 - trainer1_aws - INFO: [trainer1_aws.py:train_model:218] - Global Epoch:5 Iteration: 100  Loss: 547.00341796875  Accuracy: 91.73484802246094 %
2021-04-16 20:18:54,478 - trainer1_aws - INFO: [trainer1_aws.py:train_model:218] - Global Epoch:5 Iteration: 110  Loss: 2559.6787109375  Accuracy: 97.04035949707031 %
2021-04-16 20:19:11,490 - trainer1_aws - INFO: [trainer1_aws.py:train_model:218] - Global Epoch:5 Iteration: 120  Loss: 3012.17138671875  Accuracy: 91.16875457763672 %
2021-04-16 20:19:28,432 - trainer1_aws - INFO: [trainer1_aws.py:train_model:218] - Global Epoch:5 Iteration: 130  Loss: 1214.080322265625  Accuracy: 91.70602416992188 %
2021-04-16 20:19:45,335 - trainer1_aws - INFO: [trainer1_aws.py:train_model:218] - Global Epoch:5 Iteration: 140  Loss: 493.0461120605469  Accuracy: 94.88831329345703 %
2021-04-16 20:20:02,253 - trainer1_aws - INFO: [trainer1_aws.py:train_model:218] - Global Epoch:5 Iteration: 150  Loss: 1993.715576171875  Accuracy: 95.22992706298828 %
2021-04-16 20:20:19,231 - trainer1_aws - INFO: [trainer1_aws.py:train_model:218] - Global Epoch:5 Iteration: 160  Loss: 1590.3284912109375  Accuracy: 91.82481384277344 %
2021-04-16 20:20:36,338 - trainer1_aws - INFO: [trainer1_aws.py:train_model:218] - Global Epoch:5 Iteration: 170  Loss: 1241.342529296875  Accuracy: 92.38365936279297 %
2021-04-16 20:20:53,433 - trainer1_aws - INFO: [trainer1_aws.py:train_model:218] - Global Epoch:5 Iteration: 180  Loss: 1337.80810546875  Accuracy: 94.27872467041016 %
2021-04-16 20:21:10,370 - trainer1_aws - INFO: [trainer1_aws.py:train_model:218] - Global Epoch:5 Iteration: 190  Loss: 2490.1630859375  Accuracy: 94.47367858886719 %
2021-04-16 20:21:27,420 - trainer1_aws - INFO: [trainer1_aws.py:train_model:218] - Global Epoch:5 Iteration: 200  Loss: 1850.4266357421875  Accuracy: 91.81695556640625 %
2021-04-16 20:21:44,456 - trainer1_aws - INFO: [trainer1_aws.py:train_model:218] - Global Epoch:5 Iteration: 210  Loss: 2260.906494140625  Accuracy: 97.08708190917969 %
2021-04-16 20:22:01,332 - trainer1_aws - INFO: [trainer1_aws.py:train_model:218] - Global Epoch:5 Iteration: 220  Loss: 1962.18701171875  Accuracy: 92.88546752929688 %
2021-04-16 20:22:15,800 - trainer1_aws - INFO: [trainer1_aws.py:train_model:242] - Epoch 5 completed. Time taken (seconds): 402.8607106208801
2021-04-16 20:22:15,801 - trainer1_aws - INFO: [trainer1_aws.py:train_model:244] - 
Accuracy: 91.79651641845703
2021-04-16 20:22:15,801 - trainer1_aws - INFO: [trainer1_aws.py:train_model:245] - 
LOSS:: 1962.18701171875
