2021-04-16 21:10:26,552 - trainer1_aws - INFO: [trainer1_aws.py:load_data:118] - Loading data...
2021-04-16 21:11:15,084 - trainer1_aws - INFO: [trainer1_aws.py:load_data:141] - Completed loading data
2021-04-16 21:11:26,345 - trainer1_aws - INFO: [trainer1_aws.py:GetPyTorchDataLoaders:114] - Completed loading data and returning pytorch train and validation data loaders
2021-04-16 21:11:26,351 - trainer1_aws - INFO: [trainer1_aws.py:on_connect_remote:294] - Connected to remote broker with rc: 0
2021-04-16 21:11:26,351 - trainer1_aws - INFO: [trainer1_aws.py:on_connect_remote:296] - Waiting for initial model from coordinator...
2021-04-16 21:11:52,652 - trainer1_aws - INFO: [trainer1_aws.py:on_message:300] - Model received from coordinator!
2021-04-16 21:11:52,652 - trainer1_aws - INFO: [trainer1_aws.py:on_message:301] - Topic: fed_ml/coordinator/1/model
2021-04-16 21:11:52,654 - trainer1_aws - INFO: [trainer1_aws.py:train_model:146] - Start training...
2021-04-16 21:12:06,510 - trainer1_aws - INFO: [trainer1_aws.py:train_model:218] - Global Epoch:1 Iteration: 0  Loss: 871615.0  Accuracy: 0.0 %
2021-04-16 21:12:20,666 - trainer1_aws - INFO: [trainer1_aws.py:train_model:218] - Global Epoch:1 Iteration: 10  Loss: 312998.34375  Accuracy: 16.79007339477539 %
2021-04-16 21:12:34,894 - trainer1_aws - INFO: [trainer1_aws.py:train_model:218] - Global Epoch:1 Iteration: 20  Loss: 116650.8125  Accuracy: 45.808990478515625 %
2021-04-16 21:12:49,063 - trainer1_aws - INFO: [trainer1_aws.py:train_model:218] - Global Epoch:1 Iteration: 30  Loss: 64582.3046875  Accuracy: 49.66847610473633 %
2021-04-16 21:13:03,184 - trainer1_aws - INFO: [trainer1_aws.py:train_model:218] - Global Epoch:1 Iteration: 40  Loss: 25488.484375  Accuracy: 74.39283752441406 %
2021-04-16 21:13:17,231 - trainer1_aws - INFO: [trainer1_aws.py:train_model:218] - Global Epoch:1 Iteration: 50  Loss: 19351.6953125  Accuracy: 77.55582427978516 %
2021-04-16 21:13:31,222 - trainer1_aws - INFO: [trainer1_aws.py:train_model:218] - Global Epoch:1 Iteration: 60  Loss: 10663.9013671875  Accuracy: 85.4600601196289 %
2021-04-16 21:13:45,263 - trainer1_aws - INFO: [trainer1_aws.py:train_model:218] - Global Epoch:1 Iteration: 70  Loss: 12818.8515625  Accuracy: 84.5400390625 %
2021-04-16 21:13:59,319 - trainer1_aws - INFO: [trainer1_aws.py:train_model:218] - Global Epoch:1 Iteration: 80  Loss: 10239.1875  Accuracy: 87.08636474609375 %
2021-04-16 21:14:13,337 - trainer1_aws - INFO: [trainer1_aws.py:train_model:218] - Global Epoch:1 Iteration: 90  Loss: 8666.7412109375  Accuracy: 83.95673370361328 %
2021-04-16 21:14:27,402 - trainer1_aws - INFO: [trainer1_aws.py:train_model:218] - Global Epoch:1 Iteration: 100  Loss: 9192.48046875  Accuracy: 89.994384765625 %
2021-04-16 21:14:41,456 - trainer1_aws - INFO: [trainer1_aws.py:train_model:218] - Global Epoch:1 Iteration: 110  Loss: 7378.14697265625  Accuracy: 88.27296447753906 %
2021-04-16 21:14:55,535 - trainer1_aws - INFO: [trainer1_aws.py:train_model:218] - Global Epoch:1 Iteration: 120  Loss: 5545.244140625  Accuracy: 83.88529205322266 %
2021-04-16 21:15:09,633 - trainer1_aws - INFO: [trainer1_aws.py:train_model:218] - Global Epoch:1 Iteration: 130  Loss: 5669.10205078125  Accuracy: 86.42925262451172 %
2021-04-16 21:15:23,823 - trainer1_aws - INFO: [trainer1_aws.py:train_model:218] - Global Epoch:1 Iteration: 140  Loss: 3763.815673828125  Accuracy: 91.82909393310547 %
2021-04-16 21:15:37,977 - trainer1_aws - INFO: [trainer1_aws.py:train_model:218] - Global Epoch:1 Iteration: 150  Loss: 4260.1337890625  Accuracy: 89.6569595336914 %
2021-04-16 21:15:52,178 - trainer1_aws - INFO: [trainer1_aws.py:train_model:218] - Global Epoch:1 Iteration: 160  Loss: 3786.7783203125  Accuracy: 92.39842224121094 %
2021-04-16 21:16:06,299 - trainer1_aws - INFO: [trainer1_aws.py:train_model:218] - Global Epoch:1 Iteration: 170  Loss: 3259.284423828125  Accuracy: 90.0311508178711 %
2021-04-16 21:16:20,450 - trainer1_aws - INFO: [trainer1_aws.py:train_model:218] - Global Epoch:1 Iteration: 180  Loss: 2618.236083984375  Accuracy: 87.75525665283203 %
2021-04-16 21:16:34,494 - trainer1_aws - INFO: [trainer1_aws.py:train_model:218] - Global Epoch:1 Iteration: 190  Loss: 2909.263916015625  Accuracy: 92.56359100341797 %
2021-04-16 21:16:48,555 - trainer1_aws - INFO: [trainer1_aws.py:train_model:218] - Global Epoch:1 Iteration: 200  Loss: 3429.720458984375  Accuracy: 88.23487854003906 %
2021-04-16 21:17:02,741 - trainer1_aws - INFO: [trainer1_aws.py:train_model:218] - Global Epoch:1 Iteration: 210  Loss: 3223.577392578125  Accuracy: 88.1629867553711 %
2021-04-16 21:17:16,876 - trainer1_aws - INFO: [trainer1_aws.py:train_model:218] - Global Epoch:1 Iteration: 220  Loss: 2394.15771484375  Accuracy: 90.52300262451172 %
2021-04-16 21:17:30,969 - trainer1_aws - INFO: [trainer1_aws.py:train_model:218] - Global Epoch:1 Iteration: 230  Loss: 1968.475830078125  Accuracy: 92.9977035522461 %
2021-04-16 21:17:45,052 - trainer1_aws - INFO: [trainer1_aws.py:train_model:218] - Global Epoch:1 Iteration: 240  Loss: 2051.94775390625  Accuracy: 89.1773452758789 %
2021-04-16 21:17:59,169 - trainer1_aws - INFO: [trainer1_aws.py:train_model:218] - Global Epoch:1 Iteration: 250  Loss: 3646.934814453125  Accuracy: 91.18875885009766 %
2021-04-16 21:18:13,334 - trainer1_aws - INFO: [trainer1_aws.py:train_model:218] - Global Epoch:1 Iteration: 260  Loss: 1290.013427734375  Accuracy: 91.85967254638672 %
2021-04-16 21:18:27,431 - trainer1_aws - INFO: [trainer1_aws.py:train_model:218] - Global Epoch:1 Iteration: 270  Loss: 1060.553955078125  Accuracy: 91.85319519042969 %
2021-04-16 21:18:41,645 - trainer1_aws - INFO: [trainer1_aws.py:train_model:218] - Global Epoch:1 Iteration: 280  Loss: 2966.580078125  Accuracy: 89.17437744140625 %
2021-04-16 21:18:55,765 - trainer1_aws - INFO: [trainer1_aws.py:train_model:218] - Global Epoch:1 Iteration: 290  Loss: 1302.0933837890625  Accuracy: 88.95426177978516 %
2021-04-16 21:19:09,895 - trainer1_aws - INFO: [trainer1_aws.py:train_model:218] - Global Epoch:1 Iteration: 300  Loss: 746.329345703125  Accuracy: 91.58226013183594 %
2021-04-16 21:19:24,169 - trainer1_aws - INFO: [trainer1_aws.py:train_model:218] - Global Epoch:1 Iteration: 310  Loss: 1311.0618896484375  Accuracy: 91.97932434082031 %
2021-04-16 21:19:38,294 - trainer1_aws - INFO: [trainer1_aws.py:train_model:218] - Global Epoch:1 Iteration: 320  Loss: 924.7968139648438  Accuracy: 95.00806427001953 %
2021-04-16 21:19:52,371 - trainer1_aws - INFO: [trainer1_aws.py:train_model:218] - Global Epoch:1 Iteration: 330  Loss: 1557.8887939453125  Accuracy: 89.48882293701172 %
2021-04-16 21:20:06,582 - trainer1_aws - INFO: [trainer1_aws.py:train_model:218] - Global Epoch:1 Iteration: 340  Loss: 1656.364501953125  Accuracy: 89.31989288330078 %
2021-04-16 21:20:20,711 - trainer1_aws - INFO: [trainer1_aws.py:train_model:218] - Global Epoch:1 Iteration: 350  Loss: 1055.0355224609375  Accuracy: 89.68875885009766 %
2021-04-16 21:20:34,970 - trainer1_aws - INFO: [trainer1_aws.py:train_model:218] - Global Epoch:1 Iteration: 360  Loss: 1001.3574829101562  Accuracy: 92.68028259277344 %
2021-04-16 21:20:49,211 - trainer1_aws - INFO: [trainer1_aws.py:train_model:218] - Global Epoch:1 Iteration: 370  Loss: 208.49478149414062  Accuracy: 89.31055450439453 %
2021-04-16 21:21:03,480 - trainer1_aws - INFO: [trainer1_aws.py:train_model:218] - Global Epoch:1 Iteration: 380  Loss: 511.9754638671875  Accuracy: 90.28201293945312 %
2021-04-16 21:21:17,615 - trainer1_aws - INFO: [trainer1_aws.py:train_model:218] - Global Epoch:1 Iteration: 390  Loss: 1609.8616943359375  Accuracy: 92.39737701416016 %
2021-04-16 21:21:31,732 - trainer1_aws - INFO: [trainer1_aws.py:train_model:218] - Global Epoch:1 Iteration: 400  Loss: 1420.760986328125  Accuracy: 95.1017837524414 %
2021-04-16 21:21:45,914 - trainer1_aws - INFO: [trainer1_aws.py:train_model:218] - Global Epoch:1 Iteration: 410  Loss: 352.6585388183594  Accuracy: 88.28876495361328 %
2021-04-16 21:22:00,025 - trainer1_aws - INFO: [trainer1_aws.py:train_model:218] - Global Epoch:1 Iteration: 420  Loss: 1309.7760009765625  Accuracy: 92.5152816772461 %
2021-04-16 21:22:14,206 - trainer1_aws - INFO: [trainer1_aws.py:train_model:218] - Global Epoch:1 Iteration: 430  Loss: 778.133544921875  Accuracy: 88.96649169921875 %
2021-04-16 21:22:28,432 - trainer1_aws - INFO: [trainer1_aws.py:train_model:218] - Global Epoch:1 Iteration: 440  Loss: 2931.39111328125  Accuracy: 92.3471450805664 %
2021-04-16 21:22:42,554 - trainer1_aws - INFO: [trainer1_aws.py:train_model:218] - Global Epoch:1 Iteration: 450  Loss: 674.7131958007812  Accuracy: 87.0471420288086 %
2021-04-16 21:22:56,660 - trainer1_aws - INFO: [trainer1_aws.py:train_model:218] - Global Epoch:1 Iteration: 460  Loss: 436.2373046875  Accuracy: 90.01482391357422 %
2021-04-16 21:23:10,897 - trainer1_aws - INFO: [trainer1_aws.py:train_model:218] - Global Epoch:1 Iteration: 470  Loss: 1202.9749755859375  Accuracy: 90.04277038574219 %
2021-04-16 21:23:25,117 - trainer1_aws - INFO: [trainer1_aws.py:train_model:218] - Global Epoch:1 Iteration: 480  Loss: 296.7109375  Accuracy: 94.98702239990234 %
2021-04-16 21:23:39,277 - trainer1_aws - INFO: [trainer1_aws.py:train_model:218] - Global Epoch:1 Iteration: 490  Loss: 4995.84326171875  Accuracy: 92.5008773803711 %
2021-04-16 21:23:53,374 - trainer1_aws - INFO: [trainer1_aws.py:train_model:218] - Global Epoch:1 Iteration: 500  Loss: 5521.02197265625  Accuracy: 92.6098861694336 %
2021-04-16 21:24:07,587 - trainer1_aws - INFO: [trainer1_aws.py:train_model:218] - Global Epoch:1 Iteration: 510  Loss: 3425.209228515625  Accuracy: 92.59861755371094 %
2021-04-16 21:24:21,728 - trainer1_aws - INFO: [trainer1_aws.py:train_model:218] - Global Epoch:1 Iteration: 520  Loss: 2152.977783203125  Accuracy: 90.01997375488281 %
2021-04-16 21:24:35,809 - trainer1_aws - INFO: [trainer1_aws.py:train_model:218] - Global Epoch:1 Iteration: 530  Loss: 1107.3577880859375  Accuracy: 90.18802642822266 %
2021-04-16 21:24:49,988 - trainer1_aws - INFO: [trainer1_aws.py:train_model:218] - Global Epoch:1 Iteration: 540  Loss: 818.0471801757812  Accuracy: 93.18095397949219 %
2021-04-16 21:25:04,094 - trainer1_aws - INFO: [trainer1_aws.py:train_model:218] - Global Epoch:1 Iteration: 550  Loss: 1005.2808227539062  Accuracy: 92.82693481445312 %
2021-04-16 21:25:18,203 - trainer1_aws - INFO: [trainer1_aws.py:train_model:218] - Global Epoch:1 Iteration: 560  Loss: 737.9268798828125  Accuracy: 89.73164367675781 %
2021-04-16 21:25:32,498 - trainer1_aws - INFO: [trainer1_aws.py:train_model:218] - Global Epoch:1 Iteration: 570  Loss: 2436.049072265625  Accuracy: 92.88292694091797 %
2021-04-16 21:25:46,717 - trainer1_aws - INFO: [trainer1_aws.py:train_model:218] - Global Epoch:1 Iteration: 580  Loss: 2320.627685546875  Accuracy: 90.3956527709961 %
2021-04-16 21:26:00,947 - trainer1_aws - INFO: [trainer1_aws.py:train_model:218] - Global Epoch:1 Iteration: 590  Loss: 1163.505126953125  Accuracy: 92.3516845703125 %
2021-04-16 21:26:15,138 - trainer1_aws - INFO: [trainer1_aws.py:train_model:218] - Global Epoch:1 Iteration: 600  Loss: 1553.634765625  Accuracy: 92.92101287841797 %
2021-04-16 21:26:29,355 - trainer1_aws - INFO: [trainer1_aws.py:train_model:218] - Global Epoch:1 Iteration: 610  Loss: 946.4655151367188  Accuracy: 90.7571792602539 %
2021-04-16 21:26:43,535 - trainer1_aws - INFO: [trainer1_aws.py:train_model:218] - Global Epoch:1 Iteration: 620  Loss: 1292.0673828125  Accuracy: 92.87428283691406 %
2021-04-16 21:26:57,703 - trainer1_aws - INFO: [trainer1_aws.py:train_model:218] - Global Epoch:1 Iteration: 630  Loss: 1694.151611328125  Accuracy: 89.3421630859375 %
2021-04-16 21:27:11,985 - trainer1_aws - INFO: [trainer1_aws.py:train_model:218] - Global Epoch:1 Iteration: 640  Loss: 2678.263916015625  Accuracy: 92.87139892578125 %
2021-04-16 21:27:26,086 - trainer1_aws - INFO: [trainer1_aws.py:train_model:218] - Global Epoch:1 Iteration: 650  Loss: 1245.21826171875  Accuracy: 92.73190307617188 %
2021-04-16 21:27:40,160 - trainer1_aws - INFO: [trainer1_aws.py:train_model:218] - Global Epoch:1 Iteration: 660  Loss: 3705.11474609375  Accuracy: 93.08399963378906 %
2021-04-16 21:27:54,398 - trainer1_aws - INFO: [trainer1_aws.py:train_model:218] - Global Epoch:1 Iteration: 670  Loss: 5571.1064453125  Accuracy: 95.61721801757812 %
2021-04-16 21:28:08,626 - trainer1_aws - INFO: [trainer1_aws.py:train_model:218] - Global Epoch:1 Iteration: 680  Loss: 1726.4837646484375  Accuracy: 89.96721649169922 %
2021-04-16 21:28:22,763 - trainer1_aws - INFO: [trainer1_aws.py:train_model:218] - Global Epoch:1 Iteration: 690  Loss: 2109.839599609375  Accuracy: 90.28794860839844 %
2021-04-16 21:28:36,985 - trainer1_aws - INFO: [trainer1_aws.py:train_model:218] - Global Epoch:1 Iteration: 700  Loss: 588.09228515625  Accuracy: 90.5243148803711 %
2021-04-16 21:28:51,142 - trainer1_aws - INFO: [trainer1_aws.py:train_model:218] - Global Epoch:1 Iteration: 710  Loss: 796.240966796875  Accuracy: 92.24835205078125 %
2021-04-16 21:29:05,275 - trainer1_aws - INFO: [trainer1_aws.py:train_model:218] - Global Epoch:1 Iteration: 720  Loss: 970.7410278320312  Accuracy: 90.87405395507812 %
2021-04-16 21:29:19,489 - trainer1_aws - INFO: [trainer1_aws.py:train_model:218] - Global Epoch:1 Iteration: 730  Loss: 585.8405151367188  Accuracy: 87.08636474609375 %
2021-04-16 21:29:33,676 - trainer1_aws - INFO: [trainer1_aws.py:train_model:218] - Global Epoch:1 Iteration: 740  Loss: 2322.7001953125  Accuracy: 90.53585052490234 %
2021-04-16 21:29:47,883 - trainer1_aws - INFO: [trainer1_aws.py:train_model:218] - Global Epoch:1 Iteration: 750  Loss: 1434.5682373046875  Accuracy: 93.79037475585938 %
2021-04-16 21:30:01,987 - trainer1_aws - INFO: [trainer1_aws.py:train_model:218] - Global Epoch:1 Iteration: 760  Loss: 1713.5301513671875  Accuracy: 90.65367126464844 %
2021-04-16 21:30:16,364 - trainer1_aws - INFO: [trainer1_aws.py:train_model:218] - Global Epoch:1 Iteration: 770  Loss: 3097.7890625  Accuracy: 91.17862701416016 %
2021-04-16 21:30:30,655 - trainer1_aws - INFO: [trainer1_aws.py:train_model:218] - Global Epoch:1 Iteration: 780  Loss: 1739.39794921875  Accuracy: 93.16462707519531 %
2021-04-16 21:30:44,851 - trainer1_aws - INFO: [trainer1_aws.py:train_model:218] - Global Epoch:1 Iteration: 790  Loss: 2395.134521484375  Accuracy: 87.8477554321289 %
2021-04-16 21:30:59,138 - trainer1_aws - INFO: [trainer1_aws.py:train_model:218] - Global Epoch:1 Iteration: 800  Loss: 2445.677490234375  Accuracy: 90.68511962890625 %
2021-04-16 21:31:13,388 - trainer1_aws - INFO: [trainer1_aws.py:train_model:218] - Global Epoch:1 Iteration: 810  Loss: 2207.525634765625  Accuracy: 93.78548431396484 %
2021-04-16 21:31:27,538 - trainer1_aws - INFO: [trainer1_aws.py:train_model:218] - Global Epoch:1 Iteration: 820  Loss: 1360.35400390625  Accuracy: 91.20745086669922 %
2021-04-16 21:31:41,711 - trainer1_aws - INFO: [trainer1_aws.py:train_model:218] - Global Epoch:1 Iteration: 830  Loss: 974.9100952148438  Accuracy: 90.89012145996094 %
2021-04-16 21:31:55,870 - trainer1_aws - INFO: [trainer1_aws.py:train_model:218] - Global Epoch:1 Iteration: 840  Loss: 1659.2196044921875  Accuracy: 93.3318862915039 %
2021-04-16 21:32:10,052 - trainer1_aws - INFO: [trainer1_aws.py:train_model:218] - Global Epoch:1 Iteration: 850  Loss: 4385.0166015625  Accuracy: 95.91559600830078 %
2021-04-16 21:32:24,361 - trainer1_aws - INFO: [trainer1_aws.py:train_model:218] - Global Epoch:1 Iteration: 860  Loss: 3091.81787109375  Accuracy: 93.18733215332031 %
2021-04-16 21:32:38,665 - trainer1_aws - INFO: [trainer1_aws.py:train_model:218] - Global Epoch:1 Iteration: 870  Loss: 2260.489501953125  Accuracy: 88.65999603271484 %
2021-04-16 21:32:52,876 - trainer1_aws - INFO: [trainer1_aws.py:train_model:218] - Global Epoch:1 Iteration: 880  Loss: 431.6925964355469  Accuracy: 93.123046875 %
2021-04-16 21:33:07,207 - trainer1_aws - INFO: [trainer1_aws.py:train_model:218] - Global Epoch:1 Iteration: 890  Loss: 2848.506103515625  Accuracy: 93.2225341796875 %
2021-04-16 21:33:21,439 - trainer1_aws - INFO: [trainer1_aws.py:train_model:218] - Global Epoch:1 Iteration: 900  Loss: 3710.038330078125  Accuracy: 91.35698699951172 %
2021-04-16 21:33:35,655 - trainer1_aws - INFO: [trainer1_aws.py:train_model:218] - Global Epoch:1 Iteration: 910  Loss: 1242.83154296875  Accuracy: 93.05945587158203 %
2021-04-16 21:33:47,758 - trainer1_aws - INFO: [trainer1_aws.py:train_model:242] - Epoch 1 completed. Time taken (seconds): 1315.1037123203278
2021-04-16 21:33:47,758 - trainer1_aws - INFO: [trainer1_aws.py:train_model:244] - 
Accuracy: 90.3462142944336
2021-04-16 21:33:47,758 - trainer1_aws - INFO: [trainer1_aws.py:train_model:245] - 
LOSS:: 1242.83154296875
2021-04-16 21:35:53,479 - trainer1_aws - INFO: [trainer1_aws.py:on_message:300] - Model received from coordinator!
2021-04-16 21:35:53,479 - trainer1_aws - INFO: [trainer1_aws.py:on_message:301] - Topic: fed_ml/coordinator/2/model
2021-04-16 21:35:53,481 - trainer1_aws - INFO: [trainer1_aws.py:train_model:146] - Start training...
2021-04-16 21:36:07,308 - trainer1_aws - INFO: [trainer1_aws.py:train_model:218] - Global Epoch:2 Iteration: 0  Loss: 134926.84375  Accuracy: 35.86294174194336 %
2021-04-16 21:36:21,386 - trainer1_aws - INFO: [trainer1_aws.py:train_model:218] - Global Epoch:2 Iteration: 10  Loss: 15890.71484375  Accuracy: 51.02601623535156 %
2021-04-16 21:36:35,437 - trainer1_aws - INFO: [trainer1_aws.py:train_model:218] - Global Epoch:2 Iteration: 20  Loss: 6170.84716796875  Accuracy: 56.72187423706055 %
2021-04-16 21:36:49,700 - trainer1_aws - INFO: [trainer1_aws.py:train_model:218] - Global Epoch:2 Iteration: 30  Loss: 4786.40869140625  Accuracy: 62.26137924194336 %
2021-04-16 21:37:03,769 - trainer1_aws - INFO: [trainer1_aws.py:train_model:218] - Global Epoch:2 Iteration: 40  Loss: 2575.3642578125  Accuracy: 74.43022155761719 %
2021-04-16 21:37:17,890 - trainer1_aws - INFO: [trainer1_aws.py:train_model:218] - Global Epoch:2 Iteration: 50  Loss: 863.3609008789062  Accuracy: 77.93761444091797 %
2021-04-16 21:37:32,128 - trainer1_aws - INFO: [trainer1_aws.py:train_model:218] - Global Epoch:2 Iteration: 60  Loss: 1493.957275390625  Accuracy: 86.37300109863281 %
2021-04-16 21:37:46,300 - trainer1_aws - INFO: [trainer1_aws.py:train_model:218] - Global Epoch:2 Iteration: 70  Loss: 2560.15087890625  Accuracy: 89.777587890625 %
2021-04-16 21:38:00,537 - trainer1_aws - INFO: [trainer1_aws.py:train_model:218] - Global Epoch:2 Iteration: 80  Loss: 2677.40185546875  Accuracy: 85.68043518066406 %
2021-04-16 21:38:14,729 - trainer1_aws - INFO: [trainer1_aws.py:train_model:218] - Global Epoch:2 Iteration: 90  Loss: 5195.4794921875  Accuracy: 85.50364685058594 %
2021-04-16 21:38:28,931 - trainer1_aws - INFO: [trainer1_aws.py:train_model:218] - Global Epoch:2 Iteration: 100  Loss: 2162.877685546875  Accuracy: 84.34962463378906 %
2021-04-16 21:38:43,179 - trainer1_aws - INFO: [trainer1_aws.py:train_model:218] - Global Epoch:2 Iteration: 110  Loss: 1581.0853271484375  Accuracy: 88.28160858154297 %
2021-04-16 21:38:57,304 - trainer1_aws - INFO: [trainer1_aws.py:train_model:218] - Global Epoch:2 Iteration: 120  Loss: 587.0196533203125  Accuracy: 94.98291015625 %
2021-04-16 21:39:11,544 - trainer1_aws - INFO: [trainer1_aws.py:train_model:218] - Global Epoch:2 Iteration: 130  Loss: 2109.530029296875  Accuracy: 93.04084777832031 %
2021-04-16 21:39:25,680 - trainer1_aws - INFO: [trainer1_aws.py:train_model:218] - Global Epoch:2 Iteration: 140  Loss: 2807.30029296875  Accuracy: 87.17886352539062 %
2021-04-16 21:39:39,850 - trainer1_aws - INFO: [trainer1_aws.py:train_model:218] - Global Epoch:2 Iteration: 150  Loss: 412.269287109375  Accuracy: 90.52545166015625 %
2021-04-16 21:39:54,027 - trainer1_aws - INFO: [trainer1_aws.py:train_model:218] - Global Epoch:2 Iteration: 160  Loss: 978.961181640625  Accuracy: 84.92375183105469 %
2021-04-16 21:40:08,134 - trainer1_aws - INFO: [trainer1_aws.py:train_model:218] - Global Epoch:2 Iteration: 170  Loss: 659.4702758789062  Accuracy: 90.56562805175781 %
2021-04-16 21:40:22,272 - trainer1_aws - INFO: [trainer1_aws.py:train_model:218] - Global Epoch:2 Iteration: 180  Loss: 1506.6824951171875  Accuracy: 93.22454071044922 %
2021-04-16 21:40:36,582 - trainer1_aws - INFO: [trainer1_aws.py:train_model:218] - Global Epoch:2 Iteration: 190  Loss: 992.6574096679688  Accuracy: 93.96803283691406 %
2021-04-16 21:40:50,781 - trainer1_aws - INFO: [trainer1_aws.py:train_model:218] - Global Epoch:2 Iteration: 200  Loss: 107.92632293701172  Accuracy: 96.71586608886719 %
2021-04-16 21:41:04,942 - trainer1_aws - INFO: [trainer1_aws.py:train_model:218] - Global Epoch:2 Iteration: 210  Loss: 756.1456909179688  Accuracy: 93.44779205322266 %
2021-04-16 21:41:19,112 - trainer1_aws - INFO: [trainer1_aws.py:train_model:218] - Global Epoch:2 Iteration: 220  Loss: 1294.0894775390625  Accuracy: 93.1387710571289 %
2021-04-16 21:41:33,291 - trainer1_aws - INFO: [trainer1_aws.py:train_model:218] - Global Epoch:2 Iteration: 230  Loss: 1261.2967529296875  Accuracy: 85.43307495117188 %
2021-04-16 21:41:47,342 - trainer1_aws - INFO: [trainer1_aws.py:train_model:218] - Global Epoch:2 Iteration: 240  Loss: 2613.011962890625  Accuracy: 93.6907958984375 %
2021-04-16 21:42:01,478 - trainer1_aws - INFO: [trainer1_aws.py:train_model:218] - Global Epoch:2 Iteration: 250  Loss: 1910.02099609375  Accuracy: 93.48081970214844 %
2021-04-16 21:42:15,723 - trainer1_aws - INFO: [trainer1_aws.py:train_model:218] - Global Epoch:2 Iteration: 260  Loss: 2558.672119140625  Accuracy: 93.6225814819336 %
2021-04-16 21:42:29,823 - trainer1_aws - INFO: [trainer1_aws.py:train_model:218] - Global Epoch:2 Iteration: 270  Loss: 173.52268981933594  Accuracy: 96.36271667480469 %
2021-04-16 21:42:43,890 - trainer1_aws - INFO: [trainer1_aws.py:train_model:218] - Global Epoch:2 Iteration: 280  Loss: 641.953125  Accuracy: 90.91902923583984 %
2021-04-16 21:42:58,161 - trainer1_aws - INFO: [trainer1_aws.py:train_model:218] - Global Epoch:2 Iteration: 290  Loss: 1435.43994140625  Accuracy: 90.81517791748047 %
2021-04-16 21:43:12,282 - trainer1_aws - INFO: [trainer1_aws.py:train_model:218] - Global Epoch:2 Iteration: 300  Loss: 819.9188232421875  Accuracy: 94.34904479980469 %
2021-04-16 21:43:26,419 - trainer1_aws - INFO: [trainer1_aws.py:train_model:218] - Global Epoch:2 Iteration: 310  Loss: 733.9869384765625  Accuracy: 83.53704071044922 %
2021-04-16 21:43:40,629 - trainer1_aws - INFO: [trainer1_aws.py:train_model:218] - Global Epoch:2 Iteration: 320  Loss: 1225.5970458984375  Accuracy: 90.83072662353516 %
2021-04-16 21:43:54,748 - trainer1_aws - INFO: [trainer1_aws.py:train_model:218] - Global Epoch:2 Iteration: 330  Loss: 2135.243408203125  Accuracy: 93.77404022216797 %
2021-04-16 21:44:08,907 - trainer1_aws - INFO: [trainer1_aws.py:train_model:218] - Global Epoch:2 Iteration: 340  Loss: 615.7394409179688  Accuracy: 96.23502349853516 %
2021-04-16 21:44:23,164 - trainer1_aws - INFO: [trainer1_aws.py:train_model:218] - Global Epoch:2 Iteration: 350  Loss: 468.30084228515625  Accuracy: 91.76943969726562 %
2021-04-16 21:44:37,300 - trainer1_aws - INFO: [trainer1_aws.py:train_model:218] - Global Epoch:2 Iteration: 360  Loss: 546.154541015625  Accuracy: 90.5391616821289 %
2021-04-16 21:44:51,463 - trainer1_aws - INFO: [trainer1_aws.py:train_model:218] - Global Epoch:2 Iteration: 370  Loss: 1155.812255859375  Accuracy: 91.90455627441406 %
2021-04-16 21:45:05,628 - trainer1_aws - INFO: [trainer1_aws.py:train_model:218] - Global Epoch:2 Iteration: 380  Loss: 1068.1339111328125  Accuracy: 92.00474548339844 %
2021-04-16 21:45:19,879 - trainer1_aws - INFO: [trainer1_aws.py:train_model:218] - Global Epoch:2 Iteration: 390  Loss: 317.05438232421875  Accuracy: 85.84831237792969 %
2021-04-16 21:45:34,071 - trainer1_aws - INFO: [trainer1_aws.py:train_model:218] - Global Epoch:2 Iteration: 400  Loss: 896.6065063476562  Accuracy: 96.9638442993164 %
2021-04-16 21:45:48,221 - trainer1_aws - INFO: [trainer1_aws.py:train_model:218] - Global Epoch:2 Iteration: 410  Loss: 1479.583251953125  Accuracy: 96.79325103759766 %
2021-04-16 21:46:02,504 - trainer1_aws - INFO: [trainer1_aws.py:train_model:218] - Global Epoch:2 Iteration: 420  Loss: 415.965087890625  Accuracy: 94.13372802734375 %
2021-04-16 21:46:16,600 - trainer1_aws - INFO: [trainer1_aws.py:train_model:218] - Global Epoch:2 Iteration: 430  Loss: 991.7573852539062  Accuracy: 94.18770599365234 %
2021-04-16 21:46:30,705 - trainer1_aws - INFO: [trainer1_aws.py:train_model:218] - Global Epoch:2 Iteration: 440  Loss: 350.39141845703125  Accuracy: 94.23409271240234 %
2021-04-16 21:46:44,995 - trainer1_aws - INFO: [trainer1_aws.py:train_model:218] - Global Epoch:2 Iteration: 450  Loss: 367.50225830078125  Accuracy: 93.99799346923828 %
2021-04-16 21:46:59,107 - trainer1_aws - INFO: [trainer1_aws.py:train_model:218] - Global Epoch:2 Iteration: 460  Loss: 1099.7060546875  Accuracy: 97.12176513671875 %
2021-04-16 21:47:13,287 - trainer1_aws - INFO: [trainer1_aws.py:train_model:218] - Global Epoch:2 Iteration: 470  Loss: 1598.616455078125  Accuracy: 94.23619079589844 %
2021-04-16 21:47:27,493 - trainer1_aws - INFO: [trainer1_aws.py:train_model:218] - Global Epoch:2 Iteration: 480  Loss: 280.03564453125  Accuracy: 85.79337310791016 %
2021-04-16 21:47:41,648 - trainer1_aws - INFO: [trainer1_aws.py:train_model:218] - Global Epoch:2 Iteration: 490  Loss: 1337.818359375  Accuracy: 94.89381408691406 %
2021-04-16 21:47:55,878 - trainer1_aws - INFO: [trainer1_aws.py:train_model:218] - Global Epoch:2 Iteration: 500  Loss: 1008.9899291992188  Accuracy: 94.3196029663086 %
2021-04-16 21:48:10,001 - trainer1_aws - INFO: [trainer1_aws.py:train_model:218] - Global Epoch:2 Iteration: 510  Loss: 1623.40234375  Accuracy: 94.83023071289062 %
2021-04-16 21:48:24,307 - trainer1_aws - INFO: [trainer1_aws.py:train_model:218] - Global Epoch:2 Iteration: 520  Loss: 1332.9935302734375  Accuracy: 94.3555908203125 %
2021-04-16 21:48:38,498 - trainer1_aws - INFO: [trainer1_aws.py:train_model:218] - Global Epoch:2 Iteration: 530  Loss: 2795.090576171875  Accuracy: 94.91216278076172 %
2021-04-16 21:48:52,567 - trainer1_aws - INFO: [trainer1_aws.py:train_model:218] - Global Epoch:2 Iteration: 540  Loss: 580.3385620117188  Accuracy: 91.61431121826172 %
2021-04-16 21:49:06,824 - trainer1_aws - INFO: [trainer1_aws.py:train_model:218] - Global Epoch:2 Iteration: 550  Loss: 2590.26416015625  Accuracy: 92.27202606201172 %
2021-04-16 21:49:20,977 - trainer1_aws - INFO: [trainer1_aws.py:train_model:218] - Global Epoch:2 Iteration: 560  Loss: 3054.961181640625  Accuracy: 94.32798767089844 %
2021-04-16 21:49:35,161 - trainer1_aws - INFO: [trainer1_aws.py:train_model:218] - Global Epoch:2 Iteration: 570  Loss: 126.9780502319336  Accuracy: 91.28274536132812 %
2021-04-16 21:49:49,375 - trainer1_aws - INFO: [trainer1_aws.py:train_model:218] - Global Epoch:2 Iteration: 580  Loss: 1805.2738037109375  Accuracy: 91.83232879638672 %
2021-04-16 21:50:03,668 - trainer1_aws - INFO: [trainer1_aws.py:train_model:218] - Global Epoch:2 Iteration: 590  Loss: 4475.46630859375  Accuracy: 93.32891845703125 %
2021-04-16 21:50:17,999 - trainer1_aws - INFO: [trainer1_aws.py:train_model:218] - Global Epoch:2 Iteration: 600  Loss: 2175.268310546875  Accuracy: 93.35993194580078 %
2021-04-16 21:50:32,609 - trainer1_aws - INFO: [trainer1_aws.py:train_model:218] - Global Epoch:2 Iteration: 610  Loss: 550.1836547851562  Accuracy: 93.26358795166016 %
2021-04-16 21:50:47,072 - trainer1_aws - INFO: [trainer1_aws.py:train_model:218] - Global Epoch:2 Iteration: 620  Loss: 1818.07763671875  Accuracy: 94.14193725585938 %
2021-04-16 21:51:01,433 - trainer1_aws - INFO: [trainer1_aws.py:train_model:218] - Global Epoch:2 Iteration: 630  Loss: 1913.813232421875  Accuracy: 91.73999786376953 %
2021-04-16 21:51:15,711 - trainer1_aws - INFO: [trainer1_aws.py:train_model:218] - Global Epoch:2 Iteration: 640  Loss: 317.2041015625  Accuracy: 91.61483764648438 %
2021-04-16 21:51:29,987 - trainer1_aws - INFO: [trainer1_aws.py:train_model:218] - Global Epoch:2 Iteration: 650  Loss: 431.4959411621094  Accuracy: 93.71367645263672 %
2021-04-16 21:51:44,178 - trainer1_aws - INFO: [trainer1_aws.py:train_model:218] - Global Epoch:2 Iteration: 660  Loss: 2583.368896484375  Accuracy: 96.4181900024414 %
2021-04-16 21:51:58,319 - trainer1_aws - INFO: [trainer1_aws.py:train_model:218] - Global Epoch:2 Iteration: 670  Loss: 4443.84375  Accuracy: 95.75697326660156 %
2021-04-16 21:52:12,603 - trainer1_aws - INFO: [trainer1_aws.py:train_model:218] - Global Epoch:2 Iteration: 680  Loss: 2809.195556640625  Accuracy: 93.55384063720703 %
2021-04-16 21:52:26,703 - trainer1_aws - INFO: [trainer1_aws.py:train_model:218] - Global Epoch:2 Iteration: 690  Loss: 1091.243408203125  Accuracy: 94.53857421875 %
2021-04-16 21:52:40,937 - trainer1_aws - INFO: [trainer1_aws.py:train_model:218] - Global Epoch:2 Iteration: 700  Loss: 65.60489654541016  Accuracy: 94.45700073242188 %
2021-04-16 21:52:55,239 - trainer1_aws - INFO: [trainer1_aws.py:train_model:218] - Global Epoch:2 Iteration: 710  Loss: 329.59295654296875  Accuracy: 93.8680191040039 %
2021-04-16 21:53:09,367 - trainer1_aws - INFO: [trainer1_aws.py:train_model:218] - Global Epoch:2 Iteration: 720  Loss: 291.80010986328125  Accuracy: 94.71912384033203 %
2021-04-16 21:53:23,572 - trainer1_aws - INFO: [trainer1_aws.py:train_model:218] - Global Epoch:2 Iteration: 730  Loss: 409.30255126953125  Accuracy: 91.80105590820312 %
2021-04-16 21:53:37,789 - trainer1_aws - INFO: [trainer1_aws.py:train_model:218] - Global Epoch:2 Iteration: 740  Loss: 203.2733917236328  Accuracy: 94.5102767944336 %
2021-04-16 21:53:52,078 - trainer1_aws - INFO: [trainer1_aws.py:train_model:218] - Global Epoch:2 Iteration: 750  Loss: 272.9460144042969  Accuracy: 89.9666976928711 %
2021-04-16 21:54:06,322 - trainer1_aws - INFO: [trainer1_aws.py:train_model:218] - Global Epoch:2 Iteration: 760  Loss: 573.7692260742188  Accuracy: 94.19705963134766 %
2021-04-16 21:54:20,544 - trainer1_aws - INFO: [trainer1_aws.py:train_model:218] - Global Epoch:2 Iteration: 770  Loss: 683.4970092773438  Accuracy: 94.87809753417969 %
2021-04-16 21:54:34,790 - trainer1_aws - INFO: [trainer1_aws.py:train_model:218] - Global Epoch:2 Iteration: 780  Loss: 768.2938842773438  Accuracy: 87.31896209716797 %
2021-04-16 21:54:49,027 - trainer1_aws - INFO: [trainer1_aws.py:train_model:218] - Global Epoch:2 Iteration: 790  Loss: 497.7346496582031  Accuracy: 91.45648193359375 %
2021-04-16 21:55:03,234 - trainer1_aws - INFO: [trainer1_aws.py:train_model:218] - Global Epoch:2 Iteration: 800  Loss: 444.1307373046875  Accuracy: 97.40607452392578 %
2021-04-16 21:55:17,670 - trainer1_aws - INFO: [trainer1_aws.py:train_model:218] - Global Epoch:2 Iteration: 810  Loss: 312.4025573730469  Accuracy: 94.03590393066406 %
2021-04-16 21:55:32,011 - trainer1_aws - INFO: [trainer1_aws.py:train_model:218] - Global Epoch:2 Iteration: 820  Loss: 437.9049987792969  Accuracy: 94.5247802734375 %
2021-04-16 21:55:46,231 - trainer1_aws - INFO: [trainer1_aws.py:train_model:218] - Global Epoch:2 Iteration: 830  Loss: 513.9761962890625  Accuracy: 93.96488189697266 %
2021-04-16 21:56:00,715 - trainer1_aws - INFO: [trainer1_aws.py:train_model:218] - Global Epoch:2 Iteration: 840  Loss: 2724.623291015625  Accuracy: 96.48553466796875 %
2021-04-16 21:56:14,834 - trainer1_aws - INFO: [trainer1_aws.py:train_model:218] - Global Epoch:2 Iteration: 850  Loss: 1496.79541015625  Accuracy: 90.85395812988281 %
2021-04-16 21:56:29,025 - trainer1_aws - INFO: [trainer1_aws.py:train_model:218] - Global Epoch:2 Iteration: 860  Loss: 585.5514526367188  Accuracy: 93.8182373046875 %
2021-04-16 21:56:43,231 - trainer1_aws - INFO: [trainer1_aws.py:train_model:218] - Global Epoch:2 Iteration: 870  Loss: 1069.5386962890625  Accuracy: 97.18885040283203 %
2021-04-16 21:56:57,491 - trainer1_aws - INFO: [trainer1_aws.py:train_model:218] - Global Epoch:2 Iteration: 880  Loss: 325.447509765625  Accuracy: 92.07130432128906 %
2021-04-16 21:57:11,750 - trainer1_aws - INFO: [trainer1_aws.py:train_model:218] - Global Epoch:2 Iteration: 890  Loss: 1077.5909423828125  Accuracy: 95.33334350585938 %
2021-04-16 21:57:25,991 - trainer1_aws - INFO: [trainer1_aws.py:train_model:218] - Global Epoch:2 Iteration: 900  Loss: 530.3099975585938  Accuracy: 92.12781524658203 %
2021-04-16 21:57:40,303 - trainer1_aws - INFO: [trainer1_aws.py:train_model:218] - Global Epoch:2 Iteration: 910  Loss: 786.842041015625  Accuracy: 94.41288757324219 %
2021-04-16 21:57:52,342 - trainer1_aws - INFO: [trainer1_aws.py:train_model:242] - Epoch 2 completed. Time taken (seconds): 1318.861051082611
2021-04-16 21:57:52,342 - trainer1_aws - INFO: [trainer1_aws.py:train_model:244] - 
Accuracy: 96.6351547241211
2021-04-16 21:57:52,342 - trainer1_aws - INFO: [trainer1_aws.py:train_model:245] - 
LOSS:: 786.842041015625
2021-04-16 21:59:52,331 - trainer1_aws - INFO: [trainer1_aws.py:on_message:300] - Model received from coordinator!
2021-04-16 21:59:52,332 - trainer1_aws - INFO: [trainer1_aws.py:on_message:301] - Topic: fed_ml/coordinator/3/model
2021-04-16 21:59:52,333 - trainer1_aws - INFO: [trainer1_aws.py:train_model:146] - Start training...
2021-04-16 22:00:06,100 - trainer1_aws - INFO: [trainer1_aws.py:train_model:218] - Global Epoch:3 Iteration: 0  Loss: 68812.4140625  Accuracy: 37.135318756103516 %
2021-04-16 22:00:20,314 - trainer1_aws - INFO: [trainer1_aws.py:train_model:218] - Global Epoch:3 Iteration: 10  Loss: 6948.65283203125  Accuracy: 48.64992904663086 %
2021-04-16 22:00:34,501 - trainer1_aws - INFO: [trainer1_aws.py:train_model:218] - Global Epoch:3 Iteration: 20  Loss: 9777.3359375  Accuracy: 56.47957229614258 %
2021-04-16 22:00:48,764 - trainer1_aws - INFO: [trainer1_aws.py:train_model:218] - Global Epoch:3 Iteration: 30  Loss: 4957.50390625  Accuracy: 58.627681732177734 %
2021-04-16 22:01:03,057 - trainer1_aws - INFO: [trainer1_aws.py:train_model:218] - Global Epoch:3 Iteration: 40  Loss: 4454.62890625  Accuracy: 55.933223724365234 %
2021-04-16 22:01:17,101 - trainer1_aws - INFO: [trainer1_aws.py:train_model:218] - Global Epoch:3 Iteration: 50  Loss: 1636.6805419921875  Accuracy: 81.4860610961914 %
2021-04-16 22:01:31,206 - trainer1_aws - INFO: [trainer1_aws.py:train_model:218] - Global Epoch:3 Iteration: 60  Loss: 1990.5830078125  Accuracy: 79.58845520019531 %
2021-04-16 22:01:45,419 - trainer1_aws - INFO: [trainer1_aws.py:train_model:218] - Global Epoch:3 Iteration: 70  Loss: 1582.9630126953125  Accuracy: 83.77942657470703 %
2021-04-16 22:01:59,513 - trainer1_aws - INFO: [trainer1_aws.py:train_model:218] - Global Epoch:3 Iteration: 80  Loss: 671.0885620117188  Accuracy: 88.70069122314453 %
2021-04-16 22:02:13,708 - trainer1_aws - INFO: [trainer1_aws.py:train_model:218] - Global Epoch:3 Iteration: 90  Loss: 654.6358032226562  Accuracy: 88.76376342773438 %
2021-04-16 22:02:27,943 - trainer1_aws - INFO: [trainer1_aws.py:train_model:218] - Global Epoch:3 Iteration: 100  Loss: 832.5137939453125  Accuracy: 91.04900360107422 %
2021-04-16 22:02:42,089 - trainer1_aws - INFO: [trainer1_aws.py:train_model:218] - Global Epoch:3 Iteration: 110  Loss: 749.9710083007812  Accuracy: 89.71915435791016 %
2021-04-16 22:02:56,235 - trainer1_aws - INFO: [trainer1_aws.py:train_model:218] - Global Epoch:3 Iteration: 120  Loss: 2291.1767578125  Accuracy: 90.34245300292969 %
2021-04-16 22:03:10,351 - trainer1_aws - INFO: [trainer1_aws.py:train_model:218] - Global Epoch:3 Iteration: 130  Loss: 2596.44091796875  Accuracy: 93.24813079833984 %
2021-04-16 22:03:24,521 - trainer1_aws - INFO: [trainer1_aws.py:train_model:218] - Global Epoch:3 Iteration: 140  Loss: 1895.212158203125  Accuracy: 87.6312255859375 %
2021-04-16 22:03:38,779 - trainer1_aws - INFO: [trainer1_aws.py:train_model:218] - Global Epoch:3 Iteration: 150  Loss: 1373.724853515625  Accuracy: 90.40071868896484 %
2021-04-16 22:03:52,863 - trainer1_aws - INFO: [trainer1_aws.py:train_model:218] - Global Epoch:3 Iteration: 160  Loss: 1289.3138427734375  Accuracy: 91.46556091308594 %
2021-04-16 22:04:07,183 - trainer1_aws - INFO: [trainer1_aws.py:train_model:218] - Global Epoch:3 Iteration: 170  Loss: 709.82763671875  Accuracy: 94.09687042236328 %
2021-04-16 22:04:21,459 - trainer1_aws - INFO: [trainer1_aws.py:train_model:218] - Global Epoch:3 Iteration: 180  Loss: 340.8179016113281  Accuracy: 94.2754898071289 %
2021-04-16 22:04:35,646 - trainer1_aws - INFO: [trainer1_aws.py:train_model:218] - Global Epoch:3 Iteration: 190  Loss: 716.9498291015625  Accuracy: 93.48300170898438 %
2021-04-16 22:04:49,866 - trainer1_aws - INFO: [trainer1_aws.py:train_model:218] - Global Epoch:3 Iteration: 200  Loss: 1351.0550537109375  Accuracy: 96.16907501220703 %
2021-04-16 22:05:04,080 - trainer1_aws - INFO: [trainer1_aws.py:train_model:218] - Global Epoch:3 Iteration: 210  Loss: 814.161376953125  Accuracy: 92.96923065185547 %
2021-04-16 22:05:18,255 - trainer1_aws - INFO: [trainer1_aws.py:train_model:218] - Global Epoch:3 Iteration: 220  Loss: 721.4628295898438  Accuracy: 96.51933288574219 %
2021-04-16 22:05:32,578 - trainer1_aws - INFO: [trainer1_aws.py:train_model:218] - Global Epoch:3 Iteration: 230  Loss: 1883.088623046875  Accuracy: 91.0490951538086 %
2021-04-16 22:05:46,866 - trainer1_aws - INFO: [trainer1_aws.py:train_model:218] - Global Epoch:3 Iteration: 240  Loss: 90.60945892333984  Accuracy: 92.97612762451172 %
2021-04-16 22:06:01,086 - trainer1_aws - INFO: [trainer1_aws.py:train_model:218] - Global Epoch:3 Iteration: 250  Loss: 992.947021484375  Accuracy: 94.08472442626953 %
2021-04-16 22:06:15,281 - trainer1_aws - INFO: [trainer1_aws.py:train_model:218] - Global Epoch:3 Iteration: 260  Loss: 533.4451904296875  Accuracy: 93.81674194335938 %
2021-04-16 22:06:29,452 - trainer1_aws - INFO: [trainer1_aws.py:train_model:218] - Global Epoch:3 Iteration: 270  Loss: 586.9041137695312  Accuracy: 94.32633209228516 %
2021-04-16 22:06:43,611 - trainer1_aws - INFO: [trainer1_aws.py:train_model:218] - Global Epoch:3 Iteration: 280  Loss: 1260.2969970703125  Accuracy: 93.51881408691406 %
2021-04-16 22:06:57,784 - trainer1_aws - INFO: [trainer1_aws.py:train_model:218] - Global Epoch:3 Iteration: 290  Loss: 1111.99755859375  Accuracy: 93.5772476196289 %
2021-04-16 22:07:12,046 - trainer1_aws - INFO: [trainer1_aws.py:train_model:218] - Global Epoch:3 Iteration: 300  Loss: 491.2890625  Accuracy: 90.8649673461914 %
2021-04-16 22:07:26,217 - trainer1_aws - INFO: [trainer1_aws.py:train_model:218] - Global Epoch:3 Iteration: 310  Loss: 2553.518310546875  Accuracy: 94.294189453125 %
2021-04-16 22:07:40,445 - trainer1_aws - INFO: [trainer1_aws.py:train_model:218] - Global Epoch:3 Iteration: 320  Loss: 2185.6162109375  Accuracy: 90.84268951416016 %
2021-04-16 22:07:54,695 - trainer1_aws - INFO: [trainer1_aws.py:train_model:218] - Global Epoch:3 Iteration: 330  Loss: 1296.29296875  Accuracy: 93.92322540283203 %
2021-04-16 22:08:08,940 - trainer1_aws - INFO: [trainer1_aws.py:train_model:218] - Global Epoch:3 Iteration: 340  Loss: 134.2628936767578  Accuracy: 89.57599639892578 %
2021-04-16 22:08:23,085 - trainer1_aws - INFO: [trainer1_aws.py:train_model:218] - Global Epoch:3 Iteration: 350  Loss: 1072.991943359375  Accuracy: 93.8212890625 %
2021-04-16 22:08:37,316 - trainer1_aws - INFO: [trainer1_aws.py:train_model:218] - Global Epoch:3 Iteration: 360  Loss: 567.241943359375  Accuracy: 94.44241333007812 %
2021-04-16 22:08:51,441 - trainer1_aws - INFO: [trainer1_aws.py:train_model:218] - Global Epoch:3 Iteration: 370  Loss: 129.85279846191406  Accuracy: 88.74987030029297 %
2021-04-16 22:09:05,759 - trainer1_aws - INFO: [trainer1_aws.py:train_model:218] - Global Epoch:3 Iteration: 380  Loss: 1896.524658203125  Accuracy: 94.51630401611328 %
2021-04-16 22:09:19,888 - trainer1_aws - INFO: [trainer1_aws.py:train_model:218] - Global Epoch:3 Iteration: 390  Loss: 1393.074462890625  Accuracy: 94.48905181884766 %
2021-04-16 22:09:34,187 - trainer1_aws - INFO: [trainer1_aws.py:train_model:218] - Global Epoch:3 Iteration: 400  Loss: 1703.3564453125  Accuracy: 97.50023651123047 %
2021-04-16 22:09:48,313 - trainer1_aws - INFO: [trainer1_aws.py:train_model:218] - Global Epoch:3 Iteration: 410  Loss: 425.41339111328125  Accuracy: 94.05843353271484 %
2021-04-16 22:10:02,483 - trainer1_aws - INFO: [trainer1_aws.py:train_model:218] - Global Epoch:3 Iteration: 420  Loss: 362.06884765625  Accuracy: 94.27505493164062 %
2021-04-16 22:10:16,713 - trainer1_aws - INFO: [trainer1_aws.py:train_model:218] - Global Epoch:3 Iteration: 430  Loss: 208.3354034423828  Accuracy: 92.15637969970703 %
2021-04-16 22:10:30,970 - trainer1_aws - INFO: [trainer1_aws.py:train_model:218] - Global Epoch:3 Iteration: 440  Loss: 1332.695556640625  Accuracy: 94.04725646972656 %
2021-04-16 22:10:45,214 - trainer1_aws - INFO: [trainer1_aws.py:train_model:218] - Global Epoch:3 Iteration: 450  Loss: 602.052734375  Accuracy: 87.19502258300781 %
2021-04-16 22:10:59,486 - trainer1_aws - INFO: [trainer1_aws.py:train_model:218] - Global Epoch:3 Iteration: 460  Loss: 712.581298828125  Accuracy: 88.8306655883789 %
2021-04-16 22:11:13,759 - trainer1_aws - INFO: [trainer1_aws.py:train_model:218] - Global Epoch:3 Iteration: 470  Loss: 1863.96875  Accuracy: 94.55491638183594 %
2021-04-16 22:11:28,057 - trainer1_aws - INFO: [trainer1_aws.py:train_model:218] - Global Epoch:3 Iteration: 480  Loss: 434.1612854003906  Accuracy: 90.06548309326172 %
2021-04-16 22:11:42,353 - trainer1_aws - INFO: [trainer1_aws.py:train_model:218] - Global Epoch:3 Iteration: 490  Loss: 798.703125  Accuracy: 93.77420806884766 %
2021-04-16 22:11:56,543 - trainer1_aws - INFO: [trainer1_aws.py:train_model:218] - Global Epoch:3 Iteration: 500  Loss: 2046.2998046875  Accuracy: 96.29651641845703 %
2021-04-16 22:12:10,711 - trainer1_aws - INFO: [trainer1_aws.py:train_model:218] - Global Epoch:3 Iteration: 510  Loss: 1059.88134765625  Accuracy: 94.12901306152344 %
2021-04-16 22:12:24,891 - trainer1_aws - INFO: [trainer1_aws.py:train_model:218] - Global Epoch:3 Iteration: 520  Loss: 1767.213623046875  Accuracy: 89.06327056884766 %
2021-04-16 22:12:39,049 - trainer1_aws - INFO: [trainer1_aws.py:train_model:218] - Global Epoch:3 Iteration: 530  Loss: 1121.136474609375  Accuracy: 94.15599822998047 %
2021-04-16 22:12:53,235 - trainer1_aws - INFO: [trainer1_aws.py:train_model:218] - Global Epoch:3 Iteration: 540  Loss: 72.62494659423828  Accuracy: 92.31841278076172 %
2021-04-16 22:13:07,344 - trainer1_aws - INFO: [trainer1_aws.py:train_model:218] - Global Epoch:3 Iteration: 550  Loss: 1702.28662109375  Accuracy: 93.80609893798828 %
2021-04-16 22:13:21,545 - trainer1_aws - INFO: [trainer1_aws.py:train_model:218] - Global Epoch:3 Iteration: 560  Loss: 3437.697998046875  Accuracy: 90.66450500488281 %
2021-04-16 22:13:35,776 - trainer1_aws - INFO: [trainer1_aws.py:train_model:218] - Global Epoch:3 Iteration: 570  Loss: 1350.92529296875  Accuracy: 93.82662200927734 %
2021-04-16 22:13:49,875 - trainer1_aws - INFO: [trainer1_aws.py:train_model:218] - Global Epoch:3 Iteration: 580  Loss: 974.32177734375  Accuracy: 94.31803131103516 %
2021-04-16 22:14:04,081 - trainer1_aws - INFO: [trainer1_aws.py:train_model:218] - Global Epoch:3 Iteration: 590  Loss: 1930.4730224609375  Accuracy: 94.25653839111328 %
2021-04-16 22:14:18,415 - trainer1_aws - INFO: [trainer1_aws.py:train_model:218] - Global Epoch:3 Iteration: 600  Loss: 353.045166015625  Accuracy: 94.31401062011719 %
2021-04-16 22:14:32,559 - trainer1_aws - INFO: [trainer1_aws.py:train_model:218] - Global Epoch:3 Iteration: 610  Loss: 1113.1846923828125  Accuracy: 91.95242309570312 %
2021-04-16 22:14:46,838 - trainer1_aws - INFO: [trainer1_aws.py:train_model:218] - Global Epoch:3 Iteration: 620  Loss: 69.93401336669922  Accuracy: 92.26277160644531 %
2021-04-16 22:15:00,997 - trainer1_aws - INFO: [trainer1_aws.py:train_model:218] - Global Epoch:3 Iteration: 630  Loss: 2787.30859375  Accuracy: 93.79682922363281 %
2021-04-16 22:15:15,232 - trainer1_aws - INFO: [trainer1_aws.py:train_model:218] - Global Epoch:3 Iteration: 640  Loss: 1176.4810791015625  Accuracy: 94.9040298461914 %
2021-04-16 22:15:29,379 - trainer1_aws - INFO: [trainer1_aws.py:train_model:218] - Global Epoch:3 Iteration: 650  Loss: 2361.81982421875  Accuracy: 92.2583999633789 %
2021-04-16 22:15:43,707 - trainer1_aws - INFO: [trainer1_aws.py:train_model:218] - Global Epoch:3 Iteration: 660  Loss: 1651.9251708984375  Accuracy: 94.2541732788086 %
2021-04-16 22:15:57,946 - trainer1_aws - INFO: [trainer1_aws.py:train_model:218] - Global Epoch:3 Iteration: 670  Loss: 1154.1280517578125  Accuracy: 97.91748046875 %
2021-04-16 22:16:12,221 - trainer1_aws - INFO: [trainer1_aws.py:train_model:218] - Global Epoch:3 Iteration: 680  Loss: 724.3002319335938  Accuracy: 92.27735137939453 %
2021-04-16 22:16:26,487 - trainer1_aws - INFO: [trainer1_aws.py:train_model:218] - Global Epoch:3 Iteration: 690  Loss: 1001.3366088867188  Accuracy: 92.21585845947266 %
2021-04-16 22:16:40,655 - trainer1_aws - INFO: [trainer1_aws.py:train_model:218] - Global Epoch:3 Iteration: 700  Loss: 1526.7978515625  Accuracy: 92.38810729980469 %
2021-04-16 22:16:54,818 - trainer1_aws - INFO: [trainer1_aws.py:train_model:218] - Global Epoch:3 Iteration: 710  Loss: 237.21005249023438  Accuracy: 95.73051452636719 %
2021-04-16 22:17:08,992 - trainer1_aws - INFO: [trainer1_aws.py:train_model:218] - Global Epoch:3 Iteration: 720  Loss: 2712.12109375  Accuracy: 94.82839965820312 %
2021-04-16 22:17:23,141 - trainer1_aws - INFO: [trainer1_aws.py:train_model:218] - Global Epoch:3 Iteration: 730  Loss: 2237.191162109375  Accuracy: 91.01057434082031 %
2021-04-16 22:17:37,435 - trainer1_aws - INFO: [trainer1_aws.py:train_model:218] - Global Epoch:3 Iteration: 740  Loss: 2372.561279296875  Accuracy: 95.51930236816406 %
2021-04-16 22:17:51,836 - trainer1_aws - INFO: [trainer1_aws.py:train_model:218] - Global Epoch:3 Iteration: 750  Loss: 4153.31396484375  Accuracy: 97.15565490722656 %
2021-04-16 22:18:06,106 - trainer1_aws - INFO: [trainer1_aws.py:train_model:218] - Global Epoch:3 Iteration: 760  Loss: 2221.69091796875  Accuracy: 91.1357421875 %
2021-04-16 22:18:20,395 - trainer1_aws - INFO: [trainer1_aws.py:train_model:218] - Global Epoch:3 Iteration: 770  Loss: 432.0594482421875  Accuracy: 91.9169692993164 %
2021-04-16 22:18:34,584 - trainer1_aws - INFO: [trainer1_aws.py:train_model:218] - Global Epoch:3 Iteration: 780  Loss: 771.7164916992188  Accuracy: 94.28177642822266 %
2021-04-16 22:18:48,977 - trainer1_aws - INFO: [trainer1_aws.py:train_model:218] - Global Epoch:3 Iteration: 790  Loss: 2307.162109375  Accuracy: 97.25155639648438 %
2021-04-16 22:19:03,287 - trainer1_aws - INFO: [trainer1_aws.py:train_model:218] - Global Epoch:3 Iteration: 800  Loss: 1308.423583984375  Accuracy: 91.33699035644531 %
2021-04-16 22:19:17,547 - trainer1_aws - INFO: [trainer1_aws.py:train_model:218] - Global Epoch:3 Iteration: 810  Loss: 170.07960510253906  Accuracy: 90.0506362915039 %
2021-04-16 22:19:31,801 - trainer1_aws - INFO: [trainer1_aws.py:train_model:218] - Global Epoch:3 Iteration: 820  Loss: 1154.2884521484375  Accuracy: 92.04414367675781 %
2021-04-16 22:19:46,160 - trainer1_aws - INFO: [trainer1_aws.py:train_model:218] - Global Epoch:3 Iteration: 830  Loss: 1025.4007568359375  Accuracy: 91.65772247314453 %
2021-04-16 22:20:00,504 - trainer1_aws - INFO: [trainer1_aws.py:train_model:218] - Global Epoch:3 Iteration: 840  Loss: 1538.31591796875  Accuracy: 91.57011413574219 %
2021-04-16 22:20:14,862 - trainer1_aws - INFO: [trainer1_aws.py:train_model:218] - Global Epoch:3 Iteration: 850  Loss: 2454.594482421875  Accuracy: 91.78070831298828 %
2021-04-16 22:20:29,123 - trainer1_aws - INFO: [trainer1_aws.py:train_model:218] - Global Epoch:3 Iteration: 860  Loss: 3881.1943359375  Accuracy: 97.54600524902344 %
2021-04-16 22:20:43,340 - trainer1_aws - INFO: [trainer1_aws.py:train_model:218] - Global Epoch:3 Iteration: 870  Loss: 4634.57177734375  Accuracy: 94.23941802978516 %
2021-04-16 22:20:57,565 - trainer1_aws - INFO: [trainer1_aws.py:train_model:218] - Global Epoch:3 Iteration: 880  Loss: 1916.8515625  Accuracy: 92.01348114013672 %
2021-04-16 22:21:11,791 - trainer1_aws - INFO: [trainer1_aws.py:train_model:218] - Global Epoch:3 Iteration: 890  Loss: 1210.8404541015625  Accuracy: 91.33750915527344 %
2021-04-16 22:21:26,097 - trainer1_aws - INFO: [trainer1_aws.py:train_model:218] - Global Epoch:3 Iteration: 900  Loss: 820.87060546875  Accuracy: 92.43108367919922 %
2021-04-16 22:21:40,306 - trainer1_aws - INFO: [trainer1_aws.py:train_model:218] - Global Epoch:3 Iteration: 910  Loss: 1429.727294921875  Accuracy: 94.99959564208984 %
2021-04-16 22:21:52,379 - trainer1_aws - INFO: [trainer1_aws.py:train_model:242] - Epoch 3 completed. Time taken (seconds): 1320.0460658073425
2021-04-16 22:21:52,379 - trainer1_aws - INFO: [trainer1_aws.py:train_model:244] - 
Accuracy: 94.38616180419922
2021-04-16 22:21:52,380 - trainer1_aws - INFO: [trainer1_aws.py:train_model:245] - 
LOSS:: 1429.727294921875
2021-04-16 22:23:54,339 - trainer1_aws - INFO: [trainer1_aws.py:on_message:300] - Model received from coordinator!
2021-04-16 22:23:54,339 - trainer1_aws - INFO: [trainer1_aws.py:on_message:301] - Topic: fed_ml/coordinator/4/model
2021-04-16 22:23:54,341 - trainer1_aws - INFO: [trainer1_aws.py:train_model:146] - Start training...
2021-04-16 22:24:08,159 - trainer1_aws - INFO: [trainer1_aws.py:train_model:218] - Global Epoch:4 Iteration: 0  Loss: 49387.18359375  Accuracy: 39.94944381713867 %
2021-04-16 22:24:22,260 - trainer1_aws - INFO: [trainer1_aws.py:train_model:218] - Global Epoch:4 Iteration: 10  Loss: 6349.9892578125  Accuracy: 46.918548583984375 %
2021-04-16 22:24:36,439 - trainer1_aws - INFO: [trainer1_aws.py:train_model:218] - Global Epoch:4 Iteration: 20  Loss: 3380.181884765625  Accuracy: 52.713809967041016 %
2021-04-16 22:24:50,581 - trainer1_aws - INFO: [trainer1_aws.py:train_model:218] - Global Epoch:4 Iteration: 30  Loss: 2168.637939453125  Accuracy: 57.22629928588867 %
2021-04-16 22:25:04,700 - trainer1_aws - INFO: [trainer1_aws.py:train_model:218] - Global Epoch:4 Iteration: 40  Loss: 2000.7076416015625  Accuracy: 57.43269729614258 %
2021-04-16 22:25:18,976 - trainer1_aws - INFO: [trainer1_aws.py:train_model:218] - Global Epoch:4 Iteration: 50  Loss: 1910.6864013671875  Accuracy: 60.07292175292969 %
2021-04-16 22:25:33,167 - trainer1_aws - INFO: [trainer1_aws.py:train_model:218] - Global Epoch:4 Iteration: 60  Loss: 492.7100524902344  Accuracy: 81.23834991455078 %
2021-04-16 22:25:47,316 - trainer1_aws - INFO: [trainer1_aws.py:train_model:218] - Global Epoch:4 Iteration: 70  Loss: 1263.46923828125  Accuracy: 81.38394927978516 %
2021-04-16 22:26:01,542 - trainer1_aws - INFO: [trainer1_aws.py:train_model:218] - Global Epoch:4 Iteration: 80  Loss: 1135.29443359375  Accuracy: 79.27750396728516 %
2021-04-16 22:26:15,883 - trainer1_aws - INFO: [trainer1_aws.py:train_model:218] - Global Epoch:4 Iteration: 90  Loss: 1026.93017578125  Accuracy: 86.17218780517578 %
2021-04-16 22:26:29,997 - trainer1_aws - INFO: [trainer1_aws.py:train_model:218] - Global Epoch:4 Iteration: 100  Loss: 744.7647705078125  Accuracy: 83.59564971923828 %
2021-04-16 22:26:44,203 - trainer1_aws - INFO: [trainer1_aws.py:train_model:218] - Global Epoch:4 Iteration: 110  Loss: 248.13519287109375  Accuracy: 86.64281463623047 %
2021-04-16 22:26:58,386 - trainer1_aws - INFO: [trainer1_aws.py:train_model:218] - Global Epoch:4 Iteration: 120  Loss: 1062.9442138671875  Accuracy: 82.88604736328125 %
2021-04-16 22:27:12,611 - trainer1_aws - INFO: [trainer1_aws.py:train_model:218] - Global Epoch:4 Iteration: 130  Loss: 195.3746795654297  Accuracy: 86.00247955322266 %
2021-04-16 22:27:26,823 - trainer1_aws - INFO: [trainer1_aws.py:train_model:218] - Global Epoch:4 Iteration: 140  Loss: 606.0651245117188  Accuracy: 88.81983184814453 %
2021-04-16 22:27:41,106 - trainer1_aws - INFO: [trainer1_aws.py:train_model:218] - Global Epoch:4 Iteration: 150  Loss: 1217.634033203125  Accuracy: 92.2024154663086 %
2021-04-16 22:27:55,283 - trainer1_aws - INFO: [trainer1_aws.py:train_model:218] - Global Epoch:4 Iteration: 160  Loss: 1512.0579833984375  Accuracy: 86.52017974853516 %
2021-04-16 22:28:09,442 - trainer1_aws - INFO: [trainer1_aws.py:train_model:218] - Global Epoch:4 Iteration: 170  Loss: 988.3836059570312  Accuracy: 88.32598114013672 %
2021-04-16 22:28:23,751 - trainer1_aws - INFO: [trainer1_aws.py:train_model:218] - Global Epoch:4 Iteration: 180  Loss: 1535.90087890625  Accuracy: 88.72856140136719 %
2021-04-16 22:28:37,880 - trainer1_aws - INFO: [trainer1_aws.py:train_model:218] - Global Epoch:4 Iteration: 190  Loss: 168.06689453125  Accuracy: 94.3576889038086 %
2021-04-16 22:28:52,132 - trainer1_aws - INFO: [trainer1_aws.py:train_model:218] - Global Epoch:4 Iteration: 200  Loss: 994.5864868164062  Accuracy: 94.28571319580078 %
2021-04-16 22:29:06,361 - trainer1_aws - INFO: [trainer1_aws.py:train_model:218] - Global Epoch:4 Iteration: 210  Loss: 2605.0869140625  Accuracy: 91.3694839477539 %
2021-04-16 22:29:20,466 - trainer1_aws - INFO: [trainer1_aws.py:train_model:218] - Global Epoch:4 Iteration: 220  Loss: 405.1029052734375  Accuracy: 94.62016296386719 %
2021-04-16 22:29:34,732 - trainer1_aws - INFO: [trainer1_aws.py:train_model:218] - Global Epoch:4 Iteration: 230  Loss: 414.0233459472656  Accuracy: 97.24666595458984 %
2021-04-16 22:29:48,885 - trainer1_aws - INFO: [trainer1_aws.py:train_model:218] - Global Epoch:4 Iteration: 240  Loss: 1217.6844482421875  Accuracy: 91.31383514404297 %
2021-04-16 22:30:03,079 - trainer1_aws - INFO: [trainer1_aws.py:train_model:218] - Global Epoch:4 Iteration: 250  Loss: 897.507080078125  Accuracy: 91.2807388305664 %
2021-04-16 22:30:17,183 - trainer1_aws - INFO: [trainer1_aws.py:train_model:218] - Global Epoch:4 Iteration: 260  Loss: 1089.111083984375  Accuracy: 94.4366455078125 %
2021-04-16 22:30:31,616 - trainer1_aws - INFO: [trainer1_aws.py:train_model:218] - Global Epoch:4 Iteration: 270  Loss: 199.39019775390625  Accuracy: 94.5674057006836 %
2021-04-16 22:30:46,181 - trainer1_aws - INFO: [trainer1_aws.py:train_model:218] - Global Epoch:4 Iteration: 280  Loss: 978.19140625  Accuracy: 94.09407043457031 %
2021-04-16 22:31:00,533 - trainer1_aws - INFO: [trainer1_aws.py:train_model:218] - Global Epoch:4 Iteration: 290  Loss: 2264.587646484375  Accuracy: 96.28157806396484 %
2021-04-16 22:31:14,740 - trainer1_aws - INFO: [trainer1_aws.py:train_model:218] - Global Epoch:4 Iteration: 300  Loss: 780.8733520507812  Accuracy: 94.57369995117188 %
2021-04-16 22:31:28,844 - trainer1_aws - INFO: [trainer1_aws.py:train_model:218] - Global Epoch:4 Iteration: 310  Loss: 474.92120361328125  Accuracy: 97.55561065673828 %
2021-04-16 22:31:42,967 - trainer1_aws - INFO: [trainer1_aws.py:train_model:218] - Global Epoch:4 Iteration: 320  Loss: 822.3255004882812  Accuracy: 91.41996002197266 %
2021-04-16 22:31:57,203 - trainer1_aws - INFO: [trainer1_aws.py:train_model:218] - Global Epoch:4 Iteration: 330  Loss: 1143.0118408203125  Accuracy: 90.87640380859375 %
2021-04-16 22:32:11,443 - trainer1_aws - INFO: [trainer1_aws.py:train_model:218] - Global Epoch:4 Iteration: 340  Loss: 139.69992065429688  Accuracy: 90.87046813964844 %
2021-04-16 22:32:25,627 - trainer1_aws - INFO: [trainer1_aws.py:train_model:218] - Global Epoch:4 Iteration: 350  Loss: 128.82733154296875  Accuracy: 92.07715606689453 %
2021-04-16 22:32:39,797 - trainer1_aws - INFO: [trainer1_aws.py:train_model:218] - Global Epoch:4 Iteration: 360  Loss: 575.2242431640625  Accuracy: 93.80260467529297 %
2021-04-16 22:32:54,013 - trainer1_aws - INFO: [trainer1_aws.py:train_model:218] - Global Epoch:4 Iteration: 370  Loss: 1097.396484375  Accuracy: 94.47315979003906 %
2021-04-16 22:33:08,198 - trainer1_aws - INFO: [trainer1_aws.py:train_model:218] - Global Epoch:4 Iteration: 380  Loss: 749.1585693359375  Accuracy: 91.30458068847656 %
2021-04-16 22:33:22,407 - trainer1_aws - INFO: [trainer1_aws.py:train_model:218] - Global Epoch:4 Iteration: 390  Loss: 1006.119384765625  Accuracy: 92.15201568603516 %
2021-04-16 22:33:36,578 - trainer1_aws - INFO: [trainer1_aws.py:train_model:218] - Global Epoch:4 Iteration: 400  Loss: 1140.5135498046875  Accuracy: 94.7007827758789 %
2021-04-16 22:33:50,923 - trainer1_aws - INFO: [trainer1_aws.py:train_model:218] - Global Epoch:4 Iteration: 410  Loss: 668.4400024414062  Accuracy: 92.16677856445312 %
2021-04-16 22:34:05,110 - trainer1_aws - INFO: [trainer1_aws.py:train_model:218] - Global Epoch:4 Iteration: 420  Loss: 2145.793212890625  Accuracy: 94.15984344482422 %
2021-04-16 22:34:19,322 - trainer1_aws - INFO: [trainer1_aws.py:train_model:218] - Global Epoch:4 Iteration: 430  Loss: 1331.7664794921875  Accuracy: 94.92255401611328 %
2021-04-16 22:34:33,505 - trainer1_aws - INFO: [trainer1_aws.py:train_model:218] - Global Epoch:4 Iteration: 440  Loss: 1761.8580322265625  Accuracy: 94.61194610595703 %
2021-04-16 22:34:47,640 - trainer1_aws - INFO: [trainer1_aws.py:train_model:218] - Global Epoch:4 Iteration: 450  Loss: 3257.10498046875  Accuracy: 91.89512634277344 %
2021-04-16 22:35:01,822 - trainer1_aws - INFO: [trainer1_aws.py:train_model:218] - Global Epoch:4 Iteration: 460  Loss: 839.2380981445312  Accuracy: 93.91117095947266 %
2021-04-16 22:35:16,057 - trainer1_aws - INFO: [trainer1_aws.py:train_model:218] - Global Epoch:4 Iteration: 470  Loss: 1837.8079833984375  Accuracy: 94.0509262084961 %
2021-04-16 22:35:30,314 - trainer1_aws - INFO: [trainer1_aws.py:train_model:218] - Global Epoch:4 Iteration: 480  Loss: 1748.917236328125  Accuracy: 91.05328369140625 %
2021-04-16 22:35:44,517 - trainer1_aws - INFO: [trainer1_aws.py:train_model:218] - Global Epoch:4 Iteration: 490  Loss: 370.4510192871094  Accuracy: 94.46809387207031 %
2021-04-16 22:35:58,849 - trainer1_aws - INFO: [trainer1_aws.py:train_model:218] - Global Epoch:4 Iteration: 500  Loss: 358.7307434082031  Accuracy: 91.83660888671875 %
2021-04-16 22:36:13,029 - trainer1_aws - INFO: [trainer1_aws.py:train_model:218] - Global Epoch:4 Iteration: 510  Loss: 1216.9112548828125  Accuracy: 94.39349365234375 %
2021-04-16 22:36:27,221 - trainer1_aws - INFO: [trainer1_aws.py:train_model:218] - Global Epoch:4 Iteration: 520  Loss: 43.61081314086914  Accuracy: 97.30379486083984 %
2021-04-16 22:36:41,372 - trainer1_aws - INFO: [trainer1_aws.py:train_model:218] - Global Epoch:4 Iteration: 530  Loss: 1346.048095703125  Accuracy: 94.02891540527344 %
2021-04-16 22:36:55,709 - trainer1_aws - INFO: [trainer1_aws.py:train_model:218] - Global Epoch:4 Iteration: 540  Loss: 2854.1455078125  Accuracy: 93.56649780273438 %
2021-04-16 22:37:09,875 - trainer1_aws - INFO: [trainer1_aws.py:train_model:218] - Global Epoch:4 Iteration: 550  Loss: 2375.705810546875  Accuracy: 91.55447387695312 %
2021-04-16 22:37:24,104 - trainer1_aws - INFO: [trainer1_aws.py:train_model:218] - Global Epoch:4 Iteration: 560  Loss: 3718.38916015625  Accuracy: 91.7949447631836 %
2021-04-16 22:37:38,532 - trainer1_aws - INFO: [trainer1_aws.py:train_model:218] - Global Epoch:4 Iteration: 570  Loss: 775.5441284179688  Accuracy: 91.20535278320312 %
2021-04-16 22:37:52,716 - trainer1_aws - INFO: [trainer1_aws.py:train_model:218] - Global Epoch:4 Iteration: 580  Loss: 575.366943359375  Accuracy: 94.09014892578125 %
2021-04-16 22:38:06,948 - trainer1_aws - INFO: [trainer1_aws.py:train_model:218] - Global Epoch:4 Iteration: 590  Loss: 631.464599609375  Accuracy: 97.06307220458984 %
2021-04-16 22:38:21,264 - trainer1_aws - INFO: [trainer1_aws.py:train_model:218] - Global Epoch:4 Iteration: 600  Loss: 189.01710510253906  Accuracy: 89.86405944824219 %
2021-04-16 22:38:35,455 - trainer1_aws - INFO: [trainer1_aws.py:train_model:218] - Global Epoch:4 Iteration: 610  Loss: 1494.016357421875  Accuracy: 94.68985748291016 %
2021-04-16 22:38:49,717 - trainer1_aws - INFO: [trainer1_aws.py:train_model:218] - Global Epoch:4 Iteration: 620  Loss: 317.4490661621094  Accuracy: 92.22276306152344 %
2021-04-16 22:39:03,948 - trainer1_aws - INFO: [trainer1_aws.py:train_model:218] - Global Epoch:4 Iteration: 630  Loss: 764.9719848632812  Accuracy: 91.96045684814453 %
2021-04-16 22:39:18,075 - trainer1_aws - INFO: [trainer1_aws.py:train_model:218] - Global Epoch:4 Iteration: 640  Loss: 3236.651123046875  Accuracy: 90.58807373046875 %
2021-04-16 22:39:32,285 - trainer1_aws - INFO: [trainer1_aws.py:train_model:218] - Global Epoch:4 Iteration: 650  Loss: 1988.7264404296875  Accuracy: 94.68829345703125 %
2021-04-16 22:39:46,519 - trainer1_aws - INFO: [trainer1_aws.py:train_model:218] - Global Epoch:4 Iteration: 660  Loss: 1714.133056640625  Accuracy: 91.07189178466797 %
2021-04-16 22:40:00,771 - trainer1_aws - INFO: [trainer1_aws.py:train_model:218] - Global Epoch:4 Iteration: 670  Loss: 1236.6285400390625  Accuracy: 94.15155029296875 %
2021-04-16 22:40:15,005 - trainer1_aws - INFO: [trainer1_aws.py:train_model:218] - Global Epoch:4 Iteration: 680  Loss: 400.120361328125  Accuracy: 97.15931701660156 %
2021-04-16 22:40:29,269 - trainer1_aws - INFO: [trainer1_aws.py:train_model:218] - Global Epoch:4 Iteration: 690  Loss: 2907.486328125  Accuracy: 93.5851058959961 %
2021-04-16 22:40:43,685 - trainer1_aws - INFO: [trainer1_aws.py:train_model:218] - Global Epoch:4 Iteration: 700  Loss: 1390.7801513671875  Accuracy: 94.73667907714844 %
2021-04-16 22:40:57,932 - trainer1_aws - INFO: [trainer1_aws.py:train_model:218] - Global Epoch:4 Iteration: 710  Loss: 849.8264770507812  Accuracy: 91.67745971679688 %
2021-04-16 22:41:12,127 - trainer1_aws - INFO: [trainer1_aws.py:train_model:218] - Global Epoch:4 Iteration: 720  Loss: 118.14434051513672  Accuracy: 92.17367553710938 %
2021-04-16 22:41:26,231 - trainer1_aws - INFO: [trainer1_aws.py:train_model:218] - Global Epoch:4 Iteration: 730  Loss: 1248.87255859375  Accuracy: 91.63247680664062 %
2021-04-16 22:41:40,351 - trainer1_aws - INFO: [trainer1_aws.py:train_model:218] - Global Epoch:4 Iteration: 740  Loss: 3132.714111328125  Accuracy: 93.54361724853516 %
2021-04-16 22:41:54,629 - trainer1_aws - INFO: [trainer1_aws.py:train_model:218] - Global Epoch:4 Iteration: 750  Loss: 1863.548583984375  Accuracy: 91.61370086669922 %
2021-04-16 22:42:08,866 - trainer1_aws - INFO: [trainer1_aws.py:train_model:218] - Global Epoch:4 Iteration: 760  Loss: 3608.716796875  Accuracy: 94.02043914794922 %
2021-04-16 22:42:23,109 - trainer1_aws - INFO: [trainer1_aws.py:train_model:218] - Global Epoch:4 Iteration: 770  Loss: 2383.337646484375  Accuracy: 93.80504608154297 %
2021-04-16 22:42:37,265 - trainer1_aws - INFO: [trainer1_aws.py:train_model:218] - Global Epoch:4 Iteration: 780  Loss: 754.6904907226562  Accuracy: 89.90241241455078 %
2021-04-16 22:42:51,556 - trainer1_aws - INFO: [trainer1_aws.py:train_model:218] - Global Epoch:4 Iteration: 790  Loss: 695.1400146484375  Accuracy: 91.31977844238281 %
2021-04-16 22:43:05,807 - trainer1_aws - INFO: [trainer1_aws.py:train_model:218] - Global Epoch:4 Iteration: 800  Loss: 1723.316650390625  Accuracy: 91.62112426757812 %
2021-04-16 22:43:20,061 - trainer1_aws - INFO: [trainer1_aws.py:train_model:218] - Global Epoch:4 Iteration: 810  Loss: 1694.625244140625  Accuracy: 90.94863891601562 %
2021-04-16 22:43:34,294 - trainer1_aws - INFO: [trainer1_aws.py:train_model:218] - Global Epoch:4 Iteration: 820  Loss: 1680.12255859375  Accuracy: 94.18010711669922 %
2021-04-16 22:43:48,584 - trainer1_aws - INFO: [trainer1_aws.py:train_model:218] - Global Epoch:4 Iteration: 830  Loss: 505.4106140136719  Accuracy: 91.69650268554688 %
2021-04-16 22:44:02,840 - trainer1_aws - INFO: [trainer1_aws.py:train_model:218] - Global Epoch:4 Iteration: 840  Loss: 462.7597961425781  Accuracy: 95.53746795654297 %
2021-04-16 22:44:16,946 - trainer1_aws - INFO: [trainer1_aws.py:train_model:218] - Global Epoch:4 Iteration: 850  Loss: 2307.390625  Accuracy: 92.15157318115234 %
2021-04-16 22:44:31,222 - trainer1_aws - INFO: [trainer1_aws.py:train_model:218] - Global Epoch:4 Iteration: 860  Loss: 253.87884521484375  Accuracy: 97.71327209472656 %
2021-04-16 22:44:45,252 - trainer1_aws - INFO: [trainer1_aws.py:train_model:218] - Global Epoch:4 Iteration: 870  Loss: 1384.0809326171875  Accuracy: 94.18010711669922 %
2021-04-16 22:44:59,436 - trainer1_aws - INFO: [trainer1_aws.py:train_model:218] - Global Epoch:4 Iteration: 880  Loss: 1480.3741455078125  Accuracy: 91.92019653320312 %
2021-04-16 22:45:13,668 - trainer1_aws - INFO: [trainer1_aws.py:train_model:218] - Global Epoch:4 Iteration: 890  Loss: 102.0009536743164  Accuracy: 95.2452163696289 %
2021-04-16 22:45:27,966 - trainer1_aws - INFO: [trainer1_aws.py:train_model:218] - Global Epoch:4 Iteration: 900  Loss: 1871.8653564453125  Accuracy: 90.77359771728516 %
2021-04-16 22:45:42,273 - trainer1_aws - INFO: [trainer1_aws.py:train_model:218] - Global Epoch:4 Iteration: 910  Loss: 454.895751953125  Accuracy: 94.3261489868164 %
2021-04-16 22:45:54,463 - trainer1_aws - INFO: [trainer1_aws.py:train_model:242] - Epoch 4 completed. Time taken (seconds): 1320.1220469474792
2021-04-16 22:45:54,463 - trainer1_aws - INFO: [trainer1_aws.py:train_model:244] - 
Accuracy: 98.1279067993164
2021-04-16 22:45:54,463 - trainer1_aws - INFO: [trainer1_aws.py:train_model:245] - 
LOSS:: 454.895751953125
2021-04-16 22:47:50,791 - trainer1_aws - INFO: [trainer1_aws.py:on_message:300] - Model received from coordinator!
2021-04-16 22:47:50,791 - trainer1_aws - INFO: [trainer1_aws.py:on_message:301] - Topic: fed_ml/coordinator/5/model
2021-04-16 22:47:50,793 - trainer1_aws - INFO: [trainer1_aws.py:train_model:146] - Start training...
2021-04-16 22:48:04,570 - trainer1_aws - INFO: [trainer1_aws.py:train_model:218] - Global Epoch:5 Iteration: 0  Loss: 66492.8359375  Accuracy: 38.65409851074219 %
2021-04-16 22:48:18,723 - trainer1_aws - INFO: [trainer1_aws.py:train_model:218] - Global Epoch:5 Iteration: 10  Loss: 9752.3125  Accuracy: 46.441375732421875 %
2021-04-16 22:48:32,919 - trainer1_aws - INFO: [trainer1_aws.py:train_model:218] - Global Epoch:5 Iteration: 20  Loss: 6060.80224609375  Accuracy: 55.25104522705078 %
2021-04-16 22:48:47,067 - trainer1_aws - INFO: [trainer1_aws.py:train_model:218] - Global Epoch:5 Iteration: 30  Loss: 3018.580322265625  Accuracy: 56.63574981689453 %
2021-04-16 22:49:01,269 - trainer1_aws - INFO: [trainer1_aws.py:train_model:218] - Global Epoch:5 Iteration: 40  Loss: 1700.8304443359375  Accuracy: 59.48769760131836 %
2021-04-16 22:49:15,443 - trainer1_aws - INFO: [trainer1_aws.py:train_model:218] - Global Epoch:5 Iteration: 50  Loss: 930.6514892578125  Accuracy: 76.84447479248047 %
2021-04-16 22:49:29,751 - trainer1_aws - INFO: [trainer1_aws.py:train_model:218] - Global Epoch:5 Iteration: 60  Loss: 1346.9505615234375  Accuracy: 77.13699340820312 %
2021-04-16 22:49:43,782 - trainer1_aws - INFO: [trainer1_aws.py:train_model:218] - Global Epoch:5 Iteration: 70  Loss: 428.3986511230469  Accuracy: 83.48393249511719 %
2021-04-16 22:49:57,938 - trainer1_aws - INFO: [trainer1_aws.py:train_model:218] - Global Epoch:5 Iteration: 80  Loss: 1080.849853515625  Accuracy: 79.54312896728516 %
2021-04-16 22:50:12,243 - trainer1_aws - INFO: [trainer1_aws.py:train_model:218] - Global Epoch:5 Iteration: 90  Loss: 706.4589233398438  Accuracy: 80.54420471191406 %
2021-04-16 22:50:26,438 - trainer1_aws - INFO: [trainer1_aws.py:train_model:218] - Global Epoch:5 Iteration: 100  Loss: 1388.79248046875  Accuracy: 86.18791198730469 %
2021-04-16 22:50:40,566 - trainer1_aws - INFO: [trainer1_aws.py:train_model:218] - Global Epoch:5 Iteration: 110  Loss: 760.5161743164062  Accuracy: 81.9158935546875 %
2021-04-16 22:50:54,804 - trainer1_aws - INFO: [trainer1_aws.py:train_model:218] - Global Epoch:5 Iteration: 120  Loss: 1190.9659423828125  Accuracy: 85.69868469238281 %
2021-04-16 22:51:08,975 - trainer1_aws - INFO: [trainer1_aws.py:train_model:218] - Global Epoch:5 Iteration: 130  Loss: 2523.95263671875  Accuracy: 90.57113647460938 %
2021-04-16 22:51:23,082 - trainer1_aws - INFO: [trainer1_aws.py:train_model:218] - Global Epoch:5 Iteration: 140  Loss: 4478.19677734375  Accuracy: 89.5926742553711 %
2021-04-16 22:51:37,261 - trainer1_aws - INFO: [trainer1_aws.py:train_model:218] - Global Epoch:5 Iteration: 150  Loss: 1347.850341796875  Accuracy: 87.1046142578125 %
2021-04-16 22:51:51,437 - trainer1_aws - INFO: [trainer1_aws.py:train_model:218] - Global Epoch:5 Iteration: 160  Loss: 3033.95849609375  Accuracy: 92.55921936035156 %
2021-04-16 22:52:05,689 - trainer1_aws - INFO: [trainer1_aws.py:train_model:218] - Global Epoch:5 Iteration: 170  Loss: 3020.19189453125  Accuracy: 90.88050842285156 %
2021-04-16 22:52:19,787 - trainer1_aws - INFO: [trainer1_aws.py:train_model:218] - Global Epoch:5 Iteration: 180  Loss: 653.8007202148438  Accuracy: 94.75554656982422 %
2021-04-16 22:52:33,866 - trainer1_aws - INFO: [trainer1_aws.py:train_model:218] - Global Epoch:5 Iteration: 190  Loss: 1502.0474853515625  Accuracy: 93.53653717041016 %
2021-04-16 22:52:47,985 - trainer1_aws - INFO: [trainer1_aws.py:train_model:218] - Global Epoch:5 Iteration: 200  Loss: 284.2633361816406  Accuracy: 96.47373962402344 %
2021-04-16 22:53:02,111 - trainer1_aws - INFO: [trainer1_aws.py:train_model:218] - Global Epoch:5 Iteration: 210  Loss: 1638.3885498046875  Accuracy: 93.70538330078125 %
2021-04-16 22:53:16,305 - trainer1_aws - INFO: [trainer1_aws.py:train_model:218] - Global Epoch:5 Iteration: 220  Loss: 1527.03955078125  Accuracy: 94.73047637939453 %
2021-04-16 22:53:30,386 - trainer1_aws - INFO: [trainer1_aws.py:train_model:218] - Global Epoch:5 Iteration: 230  Loss: 871.5902709960938  Accuracy: 94.47482299804688 %
2021-04-16 22:53:44,513 - trainer1_aws - INFO: [trainer1_aws.py:train_model:218] - Global Epoch:5 Iteration: 240  Loss: 1314.3681640625  Accuracy: 97.29627990722656 %
2021-04-16 22:53:58,638 - trainer1_aws - INFO: [trainer1_aws.py:train_model:218] - Global Epoch:5 Iteration: 250  Loss: 974.9127197265625  Accuracy: 93.83666229248047 %
2021-04-16 22:54:12,801 - trainer1_aws - INFO: [trainer1_aws.py:train_model:218] - Global Epoch:5 Iteration: 260  Loss: 1564.6217041015625  Accuracy: 87.698486328125 %
2021-04-16 22:54:26,845 - trainer1_aws - INFO: [trainer1_aws.py:train_model:218] - Global Epoch:5 Iteration: 270  Loss: 2641.642822265625  Accuracy: 94.29776763916016 %
2021-04-16 22:54:41,019 - trainer1_aws - INFO: [trainer1_aws.py:train_model:218] - Global Epoch:5 Iteration: 280  Loss: 1345.0401611328125  Accuracy: 97.49141693115234 %
2021-04-16 22:54:55,154 - trainer1_aws - INFO: [trainer1_aws.py:train_model:218] - Global Epoch:5 Iteration: 290  Loss: 168.87249755859375  Accuracy: 94.39061737060547 %
2021-04-16 22:55:09,325 - trainer1_aws - INFO: [trainer1_aws.py:train_model:218] - Global Epoch:5 Iteration: 300  Loss: 1632.617919921875  Accuracy: 91.81930541992188 %
2021-04-16 22:55:23,522 - trainer1_aws - INFO: [trainer1_aws.py:train_model:218] - Global Epoch:5 Iteration: 310  Loss: 833.0401611328125  Accuracy: 93.9210433959961 %
2021-04-16 22:55:37,805 - trainer1_aws - INFO: [trainer1_aws.py:train_model:218] - Global Epoch:5 Iteration: 320  Loss: 903.1547241210938  Accuracy: 94.09180450439453 %
2021-04-16 22:55:52,051 - trainer1_aws - INFO: [trainer1_aws.py:train_model:218] - Global Epoch:5 Iteration: 330  Loss: 1549.931396484375  Accuracy: 97.21976470947266 %
2021-04-16 22:56:06,259 - trainer1_aws - INFO: [trainer1_aws.py:train_model:218] - Global Epoch:5 Iteration: 340  Loss: 240.81089782714844  Accuracy: 94.03668975830078 %
2021-04-16 22:56:20,431 - trainer1_aws - INFO: [trainer1_aws.py:train_model:218] - Global Epoch:5 Iteration: 350  Loss: 1104.5718994140625  Accuracy: 94.0792236328125 %
2021-04-16 22:56:34,615 - trainer1_aws - INFO: [trainer1_aws.py:train_model:218] - Global Epoch:5 Iteration: 360  Loss: 2384.483154296875  Accuracy: 90.63838195800781 %
2021-04-16 22:56:48,735 - trainer1_aws - INFO: [trainer1_aws.py:train_model:218] - Global Epoch:5 Iteration: 370  Loss: 870.9265747070312  Accuracy: 96.83963012695312 %
2021-04-16 22:57:02,937 - trainer1_aws - INFO: [trainer1_aws.py:train_model:218] - Global Epoch:5 Iteration: 380  Loss: 472.6542053222656  Accuracy: 92.12126922607422 %
2021-04-16 22:57:17,007 - trainer1_aws - INFO: [trainer1_aws.py:train_model:218] - Global Epoch:5 Iteration: 390  Loss: 1535.35986328125  Accuracy: 92.10684967041016 %
2021-04-16 22:57:31,103 - trainer1_aws - INFO: [trainer1_aws.py:train_model:218] - Global Epoch:5 Iteration: 400  Loss: 672.9580078125  Accuracy: 92.09558868408203 %
2021-04-16 22:57:45,187 - trainer1_aws - INFO: [trainer1_aws.py:train_model:218] - Global Epoch:5 Iteration: 410  Loss: 340.0596923828125  Accuracy: 94.5750961303711 %
2021-04-16 22:57:59,507 - trainer1_aws - INFO: [trainer1_aws.py:train_model:218] - Global Epoch:5 Iteration: 420  Loss: 631.9570922851562  Accuracy: 92.01907348632812 %
2021-04-16 22:58:13,697 - trainer1_aws - INFO: [trainer1_aws.py:train_model:218] - Global Epoch:5 Iteration: 430  Loss: 756.9691162109375  Accuracy: 94.5173568725586 %
2021-04-16 22:58:27,761 - trainer1_aws - INFO: [trainer1_aws.py:train_model:218] - Global Epoch:5 Iteration: 440  Loss: 1549.4488525390625  Accuracy: 91.5613784790039 %
2021-04-16 22:58:42,102 - trainer1_aws - INFO: [trainer1_aws.py:train_model:218] - Global Epoch:5 Iteration: 450  Loss: 1221.4150390625  Accuracy: 96.792724609375 %
2021-04-16 22:58:56,350 - trainer1_aws - INFO: [trainer1_aws.py:train_model:218] - Global Epoch:5 Iteration: 460  Loss: 2234.215087890625  Accuracy: 90.11814880371094 %
2021-04-16 22:59:10,551 - trainer1_aws - INFO: [trainer1_aws.py:train_model:218] - Global Epoch:5 Iteration: 470  Loss: 2721.635986328125  Accuracy: 92.2607650756836 %
2021-04-16 22:59:24,680 - trainer1_aws - INFO: [trainer1_aws.py:train_model:218] - Global Epoch:5 Iteration: 480  Loss: 229.31297302246094  Accuracy: 91.87582397460938 %
2021-04-16 22:59:38,825 - trainer1_aws - INFO: [trainer1_aws.py:train_model:218] - Global Epoch:5 Iteration: 490  Loss: 4433.607421875  Accuracy: 91.3218765258789 %
2021-04-16 22:59:52,988 - trainer1_aws - INFO: [trainer1_aws.py:train_model:218] - Global Epoch:5 Iteration: 500  Loss: 1075.732666015625  Accuracy: 94.0924072265625 %
2021-04-16 23:00:07,365 - trainer1_aws - INFO: [trainer1_aws.py:train_model:218] - Global Epoch:5 Iteration: 510  Loss: 2173.212158203125  Accuracy: 95.71705627441406 %
2021-04-16 23:00:21,643 - trainer1_aws - INFO: [trainer1_aws.py:train_model:218] - Global Epoch:5 Iteration: 520  Loss: 1970.1883544921875  Accuracy: 93.42543029785156 %
2021-04-16 23:00:35,786 - trainer1_aws - INFO: [trainer1_aws.py:train_model:218] - Global Epoch:5 Iteration: 530  Loss: 74.95462036132812  Accuracy: 91.98186492919922 %
2021-04-16 23:00:50,062 - trainer1_aws - INFO: [trainer1_aws.py:train_model:218] - Global Epoch:5 Iteration: 540  Loss: 1447.3642578125  Accuracy: 91.43726348876953 %
2021-04-16 23:01:04,311 - trainer1_aws - INFO: [trainer1_aws.py:train_model:218] - Global Epoch:5 Iteration: 550  Loss: 1940.93505859375  Accuracy: 90.97903442382812 %
2021-04-16 23:01:18,529 - trainer1_aws - INFO: [trainer1_aws.py:train_model:218] - Global Epoch:5 Iteration: 560  Loss: 2657.669189453125  Accuracy: 94.00969696044922 %
2021-04-16 23:01:32,714 - trainer1_aws - INFO: [trainer1_aws.py:train_model:218] - Global Epoch:5 Iteration: 570  Loss: 1354.1171875  Accuracy: 97.07170867919922 %
2021-04-16 23:01:47,074 - trainer1_aws - INFO: [trainer1_aws.py:train_model:218] - Global Epoch:5 Iteration: 580  Loss: 261.0737609863281  Accuracy: 94.21434783935547 %
2021-04-16 23:02:01,207 - trainer1_aws - INFO: [trainer1_aws.py:train_model:218] - Global Epoch:5 Iteration: 590  Loss: 470.5858459472656  Accuracy: 90.38717651367188 %
2021-04-16 23:02:15,499 - trainer1_aws - INFO: [trainer1_aws.py:train_model:218] - Global Epoch:5 Iteration: 600  Loss: 855.9779052734375  Accuracy: 92.16519927978516 %
2021-04-16 23:02:29,707 - trainer1_aws - INFO: [trainer1_aws.py:train_model:218] - Global Epoch:5 Iteration: 610  Loss: 919.54150390625  Accuracy: 97.78166198730469 %
2021-04-16 23:02:43,819 - trainer1_aws - INFO: [trainer1_aws.py:train_model:218] - Global Epoch:5 Iteration: 620  Loss: 669.8906860351562  Accuracy: 97.65614318847656 %
2021-04-16 23:02:58,094 - trainer1_aws - INFO: [trainer1_aws.py:train_model:218] - Global Epoch:5 Iteration: 630  Loss: 494.7196960449219  Accuracy: 97.80419921875 %
2021-04-16 23:03:12,585 - trainer1_aws - INFO: [trainer1_aws.py:train_model:218] - Global Epoch:5 Iteration: 640  Loss: 3121.300537109375  Accuracy: 90.06085205078125 %
2021-04-16 23:03:26,748 - trainer1_aws - INFO: [trainer1_aws.py:train_model:218] - Global Epoch:5 Iteration: 650  Loss: 2335.513916015625  Accuracy: 91.82734680175781 %
2021-04-16 23:03:40,851 - trainer1_aws - INFO: [trainer1_aws.py:train_model:218] - Global Epoch:5 Iteration: 660  Loss: 2940.573486328125  Accuracy: 94.21461486816406 %
2021-04-16 23:03:55,017 - trainer1_aws - INFO: [trainer1_aws.py:train_model:218] - Global Epoch:5 Iteration: 670  Loss: 764.0811767578125  Accuracy: 92.34767150878906 %
2021-04-16 23:04:09,261 - trainer1_aws - INFO: [trainer1_aws.py:train_model:218] - Global Epoch:5 Iteration: 680  Loss: 3054.610107421875  Accuracy: 92.2024154663086 %
2021-04-16 23:04:23,402 - trainer1_aws - INFO: [trainer1_aws.py:train_model:218] - Global Epoch:5 Iteration: 690  Loss: 2028.3564453125  Accuracy: 96.94200134277344 %
2021-04-16 23:04:37,572 - trainer1_aws - INFO: [trainer1_aws.py:train_model:218] - Global Epoch:5 Iteration: 700  Loss: 497.10614013671875  Accuracy: 91.46145629882812 %
2021-04-16 23:04:51,841 - trainer1_aws - INFO: [trainer1_aws.py:train_model:218] - Global Epoch:5 Iteration: 710  Loss: 1126.0689697265625  Accuracy: 97.10096740722656 %
2021-04-16 23:05:06,089 - trainer1_aws - INFO: [trainer1_aws.py:train_model:218] - Global Epoch:5 Iteration: 720  Loss: 1556.4801025390625  Accuracy: 94.76952362060547 %
2021-04-16 23:05:20,555 - trainer1_aws - INFO: [trainer1_aws.py:train_model:218] - Global Epoch:5 Iteration: 730  Loss: 2367.12548828125  Accuracy: 97.95015716552734 %
2021-04-16 23:05:35,077 - trainer1_aws - INFO: [trainer1_aws.py:train_model:218] - Global Epoch:5 Iteration: 740  Loss: 1136.5709228515625  Accuracy: 94.48433685302734 %
2021-04-16 23:05:49,561 - trainer1_aws - INFO: [trainer1_aws.py:train_model:218] - Global Epoch:5 Iteration: 750  Loss: 1397.5146484375  Accuracy: 89.88494110107422 %
2021-04-16 23:06:03,819 - trainer1_aws - INFO: [trainer1_aws.py:train_model:218] - Global Epoch:5 Iteration: 760  Loss: 1137.96240234375  Accuracy: 94.3485107421875 %
2021-04-16 23:06:18,216 - trainer1_aws - INFO: [trainer1_aws.py:train_model:218] - Global Epoch:5 Iteration: 770  Loss: 1855.1932373046875  Accuracy: 91.50259399414062 %
2021-04-16 23:06:32,337 - trainer1_aws - INFO: [trainer1_aws.py:train_model:218] - Global Epoch:5 Iteration: 780  Loss: 60.1856803894043  Accuracy: 91.06411743164062 %
2021-04-16 23:06:46,686 - trainer1_aws - INFO: [trainer1_aws.py:train_model:218] - Global Epoch:5 Iteration: 790  Loss: 277.32501220703125  Accuracy: 94.67125701904297 %
2021-04-16 23:07:00,983 - trainer1_aws - INFO: [trainer1_aws.py:train_model:218] - Global Epoch:5 Iteration: 800  Loss: 289.2421569824219  Accuracy: 98.49955749511719 %
2021-04-16 23:07:15,199 - trainer1_aws - INFO: [trainer1_aws.py:train_model:218] - Global Epoch:5 Iteration: 810  Loss: 142.9989776611328  Accuracy: 95.02378845214844 %
2021-04-16 23:07:29,357 - trainer1_aws - INFO: [trainer1_aws.py:train_model:218] - Global Epoch:5 Iteration: 820  Loss: 129.87435913085938  Accuracy: 97.79598999023438 %
2021-04-16 23:07:43,480 - trainer1_aws - INFO: [trainer1_aws.py:train_model:218] - Global Epoch:5 Iteration: 830  Loss: 1280.823486328125  Accuracy: 94.53569793701172 %
2021-04-16 23:07:57,779 - trainer1_aws - INFO: [trainer1_aws.py:train_model:218] - Global Epoch:5 Iteration: 840  Loss: 206.6217498779297  Accuracy: 95.21508026123047 %
2021-04-16 23:08:11,979 - trainer1_aws - INFO: [trainer1_aws.py:train_model:218] - Global Epoch:5 Iteration: 850  Loss: 178.6865692138672  Accuracy: 95.70133209228516 %
2021-04-16 23:08:26,221 - trainer1_aws - INFO: [trainer1_aws.py:train_model:218] - Global Epoch:5 Iteration: 860  Loss: 150.3235321044922  Accuracy: 94.91190338134766 %
2021-04-16 23:08:40,424 - trainer1_aws - INFO: [trainer1_aws.py:train_model:218] - Global Epoch:5 Iteration: 870  Loss: 328.0283203125  Accuracy: 92.17411804199219 %
2021-04-16 23:08:54,531 - trainer1_aws - INFO: [trainer1_aws.py:train_model:218] - Global Epoch:5 Iteration: 880  Loss: 137.32952880859375  Accuracy: 95.28425598144531 %
2021-04-16 23:09:08,726 - trainer1_aws - INFO: [trainer1_aws.py:train_model:218] - Global Epoch:5 Iteration: 890  Loss: 220.8653564453125  Accuracy: 94.39070129394531 %
2021-04-16 23:09:22,883 - trainer1_aws - INFO: [trainer1_aws.py:train_model:218] - Global Epoch:5 Iteration: 900  Loss: 409.3153381347656  Accuracy: 97.86367797851562 %
2021-04-16 23:09:37,064 - trainer1_aws - INFO: [trainer1_aws.py:train_model:218] - Global Epoch:5 Iteration: 910  Loss: 464.48748779296875  Accuracy: 94.96256256103516 %
2021-04-16 23:09:49,150 - trainer1_aws - INFO: [trainer1_aws.py:train_model:242] - Epoch 5 completed. Time taken (seconds): 1318.3575870990753
2021-04-16 23:09:49,150 - trainer1_aws - INFO: [trainer1_aws.py:train_model:244] - 
Accuracy: 97.65745544433594
2021-04-16 23:09:49,151 - trainer1_aws - INFO: [trainer1_aws.py:train_model:245] - 
LOSS:: 464.48748779296875
