2021-04-16 21:10:09,619 - trainer3_aws - INFO: [trainer3_aws.py:load_data:84] - Loading data...
2021-04-16 21:10:54,195 - trainer3_aws - INFO: [trainer3_aws.py:load_data:94] - Completed loading data
2021-04-16 21:11:08,521 - trainer3_aws - INFO: [trainer3_aws.py:GetPyTorchDataLoaders:80] - Completed loading data and returning pytorch train and validation data loaders
2021-04-16 21:11:08,529 - trainer3_aws - INFO: [trainer3_aws.py:on_connect_remote:247] - Connected to remote broker with rc: 0
2021-04-16 21:11:08,529 - trainer3_aws - INFO: [trainer3_aws.py:on_connect_remote:249] - Waiting for initial model from coordinator...
2021-04-16 21:11:52,652 - trainer3_aws - INFO: [trainer3_aws.py:on_message:253] - Model received from coordinator!
2021-04-16 21:11:52,652 - trainer3_aws - INFO: [trainer3_aws.py:on_message:254] - Topic: fed_ml/coordinator/1/model
2021-04-16 21:11:52,655 - trainer3_aws - INFO: [trainer3_aws.py:train_model:99] - Start training...
2021-04-16 21:12:08,917 - trainer3_aws - INFO: [trainer3_aws.py:train_model:171] - Global Epoch:1 Iteration: 0  Loss: 758912.4375  Accuracy: 0.0 %
2021-04-16 21:12:25,496 - trainer3_aws - INFO: [trainer3_aws.py:train_model:171] - Global Epoch:1 Iteration: 10  Loss: 237206.609375  Accuracy: 23.130197525024414 %
2021-04-16 21:12:42,263 - trainer3_aws - INFO: [trainer3_aws.py:train_model:171] - Global Epoch:1 Iteration: 20  Loss: 44729.5703125  Accuracy: 34.33473205566406 %
2021-04-16 21:12:58,754 - trainer3_aws - INFO: [trainer3_aws.py:train_model:171] - Global Epoch:1 Iteration: 30  Loss: 22911.177734375  Accuracy: 51.229095458984375 %
2021-04-16 21:13:15,559 - trainer3_aws - INFO: [trainer3_aws.py:train_model:171] - Global Epoch:1 Iteration: 40  Loss: 8576.9150390625  Accuracy: 56.396419525146484 %
2021-04-16 21:13:32,233 - trainer3_aws - INFO: [trainer3_aws.py:train_model:171] - Global Epoch:1 Iteration: 50  Loss: 5539.68359375  Accuracy: 60.559783935546875 %
2021-04-16 21:13:48,631 - trainer3_aws - INFO: [trainer3_aws.py:train_model:171] - Global Epoch:1 Iteration: 60  Loss: 6026.94189453125  Accuracy: 73.12194061279297 %
2021-04-16 21:14:05,126 - trainer3_aws - INFO: [trainer3_aws.py:train_model:171] - Global Epoch:1 Iteration: 70  Loss: 3085.03662109375  Accuracy: 68.51372528076172 %
2021-04-16 21:14:21,902 - trainer3_aws - INFO: [trainer3_aws.py:train_model:171] - Global Epoch:1 Iteration: 80  Loss: 1415.1490478515625  Accuracy: 72.74120330810547 %
2021-04-16 21:14:38,417 - trainer3_aws - INFO: [trainer3_aws.py:train_model:171] - Global Epoch:1 Iteration: 90  Loss: 1662.6785888671875  Accuracy: 69.42054748535156 %
2021-04-16 21:14:54,983 - trainer3_aws - INFO: [trainer3_aws.py:train_model:171] - Global Epoch:1 Iteration: 100  Loss: 495.167236328125  Accuracy: 71.44523620605469 %
2021-04-16 21:15:11,945 - trainer3_aws - INFO: [trainer3_aws.py:train_model:171] - Global Epoch:1 Iteration: 110  Loss: 731.9931030273438  Accuracy: 78.83221435546875 %
2021-04-16 21:15:28,790 - trainer3_aws - INFO: [trainer3_aws.py:train_model:171] - Global Epoch:1 Iteration: 120  Loss: 446.620849609375  Accuracy: 72.65359497070312 %
2021-04-16 21:15:45,284 - trainer3_aws - INFO: [trainer3_aws.py:train_model:171] - Global Epoch:1 Iteration: 130  Loss: 491.62860107421875  Accuracy: 81.49034118652344 %
2021-04-16 21:16:01,836 - trainer3_aws - INFO: [trainer3_aws.py:train_model:171] - Global Epoch:1 Iteration: 140  Loss: 317.9853210449219  Accuracy: 71.00370788574219 %
2021-04-16 21:16:18,869 - trainer3_aws - INFO: [trainer3_aws.py:train_model:171] - Global Epoch:1 Iteration: 150  Loss: 509.67596435546875  Accuracy: 69.01045989990234 %
2021-04-16 21:16:35,445 - trainer3_aws - INFO: [trainer3_aws.py:train_model:171] - Global Epoch:1 Iteration: 160  Loss: 219.09097290039062  Accuracy: 70.47918701171875 %
2021-04-16 21:16:51,885 - trainer3_aws - INFO: [trainer3_aws.py:train_model:171] - Global Epoch:1 Iteration: 170  Loss: 237.3639678955078  Accuracy: 72.63777923583984 %
2021-04-16 21:17:08,594 - trainer3_aws - INFO: [trainer3_aws.py:train_model:171] - Global Epoch:1 Iteration: 180  Loss: 672.0818481445312  Accuracy: 74.88896179199219 %
2021-04-16 21:17:25,206 - trainer3_aws - INFO: [trainer3_aws.py:train_model:171] - Global Epoch:1 Iteration: 190  Loss: 268.8625793457031  Accuracy: 72.24446868896484 %
2021-04-16 21:17:41,736 - trainer3_aws - INFO: [trainer3_aws.py:train_model:171] - Global Epoch:1 Iteration: 200  Loss: 428.6776428222656  Accuracy: 70.16850280761719 %
2021-04-16 21:17:58,310 - trainer3_aws - INFO: [trainer3_aws.py:train_model:171] - Global Epoch:1 Iteration: 210  Loss: 387.2203369140625  Accuracy: 69.95869445800781 %
2021-04-16 21:18:15,238 - trainer3_aws - INFO: [trainer3_aws.py:train_model:171] - Global Epoch:1 Iteration: 220  Loss: 331.4288024902344  Accuracy: 71.67365264892578 %
2021-04-16 21:18:31,781 - trainer3_aws - INFO: [trainer3_aws.py:train_model:171] - Global Epoch:1 Iteration: 230  Loss: 303.1988525390625  Accuracy: 72.17886352539062 %
2021-04-16 21:18:48,273 - trainer3_aws - INFO: [trainer3_aws.py:train_model:171] - Global Epoch:1 Iteration: 240  Loss: 306.5717468261719  Accuracy: 74.30269622802734 %
2021-04-16 21:19:05,125 - trainer3_aws - INFO: [trainer3_aws.py:train_model:171] - Global Epoch:1 Iteration: 250  Loss: 271.4593200683594  Accuracy: 77.85716247558594 %
2021-04-16 21:19:21,871 - trainer3_aws - INFO: [trainer3_aws.py:train_model:171] - Global Epoch:1 Iteration: 260  Loss: 196.75857543945312  Accuracy: 77.0528793334961 %
2021-04-16 21:19:38,373 - trainer3_aws - INFO: [trainer3_aws.py:train_model:171] - Global Epoch:1 Iteration: 270  Loss: 305.4226989746094  Accuracy: 73.1972427368164 %
2021-04-16 21:19:55,183 - trainer3_aws - INFO: [trainer3_aws.py:train_model:171] - Global Epoch:1 Iteration: 280  Loss: 200.26321411132812  Accuracy: 73.7421875 %
2021-04-16 21:20:11,981 - trainer3_aws - INFO: [trainer3_aws.py:train_model:171] - Global Epoch:1 Iteration: 290  Loss: 212.99752807617188  Accuracy: 76.07443237304688 %
2021-04-16 21:20:28,628 - trainer3_aws - INFO: [trainer3_aws.py:train_model:171] - Global Epoch:1 Iteration: 300  Loss: 127.63531494140625  Accuracy: 80.7265853881836 %
2021-04-16 21:20:45,320 - trainer3_aws - INFO: [trainer3_aws.py:train_model:171] - Global Epoch:1 Iteration: 310  Loss: 247.03114318847656  Accuracy: 77.39781188964844 %
2021-04-16 21:21:01,928 - trainer3_aws - INFO: [trainer3_aws.py:train_model:171] - Global Epoch:1 Iteration: 320  Loss: 180.15676879882812  Accuracy: 73.33341217041016 %
2021-04-16 21:21:18,634 - trainer3_aws - INFO: [trainer3_aws.py:train_model:171] - Global Epoch:1 Iteration: 330  Loss: 178.27166748046875  Accuracy: 73.97278594970703 %
2021-04-16 21:21:35,302 - trainer3_aws - INFO: [trainer3_aws.py:train_model:171] - Global Epoch:1 Iteration: 340  Loss: 172.33677673339844  Accuracy: 75.05438995361328 %
2021-04-16 21:21:51,994 - trainer3_aws - INFO: [trainer3_aws.py:train_model:171] - Global Epoch:1 Iteration: 350  Loss: 144.0520477294922  Accuracy: 78.86348724365234 %
2021-04-16 21:22:08,799 - trainer3_aws - INFO: [trainer3_aws.py:train_model:171] - Global Epoch:1 Iteration: 360  Loss: 170.3529815673828  Accuracy: 91.52242279052734 %
2021-04-16 21:22:25,409 - trainer3_aws - INFO: [trainer3_aws.py:train_model:171] - Global Epoch:1 Iteration: 370  Loss: 377.7862243652344  Accuracy: 73.37454223632812 %
2021-04-16 21:22:41,962 - trainer3_aws - INFO: [trainer3_aws.py:train_model:171] - Global Epoch:1 Iteration: 380  Loss: 294.8304138183594  Accuracy: 72.81815338134766 %
2021-04-16 21:22:58,536 - trainer3_aws - INFO: [trainer3_aws.py:train_model:171] - Global Epoch:1 Iteration: 390  Loss: 208.20350646972656  Accuracy: 73.53710174560547 %
2021-04-16 21:23:15,477 - trainer3_aws - INFO: [trainer3_aws.py:train_model:171] - Global Epoch:1 Iteration: 400  Loss: 168.48683166503906  Accuracy: 74.97272491455078 %
2021-04-16 21:23:32,174 - trainer3_aws - INFO: [trainer3_aws.py:train_model:171] - Global Epoch:1 Iteration: 410  Loss: 207.687744140625  Accuracy: 75.54886627197266 %
2021-04-16 21:23:48,784 - trainer3_aws - INFO: [trainer3_aws.py:train_model:171] - Global Epoch:1 Iteration: 420  Loss: 135.88185119628906  Accuracy: 87.39460754394531 %
2021-04-16 21:24:05,805 - trainer3_aws - INFO: [trainer3_aws.py:train_model:171] - Global Epoch:1 Iteration: 430  Loss: 165.10980224609375  Accuracy: 75.0902099609375 %
2021-04-16 21:24:22,796 - trainer3_aws - INFO: [trainer3_aws.py:train_model:171] - Global Epoch:1 Iteration: 440  Loss: 200.15521240234375  Accuracy: 73.98535919189453 %
2021-04-16 21:24:39,426 - trainer3_aws - INFO: [trainer3_aws.py:train_model:171] - Global Epoch:1 Iteration: 450  Loss: 158.78965759277344  Accuracy: 74.57267761230469 %
2021-04-16 21:24:55,939 - trainer3_aws - INFO: [trainer3_aws.py:train_model:171] - Global Epoch:1 Iteration: 460  Loss: 161.28778076171875  Accuracy: 76.50521850585938 %
2021-04-16 21:25:13,022 - trainer3_aws - INFO: [trainer3_aws.py:train_model:171] - Global Epoch:1 Iteration: 470  Loss: 103.24512481689453  Accuracy: 82.1160888671875 %
2021-04-16 21:25:29,831 - trainer3_aws - INFO: [trainer3_aws.py:train_model:171] - Global Epoch:1 Iteration: 480  Loss: 113.36871337890625  Accuracy: 82.70252990722656 %
2021-04-16 21:25:46,525 - trainer3_aws - INFO: [trainer3_aws.py:train_model:171] - Global Epoch:1 Iteration: 490  Loss: 190.19931030273438  Accuracy: 75.2996597290039 %
2021-04-16 21:26:03,362 - trainer3_aws - INFO: [trainer3_aws.py:train_model:171] - Global Epoch:1 Iteration: 500  Loss: 143.14593505859375  Accuracy: 75.2510986328125 %
2021-04-16 21:26:20,363 - trainer3_aws - INFO: [trainer3_aws.py:train_model:171] - Global Epoch:1 Iteration: 510  Loss: 110.36295318603516  Accuracy: 76.9378433227539 %
2021-04-16 21:26:37,129 - trainer3_aws - INFO: [trainer3_aws.py:train_model:171] - Global Epoch:1 Iteration: 520  Loss: 71.06273651123047  Accuracy: 80.02134704589844 %
2021-04-16 21:26:53,749 - trainer3_aws - INFO: [trainer3_aws.py:train_model:171] - Global Epoch:1 Iteration: 530  Loss: 141.95896911621094  Accuracy: 78.45435333251953 %
2021-04-16 21:27:10,772 - trainer3_aws - INFO: [trainer3_aws.py:train_model:171] - Global Epoch:1 Iteration: 540  Loss: 135.12892150878906  Accuracy: 75.07719421386719 %
2021-04-16 21:27:27,778 - trainer3_aws - INFO: [trainer3_aws.py:train_model:171] - Global Epoch:1 Iteration: 550  Loss: 113.30699920654297  Accuracy: 77.60220336914062 %
2021-04-16 21:27:44,509 - trainer3_aws - INFO: [trainer3_aws.py:train_model:171] - Global Epoch:1 Iteration: 560  Loss: 91.06523895263672  Accuracy: 80.75357055664062 %
2021-04-16 21:28:01,311 - trainer3_aws - INFO: [trainer3_aws.py:train_model:171] - Global Epoch:1 Iteration: 570  Loss: 64.1910400390625  Accuracy: 93.65122985839844 %
2021-04-16 21:28:18,643 - trainer3_aws - INFO: [trainer3_aws.py:train_model:171] - Global Epoch:1 Iteration: 580  Loss: 381.6564636230469  Accuracy: 74.76396942138672 %
2021-04-16 21:28:35,367 - trainer3_aws - INFO: [trainer3_aws.py:train_model:171] - Global Epoch:1 Iteration: 590  Loss: 147.51370239257812  Accuracy: 74.44463348388672 %
2021-04-16 21:28:52,110 - trainer3_aws - INFO: [trainer3_aws.py:train_model:171] - Global Epoch:1 Iteration: 600  Loss: 127.47875213623047  Accuracy: 76.2825698852539 %
2021-04-16 21:29:09,216 - trainer3_aws - INFO: [trainer3_aws.py:train_model:171] - Global Epoch:1 Iteration: 610  Loss: 99.08433532714844  Accuracy: 78.86470794677734 %
2021-04-16 21:29:25,938 - trainer3_aws - INFO: [trainer3_aws.py:train_model:171] - Global Epoch:1 Iteration: 620  Loss: 65.60956573486328  Accuracy: 89.33937072753906 %
2021-04-16 21:29:42,674 - trainer3_aws - INFO: [trainer3_aws.py:train_model:171] - Global Epoch:1 Iteration: 630  Loss: 144.1810302734375  Accuracy: 77.2276611328125 %
2021-04-16 21:29:59,403 - trainer3_aws - INFO: [trainer3_aws.py:train_model:171] - Global Epoch:1 Iteration: 640  Loss: 400.0693359375  Accuracy: 74.7343521118164 %
2021-04-16 21:30:16,619 - trainer3_aws - INFO: [trainer3_aws.py:train_model:171] - Global Epoch:1 Iteration: 650  Loss: 137.19961547851562  Accuracy: 75.92095947265625 %
2021-04-16 21:30:33,506 - trainer3_aws - INFO: [trainer3_aws.py:train_model:171] - Global Epoch:1 Iteration: 660  Loss: 165.33749389648438  Accuracy: 77.19831085205078 %
2021-04-16 21:30:50,275 - trainer3_aws - INFO: [trainer3_aws.py:train_model:171] - Global Epoch:1 Iteration: 670  Loss: 84.38310241699219  Accuracy: 80.71776580810547 %
2021-04-16 21:31:07,131 - trainer3_aws - INFO: [trainer3_aws.py:train_model:171] - Global Epoch:1 Iteration: 680  Loss: 41.57749557495117  Accuracy: 94.66724395751953 %
2021-04-16 21:31:23,870 - trainer3_aws - INFO: [trainer3_aws.py:train_model:171] - Global Epoch:1 Iteration: 690  Loss: 186.61305236816406  Accuracy: 75.39766693115234 %
2021-04-16 21:31:40,665 - trainer3_aws - INFO: [trainer3_aws.py:train_model:171] - Global Epoch:1 Iteration: 700  Loss: 204.9903106689453  Accuracy: 73.20667266845703 %
2021-04-16 21:31:57,339 - trainer3_aws - INFO: [trainer3_aws.py:train_model:171] - Global Epoch:1 Iteration: 710  Loss: 370.8648376464844  Accuracy: 76.16325378417969 %
2021-04-16 21:32:14,310 - trainer3_aws - INFO: [trainer3_aws.py:train_model:171] - Global Epoch:1 Iteration: 720  Loss: 105.23863983154297  Accuracy: 77.97307586669922 %
2021-04-16 21:32:31,069 - trainer3_aws - INFO: [trainer3_aws.py:train_model:171] - Global Epoch:1 Iteration: 730  Loss: 96.23545837402344  Accuracy: 80.1076431274414 %
2021-04-16 21:32:47,662 - trainer3_aws - INFO: [trainer3_aws.py:train_model:171] - Global Epoch:1 Iteration: 740  Loss: 44.32222366333008  Accuracy: 87.72110748291016 %
2021-04-16 21:33:04,464 - trainer3_aws - INFO: [trainer3_aws.py:train_model:171] - Global Epoch:1 Iteration: 750  Loss: 283.0560607910156  Accuracy: 76.51307678222656 %
2021-04-16 21:33:21,319 - trainer3_aws - INFO: [trainer3_aws.py:train_model:171] - Global Epoch:1 Iteration: 760  Loss: 226.380126953125  Accuracy: 73.27986145019531 %
2021-04-16 21:33:38,073 - trainer3_aws - INFO: [trainer3_aws.py:train_model:171] - Global Epoch:1 Iteration: 770  Loss: 163.52394104003906  Accuracy: 75.46771240234375 %
2021-04-16 21:33:54,819 - trainer3_aws - INFO: [trainer3_aws.py:train_model:171] - Global Epoch:1 Iteration: 780  Loss: 184.3079376220703  Accuracy: 76.54051208496094 %
2021-04-16 21:34:11,574 - trainer3_aws - INFO: [trainer3_aws.py:train_model:171] - Global Epoch:1 Iteration: 790  Loss: 111.86125183105469  Accuracy: 78.51985931396484 %
2021-04-16 21:34:28,239 - trainer3_aws - INFO: [trainer3_aws.py:train_model:171] - Global Epoch:1 Iteration: 800  Loss: 64.6162338256836  Accuracy: 81.2554702758789 %
2021-04-16 21:34:44,806 - trainer3_aws - INFO: [trainer3_aws.py:train_model:171] - Global Epoch:1 Iteration: 810  Loss: 52.04070281982422  Accuracy: 87.16889953613281 %
2021-04-16 21:35:01,340 - trainer3_aws - INFO: [trainer3_aws.py:train_model:171] - Global Epoch:1 Iteration: 820  Loss: 87.15135192871094  Accuracy: 93.35136413574219 %
2021-04-16 21:35:18,296 - trainer3_aws - INFO: [trainer3_aws.py:train_model:171] - Global Epoch:1 Iteration: 830  Loss: 245.28903198242188  Accuracy: 74.0134048461914 %
2021-04-16 21:35:34,925 - trainer3_aws - INFO: [trainer3_aws.py:train_model:171] - Global Epoch:1 Iteration: 840  Loss: 191.88558959960938  Accuracy: 75.6155014038086 %
2021-04-16 21:35:51,668 - trainer3_aws - INFO: [trainer3_aws.py:train_model:171] - Global Epoch:1 Iteration: 850  Loss: 176.6426544189453  Accuracy: 77.26583099365234 %
2021-04-16 21:36:08,649 - trainer3_aws - INFO: [trainer3_aws.py:train_model:171] - Global Epoch:1 Iteration: 860  Loss: 163.5465850830078  Accuracy: 78.7464370727539 %
2021-04-16 21:36:25,451 - trainer3_aws - INFO: [trainer3_aws.py:train_model:171] - Global Epoch:1 Iteration: 870  Loss: 69.81776428222656  Accuracy: 81.671142578125 %
2021-04-16 21:36:42,022 - trainer3_aws - INFO: [trainer3_aws.py:train_model:171] - Global Epoch:1 Iteration: 880  Loss: 75.72480010986328  Accuracy: 83.98250579833984 %
2021-04-16 21:36:58,726 - trainer3_aws - INFO: [trainer3_aws.py:train_model:171] - Global Epoch:1 Iteration: 890  Loss: 45.906394958496094  Accuracy: 81.56938171386719 %
2021-04-16 21:37:15,784 - trainer3_aws - INFO: [trainer3_aws.py:train_model:171] - Global Epoch:1 Iteration: 900  Loss: 209.96917724609375  Accuracy: 76.17915344238281 %
2021-04-16 21:37:32,577 - trainer3_aws - INFO: [trainer3_aws.py:train_model:171] - Global Epoch:1 Iteration: 910  Loss: 141.0971221923828  Accuracy: 77.34715270996094 %
2021-04-16 21:37:46,267 - trainer3_aws - INFO: [trainer3_aws.py:train_model:195] - Epoch 1 completed. Time taken (seconds): 1553.6121821403503
2021-04-16 21:37:46,267 - trainer3_aws - INFO: [trainer3_aws.py:train_model:197] - 
Accuracy: 77.6347885131836
2021-04-16 21:37:46,268 - trainer3_aws - INFO: [trainer3_aws.py:train_model:198] - 
LOSS:: 141.0971221923828
2021-04-16 21:37:46,290 - trainer3_aws - INFO: [trainer3_aws.py:on_message:253] - Model received from coordinator!
2021-04-16 21:37:46,290 - trainer3_aws - INFO: [trainer3_aws.py:on_message:254] - Topic: fed_ml/coordinator/2/model
2021-04-16 21:37:46,291 - trainer3_aws - INFO: [trainer3_aws.py:train_model:99] - Start training...
2021-04-16 21:38:02,682 - trainer3_aws - INFO: [trainer3_aws.py:train_model:171] - Global Epoch:2 Iteration: 0  Loss: 12501.0908203125  Accuracy: 36.133018493652344 %
2021-04-16 21:38:19,371 - trainer3_aws - INFO: [trainer3_aws.py:train_model:171] - Global Epoch:2 Iteration: 10  Loss: 4856.19921875  Accuracy: 55.48871612548828 %
2021-04-16 21:38:35,871 - trainer3_aws - INFO: [trainer3_aws.py:train_model:171] - Global Epoch:2 Iteration: 20  Loss: 3015.705322265625  Accuracy: 57.5993537902832 %
2021-04-16 21:38:52,471 - trainer3_aws - INFO: [trainer3_aws.py:train_model:171] - Global Epoch:2 Iteration: 30  Loss: 2621.8291015625  Accuracy: 56.92049789428711 %
2021-04-16 21:39:09,072 - trainer3_aws - INFO: [trainer3_aws.py:train_model:171] - Global Epoch:2 Iteration: 40  Loss: 1613.4742431640625  Accuracy: 63.39120101928711 %
2021-04-16 21:39:25,639 - trainer3_aws - INFO: [trainer3_aws.py:train_model:171] - Global Epoch:2 Iteration: 50  Loss: 752.7553100585938  Accuracy: 65.4345932006836 %
2021-04-16 21:39:42,069 - trainer3_aws - INFO: [trainer3_aws.py:train_model:171] - Global Epoch:2 Iteration: 60  Loss: 967.4721069335938  Accuracy: 66.9564208984375 %
2021-04-16 21:39:58,382 - trainer3_aws - INFO: [trainer3_aws.py:train_model:171] - Global Epoch:2 Iteration: 70  Loss: 505.12255859375  Accuracy: 70.19732666015625 %
2021-04-16 21:40:15,131 - trainer3_aws - INFO: [trainer3_aws.py:train_model:171] - Global Epoch:2 Iteration: 80  Loss: 490.49224853515625  Accuracy: 73.16910552978516 %
2021-04-16 21:40:31,704 - trainer3_aws - INFO: [trainer3_aws.py:train_model:171] - Global Epoch:2 Iteration: 90  Loss: 151.4855194091797  Accuracy: 75.33573913574219 %
2021-04-16 21:40:48,202 - trainer3_aws - INFO: [trainer3_aws.py:train_model:171] - Global Epoch:2 Iteration: 100  Loss: 691.5985107421875  Accuracy: 71.86511993408203 %
2021-04-16 21:41:04,783 - trainer3_aws - INFO: [trainer3_aws.py:train_model:171] - Global Epoch:2 Iteration: 110  Loss: 709.5895385742188  Accuracy: 72.87825012207031 %
2021-04-16 21:41:21,362 - trainer3_aws - INFO: [trainer3_aws.py:train_model:171] - Global Epoch:2 Iteration: 120  Loss: 349.6116638183594  Accuracy: 72.98070526123047 %
2021-04-16 21:41:37,878 - trainer3_aws - INFO: [trainer3_aws.py:train_model:171] - Global Epoch:2 Iteration: 130  Loss: 147.10781860351562  Accuracy: 75.8639144897461 %
2021-04-16 21:41:54,250 - trainer3_aws - INFO: [trainer3_aws.py:train_model:171] - Global Epoch:2 Iteration: 140  Loss: 150.18785095214844  Accuracy: 90.71044921875 %
2021-04-16 21:42:10,825 - trainer3_aws - INFO: [trainer3_aws.py:train_model:171] - Global Epoch:2 Iteration: 150  Loss: 492.7705993652344  Accuracy: 73.21723937988281 %
2021-04-16 21:42:27,356 - trainer3_aws - INFO: [trainer3_aws.py:train_model:171] - Global Epoch:2 Iteration: 160  Loss: 180.74403381347656  Accuracy: 72.20445251464844 %
2021-04-16 21:42:43,850 - trainer3_aws - INFO: [trainer3_aws.py:train_model:171] - Global Epoch:2 Iteration: 170  Loss: 212.09317016601562  Accuracy: 73.56365203857422 %
2021-04-16 21:43:00,236 - trainer3_aws - INFO: [trainer3_aws.py:train_model:171] - Global Epoch:2 Iteration: 180  Loss: 216.69595336914062  Accuracy: 74.75331115722656 %
2021-04-16 21:43:17,129 - trainer3_aws - INFO: [trainer3_aws.py:train_model:171] - Global Epoch:2 Iteration: 190  Loss: 109.47213745117188  Accuracy: 78.7946548461914 %
2021-04-16 21:43:33,754 - trainer3_aws - INFO: [trainer3_aws.py:train_model:171] - Global Epoch:2 Iteration: 200  Loss: 229.29095458984375  Accuracy: 73.53526306152344 %
2021-04-16 21:43:50,195 - trainer3_aws - INFO: [trainer3_aws.py:train_model:171] - Global Epoch:2 Iteration: 210  Loss: 246.7906494140625  Accuracy: 73.3486099243164 %
2021-04-16 21:44:06,869 - trainer3_aws - INFO: [trainer3_aws.py:train_model:171] - Global Epoch:2 Iteration: 220  Loss: 209.890869140625  Accuracy: 74.82572937011719 %
2021-04-16 21:44:23,507 - trainer3_aws - INFO: [trainer3_aws.py:train_model:171] - Global Epoch:2 Iteration: 230  Loss: 106.56402587890625  Accuracy: 79.46014404296875 %
2021-04-16 21:44:40,055 - trainer3_aws - INFO: [trainer3_aws.py:train_model:171] - Global Epoch:2 Iteration: 240  Loss: 230.1092071533203  Accuracy: 73.91390991210938 %
2021-04-16 21:44:56,647 - trainer3_aws - INFO: [trainer3_aws.py:train_model:171] - Global Epoch:2 Iteration: 250  Loss: 210.156982421875  Accuracy: 72.979736328125 %
2021-04-16 21:45:13,689 - trainer3_aws - INFO: [trainer3_aws.py:train_model:171] - Global Epoch:2 Iteration: 260  Loss: 201.73826599121094  Accuracy: 74.26294708251953 %
2021-04-16 21:45:30,290 - trainer3_aws - INFO: [trainer3_aws.py:train_model:171] - Global Epoch:2 Iteration: 270  Loss: 112.21343994140625  Accuracy: 75.72512817382812 %
2021-04-16 21:45:46,776 - trainer3_aws - INFO: [trainer3_aws.py:train_model:171] - Global Epoch:2 Iteration: 280  Loss: 97.58512878417969  Accuracy: 82.24885559082031 %
2021-04-16 21:46:03,486 - trainer3_aws - INFO: [trainer3_aws.py:train_model:171] - Global Epoch:2 Iteration: 290  Loss: 361.81597900390625  Accuracy: 73.22675323486328 %
2021-04-16 21:46:20,253 - trainer3_aws - INFO: [trainer3_aws.py:train_model:171] - Global Epoch:2 Iteration: 300  Loss: 249.3623504638672  Accuracy: 72.20673370361328 %
2021-04-16 21:46:36,767 - trainer3_aws - INFO: [trainer3_aws.py:train_model:171] - Global Epoch:2 Iteration: 310  Loss: 241.13082885742188  Accuracy: 71.54927062988281 %
2021-04-16 21:46:53,533 - trainer3_aws - INFO: [trainer3_aws.py:train_model:171] - Global Epoch:2 Iteration: 320  Loss: 216.1958465576172  Accuracy: 72.26787567138672 %
2021-04-16 21:47:10,257 - trainer3_aws - INFO: [trainer3_aws.py:train_model:171] - Global Epoch:2 Iteration: 330  Loss: 144.96775817871094  Accuracy: 74.47005462646484 %
2021-04-16 21:47:26,865 - trainer3_aws - INFO: [trainer3_aws.py:train_model:171] - Global Epoch:2 Iteration: 340  Loss: 125.59862518310547  Accuracy: 78.61262512207031 %
2021-04-16 21:47:43,437 - trainer3_aws - INFO: [trainer3_aws.py:train_model:171] - Global Epoch:2 Iteration: 350  Loss: 45.89876174926758  Accuracy: 94.5143814086914 %
2021-04-16 21:47:59,997 - trainer3_aws - INFO: [trainer3_aws.py:train_model:171] - Global Epoch:2 Iteration: 360  Loss: 572.9470825195312  Accuracy: 73.78638458251953 %
2021-04-16 21:48:16,951 - trainer3_aws - INFO: [trainer3_aws.py:train_model:171] - Global Epoch:2 Iteration: 370  Loss: 160.6038818359375  Accuracy: 74.30207824707031 %
2021-04-16 21:48:33,602 - trainer3_aws - INFO: [trainer3_aws.py:train_model:171] - Global Epoch:2 Iteration: 380  Loss: 162.0066680908203  Accuracy: 77.18206787109375 %
2021-04-16 21:48:50,193 - trainer3_aws - INFO: [trainer3_aws.py:train_model:171] - Global Epoch:2 Iteration: 390  Loss: 75.30952453613281  Accuracy: 78.12506103515625 %
2021-04-16 21:49:07,181 - trainer3_aws - INFO: [trainer3_aws.py:train_model:171] - Global Epoch:2 Iteration: 400  Loss: 37.490638732910156  Accuracy: 77.15324401855469 %
2021-04-16 21:49:23,936 - trainer3_aws - INFO: [trainer3_aws.py:train_model:171] - Global Epoch:2 Iteration: 410  Loss: 408.47918701171875  Accuracy: 73.98894500732422 %
2021-04-16 21:49:40,489 - trainer3_aws - INFO: [trainer3_aws.py:train_model:171] - Global Epoch:2 Iteration: 420  Loss: 127.6219253540039  Accuracy: 76.15137481689453 %
2021-04-16 21:49:56,988 - trainer3_aws - INFO: [trainer3_aws.py:train_model:171] - Global Epoch:2 Iteration: 430  Loss: 108.41179656982422  Accuracy: 76.42293548583984 %
2021-04-16 21:50:13,827 - trainer3_aws - INFO: [trainer3_aws.py:train_model:171] - Global Epoch:2 Iteration: 440  Loss: 66.2231674194336  Accuracy: 80.48585510253906 %
2021-04-16 21:50:30,695 - trainer3_aws - INFO: [trainer3_aws.py:train_model:171] - Global Epoch:2 Iteration: 450  Loss: 38.41548156738281  Accuracy: 96.99502563476562 %
2021-04-16 21:50:47,383 - trainer3_aws - INFO: [trainer3_aws.py:train_model:171] - Global Epoch:2 Iteration: 460  Loss: 218.3793182373047  Accuracy: 73.91863250732422 %
2021-04-16 21:51:04,190 - trainer3_aws - INFO: [trainer3_aws.py:train_model:171] - Global Epoch:2 Iteration: 470  Loss: 422.7485046386719  Accuracy: 72.25914001464844 %
2021-04-16 21:51:20,915 - trainer3_aws - INFO: [trainer3_aws.py:train_model:171] - Global Epoch:2 Iteration: 480  Loss: 206.68869018554688  Accuracy: 72.61699676513672 %
2021-04-16 21:51:37,413 - trainer3_aws - INFO: [trainer3_aws.py:train_model:171] - Global Epoch:2 Iteration: 490  Loss: 148.87535095214844  Accuracy: 76.01546478271484 %
2021-04-16 21:51:53,947 - trainer3_aws - INFO: [trainer3_aws.py:train_model:171] - Global Epoch:2 Iteration: 500  Loss: 96.40675354003906  Accuracy: 78.98201751708984 %
2021-04-16 21:52:10,703 - trainer3_aws - INFO: [trainer3_aws.py:train_model:171] - Global Epoch:2 Iteration: 510  Loss: 55.23701095581055  Accuracy: 84.34019470214844 %
2021-04-16 21:52:27,357 - trainer3_aws - INFO: [trainer3_aws.py:train_model:171] - Global Epoch:2 Iteration: 520  Loss: 24.97116470336914  Accuracy: 98.10021209716797 %
2021-04-16 21:52:44,031 - trainer3_aws - INFO: [trainer3_aws.py:train_model:171] - Global Epoch:2 Iteration: 530  Loss: 219.1013946533203  Accuracy: 75.23930358886719 %
2021-04-16 21:53:00,527 - trainer3_aws - INFO: [trainer3_aws.py:train_model:171] - Global Epoch:2 Iteration: 540  Loss: 162.39471435546875  Accuracy: 74.96329498291016 %
2021-04-16 21:53:17,345 - trainer3_aws - INFO: [trainer3_aws.py:train_model:171] - Global Epoch:2 Iteration: 550  Loss: 123.43851470947266  Accuracy: 78.94017028808594 %
2021-04-16 21:53:33,951 - trainer3_aws - INFO: [trainer3_aws.py:train_model:171] - Global Epoch:2 Iteration: 560  Loss: 64.00995635986328  Accuracy: 80.77130126953125 %
2021-04-16 21:53:50,505 - trainer3_aws - INFO: [trainer3_aws.py:train_model:171] - Global Epoch:2 Iteration: 570  Loss: 28.701866149902344  Accuracy: 95.73836517333984 %
2021-04-16 21:54:07,573 - trainer3_aws - INFO: [trainer3_aws.py:train_model:171] - Global Epoch:2 Iteration: 580  Loss: 193.76889038085938  Accuracy: 74.38252258300781 %
2021-04-16 21:54:24,223 - trainer3_aws - INFO: [trainer3_aws.py:train_model:171] - Global Epoch:2 Iteration: 590  Loss: 161.6225128173828  Accuracy: 75.89640808105469 %
2021-04-16 21:54:40,851 - trainer3_aws - INFO: [trainer3_aws.py:train_model:171] - Global Epoch:2 Iteration: 600  Loss: 200.37802124023438  Accuracy: 78.39505004882812 %
2021-04-16 21:54:57,706 - trainer3_aws - INFO: [trainer3_aws.py:train_model:171] - Global Epoch:2 Iteration: 610  Loss: 125.4911880493164  Accuracy: 77.77165222167969 %
2021-04-16 21:55:14,500 - trainer3_aws - INFO: [trainer3_aws.py:train_model:171] - Global Epoch:2 Iteration: 620  Loss: 40.14710235595703  Accuracy: 87.66879272460938 %
2021-04-16 21:55:31,210 - trainer3_aws - INFO: [trainer3_aws.py:train_model:171] - Global Epoch:2 Iteration: 630  Loss: 102.79240417480469  Accuracy: 78.1685562133789 %
2021-04-16 21:55:47,777 - trainer3_aws - INFO: [trainer3_aws.py:train_model:171] - Global Epoch:2 Iteration: 640  Loss: 242.56759643554688  Accuracy: 74.39990997314453 %
2021-04-16 21:56:04,845 - trainer3_aws - INFO: [trainer3_aws.py:train_model:171] - Global Epoch:2 Iteration: 650  Loss: 118.1095962524414  Accuracy: 78.55367279052734 %
2021-04-16 21:56:21,768 - trainer3_aws - INFO: [trainer3_aws.py:train_model:171] - Global Epoch:2 Iteration: 660  Loss: 92.46334075927734  Accuracy: 79.93854522705078 %
2021-04-16 21:56:38,449 - trainer3_aws - INFO: [trainer3_aws.py:train_model:171] - Global Epoch:2 Iteration: 670  Loss: 57.69129943847656  Accuracy: 84.0260009765625 %
2021-04-16 21:56:55,306 - trainer3_aws - INFO: [trainer3_aws.py:train_model:171] - Global Epoch:2 Iteration: 680  Loss: 31.957408905029297  Accuracy: 95.22835540771484 %
2021-04-16 21:57:12,227 - trainer3_aws - INFO: [trainer3_aws.py:train_model:171] - Global Epoch:2 Iteration: 690  Loss: 103.56182861328125  Accuracy: 78.29913330078125 %
2021-04-16 21:57:28,917 - trainer3_aws - INFO: [trainer3_aws.py:train_model:171] - Global Epoch:2 Iteration: 700  Loss: 164.75657653808594  Accuracy: 75.40831756591797 %
2021-04-16 21:57:45,580 - trainer3_aws - INFO: [trainer3_aws.py:train_model:171] - Global Epoch:2 Iteration: 710  Loss: 140.49278259277344  Accuracy: 78.53881072998047 %
2021-04-16 21:58:02,170 - trainer3_aws - INFO: [trainer3_aws.py:train_model:171] - Global Epoch:2 Iteration: 720  Loss: 101.62310028076172  Accuracy: 82.204833984375 %
2021-04-16 21:58:19,093 - trainer3_aws - INFO: [trainer3_aws.py:train_model:171] - Global Epoch:2 Iteration: 730  Loss: 57.958282470703125  Accuracy: 85.49945831298828 %
2021-04-16 21:58:35,910 - trainer3_aws - INFO: [trainer3_aws.py:train_model:171] - Global Epoch:2 Iteration: 740  Loss: 73.75140380859375  Accuracy: 98.44209289550781 %
2021-04-16 21:58:52,563 - trainer3_aws - INFO: [trainer3_aws.py:train_model:171] - Global Epoch:2 Iteration: 750  Loss: 36.12620544433594  Accuracy: 97.05668640136719 %
2021-04-16 21:59:09,393 - trainer3_aws - INFO: [trainer3_aws.py:train_model:171] - Global Epoch:2 Iteration: 760  Loss: 32.23024368286133  Accuracy: 98.54148864746094 %
2021-04-16 21:59:26,047 - trainer3_aws - INFO: [trainer3_aws.py:train_model:171] - Global Epoch:2 Iteration: 770  Loss: 28.716556549072266  Accuracy: 97.43717193603516 %
2021-04-16 21:59:42,751 - trainer3_aws - INFO: [trainer3_aws.py:train_model:171] - Global Epoch:2 Iteration: 780  Loss: 22.0235652923584  Accuracy: 95.96136474609375 %
2021-04-16 21:59:59,423 - trainer3_aws - INFO: [trainer3_aws.py:train_model:171] - Global Epoch:2 Iteration: 790  Loss: 30.959636688232422  Accuracy: 98.3311538696289 %
2021-04-16 22:00:16,455 - trainer3_aws - INFO: [trainer3_aws.py:train_model:171] - Global Epoch:2 Iteration: 800  Loss: 296.0418395996094  Accuracy: 74.06292724609375 %
2021-04-16 22:00:33,282 - trainer3_aws - INFO: [trainer3_aws.py:train_model:171] - Global Epoch:2 Iteration: 810  Loss: 388.4305419921875  Accuracy: 72.94463348388672 %
2021-04-16 22:00:49,983 - trainer3_aws - INFO: [trainer3_aws.py:train_model:171] - Global Epoch:2 Iteration: 820  Loss: 229.81344604492188  Accuracy: 75.16960144042969 %
2021-04-16 22:01:06,706 - trainer3_aws - INFO: [trainer3_aws.py:train_model:171] - Global Epoch:2 Iteration: 830  Loss: 236.1693572998047  Accuracy: 75.80836486816406 %
2021-04-16 22:01:23,486 - trainer3_aws - INFO: [trainer3_aws.py:train_model:171] - Global Epoch:2 Iteration: 840  Loss: 135.68356323242188  Accuracy: 78.96541595458984 %
2021-04-16 22:01:40,060 - trainer3_aws - INFO: [trainer3_aws.py:train_model:171] - Global Epoch:2 Iteration: 850  Loss: 94.25800323486328  Accuracy: 84.00556945800781 %
2021-04-16 22:01:56,602 - trainer3_aws - INFO: [trainer3_aws.py:train_model:171] - Global Epoch:2 Iteration: 860  Loss: 68.21964263916016  Accuracy: 89.30294799804688 %
2021-04-16 22:02:13,606 - trainer3_aws - INFO: [trainer3_aws.py:train_model:171] - Global Epoch:2 Iteration: 870  Loss: 54.189300537109375  Accuracy: 98.3599853515625 %
2021-04-16 22:02:30,202 - trainer3_aws - INFO: [trainer3_aws.py:train_model:171] - Global Epoch:2 Iteration: 880  Loss: 564.96142578125  Accuracy: 74.39309692382812 %
2021-04-16 22:02:46,733 - trainer3_aws - INFO: [trainer3_aws.py:train_model:171] - Global Epoch:2 Iteration: 890  Loss: 260.1763610839844  Accuracy: 73.9688491821289 %
2021-04-16 22:03:03,326 - trainer3_aws - INFO: [trainer3_aws.py:train_model:171] - Global Epoch:2 Iteration: 900  Loss: 235.82745361328125  Accuracy: 77.70806884765625 %
2021-04-16 22:03:20,276 - trainer3_aws - INFO: [trainer3_aws.py:train_model:171] - Global Epoch:2 Iteration: 910  Loss: 124.52577209472656  Accuracy: 79.02464294433594 %
2021-04-16 22:03:33,983 - trainer3_aws - INFO: [trainer3_aws.py:train_model:195] - Epoch 2 completed. Time taken (seconds): 1547.6919231414795
2021-04-16 22:03:33,984 - trainer3_aws - INFO: [trainer3_aws.py:train_model:197] - 
Accuracy: 80.455810546875
2021-04-16 22:03:33,984 - trainer3_aws - INFO: [trainer3_aws.py:train_model:198] - 
LOSS:: 124.52577209472656
2021-04-16 22:03:33,985 - trainer3_aws - INFO: [trainer3_aws.py:on_message:253] - Model received from coordinator!
2021-04-16 22:03:33,985 - trainer3_aws - INFO: [trainer3_aws.py:on_message:254] - Topic: fed_ml/coordinator/3/model
2021-04-16 22:03:33,987 - trainer3_aws - INFO: [trainer3_aws.py:train_model:99] - Start training...
2021-04-16 22:03:50,167 - trainer3_aws - INFO: [trainer3_aws.py:train_model:171] - Global Epoch:3 Iteration: 0  Loss: 11663.3095703125  Accuracy: 44.14774703979492 %
2021-04-16 22:04:07,006 - trainer3_aws - INFO: [trainer3_aws.py:train_model:171] - Global Epoch:3 Iteration: 10  Loss: 1213.16552734375  Accuracy: 59.66780090332031 %
2021-04-16 22:04:23,779 - trainer3_aws - INFO: [trainer3_aws.py:train_model:171] - Global Epoch:3 Iteration: 20  Loss: 816.3492431640625  Accuracy: 61.30598449707031 %
2021-04-16 22:04:40,267 - trainer3_aws - INFO: [trainer3_aws.py:train_model:171] - Global Epoch:3 Iteration: 30  Loss: 954.5921020507812  Accuracy: 64.13565826416016 %
2021-04-16 22:04:56,955 - trainer3_aws - INFO: [trainer3_aws.py:train_model:171] - Global Epoch:3 Iteration: 40  Loss: 385.47088623046875  Accuracy: 66.97100830078125 %
2021-04-16 22:05:13,789 - trainer3_aws - INFO: [trainer3_aws.py:train_model:171] - Global Epoch:3 Iteration: 50  Loss: 475.95050048828125  Accuracy: 68.96469116210938 %
2021-04-16 22:05:30,419 - trainer3_aws - INFO: [trainer3_aws.py:train_model:171] - Global Epoch:3 Iteration: 60  Loss: 276.7832336425781  Accuracy: 71.53407287597656 %
2021-04-16 22:05:47,094 - trainer3_aws - INFO: [trainer3_aws.py:train_model:171] - Global Epoch:3 Iteration: 70  Loss: 252.30740356445312  Accuracy: 77.1921157836914 %
2021-04-16 22:06:03,807 - trainer3_aws - INFO: [trainer3_aws.py:train_model:171] - Global Epoch:3 Iteration: 80  Loss: 269.6643981933594  Accuracy: 71.17385864257812 %
2021-04-16 22:06:20,629 - trainer3_aws - INFO: [trainer3_aws.py:train_model:171] - Global Epoch:3 Iteration: 90  Loss: 402.9732666015625  Accuracy: 69.72547912597656 %
2021-04-16 22:06:37,274 - trainer3_aws - INFO: [trainer3_aws.py:train_model:171] - Global Epoch:3 Iteration: 100  Loss: 292.60931396484375  Accuracy: 71.51467895507812 %
2021-04-16 22:06:53,772 - trainer3_aws - INFO: [trainer3_aws.py:train_model:171] - Global Epoch:3 Iteration: 110  Loss: 336.68914794921875  Accuracy: 72.40491485595703 %
2021-04-16 22:07:10,543 - trainer3_aws - INFO: [trainer3_aws.py:train_model:171] - Global Epoch:3 Iteration: 120  Loss: 233.59559631347656  Accuracy: 76.52259826660156 %
2021-04-16 22:07:27,393 - trainer3_aws - INFO: [trainer3_aws.py:train_model:171] - Global Epoch:3 Iteration: 130  Loss: 510.09930419921875  Accuracy: 71.58953857421875 %
2021-04-16 22:07:44,090 - trainer3_aws - INFO: [trainer3_aws.py:train_model:171] - Global Epoch:3 Iteration: 140  Loss: 581.4450073242188  Accuracy: 68.4459457397461 %
2021-04-16 22:08:00,482 - trainer3_aws - INFO: [trainer3_aws.py:train_model:171] - Global Epoch:3 Iteration: 150  Loss: 379.6171569824219  Accuracy: 70.2325210571289 %
2021-04-16 22:08:17,418 - trainer3_aws - INFO: [trainer3_aws.py:train_model:171] - Global Epoch:3 Iteration: 160  Loss: 231.1893768310547  Accuracy: 71.09751892089844 %
2021-04-16 22:08:34,067 - trainer3_aws - INFO: [trainer3_aws.py:train_model:171] - Global Epoch:3 Iteration: 170  Loss: 305.77447509765625  Accuracy: 73.54872131347656 %
2021-04-16 22:08:50,527 - trainer3_aws - INFO: [trainer3_aws.py:train_model:171] - Global Epoch:3 Iteration: 180  Loss: 119.56117248535156  Accuracy: 78.09981536865234 %
2021-04-16 22:09:07,278 - trainer3_aws - INFO: [trainer3_aws.py:train_model:171] - Global Epoch:3 Iteration: 190  Loss: 146.33396911621094  Accuracy: 75.74198150634766 %
2021-04-16 22:09:24,135 - trainer3_aws - INFO: [trainer3_aws.py:train_model:171] - Global Epoch:3 Iteration: 200  Loss: 807.9371948242188  Accuracy: 71.53931427001953 %
2021-04-16 22:09:40,713 - trainer3_aws - INFO: [trainer3_aws.py:train_model:171] - Global Epoch:3 Iteration: 210  Loss: 408.9873352050781  Accuracy: 71.50586700439453 %
2021-04-16 22:09:57,127 - trainer3_aws - INFO: [trainer3_aws.py:train_model:171] - Global Epoch:3 Iteration: 220  Loss: 202.60403442382812  Accuracy: 72.14838409423828 %
2021-04-16 22:10:14,002 - trainer3_aws - INFO: [trainer3_aws.py:train_model:171] - Global Epoch:3 Iteration: 230  Loss: 133.6028289794922  Accuracy: 74.02265930175781 %
2021-04-16 22:10:30,681 - trainer3_aws - INFO: [trainer3_aws.py:train_model:171] - Global Epoch:3 Iteration: 240  Loss: 138.6363525390625  Accuracy: 80.99203491210938 %
2021-04-16 22:10:47,529 - trainer3_aws - INFO: [trainer3_aws.py:train_model:171] - Global Epoch:3 Iteration: 250  Loss: 315.7574768066406  Accuracy: 73.31584930419922 %
2021-04-16 22:11:04,217 - trainer3_aws - INFO: [trainer3_aws.py:train_model:171] - Global Epoch:3 Iteration: 260  Loss: 614.7161254882812  Accuracy: 71.20635223388672 %
2021-04-16 22:11:21,028 - trainer3_aws - INFO: [trainer3_aws.py:train_model:171] - Global Epoch:3 Iteration: 270  Loss: 249.1062774658203  Accuracy: 71.93805694580078 %
2021-04-16 22:11:37,629 - trainer3_aws - INFO: [trainer3_aws.py:train_model:171] - Global Epoch:3 Iteration: 280  Loss: 208.1392059326172  Accuracy: 73.29488372802734 %
2021-04-16 22:11:54,150 - trainer3_aws - INFO: [trainer3_aws.py:train_model:171] - Global Epoch:3 Iteration: 290  Loss: 183.92176818847656  Accuracy: 74.8921890258789 %
2021-04-16 22:12:10,907 - trainer3_aws - INFO: [trainer3_aws.py:train_model:171] - Global Epoch:3 Iteration: 300  Loss: 73.58686828613281  Accuracy: 82.7130126953125 %
2021-04-16 22:12:27,538 - trainer3_aws - INFO: [trainer3_aws.py:train_model:171] - Global Epoch:3 Iteration: 310  Loss: 240.99159240722656  Accuracy: 79.13032531738281 %
2021-04-16 22:12:44,217 - trainer3_aws - INFO: [trainer3_aws.py:train_model:171] - Global Epoch:3 Iteration: 320  Loss: 269.424072265625  Accuracy: 66.56659698486328 %
2021-04-16 22:13:00,823 - trainer3_aws - INFO: [trainer3_aws.py:train_model:171] - Global Epoch:3 Iteration: 330  Loss: 207.93321228027344  Accuracy: 73.48548126220703 %
2021-04-16 22:13:17,671 - trainer3_aws - INFO: [trainer3_aws.py:train_model:171] - Global Epoch:3 Iteration: 340  Loss: 107.68795013427734  Accuracy: 77.96137237548828 %
2021-04-16 22:13:34,231 - trainer3_aws - INFO: [trainer3_aws.py:train_model:171] - Global Epoch:3 Iteration: 350  Loss: 100.88237762451172  Accuracy: 79.29348754882812 %
2021-04-16 22:13:50,783 - trainer3_aws - INFO: [trainer3_aws.py:train_model:171] - Global Epoch:3 Iteration: 360  Loss: 519.9697265625  Accuracy: 75.11641693115234 %
2021-04-16 22:14:07,503 - trainer3_aws - INFO: [trainer3_aws.py:train_model:171] - Global Epoch:3 Iteration: 370  Loss: 318.4693603515625  Accuracy: 72.40447998046875 %
2021-04-16 22:14:24,231 - trainer3_aws - INFO: [trainer3_aws.py:train_model:171] - Global Epoch:3 Iteration: 380  Loss: 150.3361053466797  Accuracy: 74.0762939453125 %
2021-04-16 22:14:40,730 - trainer3_aws - INFO: [trainer3_aws.py:train_model:171] - Global Epoch:3 Iteration: 390  Loss: 111.48563385009766  Accuracy: 77.50611877441406 %
2021-04-16 22:14:57,230 - trainer3_aws - INFO: [trainer3_aws.py:train_model:171] - Global Epoch:3 Iteration: 400  Loss: 70.62401580810547  Accuracy: 81.00460815429688 %
2021-04-16 22:15:14,087 - trainer3_aws - INFO: [trainer3_aws.py:train_model:171] - Global Epoch:3 Iteration: 410  Loss: 10.039292335510254  Accuracy: 96.69044494628906 %
2021-04-16 22:15:30,655 - trainer3_aws - INFO: [trainer3_aws.py:train_model:171] - Global Epoch:3 Iteration: 420  Loss: 253.3959197998047  Accuracy: 73.20946502685547 %
2021-04-16 22:15:47,269 - trainer3_aws - INFO: [trainer3_aws.py:train_model:171] - Global Epoch:3 Iteration: 430  Loss: 249.68597412109375  Accuracy: 73.01371765136719 %
2021-04-16 22:16:03,925 - trainer3_aws - INFO: [trainer3_aws.py:train_model:171] - Global Epoch:3 Iteration: 440  Loss: 226.51385498046875  Accuracy: 75.41565704345703 %
2021-04-16 22:16:20,625 - trainer3_aws - INFO: [trainer3_aws.py:train_model:171] - Global Epoch:3 Iteration: 450  Loss: 158.30093383789062  Accuracy: 74.72771453857422 %
2021-04-16 22:16:37,303 - trainer3_aws - INFO: [trainer3_aws.py:train_model:171] - Global Epoch:3 Iteration: 460  Loss: 68.34956359863281  Accuracy: 82.05870819091797 %
2021-04-16 22:16:53,910 - trainer3_aws - INFO: [trainer3_aws.py:train_model:171] - Global Epoch:3 Iteration: 470  Loss: 47.6060791015625  Accuracy: 92.95402526855469 %
2021-04-16 22:17:10,681 - trainer3_aws - INFO: [trainer3_aws.py:train_model:171] - Global Epoch:3 Iteration: 480  Loss: 188.99867248535156  Accuracy: 78.41496276855469 %
2021-04-16 22:17:27,436 - trainer3_aws - INFO: [trainer3_aws.py:train_model:171] - Global Epoch:3 Iteration: 490  Loss: 140.1470489501953  Accuracy: 82.91059112548828 %
2021-04-16 22:17:44,377 - trainer3_aws - INFO: [trainer3_aws.py:train_model:171] - Global Epoch:3 Iteration: 500  Loss: 54.282806396484375  Accuracy: 97.67684936523438 %
2021-04-16 22:18:01,275 - trainer3_aws - INFO: [trainer3_aws.py:train_model:171] - Global Epoch:3 Iteration: 510  Loss: 53.980995178222656  Accuracy: 98.30522155761719 %
2021-04-16 22:18:18,283 - trainer3_aws - INFO: [trainer3_aws.py:train_model:171] - Global Epoch:3 Iteration: 520  Loss: 18.048185348510742  Accuracy: 98.10598754882812 %
2021-04-16 22:18:34,928 - trainer3_aws - INFO: [trainer3_aws.py:train_model:171] - Global Epoch:3 Iteration: 530  Loss: 231.3531494140625  Accuracy: 73.40617370605469 %
2021-04-16 22:18:51,562 - trainer3_aws - INFO: [trainer3_aws.py:train_model:171] - Global Epoch:3 Iteration: 540  Loss: 203.42771911621094  Accuracy: 73.72970581054688 %
2021-04-16 22:19:08,434 - trainer3_aws - INFO: [trainer3_aws.py:train_model:171] - Global Epoch:3 Iteration: 550  Loss: 156.0054931640625  Accuracy: 76.7394790649414 %
2021-04-16 22:19:25,260 - trainer3_aws - INFO: [trainer3_aws.py:train_model:171] - Global Epoch:3 Iteration: 560  Loss: 88.06585693359375  Accuracy: 79.4937744140625 %
2021-04-16 22:19:41,766 - trainer3_aws - INFO: [trainer3_aws.py:train_model:171] - Global Epoch:3 Iteration: 570  Loss: 40.10023880004883  Accuracy: 85.94727325439453 %
2021-04-16 22:19:58,368 - trainer3_aws - INFO: [trainer3_aws.py:train_model:171] - Global Epoch:3 Iteration: 580  Loss: 86.15252685546875  Accuracy: 76.44888305664062 %
2021-04-16 22:20:15,402 - trainer3_aws - INFO: [trainer3_aws.py:train_model:171] - Global Epoch:3 Iteration: 590  Loss: 489.6918640136719  Accuracy: 72.73543548583984 %
2021-04-16 22:20:32,331 - trainer3_aws - INFO: [trainer3_aws.py:train_model:171] - Global Epoch:3 Iteration: 600  Loss: 269.501708984375  Accuracy: 72.66730499267578 %
2021-04-16 22:20:49,163 - trainer3_aws - INFO: [trainer3_aws.py:train_model:171] - Global Epoch:3 Iteration: 610  Loss: 205.48287963867188  Accuracy: 77.7784652709961 %
2021-04-16 22:21:06,411 - trainer3_aws - INFO: [trainer3_aws.py:train_model:171] - Global Epoch:3 Iteration: 620  Loss: 153.32720947265625  Accuracy: 77.6470947265625 %
2021-04-16 22:21:23,535 - trainer3_aws - INFO: [trainer3_aws.py:train_model:171] - Global Epoch:3 Iteration: 630  Loss: 58.96989822387695  Accuracy: 84.83509063720703 %
2021-04-16 22:21:40,263 - trainer3_aws - INFO: [trainer3_aws.py:train_model:171] - Global Epoch:3 Iteration: 640  Loss: 43.80284881591797  Accuracy: 98.2466049194336 %
2021-04-16 22:21:56,906 - trainer3_aws - INFO: [trainer3_aws.py:train_model:171] - Global Epoch:3 Iteration: 650  Loss: 277.5730895996094  Accuracy: 74.06868743896484 %
2021-04-16 22:22:13,892 - trainer3_aws - INFO: [trainer3_aws.py:train_model:171] - Global Epoch:3 Iteration: 660  Loss: 268.46405029296875  Accuracy: 74.64002227783203 %
2021-04-16 22:22:30,425 - trainer3_aws - INFO: [trainer3_aws.py:train_model:171] - Global Epoch:3 Iteration: 670  Loss: 270.5845947265625  Accuracy: 78.70573425292969 %
2021-04-16 22:22:46,991 - trainer3_aws - INFO: [trainer3_aws.py:train_model:171] - Global Epoch:3 Iteration: 680  Loss: 102.3451156616211  Accuracy: 80.90100860595703 %
2021-04-16 22:23:03,822 - trainer3_aws - INFO: [trainer3_aws.py:train_model:171] - Global Epoch:3 Iteration: 690  Loss: 26.491121292114258  Accuracy: 90.5147933959961 %
2021-04-16 22:23:20,697 - trainer3_aws - INFO: [trainer3_aws.py:train_model:171] - Global Epoch:3 Iteration: 700  Loss: 36.22623825073242  Accuracy: 98.1535873413086 %
2021-04-16 22:23:37,227 - trainer3_aws - INFO: [trainer3_aws.py:train_model:171] - Global Epoch:3 Iteration: 710  Loss: 1554.7301025390625  Accuracy: 72.28185272216797 %
2021-04-16 22:23:53,941 - trainer3_aws - INFO: [trainer3_aws.py:train_model:171] - Global Epoch:3 Iteration: 720  Loss: 452.18304443359375  Accuracy: 71.39755249023438 %
2021-04-16 22:24:10,725 - trainer3_aws - INFO: [trainer3_aws.py:train_model:171] - Global Epoch:3 Iteration: 730  Loss: 331.6713562011719  Accuracy: 74.7511215209961 %
2021-04-16 22:24:27,266 - trainer3_aws - INFO: [trainer3_aws.py:train_model:171] - Global Epoch:3 Iteration: 740  Loss: 351.6404113769531  Accuracy: 75.64799499511719 %
2021-04-16 22:24:44,020 - trainer3_aws - INFO: [trainer3_aws.py:train_model:171] - Global Epoch:3 Iteration: 750  Loss: 153.80416870117188  Accuracy: 79.4363021850586 %
2021-04-16 22:25:00,520 - trainer3_aws - INFO: [trainer3_aws.py:train_model:171] - Global Epoch:3 Iteration: 760  Loss: 86.61905670166016  Accuracy: 82.30937957763672 %
2021-04-16 22:25:17,490 - trainer3_aws - INFO: [trainer3_aws.py:train_model:171] - Global Epoch:3 Iteration: 770  Loss: 71.19595336914062  Accuracy: 84.99685668945312 %
2021-04-16 22:25:34,254 - trainer3_aws - INFO: [trainer3_aws.py:train_model:171] - Global Epoch:3 Iteration: 780  Loss: 50.19771957397461  Accuracy: 97.12167358398438 %
2021-04-16 22:25:50,907 - trainer3_aws - INFO: [trainer3_aws.py:train_model:171] - Global Epoch:3 Iteration: 790  Loss: 251.71412658691406  Accuracy: 74.72134399414062 %
2021-04-16 22:26:07,608 - trainer3_aws - INFO: [trainer3_aws.py:train_model:171] - Global Epoch:3 Iteration: 800  Loss: 341.7034606933594  Accuracy: 72.72626495361328 %
2021-04-16 22:26:24,443 - trainer3_aws - INFO: [trainer3_aws.py:train_model:171] - Global Epoch:3 Iteration: 810  Loss: 479.7882080078125  Accuracy: 75.65280151367188 %
2021-04-16 22:26:41,131 - trainer3_aws - INFO: [trainer3_aws.py:train_model:171] - Global Epoch:3 Iteration: 820  Loss: 236.30673217773438  Accuracy: 77.2073974609375 %
2021-04-16 22:26:57,730 - trainer3_aws - INFO: [trainer3_aws.py:train_model:171] - Global Epoch:3 Iteration: 830  Loss: 200.25079345703125  Accuracy: 78.11038208007812 %
2021-04-16 22:27:14,651 - trainer3_aws - INFO: [trainer3_aws.py:train_model:171] - Global Epoch:3 Iteration: 840  Loss: 96.86941528320312  Accuracy: 81.97362518310547 %
2021-04-16 22:27:31,296 - trainer3_aws - INFO: [trainer3_aws.py:train_model:171] - Global Epoch:3 Iteration: 850  Loss: 63.484588623046875  Accuracy: 84.48326110839844 %
2021-04-16 22:27:47,951 - trainer3_aws - INFO: [trainer3_aws.py:train_model:171] - Global Epoch:3 Iteration: 860  Loss: 51.533748626708984  Accuracy: 87.74940490722656 %
2021-04-16 22:28:04,755 - trainer3_aws - INFO: [trainer3_aws.py:train_model:171] - Global Epoch:3 Iteration: 870  Loss: 206.3238525390625  Accuracy: 78.01107025146484 %
2021-04-16 22:28:21,650 - trainer3_aws - INFO: [trainer3_aws.py:train_model:171] - Global Epoch:3 Iteration: 880  Loss: 540.3358764648438  Accuracy: 78.3073501586914 %
2021-04-16 22:28:38,306 - trainer3_aws - INFO: [trainer3_aws.py:train_model:171] - Global Epoch:3 Iteration: 890  Loss: 199.84005737304688  Accuracy: 80.65452575683594 %
2021-04-16 22:28:54,955 - trainer3_aws - INFO: [trainer3_aws.py:train_model:171] - Global Epoch:3 Iteration: 900  Loss: 129.23886108398438  Accuracy: 82.13976287841797 %
2021-04-16 22:29:11,931 - trainer3_aws - INFO: [trainer3_aws.py:train_model:171] - Global Epoch:3 Iteration: 910  Loss: 82.49185180664062  Accuracy: 84.58309936523438 %
2021-04-16 22:29:25,796 - trainer3_aws - INFO: [trainer3_aws.py:train_model:195] - Epoch 3 completed. Time taken (seconds): 1551.8094396591187
2021-04-16 22:29:25,797 - trainer3_aws - INFO: [trainer3_aws.py:train_model:197] - 
Accuracy: 85.69876861572266
2021-04-16 22:29:25,798 - trainer3_aws - INFO: [trainer3_aws.py:train_model:198] - 
LOSS:: 82.49185180664062
2021-04-16 22:29:25,802 - trainer3_aws - INFO: [trainer3_aws.py:on_message:253] - Model received from coordinator!
2021-04-16 22:29:25,802 - trainer3_aws - INFO: [trainer3_aws.py:on_message:254] - Topic: fed_ml/coordinator/4/model
2021-04-16 22:29:25,804 - trainer3_aws - INFO: [trainer3_aws.py:train_model:99] - Start training...
2021-04-16 22:29:41,994 - trainer3_aws - INFO: [trainer3_aws.py:train_model:171] - Global Epoch:4 Iteration: 0  Loss: 4955.5703125  Accuracy: 49.455177307128906 %
2021-04-16 22:29:58,577 - trainer3_aws - INFO: [trainer3_aws.py:train_model:171] - Global Epoch:4 Iteration: 10  Loss: 1298.031005859375  Accuracy: 61.856441497802734 %
2021-04-16 22:30:15,664 - trainer3_aws - INFO: [trainer3_aws.py:train_model:171] - Global Epoch:4 Iteration: 20  Loss: 1032.9261474609375  Accuracy: 61.88658142089844 %
2021-04-16 22:30:32,204 - trainer3_aws - INFO: [trainer3_aws.py:train_model:171] - Global Epoch:4 Iteration: 30  Loss: 593.5025024414062  Accuracy: 65.74178314208984 %
2021-04-16 22:30:48,774 - trainer3_aws - INFO: [trainer3_aws.py:train_model:171] - Global Epoch:4 Iteration: 40  Loss: 551.4288330078125  Accuracy: 66.52134704589844 %
2021-04-16 22:31:05,532 - trainer3_aws - INFO: [trainer3_aws.py:train_model:171] - Global Epoch:4 Iteration: 50  Loss: 669.139404296875  Accuracy: 68.11778259277344 %
2021-04-16 22:31:22,158 - trainer3_aws - INFO: [trainer3_aws.py:train_model:171] - Global Epoch:4 Iteration: 60  Loss: 347.90594482421875  Accuracy: 68.60028076171875 %
2021-04-16 22:31:38,657 - trainer3_aws - INFO: [trainer3_aws.py:train_model:171] - Global Epoch:4 Iteration: 70  Loss: 395.6596984863281  Accuracy: 70.13705444335938 %
2021-04-16 22:31:55,346 - trainer3_aws - INFO: [trainer3_aws.py:train_model:171] - Global Epoch:4 Iteration: 80  Loss: 351.63043212890625  Accuracy: 71.93761444091797 %
2021-04-16 22:32:12,126 - trainer3_aws - INFO: [trainer3_aws.py:train_model:171] - Global Epoch:4 Iteration: 90  Loss: 265.5019836425781  Accuracy: 73.9957504272461 %
2021-04-16 22:32:28,591 - trainer3_aws - INFO: [trainer3_aws.py:train_model:171] - Global Epoch:4 Iteration: 100  Loss: 155.29727172851562  Accuracy: 76.21443939208984 %
2021-04-16 22:32:45,139 - trainer3_aws - INFO: [trainer3_aws.py:train_model:171] - Global Epoch:4 Iteration: 110  Loss: 186.85491943359375  Accuracy: 75.83309173583984 %
2021-04-16 22:33:01,584 - trainer3_aws - INFO: [trainer3_aws.py:train_model:171] - Global Epoch:4 Iteration: 120  Loss: 228.75717163085938  Accuracy: 74.11131286621094 %
2021-04-16 22:33:18,241 - trainer3_aws - INFO: [trainer3_aws.py:train_model:171] - Global Epoch:4 Iteration: 130  Loss: 196.77984619140625  Accuracy: 75.87055969238281 %
2021-04-16 22:33:34,777 - trainer3_aws - INFO: [trainer3_aws.py:train_model:171] - Global Epoch:4 Iteration: 140  Loss: 80.74970245361328  Accuracy: 82.00166320800781 %
2021-04-16 22:33:51,342 - trainer3_aws - INFO: [trainer3_aws.py:train_model:171] - Global Epoch:4 Iteration: 150  Loss: 150.31056213378906  Accuracy: 75.42422485351562 %
2021-04-16 22:34:08,078 - trainer3_aws - INFO: [trainer3_aws.py:train_model:171] - Global Epoch:4 Iteration: 160  Loss: 237.53775024414062  Accuracy: 73.80901336669922 %
2021-04-16 22:34:24,835 - trainer3_aws - INFO: [trainer3_aws.py:train_model:171] - Global Epoch:4 Iteration: 170  Loss: 174.8761444091797  Accuracy: 73.833984375 %
2021-04-16 22:34:41,376 - trainer3_aws - INFO: [trainer3_aws.py:train_model:171] - Global Epoch:4 Iteration: 180  Loss: 180.1356201171875  Accuracy: 75.84069061279297 %
2021-04-16 22:34:58,041 - trainer3_aws - INFO: [trainer3_aws.py:train_model:171] - Global Epoch:4 Iteration: 190  Loss: 108.04881286621094  Accuracy: 81.05072784423828 %
2021-04-16 22:35:14,777 - trainer3_aws - INFO: [trainer3_aws.py:train_model:171] - Global Epoch:4 Iteration: 200  Loss: 200.5858154296875  Accuracy: 74.49372100830078 %
2021-04-16 22:35:31,573 - trainer3_aws - INFO: [trainer3_aws.py:train_model:171] - Global Epoch:4 Iteration: 210  Loss: 224.44432067871094  Accuracy: 73.99645233154297 %
2021-04-16 22:35:48,035 - trainer3_aws - INFO: [trainer3_aws.py:train_model:171] - Global Epoch:4 Iteration: 220  Loss: 176.88726806640625  Accuracy: 75.69979858398438 %
2021-04-16 22:36:04,871 - trainer3_aws - INFO: [trainer3_aws.py:train_model:171] - Global Epoch:4 Iteration: 230  Loss: 95.6758804321289  Accuracy: 79.17147064208984 %
2021-04-16 22:36:21,876 - trainer3_aws - INFO: [trainer3_aws.py:train_model:171] - Global Epoch:4 Iteration: 240  Loss: 369.0411376953125  Accuracy: 78.63768768310547 %
2021-04-16 22:36:38,751 - trainer3_aws - INFO: [trainer3_aws.py:train_model:171] - Global Epoch:4 Iteration: 250  Loss: 967.1614990234375  Accuracy: 73.9819564819336 %
2021-04-16 22:36:55,405 - trainer3_aws - INFO: [trainer3_aws.py:train_model:171] - Global Epoch:4 Iteration: 260  Loss: 188.56857299804688  Accuracy: 74.37440490722656 %
2021-04-16 22:37:12,247 - trainer3_aws - INFO: [trainer3_aws.py:train_model:171] - Global Epoch:4 Iteration: 270  Loss: 158.53550720214844  Accuracy: 74.86092376708984 %
2021-04-16 22:37:28,913 - trainer3_aws - INFO: [trainer3_aws.py:train_model:171] - Global Epoch:4 Iteration: 280  Loss: 103.08667755126953  Accuracy: 76.85810089111328 %
2021-04-16 22:37:45,503 - trainer3_aws - INFO: [trainer3_aws.py:train_model:171] - Global Epoch:4 Iteration: 290  Loss: 43.48169708251953  Accuracy: 81.37521362304688 %
2021-04-16 22:38:02,243 - trainer3_aws - INFO: [trainer3_aws.py:train_model:171] - Global Epoch:4 Iteration: 300  Loss: 234.2128448486328  Accuracy: 74.05008697509766 %
2021-04-16 22:38:19,130 - trainer3_aws - INFO: [trainer3_aws.py:train_model:171] - Global Epoch:4 Iteration: 310  Loss: 301.2933349609375  Accuracy: 72.22681427001953 %
2021-04-16 22:38:35,745 - trainer3_aws - INFO: [trainer3_aws.py:train_model:171] - Global Epoch:4 Iteration: 320  Loss: 209.1190185546875  Accuracy: 74.11927032470703 %
2021-04-16 22:38:52,307 - trainer3_aws - INFO: [trainer3_aws.py:train_model:171] - Global Epoch:4 Iteration: 330  Loss: 147.13613891601562  Accuracy: 75.93659210205078 %
2021-04-16 22:39:09,146 - trainer3_aws - INFO: [trainer3_aws.py:train_model:171] - Global Epoch:4 Iteration: 340  Loss: 81.4109878540039  Accuracy: 78.39765930175781 %
2021-04-16 22:39:25,887 - trainer3_aws - INFO: [trainer3_aws.py:train_model:171] - Global Epoch:4 Iteration: 350  Loss: 26.44489288330078  Accuracy: 96.4570541381836 %
2021-04-16 22:39:42,504 - trainer3_aws - INFO: [trainer3_aws.py:train_model:171] - Global Epoch:4 Iteration: 360  Loss: 438.6341552734375  Accuracy: 74.82109069824219 %
2021-04-16 22:39:59,162 - trainer3_aws - INFO: [trainer3_aws.py:train_model:171] - Global Epoch:4 Iteration: 370  Loss: 379.927001953125  Accuracy: 74.09716796875 %
2021-04-16 22:40:16,042 - trainer3_aws - INFO: [trainer3_aws.py:train_model:171] - Global Epoch:4 Iteration: 380  Loss: 167.6875457763672  Accuracy: 75.30866241455078 %
2021-04-16 22:40:32,801 - trainer3_aws - INFO: [trainer3_aws.py:train_model:171] - Global Epoch:4 Iteration: 390  Loss: 142.11253356933594  Accuracy: 76.41166687011719 %
2021-04-16 22:40:49,641 - trainer3_aws - INFO: [trainer3_aws.py:train_model:171] - Global Epoch:4 Iteration: 400  Loss: 78.06037902832031  Accuracy: 80.8194351196289 %
2021-04-16 22:41:06,626 - trainer3_aws - INFO: [trainer3_aws.py:train_model:171] - Global Epoch:4 Iteration: 410  Loss: 39.81298828125  Accuracy: 94.98308563232422 %
2021-04-16 22:41:23,547 - trainer3_aws - INFO: [trainer3_aws.py:train_model:171] - Global Epoch:4 Iteration: 420  Loss: 229.32064819335938  Accuracy: 74.95465087890625 %
2021-04-16 22:41:40,156 - trainer3_aws - INFO: [trainer3_aws.py:train_model:171] - Global Epoch:4 Iteration: 430  Loss: 241.73336791992188  Accuracy: 74.66736602783203 %
2021-04-16 22:41:56,987 - trainer3_aws - INFO: [trainer3_aws.py:train_model:171] - Global Epoch:4 Iteration: 440  Loss: 150.0482940673828  Accuracy: 77.86624908447266 %
2021-04-16 22:42:13,730 - trainer3_aws - INFO: [trainer3_aws.py:train_model:171] - Global Epoch:4 Iteration: 450  Loss: 115.84326171875  Accuracy: 79.34965515136719 %
2021-04-16 22:42:30,245 - trainer3_aws - INFO: [trainer3_aws.py:train_model:171] - Global Epoch:4 Iteration: 460  Loss: 44.57219314575195  Accuracy: 83.25560760498047 %
2021-04-16 22:42:46,873 - trainer3_aws - INFO: [trainer3_aws.py:train_model:171] - Global Epoch:4 Iteration: 470  Loss: 13.277837753295898  Accuracy: 98.91349792480469 %
2021-04-16 22:43:03,423 - trainer3_aws - INFO: [trainer3_aws.py:train_model:171] - Global Epoch:4 Iteration: 480  Loss: 690.0785522460938  Accuracy: 74.89253997802734 %
2021-04-16 22:43:20,262 - trainer3_aws - INFO: [trainer3_aws.py:train_model:171] - Global Epoch:4 Iteration: 490  Loss: 371.7308349609375  Accuracy: 73.91609191894531 %
2021-04-16 22:43:37,076 - trainer3_aws - INFO: [trainer3_aws.py:train_model:171] - Global Epoch:4 Iteration: 500  Loss: 205.9071502685547  Accuracy: 77.42655181884766 %
2021-04-16 22:43:53,740 - trainer3_aws - INFO: [trainer3_aws.py:train_model:171] - Global Epoch:4 Iteration: 510  Loss: 110.33399963378906  Accuracy: 79.00279998779297 %
2021-04-16 22:44:10,513 - trainer3_aws - INFO: [trainer3_aws.py:train_model:171] - Global Epoch:4 Iteration: 520  Loss: 70.35795593261719  Accuracy: 81.68529510498047 %
2021-04-16 22:44:27,092 - trainer3_aws - INFO: [trainer3_aws.py:train_model:171] - Global Epoch:4 Iteration: 530  Loss: 44.33943557739258  Accuracy: 89.19044494628906 %
2021-04-16 22:44:43,798 - trainer3_aws - INFO: [trainer3_aws.py:train_model:171] - Global Epoch:4 Iteration: 540  Loss: 36.33146286010742  Accuracy: 97.04385375976562 %
2021-04-16 22:45:00,409 - trainer3_aws - INFO: [trainer3_aws.py:train_model:171] - Global Epoch:4 Iteration: 550  Loss: 301.8723449707031  Accuracy: 76.4697494506836 %
2021-04-16 22:45:17,263 - trainer3_aws - INFO: [trainer3_aws.py:train_model:171] - Global Epoch:4 Iteration: 560  Loss: 231.83383178710938  Accuracy: 76.66374969482422 %
2021-04-16 22:45:34,009 - trainer3_aws - INFO: [trainer3_aws.py:train_model:171] - Global Epoch:4 Iteration: 570  Loss: 146.1329345703125  Accuracy: 79.04813385009766 %
2021-04-16 22:45:50,588 - trainer3_aws - INFO: [trainer3_aws.py:train_model:171] - Global Epoch:4 Iteration: 580  Loss: 140.02943420410156  Accuracy: 80.54148864746094 %
2021-04-16 22:46:07,329 - trainer3_aws - INFO: [trainer3_aws.py:train_model:171] - Global Epoch:4 Iteration: 590  Loss: 59.31806945800781  Accuracy: 87.96786499023438 %
2021-04-16 22:46:24,040 - trainer3_aws - INFO: [trainer3_aws.py:train_model:171] - Global Epoch:4 Iteration: 600  Loss: 52.71963119506836  Accuracy: 80.8773422241211 %
2021-04-16 22:46:40,671 - trainer3_aws - INFO: [trainer3_aws.py:train_model:171] - Global Epoch:4 Iteration: 610  Loss: 170.82179260253906  Accuracy: 75.65062713623047 %
2021-04-16 22:46:57,291 - trainer3_aws - INFO: [trainer3_aws.py:train_model:171] - Global Epoch:4 Iteration: 620  Loss: 126.81414794921875  Accuracy: 79.83258819580078 %
2021-04-16 22:47:14,286 - trainer3_aws - INFO: [trainer3_aws.py:train_model:171] - Global Epoch:4 Iteration: 630  Loss: 65.4293441772461  Accuracy: 81.6053695678711 %
2021-04-16 22:47:30,909 - trainer3_aws - INFO: [trainer3_aws.py:train_model:171] - Global Epoch:4 Iteration: 640  Loss: 43.493839263916016  Accuracy: 83.35518646240234 %
2021-04-16 22:47:47,488 - trainer3_aws - INFO: [trainer3_aws.py:train_model:171] - Global Epoch:4 Iteration: 650  Loss: 41.373844146728516  Accuracy: 98.05226135253906 %
2021-04-16 22:48:04,134 - trainer3_aws - INFO: [trainer3_aws.py:train_model:171] - Global Epoch:4 Iteration: 660  Loss: 216.74542236328125  Accuracy: 73.72576904296875 %
2021-04-16 22:48:20,974 - trainer3_aws - INFO: [trainer3_aws.py:train_model:171] - Global Epoch:4 Iteration: 670  Loss: 268.0642395019531  Accuracy: 73.94780731201172 %
2021-04-16 22:48:37,671 - trainer3_aws - INFO: [trainer3_aws.py:train_model:171] - Global Epoch:4 Iteration: 680  Loss: 188.00662231445312  Accuracy: 78.77010345458984 %
2021-04-16 22:48:54,263 - trainer3_aws - INFO: [trainer3_aws.py:train_model:171] - Global Epoch:4 Iteration: 690  Loss: 139.55747985839844  Accuracy: 79.93505096435547 %
2021-04-16 22:49:11,267 - trainer3_aws - INFO: [trainer3_aws.py:train_model:171] - Global Epoch:4 Iteration: 700  Loss: 90.28682708740234  Accuracy: 81.93598175048828 %
2021-04-16 22:49:27,867 - trainer3_aws - INFO: [trainer3_aws.py:train_model:171] - Global Epoch:4 Iteration: 710  Loss: 33.47960662841797  Accuracy: 90.21318054199219 %
2021-04-16 22:49:44,590 - trainer3_aws - INFO: [trainer3_aws.py:train_model:171] - Global Epoch:4 Iteration: 720  Loss: 43.145198822021484  Accuracy: 98.8720932006836 %
2021-04-16 22:50:01,339 - trainer3_aws - INFO: [trainer3_aws.py:train_model:171] - Global Epoch:4 Iteration: 730  Loss: 26.879934310913086  Accuracy: 98.70902252197266 %
2021-04-16 22:50:18,251 - trainer3_aws - INFO: [trainer3_aws.py:train_model:171] - Global Epoch:4 Iteration: 740  Loss: 20.635894775390625  Accuracy: 98.70928192138672 %
2021-04-16 22:50:35,178 - trainer3_aws - INFO: [trainer3_aws.py:train_model:171] - Global Epoch:4 Iteration: 750  Loss: 9.207894325256348  Accuracy: 98.3394546508789 %
2021-04-16 22:50:51,948 - trainer3_aws - INFO: [trainer3_aws.py:train_model:171] - Global Epoch:4 Iteration: 760  Loss: 6.896356105804443  Accuracy: 98.4228744506836 %
2021-04-16 22:51:08,695 - trainer3_aws - INFO: [trainer3_aws.py:train_model:171] - Global Epoch:4 Iteration: 770  Loss: 5.955954074859619  Accuracy: 98.4311752319336 %
2021-04-16 22:51:25,368 - trainer3_aws - INFO: [trainer3_aws.py:train_model:171] - Global Epoch:4 Iteration: 780  Loss: 23.111501693725586  Accuracy: 97.43297576904297 %
2021-04-16 22:51:41,985 - trainer3_aws - INFO: [trainer3_aws.py:train_model:171] - Global Epoch:4 Iteration: 790  Loss: 252.203369140625  Accuracy: 74.88800048828125 %
2021-04-16 22:51:58,775 - trainer3_aws - INFO: [trainer3_aws.py:train_model:171] - Global Epoch:4 Iteration: 800  Loss: 197.4708251953125  Accuracy: 77.40855407714844 %
2021-04-16 22:52:16,000 - trainer3_aws - INFO: [trainer3_aws.py:train_model:171] - Global Epoch:4 Iteration: 810  Loss: 143.4998321533203  Accuracy: 80.9559555053711 %
2021-04-16 22:52:32,842 - trainer3_aws - INFO: [trainer3_aws.py:train_model:171] - Global Epoch:4 Iteration: 820  Loss: 104.6559829711914  Accuracy: 83.04938507080078 %
2021-04-16 22:52:49,565 - trainer3_aws - INFO: [trainer3_aws.py:train_model:171] - Global Epoch:4 Iteration: 830  Loss: 57.27094268798828  Accuracy: 89.5240249633789 %
2021-04-16 22:53:06,417 - trainer3_aws - INFO: [trainer3_aws.py:train_model:171] - Global Epoch:4 Iteration: 840  Loss: 97.96588897705078  Accuracy: 87.7624282836914 %
2021-04-16 22:53:23,335 - trainer3_aws - INFO: [trainer3_aws.py:train_model:171] - Global Epoch:4 Iteration: 850  Loss: 330.7220764160156  Accuracy: 75.39976501464844 %
2021-04-16 22:53:40,525 - trainer3_aws - INFO: [trainer3_aws.py:train_model:171] - Global Epoch:4 Iteration: 860  Loss: 183.92556762695312  Accuracy: 78.07745361328125 %
2021-04-16 22:53:57,577 - trainer3_aws - INFO: [trainer3_aws.py:train_model:171] - Global Epoch:4 Iteration: 870  Loss: 151.25344848632812  Accuracy: 80.18372344970703 %
2021-04-16 22:54:14,575 - trainer3_aws - INFO: [trainer3_aws.py:train_model:171] - Global Epoch:4 Iteration: 880  Loss: 81.33418273925781  Accuracy: 83.19630432128906 %
2021-04-16 22:54:31,465 - trainer3_aws - INFO: [trainer3_aws.py:train_model:171] - Global Epoch:4 Iteration: 890  Loss: 43.85792541503906  Accuracy: 87.03081512451172 %
2021-04-16 22:54:48,127 - trainer3_aws - INFO: [trainer3_aws.py:train_model:171] - Global Epoch:4 Iteration: 900  Loss: 8.457234382629395  Accuracy: 99.0739517211914 %
2021-04-16 22:55:05,243 - trainer3_aws - INFO: [trainer3_aws.py:train_model:171] - Global Epoch:4 Iteration: 910  Loss: 332.2613830566406  Accuracy: 76.09905242919922 %
2021-04-16 22:55:19,319 - trainer3_aws - INFO: [trainer3_aws.py:train_model:195] - Epoch 4 completed. Time taken (seconds): 1553.5147364139557
2021-04-16 22:55:19,319 - trainer3_aws - INFO: [trainer3_aws.py:train_model:197] - 
Accuracy: 74.30374145507812
2021-04-16 22:55:19,319 - trainer3_aws - INFO: [trainer3_aws.py:train_model:198] - 
LOSS:: 332.2613830566406
2021-04-16 22:55:19,321 - trainer3_aws - INFO: [trainer3_aws.py:on_message:253] - Model received from coordinator!
2021-04-16 22:55:19,321 - trainer3_aws - INFO: [trainer3_aws.py:on_message:254] - Topic: fed_ml/coordinator/5/model
2021-04-16 22:55:19,322 - trainer3_aws - INFO: [trainer3_aws.py:train_model:99] - Start training...
2021-04-16 22:55:35,862 - trainer3_aws - INFO: [trainer3_aws.py:train_model:171] - Global Epoch:5 Iteration: 0  Loss: 5820.9765625  Accuracy: 49.45325469970703 %
2021-04-16 22:55:52,699 - trainer3_aws - INFO: [trainer3_aws.py:train_model:171] - Global Epoch:5 Iteration: 10  Loss: 452.7839050292969  Accuracy: 66.59944152832031 %
2021-04-16 22:56:09,535 - trainer3_aws - INFO: [trainer3_aws.py:train_model:171] - Global Epoch:5 Iteration: 20  Loss: 551.3413696289062  Accuracy: 66.63533782958984 %
2021-04-16 22:56:26,289 - trainer3_aws - INFO: [trainer3_aws.py:train_model:171] - Global Epoch:5 Iteration: 30  Loss: 323.8173828125  Accuracy: 68.14617156982422 %
2021-04-16 22:56:42,964 - trainer3_aws - INFO: [trainer3_aws.py:train_model:171] - Global Epoch:5 Iteration: 40  Loss: 563.1401977539062  Accuracy: 68.98171997070312 %
2021-04-16 22:56:59,521 - trainer3_aws - INFO: [trainer3_aws.py:train_model:171] - Global Epoch:5 Iteration: 50  Loss: 429.5842590332031  Accuracy: 70.77425384521484 %
2021-04-16 22:57:16,477 - trainer3_aws - INFO: [trainer3_aws.py:train_model:171] - Global Epoch:5 Iteration: 60  Loss: 247.36024475097656  Accuracy: 72.7896728515625 %
2021-04-16 22:57:33,134 - trainer3_aws - INFO: [trainer3_aws.py:train_model:171] - Global Epoch:5 Iteration: 70  Loss: 343.8748779296875  Accuracy: 75.05928039550781 %
2021-04-16 22:57:49,759 - trainer3_aws - INFO: [trainer3_aws.py:train_model:171] - Global Epoch:5 Iteration: 80  Loss: 346.4686279296875  Accuracy: 78.85780334472656 %
2021-04-16 22:58:06,620 - trainer3_aws - INFO: [trainer3_aws.py:train_model:171] - Global Epoch:5 Iteration: 90  Loss: 364.7070617675781  Accuracy: 91.05249786376953 %
2021-04-16 22:58:23,406 - trainer3_aws - INFO: [trainer3_aws.py:train_model:171] - Global Epoch:5 Iteration: 100  Loss: 365.472412109375  Accuracy: 72.86898803710938 %
2021-04-16 22:58:40,074 - trainer3_aws - INFO: [trainer3_aws.py:train_model:171] - Global Epoch:5 Iteration: 110  Loss: 298.5058288574219  Accuracy: 72.56380462646484 %
2021-04-16 22:58:56,829 - trainer3_aws - INFO: [trainer3_aws.py:train_model:171] - Global Epoch:5 Iteration: 120  Loss: 268.4761657714844  Accuracy: 73.09896850585938 %
2021-04-16 22:59:13,633 - trainer3_aws - INFO: [trainer3_aws.py:train_model:171] - Global Epoch:5 Iteration: 130  Loss: 237.2541046142578  Accuracy: 74.83637237548828 %
2021-04-16 22:59:30,230 - trainer3_aws - INFO: [trainer3_aws.py:train_model:171] - Global Epoch:5 Iteration: 140  Loss: 203.9816436767578  Accuracy: 76.27828979492188 %
2021-04-16 22:59:46,979 - trainer3_aws - INFO: [trainer3_aws.py:train_model:171] - Global Epoch:5 Iteration: 150  Loss: 111.94476318359375  Accuracy: 84.431640625 %
2021-04-16 23:00:03,783 - trainer3_aws - INFO: [trainer3_aws.py:train_model:171] - Global Epoch:5 Iteration: 160  Loss: 246.82937622070312  Accuracy: 74.5716323852539 %
2021-04-16 23:00:20,602 - trainer3_aws - INFO: [trainer3_aws.py:train_model:171] - Global Epoch:5 Iteration: 170  Loss: 334.7174377441406  Accuracy: 71.96800994873047 %
2021-04-16 23:00:37,355 - trainer3_aws - INFO: [trainer3_aws.py:train_model:171] - Global Epoch:5 Iteration: 180  Loss: 310.005126953125  Accuracy: 73.84639739990234 %
2021-04-16 23:00:54,061 - trainer3_aws - INFO: [trainer3_aws.py:train_model:171] - Global Epoch:5 Iteration: 190  Loss: 168.29051208496094  Accuracy: 75.36238098144531 %
2021-04-16 23:01:10,800 - trainer3_aws - INFO: [trainer3_aws.py:train_model:171] - Global Epoch:5 Iteration: 200  Loss: 141.39279174804688  Accuracy: 77.10904693603516 %
2021-04-16 23:01:27,373 - trainer3_aws - INFO: [trainer3_aws.py:train_model:171] - Global Epoch:5 Iteration: 210  Loss: 67.51118469238281  Accuracy: 82.17915344238281 %
2021-04-16 23:01:43,995 - trainer3_aws - INFO: [trainer3_aws.py:train_model:171] - Global Epoch:5 Iteration: 220  Loss: 114.01673889160156  Accuracy: 78.50701904296875 %
2021-04-16 23:02:00,580 - trainer3_aws - INFO: [trainer3_aws.py:train_model:171] - Global Epoch:5 Iteration: 230  Loss: 90.40149688720703  Accuracy: 77.66849517822266 %
2021-04-16 23:02:17,507 - trainer3_aws - INFO: [trainer3_aws.py:train_model:171] - Global Epoch:5 Iteration: 240  Loss: 54.884613037109375  Accuracy: 80.5472640991211 %
2021-04-16 23:02:34,249 - trainer3_aws - INFO: [trainer3_aws.py:train_model:171] - Global Epoch:5 Iteration: 250  Loss: 164.32345581054688  Accuracy: 76.28685760498047 %
2021-04-16 23:02:50,761 - trainer3_aws - INFO: [trainer3_aws.py:train_model:171] - Global Epoch:5 Iteration: 260  Loss: 181.49075317382812  Accuracy: 74.14852905273438 %
2021-04-16 23:03:07,535 - trainer3_aws - INFO: [trainer3_aws.py:train_model:171] - Global Epoch:5 Iteration: 270  Loss: 231.41397094726562  Accuracy: 75.05168914794922 %
2021-04-16 23:03:24,284 - trainer3_aws - INFO: [trainer3_aws.py:train_model:171] - Global Epoch:5 Iteration: 280  Loss: 118.82305145263672  Accuracy: 76.67623901367188 %
2021-04-16 23:03:41,033 - trainer3_aws - INFO: [trainer3_aws.py:train_model:171] - Global Epoch:5 Iteration: 290  Loss: 60.25676727294922  Accuracy: 80.89271545410156 %
2021-04-16 23:03:57,645 - trainer3_aws - INFO: [trainer3_aws.py:train_model:171] - Global Epoch:5 Iteration: 300  Loss: 128.14068603515625  Accuracy: 76.61518859863281 %
2021-04-16 23:04:14,403 - trainer3_aws - INFO: [trainer3_aws.py:train_model:171] - Global Epoch:5 Iteration: 310  Loss: 307.6995544433594  Accuracy: 74.7140884399414 %
2021-04-16 23:04:30,981 - trainer3_aws - INFO: [trainer3_aws.py:train_model:171] - Global Epoch:5 Iteration: 320  Loss: 166.70420837402344  Accuracy: 75.427978515625 %
2021-04-16 23:04:47,534 - trainer3_aws - INFO: [trainer3_aws.py:train_model:171] - Global Epoch:5 Iteration: 330  Loss: 104.36247253417969  Accuracy: 78.57349395751953 %
2021-04-16 23:05:04,058 - trainer3_aws - INFO: [trainer3_aws.py:train_model:171] - Global Epoch:5 Iteration: 340  Loss: 73.99112701416016  Accuracy: 81.29476928710938 %
2021-04-16 23:05:20,888 - trainer3_aws - INFO: [trainer3_aws.py:train_model:171] - Global Epoch:5 Iteration: 350  Loss: 17.305192947387695  Accuracy: 95.71208190917969 %
2021-04-16 23:05:37,449 - trainer3_aws - INFO: [trainer3_aws.py:train_model:171] - Global Epoch:5 Iteration: 360  Loss: 399.577392578125  Accuracy: 75.33014678955078 %
2021-04-16 23:05:53,943 - trainer3_aws - INFO: [trainer3_aws.py:train_model:171] - Global Epoch:5 Iteration: 370  Loss: 209.31378173828125  Accuracy: 74.03331756591797 %
2021-04-16 23:06:10,721 - trainer3_aws - INFO: [trainer3_aws.py:train_model:171] - Global Epoch:5 Iteration: 380  Loss: 173.851318359375  Accuracy: 77.65531158447266 %
2021-04-16 23:06:27,396 - trainer3_aws - INFO: [trainer3_aws.py:train_model:171] - Global Epoch:5 Iteration: 390  Loss: 92.98456573486328  Accuracy: 79.29348754882812 %
2021-04-16 23:06:44,347 - trainer3_aws - INFO: [trainer3_aws.py:train_model:171] - Global Epoch:5 Iteration: 400  Loss: 22.931880950927734  Accuracy: 87.66503143310547 %
2021-04-16 23:07:01,022 - trainer3_aws - INFO: [trainer3_aws.py:train_model:171] - Global Epoch:5 Iteration: 410  Loss: 72.91162109375  Accuracy: 84.64529418945312 %
2021-04-16 23:07:18,055 - trainer3_aws - INFO: [trainer3_aws.py:train_model:171] - Global Epoch:5 Iteration: 420  Loss: 341.4824523925781  Accuracy: 75.88837432861328 %
2021-04-16 23:07:34,490 - trainer3_aws - INFO: [trainer3_aws.py:train_model:171] - Global Epoch:5 Iteration: 430  Loss: 147.36691284179688  Accuracy: 77.57469177246094 %
2021-04-16 23:07:50,987 - trainer3_aws - INFO: [trainer3_aws.py:train_model:171] - Global Epoch:5 Iteration: 440  Loss: 172.61146545410156  Accuracy: 80.54630279541016 %
2021-04-16 23:08:07,797 - trainer3_aws - INFO: [trainer3_aws.py:train_model:171] - Global Epoch:5 Iteration: 450  Loss: 62.76770782470703  Accuracy: 84.22908782958984 %
2021-04-16 23:08:24,442 - trainer3_aws - INFO: [trainer3_aws.py:train_model:171] - Global Epoch:5 Iteration: 460  Loss: 109.75242614746094  Accuracy: 77.90328216552734 %
2021-04-16 23:08:40,894 - trainer3_aws - INFO: [trainer3_aws.py:train_model:171] - Global Epoch:5 Iteration: 470  Loss: 110.18785095214844  Accuracy: 78.67621612548828 %
2021-04-16 23:08:57,671 - trainer3_aws - INFO: [trainer3_aws.py:train_model:171] - Global Epoch:5 Iteration: 480  Loss: 96.45890045166016  Accuracy: 81.56991577148438 %
2021-04-16 23:09:14,404 - trainer3_aws - INFO: [trainer3_aws.py:train_model:171] - Global Epoch:5 Iteration: 490  Loss: 42.64468765258789  Accuracy: 83.91140747070312 %
2021-04-16 23:09:31,148 - trainer3_aws - INFO: [trainer3_aws.py:train_model:171] - Global Epoch:5 Iteration: 500  Loss: 33.37385559082031  Accuracy: 98.15506744384766 %
2021-04-16 23:09:47,873 - trainer3_aws - INFO: [trainer3_aws.py:train_model:171] - Global Epoch:5 Iteration: 510  Loss: 256.3965148925781  Accuracy: 75.9537124633789 %
2021-04-16 23:10:04,569 - trainer3_aws - INFO: [trainer3_aws.py:train_model:171] - Global Epoch:5 Iteration: 520  Loss: 184.92454528808594  Accuracy: 77.00624084472656 %
2021-04-16 23:10:21,454 - trainer3_aws - INFO: [trainer3_aws.py:train_model:171] - Global Epoch:5 Iteration: 530  Loss: 173.75210571289062  Accuracy: 80.69819641113281 %
2021-04-16 23:10:38,351 - trainer3_aws - INFO: [trainer3_aws.py:train_model:171] - Global Epoch:5 Iteration: 540  Loss: 73.27969360351562  Accuracy: 82.68741607666016 %
2021-04-16 23:10:55,010 - trainer3_aws - INFO: [trainer3_aws.py:train_model:171] - Global Epoch:5 Iteration: 550  Loss: 27.350587844848633  Accuracy: 89.98145294189453 %
2021-04-16 23:11:11,921 - trainer3_aws - INFO: [trainer3_aws.py:train_model:171] - Global Epoch:5 Iteration: 560  Loss: 89.31714630126953  Accuracy: 80.24372863769531 %
2021-04-16 23:11:28,460 - trainer3_aws - INFO: [trainer3_aws.py:train_model:171] - Global Epoch:5 Iteration: 570  Loss: 161.99851989746094  Accuracy: 75.93852233886719 %
2021-04-16 23:11:45,095 - trainer3_aws - INFO: [trainer3_aws.py:train_model:171] - Global Epoch:5 Iteration: 580  Loss: 105.11470031738281  Accuracy: 79.98091125488281 %
2021-04-16 23:12:01,697 - trainer3_aws - INFO: [trainer3_aws.py:train_model:171] - Global Epoch:5 Iteration: 590  Loss: 82.84117889404297  Accuracy: 82.0920639038086 %
2021-04-16 23:12:18,478 - trainer3_aws - INFO: [trainer3_aws.py:train_model:171] - Global Epoch:5 Iteration: 600  Loss: 32.130348205566406  Accuracy: 87.24952697753906 %
2021-04-16 23:12:35,057 - trainer3_aws - INFO: [trainer3_aws.py:train_model:171] - Global Epoch:5 Iteration: 610  Loss: 43.5954704284668  Accuracy: 97.97618103027344 %
2021-04-16 23:12:51,601 - trainer3_aws - INFO: [trainer3_aws.py:train_model:171] - Global Epoch:5 Iteration: 620  Loss: 246.6753692626953  Accuracy: 74.09882354736328 %
2021-04-16 23:13:08,311 - trainer3_aws - INFO: [trainer3_aws.py:train_model:171] - Global Epoch:5 Iteration: 630  Loss: 384.9339599609375  Accuracy: 73.77424621582031 %
2021-04-16 23:13:25,065 - trainer3_aws - INFO: [trainer3_aws.py:train_model:171] - Global Epoch:5 Iteration: 640  Loss: 238.73150634765625  Accuracy: 77.44332122802734 %
2021-04-16 23:13:41,638 - trainer3_aws - INFO: [trainer3_aws.py:train_model:171] - Global Epoch:5 Iteration: 650  Loss: 151.89210510253906  Accuracy: 78.38561248779297 %
2021-04-16 23:13:58,331 - trainer3_aws - INFO: [trainer3_aws.py:train_model:171] - Global Epoch:5 Iteration: 660  Loss: 114.4896011352539  Accuracy: 81.01194763183594 %
2021-04-16 23:14:15,196 - trainer3_aws - INFO: [trainer3_aws.py:train_model:171] - Global Epoch:5 Iteration: 670  Loss: 77.59554290771484  Accuracy: 84.98970031738281 %
2021-04-16 23:14:31,868 - trainer3_aws - INFO: [trainer3_aws.py:train_model:171] - Global Epoch:5 Iteration: 680  Loss: 91.14785766601562  Accuracy: 96.4802017211914 %
2021-04-16 23:14:48,505 - trainer3_aws - INFO: [trainer3_aws.py:train_model:171] - Global Epoch:5 Iteration: 690  Loss: 28.27599334716797  Accuracy: 98.29185485839844 %
2021-04-16 23:15:05,314 - trainer3_aws - INFO: [trainer3_aws.py:train_model:171] - Global Epoch:5 Iteration: 700  Loss: 229.1419219970703  Accuracy: 80.18538665771484 %
2021-04-16 23:15:22,283 - trainer3_aws - INFO: [trainer3_aws.py:train_model:171] - Global Epoch:5 Iteration: 710  Loss: 224.92922973632812  Accuracy: 75.243408203125 %
2021-04-16 23:15:39,091 - trainer3_aws - INFO: [trainer3_aws.py:train_model:171] - Global Epoch:5 Iteration: 720  Loss: 215.8696746826172  Accuracy: 78.28550720214844 %
2021-04-16 23:15:55,763 - trainer3_aws - INFO: [trainer3_aws.py:train_model:171] - Global Epoch:5 Iteration: 730  Loss: 153.81764221191406  Accuracy: 79.71205139160156 %
2021-04-16 23:16:12,836 - trainer3_aws - INFO: [trainer3_aws.py:train_model:171] - Global Epoch:5 Iteration: 740  Loss: 134.34542846679688  Accuracy: 78.87693786621094 %
2021-04-16 23:16:29,557 - trainer3_aws - INFO: [trainer3_aws.py:train_model:171] - Global Epoch:5 Iteration: 750  Loss: 134.86068725585938  Accuracy: 85.96876525878906 %
2021-04-16 23:16:46,403 - trainer3_aws - INFO: [trainer3_aws.py:train_model:171] - Global Epoch:5 Iteration: 760  Loss: 59.07832336425781  Accuracy: 97.65108489990234 %
2021-04-16 23:17:03,270 - trainer3_aws - INFO: [trainer3_aws.py:train_model:171] - Global Epoch:5 Iteration: 770  Loss: 42.797122955322266  Accuracy: 98.43527221679688 %
2021-04-16 23:17:20,157 - trainer3_aws - INFO: [trainer3_aws.py:train_model:171] - Global Epoch:5 Iteration: 780  Loss: 155.4882354736328  Accuracy: 78.11553955078125 %
2021-04-16 23:17:36,981 - trainer3_aws - INFO: [trainer3_aws.py:train_model:171] - Global Epoch:5 Iteration: 790  Loss: 268.4800109863281  Accuracy: 74.90058135986328 %
2021-04-16 23:17:53,861 - trainer3_aws - INFO: [trainer3_aws.py:train_model:171] - Global Epoch:5 Iteration: 800  Loss: 258.4601745605469  Accuracy: 78.44159698486328 %
2021-04-16 23:18:10,950 - trainer3_aws - INFO: [trainer3_aws.py:train_model:171] - Global Epoch:5 Iteration: 810  Loss: 185.40077209472656  Accuracy: 79.44705200195312 %
2021-04-16 23:18:27,613 - trainer3_aws - INFO: [trainer3_aws.py:train_model:171] - Global Epoch:5 Iteration: 820  Loss: 124.03307342529297  Accuracy: 81.9969482421875 %
2021-04-16 23:18:44,266 - trainer3_aws - INFO: [trainer3_aws.py:train_model:171] - Global Epoch:5 Iteration: 830  Loss: 41.2313232421875  Accuracy: 86.40977478027344 %
2021-04-16 23:19:00,856 - trainer3_aws - INFO: [trainer3_aws.py:train_model:171] - Global Epoch:5 Iteration: 840  Loss: 40.057411193847656  Accuracy: 95.4708251953125 %
2021-04-16 23:19:18,030 - trainer3_aws - INFO: [trainer3_aws.py:train_model:171] - Global Epoch:5 Iteration: 850  Loss: 9.347811698913574  Accuracy: 97.18482208251953 %
2021-04-16 23:19:35,287 - trainer3_aws - INFO: [trainer3_aws.py:train_model:171] - Global Epoch:5 Iteration: 860  Loss: 23.396318435668945  Accuracy: 97.8974838256836 %
2021-04-16 23:19:52,222 - trainer3_aws - INFO: [trainer3_aws.py:train_model:171] - Global Epoch:5 Iteration: 870  Loss: 45.03114700317383  Accuracy: 97.64732360839844 %
2021-04-16 23:20:09,045 - trainer3_aws - INFO: [trainer3_aws.py:train_model:171] - Global Epoch:5 Iteration: 880  Loss: 183.24664306640625  Accuracy: 98.84947967529297 %
2021-04-16 23:20:25,802 - trainer3_aws - INFO: [trainer3_aws.py:train_model:171] - Global Epoch:5 Iteration: 890  Loss: 154.98544311523438  Accuracy: 75.80706024169922 %
2021-04-16 23:20:42,582 - trainer3_aws - INFO: [trainer3_aws.py:train_model:171] - Global Epoch:5 Iteration: 900  Loss: 577.8695068359375  Accuracy: 74.39274597167969 %
2021-04-16 23:20:59,226 - trainer3_aws - INFO: [trainer3_aws.py:train_model:171] - Global Epoch:5 Iteration: 910  Loss: 327.25482177734375  Accuracy: 76.36738586425781 %
2021-04-16 23:21:13,209 - trainer3_aws - INFO: [trainer3_aws.py:train_model:195] - Epoch 5 completed. Time taken (seconds): 1553.8866243362427
2021-04-16 23:21:13,209 - trainer3_aws - INFO: [trainer3_aws.py:train_model:197] - 
Accuracy: 76.85608673095703
2021-04-16 23:21:13,209 - trainer3_aws - INFO: [trainer3_aws.py:train_model:198] - 
LOSS:: 327.25482177734375
