2021-04-16 21:10:03,801 - trainer4_aws - INFO: [trainer4_aws.py:load_data:84] - Loading data...
2021-04-16 21:11:01,986 - trainer4_aws - INFO: [trainer4_aws.py:load_data:94] - Completed loading data
2021-04-16 21:11:13,867 - trainer4_aws - INFO: [trainer4_aws.py:GetPyTorchDataLoaders:80] - Completed loading data and returning pytorch train and validation data loaders
2021-04-16 21:11:13,874 - trainer4_aws - INFO: [trainer4_aws.py:on_connect_remote:247] - Connected to remote broker with rc: 0
2021-04-16 21:11:13,874 - trainer4_aws - INFO: [trainer4_aws.py:on_connect_remote:249] - Waiting for initial model from coordinator...
2021-04-16 21:11:52,651 - trainer4_aws - INFO: [trainer4_aws.py:on_message:253] - Model received from coordinator!
2021-04-16 21:11:52,652 - trainer4_aws - INFO: [trainer4_aws.py:on_message:254] - Topic: fed_ml/coordinator/1/model
2021-04-16 21:11:52,654 - trainer4_aws - INFO: [trainer4_aws.py:train_model:99] - Start training...
2021-04-16 21:12:07,788 - trainer4_aws - INFO: [trainer4_aws.py:train_model:171] - Global Epoch:1 Iteration: 0  Loss: 774137.0625  Accuracy: 0.0 %
2021-04-16 21:12:23,016 - trainer4_aws - INFO: [trainer4_aws.py:train_model:171] - Global Epoch:1 Iteration: 10  Loss: 251579.34375  Accuracy: 25.12887954711914 %
2021-04-16 21:12:38,279 - trainer4_aws - INFO: [trainer4_aws.py:train_model:171] - Global Epoch:1 Iteration: 20  Loss: 26810.458984375  Accuracy: 44.72846603393555 %
2021-04-16 21:12:53,512 - trainer4_aws - INFO: [trainer4_aws.py:train_model:171] - Global Epoch:1 Iteration: 30  Loss: 3722.118896484375  Accuracy: 52.213623046875 %
2021-04-16 21:13:08,809 - trainer4_aws - INFO: [trainer4_aws.py:train_model:171] - Global Epoch:1 Iteration: 40  Loss: 2983.678466796875  Accuracy: 53.66357421875 %
2021-04-16 21:13:24,180 - trainer4_aws - INFO: [trainer4_aws.py:train_model:171] - Global Epoch:1 Iteration: 50  Loss: 4304.443359375  Accuracy: 64.93118286132812 %
2021-04-16 21:13:39,348 - trainer4_aws - INFO: [trainer4_aws.py:train_model:171] - Global Epoch:1 Iteration: 60  Loss: 2182.438232421875  Accuracy: 54.19245529174805 %
2021-04-16 21:13:54,620 - trainer4_aws - INFO: [trainer4_aws.py:train_model:171] - Global Epoch:1 Iteration: 70  Loss: 1937.584228515625  Accuracy: 75.1015396118164 %
2021-04-16 21:14:10,022 - trainer4_aws - INFO: [trainer4_aws.py:train_model:171] - Global Epoch:1 Iteration: 80  Loss: 2314.98388671875  Accuracy: 86.10169219970703 %
2021-04-16 21:14:25,428 - trainer4_aws - INFO: [trainer4_aws.py:train_model:171] - Global Epoch:1 Iteration: 90  Loss: 2208.24365234375  Accuracy: 76.9792251586914 %
2021-04-16 21:14:40,736 - trainer4_aws - INFO: [trainer4_aws.py:train_model:171] - Global Epoch:1 Iteration: 100  Loss: 1254.621337890625  Accuracy: 75.81594848632812 %
2021-04-16 21:14:55,971 - trainer4_aws - INFO: [trainer4_aws.py:train_model:171] - Global Epoch:1 Iteration: 110  Loss: 369.5992431640625  Accuracy: 85.8308334350586 %
2021-04-16 21:15:11,433 - trainer4_aws - INFO: [trainer4_aws.py:train_model:171] - Global Epoch:1 Iteration: 120  Loss: 526.1746215820312  Accuracy: 84.17901611328125 %
2021-04-16 21:15:26,828 - trainer4_aws - INFO: [trainer4_aws.py:train_model:171] - Global Epoch:1 Iteration: 130  Loss: 89.08711242675781  Accuracy: 95.95856475830078 %
2021-04-16 21:15:42,099 - trainer4_aws - INFO: [trainer4_aws.py:train_model:171] - Global Epoch:1 Iteration: 140  Loss: 525.2481079101562  Accuracy: 96.32855987548828 %
2021-04-16 21:15:57,424 - trainer4_aws - INFO: [trainer4_aws.py:train_model:171] - Global Epoch:1 Iteration: 150  Loss: 51.07456970214844  Accuracy: 86.76640319824219 %
2021-04-16 21:16:12,747 - trainer4_aws - INFO: [trainer4_aws.py:train_model:171] - Global Epoch:1 Iteration: 160  Loss: 78.02926635742188  Accuracy: 86.56288146972656 %
2021-04-16 21:16:28,062 - trainer4_aws - INFO: [trainer4_aws.py:train_model:171] - Global Epoch:1 Iteration: 170  Loss: 362.23712158203125  Accuracy: 87.06591033935547 %
2021-04-16 21:16:43,333 - trainer4_aws - INFO: [trainer4_aws.py:train_model:171] - Global Epoch:1 Iteration: 180  Loss: 23.21048927307129  Accuracy: 97.58207702636719 %
2021-04-16 21:16:58,520 - trainer4_aws - INFO: [trainer4_aws.py:train_model:171] - Global Epoch:1 Iteration: 190  Loss: 16.692106246948242  Accuracy: 97.74655151367188 %
2021-04-16 21:17:13,878 - trainer4_aws - INFO: [trainer4_aws.py:train_model:171] - Global Epoch:1 Iteration: 200  Loss: 83.13421630859375  Accuracy: 97.87983703613281 %
2021-04-16 21:17:29,161 - trainer4_aws - INFO: [trainer4_aws.py:train_model:171] - Global Epoch:1 Iteration: 210  Loss: 48.458309173583984  Accuracy: 98.13418579101562 %
2021-04-16 21:17:44,465 - trainer4_aws - INFO: [trainer4_aws.py:train_model:171] - Global Epoch:1 Iteration: 220  Loss: 68.19546508789062  Accuracy: 98.05156707763672 %
2021-04-16 21:17:59,683 - trainer4_aws - INFO: [trainer4_aws.py:train_model:171] - Global Epoch:1 Iteration: 230  Loss: 13.057074546813965  Accuracy: 98.12754821777344 %
2021-04-16 21:18:15,004 - trainer4_aws - INFO: [trainer4_aws.py:train_model:171] - Global Epoch:1 Iteration: 240  Loss: 10.485319137573242  Accuracy: 98.2889633178711 %
2021-04-16 21:18:30,313 - trainer4_aws - INFO: [trainer4_aws.py:train_model:171] - Global Epoch:1 Iteration: 250  Loss: 16.849897384643555  Accuracy: 98.30574035644531 %
2021-04-16 21:18:45,514 - trainer4_aws - INFO: [trainer4_aws.py:train_model:171] - Global Epoch:1 Iteration: 260  Loss: 9.795062065124512  Accuracy: 98.33089447021484 %
2021-04-16 21:19:00,727 - trainer4_aws - INFO: [trainer4_aws.py:train_model:171] - Global Epoch:1 Iteration: 270  Loss: 7.97168493270874  Accuracy: 98.60096740722656 %
2021-04-16 21:19:16,132 - trainer4_aws - INFO: [trainer4_aws.py:train_model:171] - Global Epoch:1 Iteration: 280  Loss: 33.4157829284668  Accuracy: 89.16310119628906 %
2021-04-16 21:19:31,369 - trainer4_aws - INFO: [trainer4_aws.py:train_model:171] - Global Epoch:1 Iteration: 290  Loss: 10.067167282104492  Accuracy: 88.07615661621094 %
2021-04-16 21:19:46,529 - trainer4_aws - INFO: [trainer4_aws.py:train_model:171] - Global Epoch:1 Iteration: 300  Loss: 33.59960174560547  Accuracy: 88.09581756591797 %
2021-04-16 21:20:01,861 - trainer4_aws - INFO: [trainer4_aws.py:train_model:171] - Global Epoch:1 Iteration: 310  Loss: 8.616386413574219  Accuracy: 98.27796936035156 %
2021-04-16 21:20:17,072 - trainer4_aws - INFO: [trainer4_aws.py:train_model:171] - Global Epoch:1 Iteration: 320  Loss: 45.03132629394531  Accuracy: 98.65766143798828 %
2021-04-16 21:20:32,243 - trainer4_aws - INFO: [trainer4_aws.py:train_model:171] - Global Epoch:1 Iteration: 330  Loss: 9.388204574584961  Accuracy: 98.7397689819336 %
2021-04-16 21:20:47,559 - trainer4_aws - INFO: [trainer4_aws.py:train_model:171] - Global Epoch:1 Iteration: 340  Loss: 19.832141876220703  Accuracy: 98.67635345458984 %
2021-04-16 21:21:02,954 - trainer4_aws - INFO: [trainer4_aws.py:train_model:171] - Global Epoch:1 Iteration: 350  Loss: 158.61648559570312  Accuracy: 98.8187255859375 %
2021-04-16 21:21:18,289 - trainer4_aws - INFO: [trainer4_aws.py:train_model:171] - Global Epoch:1 Iteration: 360  Loss: 139.92160034179688  Accuracy: 99.05963134765625 %
2021-04-16 21:21:33,564 - trainer4_aws - INFO: [trainer4_aws.py:train_model:171] - Global Epoch:1 Iteration: 370  Loss: 7.424304485321045  Accuracy: 98.85131072998047 %
2021-04-16 21:21:48,740 - trainer4_aws - INFO: [trainer4_aws.py:train_model:171] - Global Epoch:1 Iteration: 380  Loss: 25.278623580932617  Accuracy: 99.07919311523438 %
2021-04-16 21:22:04,025 - trainer4_aws - INFO: [trainer4_aws.py:train_model:171] - Global Epoch:1 Iteration: 390  Loss: 5.1533050537109375  Accuracy: 99.03045654296875 %
2021-04-16 21:22:19,212 - trainer4_aws - INFO: [trainer4_aws.py:train_model:171] - Global Epoch:1 Iteration: 400  Loss: 92.78739166259766  Accuracy: 99.17449188232422 %
2021-04-16 21:22:34,510 - trainer4_aws - INFO: [trainer4_aws.py:train_model:171] - Global Epoch:1 Iteration: 410  Loss: 153.8867950439453  Accuracy: 99.05062866210938 %
2021-04-16 21:22:49,695 - trainer4_aws - INFO: [trainer4_aws.py:train_model:171] - Global Epoch:1 Iteration: 420  Loss: 278.1873779296875  Accuracy: 99.21187591552734 %
2021-04-16 21:23:04,947 - trainer4_aws - INFO: [trainer4_aws.py:train_model:171] - Global Epoch:1 Iteration: 430  Loss: 6.537315368652344  Accuracy: 99.20043182373047 %
2021-04-16 21:23:20,282 - trainer4_aws - INFO: [trainer4_aws.py:train_model:171] - Global Epoch:1 Iteration: 440  Loss: 55.54701232910156  Accuracy: 88.77798461914062 %
2021-04-16 21:23:35,497 - trainer4_aws - INFO: [trainer4_aws.py:train_model:171] - Global Epoch:1 Iteration: 450  Loss: 22.43338394165039  Accuracy: 88.8502197265625 %
2021-04-16 21:23:50,519 - trainer4_aws - INFO: [trainer4_aws.py:train_model:171] - Global Epoch:1 Iteration: 460  Loss: 5.846172332763672  Accuracy: 99.11405181884766 %
2021-04-16 21:24:05,797 - trainer4_aws - INFO: [trainer4_aws.py:train_model:171] - Global Epoch:1 Iteration: 470  Loss: 151.3389434814453  Accuracy: 99.27162170410156 %
2021-04-16 21:24:20,891 - trainer4_aws - INFO: [trainer4_aws.py:train_model:171] - Global Epoch:1 Iteration: 480  Loss: 182.9514617919922  Accuracy: 99.13072967529297 %
2021-04-16 21:24:36,076 - trainer4_aws - INFO: [trainer4_aws.py:train_model:171] - Global Epoch:1 Iteration: 490  Loss: 108.15017700195312  Accuracy: 99.42561340332031 %
2021-04-16 21:24:51,207 - trainer4_aws - INFO: [trainer4_aws.py:train_model:171] - Global Epoch:1 Iteration: 500  Loss: 3.48974871635437  Accuracy: 99.3308334350586 %
2021-04-16 21:25:06,639 - trainer4_aws - INFO: [trainer4_aws.py:train_model:171] - Global Epoch:1 Iteration: 510  Loss: 4.616861820220947  Accuracy: 99.3167724609375 %
2021-04-16 21:25:21,983 - trainer4_aws - INFO: [trainer4_aws.py:train_model:171] - Global Epoch:1 Iteration: 520  Loss: 73.64506530761719  Accuracy: 99.34551239013672 %
2021-04-16 21:25:37,197 - trainer4_aws - INFO: [trainer4_aws.py:train_model:171] - Global Epoch:1 Iteration: 530  Loss: 5.536557674407959  Accuracy: 98.60385131835938 %
2021-04-16 21:25:52,507 - trainer4_aws - INFO: [trainer4_aws.py:train_model:171] - Global Epoch:1 Iteration: 540  Loss: 4.883033752441406  Accuracy: 99.20759582519531 %
2021-04-16 21:26:07,761 - trainer4_aws - INFO: [trainer4_aws.py:train_model:171] - Global Epoch:1 Iteration: 550  Loss: 322.75335693359375  Accuracy: 98.51231384277344 %
2021-04-16 21:26:23,051 - trainer4_aws - INFO: [trainer4_aws.py:train_model:171] - Global Epoch:1 Iteration: 560  Loss: 748.4141235351562  Accuracy: 99.22698211669922 %
2021-04-16 21:26:38,425 - trainer4_aws - INFO: [trainer4_aws.py:train_model:171] - Global Epoch:1 Iteration: 570  Loss: 4.864529132843018  Accuracy: 99.35101318359375 %
2021-04-16 21:26:53,583 - trainer4_aws - INFO: [trainer4_aws.py:train_model:171] - Global Epoch:1 Iteration: 580  Loss: 15.198714256286621  Accuracy: 99.2535400390625 %
2021-04-16 21:27:08,847 - trainer4_aws - INFO: [trainer4_aws.py:train_model:171] - Global Epoch:1 Iteration: 590  Loss: 16.641021728515625  Accuracy: 99.20436096191406 %
2021-04-16 21:27:24,154 - trainer4_aws - INFO: [trainer4_aws.py:train_model:171] - Global Epoch:1 Iteration: 600  Loss: 21.718786239624023  Accuracy: 99.25869750976562 %
2021-04-16 21:27:39,377 - trainer4_aws - INFO: [trainer4_aws.py:train_model:171] - Global Epoch:1 Iteration: 610  Loss: 33.56158447265625  Accuracy: 99.40918731689453 %
2021-04-16 21:27:54,623 - trainer4_aws - INFO: [trainer4_aws.py:train_model:171] - Global Epoch:1 Iteration: 620  Loss: 6.138580799102783  Accuracy: 99.30131530761719 %
2021-04-16 21:28:09,977 - trainer4_aws - INFO: [trainer4_aws.py:train_model:171] - Global Epoch:1 Iteration: 630  Loss: 3.3468222618103027  Accuracy: 99.42989349365234 %
2021-04-16 21:28:25,408 - trainer4_aws - INFO: [trainer4_aws.py:train_model:171] - Global Epoch:1 Iteration: 640  Loss: 4.13962984085083  Accuracy: 88.92604064941406 %
2021-04-16 21:28:40,566 - trainer4_aws - INFO: [trainer4_aws.py:train_model:171] - Global Epoch:1 Iteration: 650  Loss: 58.513587951660156  Accuracy: 88.96289825439453 %
2021-04-16 21:28:55,828 - trainer4_aws - INFO: [trainer4_aws.py:train_model:171] - Global Epoch:1 Iteration: 660  Loss: 17.660903930664062  Accuracy: 87.90050506591797 %
2021-04-16 21:29:11,180 - trainer4_aws - INFO: [trainer4_aws.py:train_model:171] - Global Epoch:1 Iteration: 670  Loss: 932.3594970703125  Accuracy: 99.28960418701172 %
2021-04-16 21:29:26,392 - trainer4_aws - INFO: [trainer4_aws.py:train_model:171] - Global Epoch:1 Iteration: 680  Loss: 3.592010259628296  Accuracy: 89.96922302246094 %
2021-04-16 21:29:41,649 - trainer4_aws - INFO: [trainer4_aws.py:train_model:171] - Global Epoch:1 Iteration: 690  Loss: 3.983536720275879  Accuracy: 99.4057846069336 %
2021-04-16 21:29:56,885 - trainer4_aws - INFO: [trainer4_aws.py:train_model:171] - Global Epoch:1 Iteration: 700  Loss: 10.433375358581543  Accuracy: 88.94752502441406 %
2021-04-16 21:30:12,519 - trainer4_aws - INFO: [trainer4_aws.py:train_model:171] - Global Epoch:1 Iteration: 710  Loss: 2.9138286113739014  Accuracy: 89.09199523925781 %
2021-04-16 21:30:27,793 - trainer4_aws - INFO: [trainer4_aws.py:train_model:171] - Global Epoch:1 Iteration: 720  Loss: 18.88427734375  Accuracy: 99.28113555908203 %
2021-04-16 21:30:43,238 - trainer4_aws - INFO: [trainer4_aws.py:train_model:171] - Global Epoch:1 Iteration: 730  Loss: 3.002465009689331  Accuracy: 98.88493347167969 %
2021-04-16 21:30:58,608 - trainer4_aws - INFO: [trainer4_aws.py:train_model:171] - Global Epoch:1 Iteration: 740  Loss: 5.889724254608154  Accuracy: 99.15422821044922 %
2021-04-16 21:31:13,945 - trainer4_aws - INFO: [trainer4_aws.py:train_model:171] - Global Epoch:1 Iteration: 750  Loss: 3.0131993293762207  Accuracy: 99.45548248291016 %
2021-04-16 21:31:29,206 - trainer4_aws - INFO: [trainer4_aws.py:train_model:171] - Global Epoch:1 Iteration: 760  Loss: 81.64005279541016  Accuracy: 99.173095703125 %
2021-04-16 21:31:44,708 - trainer4_aws - INFO: [trainer4_aws.py:train_model:171] - Global Epoch:1 Iteration: 770  Loss: 3.3892569541931152  Accuracy: 99.1626968383789 %
2021-04-16 21:32:00,039 - trainer4_aws - INFO: [trainer4_aws.py:train_model:171] - Global Epoch:1 Iteration: 780  Loss: 30.878704071044922  Accuracy: 99.0251235961914 %
2021-04-16 21:32:15,587 - trainer4_aws - INFO: [trainer4_aws.py:train_model:171] - Global Epoch:1 Iteration: 790  Loss: 14.736026763916016  Accuracy: 99.16007995605469 %
2021-04-16 21:32:30,999 - trainer4_aws - INFO: [trainer4_aws.py:train_model:171] - Global Epoch:1 Iteration: 800  Loss: 6.505969524383545  Accuracy: 99.3885726928711 %
2021-04-16 21:32:46,314 - trainer4_aws - INFO: [trainer4_aws.py:train_model:171] - Global Epoch:1 Iteration: 810  Loss: 5.366987228393555  Accuracy: 99.36542510986328 %
2021-04-16 21:33:01,577 - trainer4_aws - INFO: [trainer4_aws.py:train_model:171] - Global Epoch:1 Iteration: 820  Loss: 32.559974670410156  Accuracy: 99.50762176513672 %
2021-04-16 21:33:17,076 - trainer4_aws - INFO: [trainer4_aws.py:train_model:171] - Global Epoch:1 Iteration: 830  Loss: 11.676071166992188  Accuracy: 88.42449951171875 %
2021-04-16 21:33:32,489 - trainer4_aws - INFO: [trainer4_aws.py:train_model:171] - Global Epoch:1 Iteration: 840  Loss: 5.231547832489014  Accuracy: 99.53401184082031 %
2021-04-16 21:33:48,045 - trainer4_aws - INFO: [trainer4_aws.py:train_model:171] - Global Epoch:1 Iteration: 850  Loss: 11.776512145996094  Accuracy: 99.3521499633789 %
2021-04-16 21:34:03,653 - trainer4_aws - INFO: [trainer4_aws.py:train_model:171] - Global Epoch:1 Iteration: 860  Loss: 744.7040405273438  Accuracy: 99.40290069580078 %
2021-04-16 21:34:19,220 - trainer4_aws - INFO: [trainer4_aws.py:train_model:171] - Global Epoch:1 Iteration: 870  Loss: 3.295114517211914  Accuracy: 99.29389190673828 %
2021-04-16 21:34:34,685 - trainer4_aws - INFO: [trainer4_aws.py:train_model:171] - Global Epoch:1 Iteration: 880  Loss: 3.070354461669922  Accuracy: 99.38350677490234 %
2021-04-16 21:34:50,050 - trainer4_aws - INFO: [trainer4_aws.py:train_model:171] - Global Epoch:1 Iteration: 890  Loss: 4.261929512023926  Accuracy: 99.44264221191406 %
2021-04-16 21:35:05,572 - trainer4_aws - INFO: [trainer4_aws.py:train_model:171] - Global Epoch:1 Iteration: 900  Loss: 19.647655487060547  Accuracy: 98.98451232910156 %
2021-04-16 21:35:20,917 - trainer4_aws - INFO: [trainer4_aws.py:train_model:171] - Global Epoch:1 Iteration: 910  Loss: 3.8121378421783447  Accuracy: 99.56719970703125 %
2021-04-16 21:35:33,977 - trainer4_aws - INFO: [trainer4_aws.py:train_model:195] - Epoch 1 completed. Time taken (seconds): 1421.3227944374084
2021-04-16 21:35:33,977 - trainer4_aws - INFO: [trainer4_aws.py:train_model:197] - 
Accuracy: 99.50753784179688
2021-04-16 21:35:33,977 - trainer4_aws - INFO: [trainer4_aws.py:train_model:198] - 
LOSS:: 3.8121378421783447
2021-04-16 21:35:53,479 - trainer4_aws - INFO: [trainer4_aws.py:on_message:253] - Model received from coordinator!
2021-04-16 21:35:53,479 - trainer4_aws - INFO: [trainer4_aws.py:on_message:254] - Topic: fed_ml/coordinator/2/model
2021-04-16 21:35:53,480 - trainer4_aws - INFO: [trainer4_aws.py:train_model:99] - Start training...
2021-04-16 21:36:08,359 - trainer4_aws - INFO: [trainer4_aws.py:train_model:171] - Global Epoch:2 Iteration: 0  Loss: 5625.43017578125  Accuracy: 36.18519592285156 %
2021-04-16 21:36:23,485 - trainer4_aws - INFO: [trainer4_aws.py:train_model:171] - Global Epoch:2 Iteration: 10  Loss: 2404.86669921875  Accuracy: 57.255348205566406 %
2021-04-16 21:36:38,651 - trainer4_aws - INFO: [trainer4_aws.py:train_model:171] - Global Epoch:2 Iteration: 20  Loss: 475.3629455566406  Accuracy: 49.83220672607422 %
2021-04-16 21:36:53,875 - trainer4_aws - INFO: [trainer4_aws.py:train_model:171] - Global Epoch:2 Iteration: 30  Loss: 1811.5843505859375  Accuracy: 76.0321273803711 %
2021-04-16 21:37:09,073 - trainer4_aws - INFO: [trainer4_aws.py:train_model:171] - Global Epoch:2 Iteration: 40  Loss: 87.28327178955078  Accuracy: 74.62908935546875 %
2021-04-16 21:37:24,329 - trainer4_aws - INFO: [trainer4_aws.py:train_model:171] - Global Epoch:2 Iteration: 50  Loss: 477.0581970214844  Accuracy: 86.9832763671875 %
2021-04-16 21:37:39,514 - trainer4_aws - INFO: [trainer4_aws.py:train_model:171] - Global Epoch:2 Iteration: 60  Loss: 30.05022430419922  Accuracy: 88.27941131591797 %
2021-04-16 21:37:54,619 - trainer4_aws - INFO: [trainer4_aws.py:train_model:171] - Global Epoch:2 Iteration: 70  Loss: 19.0945987701416  Accuracy: 97.83232116699219 %
2021-04-16 21:38:09,825 - trainer4_aws - INFO: [trainer4_aws.py:train_model:171] - Global Epoch:2 Iteration: 80  Loss: 225.1759490966797  Accuracy: 87.98278045654297 %
2021-04-16 21:38:25,278 - trainer4_aws - INFO: [trainer4_aws.py:train_model:171] - Global Epoch:2 Iteration: 90  Loss: 12.822790145874023  Accuracy: 98.4020004272461 %
2021-04-16 21:38:40,490 - trainer4_aws - INFO: [trainer4_aws.py:train_model:171] - Global Epoch:2 Iteration: 100  Loss: 17.641122817993164  Accuracy: 98.43116760253906 %
2021-04-16 21:38:55,700 - trainer4_aws - INFO: [trainer4_aws.py:train_model:171] - Global Epoch:2 Iteration: 110  Loss: 287.94061279296875  Accuracy: 92.69853210449219 %
2021-04-16 21:39:10,973 - trainer4_aws - INFO: [trainer4_aws.py:train_model:171] - Global Epoch:2 Iteration: 120  Loss: 8.643823623657227  Accuracy: 98.8580322265625 %
2021-04-16 21:39:26,235 - trainer4_aws - INFO: [trainer4_aws.py:train_model:171] - Global Epoch:2 Iteration: 130  Loss: 18.657747268676758  Accuracy: 89.46549224853516 %
2021-04-16 21:39:41,471 - trainer4_aws - INFO: [trainer4_aws.py:train_model:171] - Global Epoch:2 Iteration: 140  Loss: 6.95119047164917  Accuracy: 98.88895416259766 %
2021-04-16 21:39:56,793 - trainer4_aws - INFO: [trainer4_aws.py:train_model:171] - Global Epoch:2 Iteration: 150  Loss: 27.606985092163086  Accuracy: 88.45140075683594 %
2021-04-16 21:40:12,282 - trainer4_aws - INFO: [trainer4_aws.py:train_model:171] - Global Epoch:2 Iteration: 160  Loss: 15.5100736618042  Accuracy: 98.81138610839844 %
2021-04-16 21:40:27,572 - trainer4_aws - INFO: [trainer4_aws.py:train_model:171] - Global Epoch:2 Iteration: 170  Loss: 15.727100372314453  Accuracy: 98.73880767822266 %
2021-04-16 21:40:42,877 - trainer4_aws - INFO: [trainer4_aws.py:train_model:171] - Global Epoch:2 Iteration: 180  Loss: 47.94713592529297  Accuracy: 98.83060455322266 %
2021-04-16 21:40:58,218 - trainer4_aws - INFO: [trainer4_aws.py:train_model:171] - Global Epoch:2 Iteration: 190  Loss: 445.1437072753906  Accuracy: 98.90554809570312 %
2021-04-16 21:41:13,465 - trainer4_aws - INFO: [trainer4_aws.py:train_model:171] - Global Epoch:2 Iteration: 200  Loss: 6.574400901794434  Accuracy: 99.01245880126953 %
2021-04-16 21:41:28,819 - trainer4_aws - INFO: [trainer4_aws.py:train_model:171] - Global Epoch:2 Iteration: 210  Loss: 13.114025115966797  Accuracy: 98.78003692626953 %
2021-04-16 21:41:44,110 - trainer4_aws - INFO: [trainer4_aws.py:train_model:171] - Global Epoch:2 Iteration: 220  Loss: 6.031898021697998  Accuracy: 99.2425308227539 %
2021-04-16 21:41:59,334 - trainer4_aws - INFO: [trainer4_aws.py:train_model:171] - Global Epoch:2 Iteration: 230  Loss: 12.665814399719238  Accuracy: 88.83048248291016 %
2021-04-16 21:42:14,664 - trainer4_aws - INFO: [trainer4_aws.py:train_model:171] - Global Epoch:2 Iteration: 240  Loss: 124.73082733154297  Accuracy: 88.71151733398438 %
2021-04-16 21:42:29,808 - trainer4_aws - INFO: [trainer4_aws.py:train_model:171] - Global Epoch:2 Iteration: 250  Loss: 2.545522689819336  Accuracy: 88.99137878417969 %
2021-04-16 21:42:45,147 - trainer4_aws - INFO: [trainer4_aws.py:train_model:171] - Global Epoch:2 Iteration: 260  Loss: 4.354360103607178  Accuracy: 99.10548400878906 %
2021-04-16 21:43:00,195 - trainer4_aws - INFO: [trainer4_aws.py:train_model:171] - Global Epoch:2 Iteration: 270  Loss: 3.5278117656707764  Accuracy: 99.38158416748047 %
2021-04-16 21:43:15,451 - trainer4_aws - INFO: [trainer4_aws.py:train_model:171] - Global Epoch:2 Iteration: 280  Loss: 4.564112663269043  Accuracy: 99.2365951538086 %
2021-04-16 21:43:30,636 - trainer4_aws - INFO: [trainer4_aws.py:train_model:171] - Global Epoch:2 Iteration: 290  Loss: 1.814211130142212  Accuracy: 99.34979248046875 %
2021-04-16 21:43:45,703 - trainer4_aws - INFO: [trainer4_aws.py:train_model:171] - Global Epoch:2 Iteration: 300  Loss: 3.068067789077759  Accuracy: 99.26463317871094 %
2021-04-16 21:44:00,884 - trainer4_aws - INFO: [trainer4_aws.py:train_model:171] - Global Epoch:2 Iteration: 310  Loss: 4.977202892303467  Accuracy: 99.4558334350586 %
2021-04-16 21:44:16,228 - trainer4_aws - INFO: [trainer4_aws.py:train_model:171] - Global Epoch:2 Iteration: 320  Loss: 2.6396846771240234  Accuracy: 99.39669799804688 %
2021-04-16 21:44:31,452 - trainer4_aws - INFO: [trainer4_aws.py:train_model:171] - Global Epoch:2 Iteration: 330  Loss: 12.875243186950684  Accuracy: 98.14555358886719 %
2021-04-16 21:44:46,681 - trainer4_aws - INFO: [trainer4_aws.py:train_model:171] - Global Epoch:2 Iteration: 340  Loss: 2.4473915100097656  Accuracy: 99.3312759399414 %
2021-04-16 21:45:01,965 - trainer4_aws - INFO: [trainer4_aws.py:train_model:171] - Global Epoch:2 Iteration: 350  Loss: 2.9617276191711426  Accuracy: 99.34944152832031 %
2021-04-16 21:45:17,228 - trainer4_aws - INFO: [trainer4_aws.py:train_model:171] - Global Epoch:2 Iteration: 360  Loss: 5.6901350021362305  Accuracy: 99.50850677490234 %
2021-04-16 21:45:32,448 - trainer4_aws - INFO: [trainer4_aws.py:train_model:171] - Global Epoch:2 Iteration: 370  Loss: 9.035731315612793  Accuracy: 99.37031555175781 %
2021-04-16 21:45:47,783 - trainer4_aws - INFO: [trainer4_aws.py:train_model:171] - Global Epoch:2 Iteration: 380  Loss: 66.01366424560547  Accuracy: 89.0645751953125 %
2021-04-16 21:46:03,276 - trainer4_aws - INFO: [trainer4_aws.py:train_model:171] - Global Epoch:2 Iteration: 390  Loss: 18.695497512817383  Accuracy: 99.36795806884766 %
2021-04-16 21:46:18,529 - trainer4_aws - INFO: [trainer4_aws.py:train_model:171] - Global Epoch:2 Iteration: 400  Loss: 2.789616823196411  Accuracy: 90.07718658447266 %
2021-04-16 21:46:33,856 - trainer4_aws - INFO: [trainer4_aws.py:train_model:171] - Global Epoch:2 Iteration: 410  Loss: 2.2285683155059814  Accuracy: 99.4549560546875 %
2021-04-16 21:46:49,129 - trainer4_aws - INFO: [trainer4_aws.py:train_model:171] - Global Epoch:2 Iteration: 420  Loss: 38.558349609375  Accuracy: 99.46159362792969 %
2021-04-16 21:47:04,421 - trainer4_aws - INFO: [trainer4_aws.py:train_model:171] - Global Epoch:2 Iteration: 430  Loss: 4.068024635314941  Accuracy: 99.51819610595703 %
2021-04-16 21:47:19,640 - trainer4_aws - INFO: [trainer4_aws.py:train_model:171] - Global Epoch:2 Iteration: 440  Loss: 7.477402210235596  Accuracy: 99.10540008544922 %
2021-04-16 21:47:35,160 - trainer4_aws - INFO: [trainer4_aws.py:train_model:171] - Global Epoch:2 Iteration: 450  Loss: 144.81932067871094  Accuracy: 99.59243774414062 %
2021-04-16 21:47:50,421 - trainer4_aws - INFO: [trainer4_aws.py:train_model:171] - Global Epoch:2 Iteration: 460  Loss: 11.168558120727539  Accuracy: 99.11894226074219 %
2021-04-16 21:48:05,772 - trainer4_aws - INFO: [trainer4_aws.py:train_model:171] - Global Epoch:2 Iteration: 470  Loss: 2.067037582397461  Accuracy: 99.43451690673828 %
2021-04-16 21:48:21,112 - trainer4_aws - INFO: [trainer4_aws.py:train_model:171] - Global Epoch:2 Iteration: 480  Loss: 8.375463485717773  Accuracy: 99.62877655029297 %
2021-04-16 21:48:36,324 - trainer4_aws - INFO: [trainer4_aws.py:train_model:171] - Global Epoch:2 Iteration: 490  Loss: 9.915619850158691  Accuracy: 99.6506118774414 %
2021-04-16 21:48:51,499 - trainer4_aws - INFO: [trainer4_aws.py:train_model:171] - Global Epoch:2 Iteration: 500  Loss: 1.9268630743026733  Accuracy: 99.53339385986328 %
2021-04-16 21:49:06,829 - trainer4_aws - INFO: [trainer4_aws.py:train_model:171] - Global Epoch:2 Iteration: 510  Loss: 2.083317279815674  Accuracy: 99.6339340209961 %
2021-04-16 21:49:22,170 - trainer4_aws - INFO: [trainer4_aws.py:train_model:171] - Global Epoch:2 Iteration: 520  Loss: 5.092733383178711  Accuracy: 99.6514892578125 %
2021-04-16 21:49:37,584 - trainer4_aws - INFO: [trainer4_aws.py:train_model:171] - Global Epoch:2 Iteration: 530  Loss: 8.254297256469727  Accuracy: 99.46640014648438 %
2021-04-16 21:49:52,967 - trainer4_aws - INFO: [trainer4_aws.py:train_model:171] - Global Epoch:2 Iteration: 540  Loss: 75.70559692382812  Accuracy: 89.48165130615234 %
2021-04-16 21:50:08,260 - trainer4_aws - INFO: [trainer4_aws.py:train_model:171] - Global Epoch:2 Iteration: 550  Loss: 57.80286407470703  Accuracy: 99.40604400634766 %
2021-04-16 21:50:23,677 - trainer4_aws - INFO: [trainer4_aws.py:train_model:171] - Global Epoch:2 Iteration: 560  Loss: 3.658789873123169  Accuracy: 99.47994232177734 %
2021-04-16 21:50:38,988 - trainer4_aws - INFO: [trainer4_aws.py:train_model:171] - Global Epoch:2 Iteration: 570  Loss: 6.860417366027832  Accuracy: 99.01254272460938 %
2021-04-16 21:50:54,427 - trainer4_aws - INFO: [trainer4_aws.py:train_model:171] - Global Epoch:2 Iteration: 580  Loss: 1.8755099773406982  Accuracy: 99.46534729003906 %
2021-04-16 21:51:09,713 - trainer4_aws - INFO: [trainer4_aws.py:train_model:171] - Global Epoch:2 Iteration: 590  Loss: 72.4095687866211  Accuracy: 99.73551177978516 %
2021-04-16 21:51:24,941 - trainer4_aws - INFO: [trainer4_aws.py:train_model:171] - Global Epoch:2 Iteration: 600  Loss: 0.23567509651184082  Accuracy: 99.68223571777344 %
2021-04-16 21:51:40,186 - trainer4_aws - INFO: [trainer4_aws.py:train_model:171] - Global Epoch:2 Iteration: 610  Loss: 0.9952941536903381  Accuracy: 89.5355453491211 %
2021-04-16 21:51:55,415 - trainer4_aws - INFO: [trainer4_aws.py:train_model:171] - Global Epoch:2 Iteration: 620  Loss: 158.55348205566406  Accuracy: 99.5993423461914 %
2021-04-16 21:52:10,640 - trainer4_aws - INFO: [trainer4_aws.py:train_model:171] - Global Epoch:2 Iteration: 630  Loss: 9.556154251098633  Accuracy: 99.48177337646484 %
2021-04-16 21:52:25,889 - trainer4_aws - INFO: [trainer4_aws.py:train_model:171] - Global Epoch:2 Iteration: 640  Loss: 1.0395747423171997  Accuracy: 99.70870208740234 %
2021-04-16 21:52:41,157 - trainer4_aws - INFO: [trainer4_aws.py:train_model:171] - Global Epoch:2 Iteration: 650  Loss: 6.597133636474609  Accuracy: 99.6957778930664 %
2021-04-16 21:52:56,381 - trainer4_aws - INFO: [trainer4_aws.py:train_model:171] - Global Epoch:2 Iteration: 660  Loss: 3.2737855911254883  Accuracy: 99.69969940185547 %
2021-04-16 21:53:11,643 - trainer4_aws - INFO: [trainer4_aws.py:train_model:171] - Global Epoch:2 Iteration: 670  Loss: 1.0792498588562012  Accuracy: 89.46199798583984 %
2021-04-16 21:53:27,069 - trainer4_aws - INFO: [trainer4_aws.py:train_model:171] - Global Epoch:2 Iteration: 680  Loss: 94.98363494873047  Accuracy: 89.18659973144531 %
2021-04-16 21:53:42,557 - trainer4_aws - INFO: [trainer4_aws.py:train_model:171] - Global Epoch:2 Iteration: 690  Loss: 116.32796478271484  Accuracy: 89.21376037597656 %
2021-04-16 21:53:57,897 - trainer4_aws - INFO: [trainer4_aws.py:train_model:171] - Global Epoch:2 Iteration: 700  Loss: 30.31043815612793  Accuracy: 89.15960693359375 %
2021-04-16 21:54:13,397 - trainer4_aws - INFO: [trainer4_aws.py:train_model:171] - Global Epoch:2 Iteration: 710  Loss: 14.290043830871582  Accuracy: 89.06893920898438 %
2021-04-16 21:54:28,799 - trainer4_aws - INFO: [trainer4_aws.py:train_model:171] - Global Epoch:2 Iteration: 720  Loss: 5.622630596160889  Accuracy: 89.10588836669922 %
2021-04-16 21:54:44,157 - trainer4_aws - INFO: [trainer4_aws.py:train_model:171] - Global Epoch:2 Iteration: 730  Loss: 1.9186570644378662  Accuracy: 88.29915618896484 %
2021-04-16 21:54:59,402 - trainer4_aws - INFO: [trainer4_aws.py:train_model:171] - Global Epoch:2 Iteration: 740  Loss: 2.4751718044281006  Accuracy: 89.38854217529297 %
2021-04-16 21:55:14,741 - trainer4_aws - INFO: [trainer4_aws.py:train_model:171] - Global Epoch:2 Iteration: 750  Loss: 7.8629679679870605  Accuracy: 89.17977905273438 %
2021-04-16 21:55:29,881 - trainer4_aws - INFO: [trainer4_aws.py:train_model:171] - Global Epoch:2 Iteration: 760  Loss: 15.434947967529297  Accuracy: 88.92132568359375 %
2021-04-16 21:55:45,338 - trainer4_aws - INFO: [trainer4_aws.py:train_model:171] - Global Epoch:2 Iteration: 770  Loss: 58.63701248168945  Accuracy: 99.3819351196289 %
2021-04-16 21:56:00,725 - trainer4_aws - INFO: [trainer4_aws.py:train_model:171] - Global Epoch:2 Iteration: 780  Loss: 15.822260856628418  Accuracy: 99.24410247802734 %
2021-04-16 21:56:16,003 - trainer4_aws - INFO: [trainer4_aws.py:train_model:171] - Global Epoch:2 Iteration: 790  Loss: 22.327964782714844  Accuracy: 99.46185302734375 %
2021-04-16 21:56:31,204 - trainer4_aws - INFO: [trainer4_aws.py:train_model:171] - Global Epoch:2 Iteration: 800  Loss: 5.926207542419434  Accuracy: 99.59384155273438 %
2021-04-16 21:56:46,572 - trainer4_aws - INFO: [trainer4_aws.py:train_model:171] - Global Epoch:2 Iteration: 810  Loss: 2.5278818607330322  Accuracy: 99.4549560546875 %
2021-04-16 21:57:01,892 - trainer4_aws - INFO: [trainer4_aws.py:train_model:171] - Global Epoch:2 Iteration: 820  Loss: 0.9749550819396973  Accuracy: 99.76800537109375 %
2021-04-16 21:57:17,283 - trainer4_aws - INFO: [trainer4_aws.py:train_model:171] - Global Epoch:2 Iteration: 830  Loss: 3.7854256629943848  Accuracy: 99.57427215576172 %
2021-04-16 21:57:32,652 - trainer4_aws - INFO: [trainer4_aws.py:train_model:171] - Global Epoch:2 Iteration: 840  Loss: 2.4113264083862305  Accuracy: 99.68354797363281 %
2021-04-16 21:57:47,933 - trainer4_aws - INFO: [trainer4_aws.py:train_model:171] - Global Epoch:2 Iteration: 850  Loss: 172.867919921875  Accuracy: 99.26759338378906 %
2021-04-16 21:58:03,260 - trainer4_aws - INFO: [trainer4_aws.py:train_model:171] - Global Epoch:2 Iteration: 860  Loss: 30.91610336303711  Accuracy: 99.62965393066406 %
2021-04-16 21:58:18,593 - trainer4_aws - INFO: [trainer4_aws.py:train_model:171] - Global Epoch:2 Iteration: 870  Loss: 1.809834361076355  Accuracy: 99.4194107055664 %
2021-04-16 21:58:33,921 - trainer4_aws - INFO: [trainer4_aws.py:train_model:171] - Global Epoch:2 Iteration: 880  Loss: 7.272952556610107  Accuracy: 98.68307495117188 %
2021-04-16 21:58:49,096 - trainer4_aws - INFO: [trainer4_aws.py:train_model:171] - Global Epoch:2 Iteration: 890  Loss: 1.7956300973892212  Accuracy: 99.67577362060547 %
2021-04-16 21:59:04,440 - trainer4_aws - INFO: [trainer4_aws.py:train_model:171] - Global Epoch:2 Iteration: 900  Loss: 13.942459106445312  Accuracy: 99.61995697021484 %
2021-04-16 21:59:19,730 - trainer4_aws - INFO: [trainer4_aws.py:train_model:171] - Global Epoch:2 Iteration: 910  Loss: 8.838860511779785  Accuracy: 99.61532592773438 %
2021-04-16 21:59:32,875 - trainer4_aws - INFO: [trainer4_aws.py:train_model:195] - Epoch 2 completed. Time taken (seconds): 1419.3947641849518
2021-04-16 21:59:32,876 - trainer4_aws - INFO: [trainer4_aws.py:train_model:197] - 
Accuracy: 99.58379364013672
2021-04-16 21:59:32,876 - trainer4_aws - INFO: [trainer4_aws.py:train_model:198] - 
LOSS:: 8.838860511779785
2021-04-16 21:59:52,331 - trainer4_aws - INFO: [trainer4_aws.py:on_message:253] - Model received from coordinator!
2021-04-16 21:59:52,331 - trainer4_aws - INFO: [trainer4_aws.py:on_message:254] - Topic: fed_ml/coordinator/3/model
2021-04-16 21:59:52,332 - trainer4_aws - INFO: [trainer4_aws.py:train_model:99] - Start training...
2021-04-16 22:00:07,367 - trainer4_aws - INFO: [trainer4_aws.py:train_model:171] - Global Epoch:3 Iteration: 0  Loss: 5897.0234375  Accuracy: 36.53842544555664 %
2021-04-16 22:00:22,665 - trainer4_aws - INFO: [trainer4_aws.py:train_model:171] - Global Epoch:3 Iteration: 10  Loss: 1045.812744140625  Accuracy: 65.52723693847656 %
2021-04-16 22:00:37,669 - trainer4_aws - INFO: [trainer4_aws.py:train_model:171] - Global Epoch:3 Iteration: 20  Loss: 233.42184448242188  Accuracy: 57.22311782836914 %
2021-04-16 22:00:52,819 - trainer4_aws - INFO: [trainer4_aws.py:train_model:171] - Global Epoch:3 Iteration: 30  Loss: 186.6864471435547  Accuracy: 66.21743774414062 %
2021-04-16 22:01:08,115 - trainer4_aws - INFO: [trainer4_aws.py:train_model:171] - Global Epoch:3 Iteration: 40  Loss: 125.62971496582031  Accuracy: 87.63812255859375 %
2021-04-16 22:01:23,290 - trainer4_aws - INFO: [trainer4_aws.py:train_model:171] - Global Epoch:3 Iteration: 50  Loss: 112.58072662353516  Accuracy: 87.67811584472656 %
2021-04-16 22:01:38,375 - trainer4_aws - INFO: [trainer4_aws.py:train_model:171] - Global Epoch:3 Iteration: 60  Loss: 110.37732696533203  Accuracy: 87.65924835205078 %
2021-04-16 22:01:53,692 - trainer4_aws - INFO: [trainer4_aws.py:train_model:171] - Global Epoch:3 Iteration: 70  Loss: 80.8088150024414  Accuracy: 86.91217803955078 %
2021-04-16 22:02:08,885 - trainer4_aws - INFO: [trainer4_aws.py:train_model:171] - Global Epoch:3 Iteration: 80  Loss: 63.98302459716797  Accuracy: 86.85173797607422 %
2021-04-16 22:02:23,967 - trainer4_aws - INFO: [trainer4_aws.py:train_model:171] - Global Epoch:3 Iteration: 90  Loss: 92.73790740966797  Accuracy: 86.94843292236328 %
2021-04-16 22:02:39,225 - trainer4_aws - INFO: [trainer4_aws.py:train_model:171] - Global Epoch:3 Iteration: 100  Loss: 37.96369171142578  Accuracy: 86.8864974975586 %
2021-04-16 22:02:54,420 - trainer4_aws - INFO: [trainer4_aws.py:train_model:171] - Global Epoch:3 Iteration: 110  Loss: 33.8716926574707  Accuracy: 95.7702407836914 %
2021-04-16 22:03:09,577 - trainer4_aws - INFO: [trainer4_aws.py:train_model:171] - Global Epoch:3 Iteration: 120  Loss: 21.96914291381836  Accuracy: 98.34207153320312 %
2021-04-16 22:03:24,733 - trainer4_aws - INFO: [trainer4_aws.py:train_model:171] - Global Epoch:3 Iteration: 130  Loss: 20.741600036621094  Accuracy: 98.54253387451172 %
2021-04-16 22:03:39,974 - trainer4_aws - INFO: [trainer4_aws.py:train_model:171] - Global Epoch:3 Iteration: 140  Loss: 246.53912353515625  Accuracy: 98.5331039428711 %
2021-04-16 22:03:55,321 - trainer4_aws - INFO: [trainer4_aws.py:train_model:171] - Global Epoch:3 Iteration: 150  Loss: 17.541555404663086  Accuracy: 98.72946166992188 %
2021-04-16 22:04:10,521 - trainer4_aws - INFO: [trainer4_aws.py:train_model:171] - Global Epoch:3 Iteration: 160  Loss: 121.72168731689453  Accuracy: 98.64463806152344 %
2021-04-16 22:04:25,794 - trainer4_aws - INFO: [trainer4_aws.py:train_model:171] - Global Epoch:3 Iteration: 170  Loss: 4.7301530838012695  Accuracy: 98.87419128417969 %
2021-04-16 22:04:41,057 - trainer4_aws - INFO: [trainer4_aws.py:train_model:171] - Global Epoch:3 Iteration: 180  Loss: 232.09832763671875  Accuracy: 98.82266235351562 %
2021-04-16 22:04:56,182 - trainer4_aws - INFO: [trainer4_aws.py:train_model:171] - Global Epoch:3 Iteration: 190  Loss: 5.1078901290893555  Accuracy: 99.01298522949219 %
2021-04-16 22:05:11,490 - trainer4_aws - INFO: [trainer4_aws.py:train_model:171] - Global Epoch:3 Iteration: 200  Loss: 68.79753112792969  Accuracy: 99.1711654663086 %
2021-04-16 22:05:26,779 - trainer4_aws - INFO: [trainer4_aws.py:train_model:171] - Global Epoch:3 Iteration: 210  Loss: 9.912158012390137  Accuracy: 97.74227142333984 %
2021-04-16 22:05:41,795 - trainer4_aws - INFO: [trainer4_aws.py:train_model:171] - Global Epoch:3 Iteration: 220  Loss: 18.76140785217285  Accuracy: 99.14382934570312 %
2021-04-16 22:05:57,042 - trainer4_aws - INFO: [trainer4_aws.py:train_model:171] - Global Epoch:3 Iteration: 230  Loss: 23.071041107177734  Accuracy: 99.13186645507812 %
2021-04-16 22:06:12,433 - trainer4_aws - INFO: [trainer4_aws.py:train_model:171] - Global Epoch:3 Iteration: 240  Loss: 9.792808532714844  Accuracy: 97.94761657714844 %
2021-04-16 22:06:27,699 - trainer4_aws - INFO: [trainer4_aws.py:train_model:171] - Global Epoch:3 Iteration: 250  Loss: 5.1561970710754395  Accuracy: 99.27861022949219 %
2021-04-16 22:06:42,847 - trainer4_aws - INFO: [trainer4_aws.py:train_model:171] - Global Epoch:3 Iteration: 260  Loss: 20.03627586364746  Accuracy: 99.48797607421875 %
2021-04-16 22:06:58,076 - trainer4_aws - INFO: [trainer4_aws.py:train_model:171] - Global Epoch:3 Iteration: 270  Loss: 7.078690528869629  Accuracy: 99.45032501220703 %
2021-04-16 22:07:13,315 - trainer4_aws - INFO: [trainer4_aws.py:train_model:171] - Global Epoch:3 Iteration: 280  Loss: 3.218639373779297  Accuracy: 99.3247299194336 %
2021-04-16 22:07:28,505 - trainer4_aws - INFO: [trainer4_aws.py:train_model:171] - Global Epoch:3 Iteration: 290  Loss: 1.5913817882537842  Accuracy: 89.05950927734375 %
2021-04-16 22:07:43,943 - trainer4_aws - INFO: [trainer4_aws.py:train_model:171] - Global Epoch:3 Iteration: 300  Loss: 44.526451110839844  Accuracy: 99.42595672607422 %
2021-04-16 22:07:59,252 - trainer4_aws - INFO: [trainer4_aws.py:train_model:171] - Global Epoch:3 Iteration: 310  Loss: 3.473357915878296  Accuracy: 99.48526000976562 %
2021-04-16 22:08:14,717 - trainer4_aws - INFO: [trainer4_aws.py:train_model:171] - Global Epoch:3 Iteration: 320  Loss: 50.18124008178711  Accuracy: 99.2938003540039 %
2021-04-16 22:08:30,108 - trainer4_aws - INFO: [trainer4_aws.py:train_model:171] - Global Epoch:3 Iteration: 330  Loss: 1.8235046863555908  Accuracy: 99.38822174072266 %
2021-04-16 22:08:45,373 - trainer4_aws - INFO: [trainer4_aws.py:train_model:171] - Global Epoch:3 Iteration: 340  Loss: 77.12557983398438  Accuracy: 99.32209777832031 %
2021-04-16 22:09:00,581 - trainer4_aws - INFO: [trainer4_aws.py:train_model:171] - Global Epoch:3 Iteration: 350  Loss: 5.962347507476807  Accuracy: 99.34647369384766 %
2021-04-16 22:09:15,975 - trainer4_aws - INFO: [trainer4_aws.py:train_model:171] - Global Epoch:3 Iteration: 360  Loss: 8.886589050292969  Accuracy: 90.03053283691406 %
2021-04-16 22:09:31,257 - trainer4_aws - INFO: [trainer4_aws.py:train_model:171] - Global Epoch:3 Iteration: 370  Loss: 5.471246242523193  Accuracy: 99.37853240966797 %
2021-04-16 22:09:46,580 - trainer4_aws - INFO: [trainer4_aws.py:train_model:171] - Global Epoch:3 Iteration: 380  Loss: 7.424873352050781  Accuracy: 99.32279968261719 %
2021-04-16 22:10:01,849 - trainer4_aws - INFO: [trainer4_aws.py:train_model:171] - Global Epoch:3 Iteration: 390  Loss: 5.626347064971924  Accuracy: 99.38805389404297 %
2021-04-16 22:10:17,276 - trainer4_aws - INFO: [trainer4_aws.py:train_model:171] - Global Epoch:3 Iteration: 400  Loss: 4.765789985656738  Accuracy: 99.45067596435547 %
2021-04-16 22:10:32,539 - trainer4_aws - INFO: [trainer4_aws.py:train_model:171] - Global Epoch:3 Iteration: 410  Loss: 3.718518018722534  Accuracy: 99.58161163330078 %
2021-04-16 22:10:47,925 - trainer4_aws - INFO: [trainer4_aws.py:train_model:171] - Global Epoch:3 Iteration: 420  Loss: 4.103479862213135  Accuracy: 99.3932113647461 %
2021-04-16 22:11:03,407 - trainer4_aws - INFO: [trainer4_aws.py:train_model:171] - Global Epoch:3 Iteration: 430  Loss: 3.647251605987549  Accuracy: 98.09400939941406 %
2021-04-16 22:11:18,655 - trainer4_aws - INFO: [trainer4_aws.py:train_model:171] - Global Epoch:3 Iteration: 440  Loss: 4.860611915588379  Accuracy: 99.45556640625 %
2021-04-16 22:11:33,975 - trainer4_aws - INFO: [trainer4_aws.py:train_model:171] - Global Epoch:3 Iteration: 450  Loss: 11.21058464050293  Accuracy: 99.57462310791016 %
2021-04-16 22:11:49,455 - trainer4_aws - INFO: [trainer4_aws.py:train_model:171] - Global Epoch:3 Iteration: 460  Loss: 2.9219727516174316  Accuracy: 99.61026000976562 %
2021-04-16 22:12:04,883 - trainer4_aws - INFO: [trainer4_aws.py:train_model:171] - Global Epoch:3 Iteration: 470  Loss: 6.133657932281494  Accuracy: 99.40412139892578 %
2021-04-16 22:12:20,159 - trainer4_aws - INFO: [trainer4_aws.py:train_model:171] - Global Epoch:3 Iteration: 480  Loss: 12.326590538024902  Accuracy: 99.6189956665039 %
2021-04-16 22:12:35,693 - trainer4_aws - INFO: [trainer4_aws.py:train_model:171] - Global Epoch:3 Iteration: 490  Loss: 51.870628356933594  Accuracy: 99.66938781738281 %
2021-04-16 22:12:51,066 - trainer4_aws - INFO: [trainer4_aws.py:train_model:171] - Global Epoch:3 Iteration: 500  Loss: 10.191768646240234  Accuracy: 99.62205505371094 %
2021-04-16 22:13:06,558 - trainer4_aws - INFO: [trainer4_aws.py:train_model:171] - Global Epoch:3 Iteration: 510  Loss: 2.9970853328704834  Accuracy: 89.15567016601562 %
2021-04-16 22:13:21,991 - trainer4_aws - INFO: [trainer4_aws.py:train_model:171] - Global Epoch:3 Iteration: 520  Loss: 3.8276848793029785  Accuracy: 89.04360961914062 %
2021-04-16 22:13:37,381 - trainer4_aws - INFO: [trainer4_aws.py:train_model:171] - Global Epoch:3 Iteration: 530  Loss: 4.65241813659668  Accuracy: 89.13235473632812 %
2021-04-16 22:13:52,786 - trainer4_aws - INFO: [trainer4_aws.py:train_model:171] - Global Epoch:3 Iteration: 540  Loss: 6.808004856109619  Accuracy: 99.38211059570312 %
2021-04-16 22:14:08,195 - trainer4_aws - INFO: [trainer4_aws.py:train_model:171] - Global Epoch:3 Iteration: 550  Loss: 3.5220863819122314  Accuracy: 99.64302062988281 %
2021-04-16 22:14:23,604 - trainer4_aws - INFO: [trainer4_aws.py:train_model:171] - Global Epoch:3 Iteration: 560  Loss: 2.2950708866119385  Accuracy: 99.5347900390625 %
2021-04-16 22:14:38,865 - trainer4_aws - INFO: [trainer4_aws.py:train_model:171] - Global Epoch:3 Iteration: 570  Loss: 8.27001953125  Accuracy: 99.47618103027344 %
2021-04-16 22:14:54,277 - trainer4_aws - INFO: [trainer4_aws.py:train_model:171] - Global Epoch:3 Iteration: 580  Loss: 3.8083348274230957  Accuracy: 99.65184020996094 %
2021-04-16 22:15:09,655 - trainer4_aws - INFO: [trainer4_aws.py:train_model:171] - Global Epoch:3 Iteration: 590  Loss: 5.174590587615967  Accuracy: 99.5120849609375 %
2021-04-16 22:15:25,037 - trainer4_aws - INFO: [trainer4_aws.py:train_model:171] - Global Epoch:3 Iteration: 600  Loss: 3.3353352546691895  Accuracy: 99.63558959960938 %
2021-04-16 22:15:40,500 - trainer4_aws - INFO: [trainer4_aws.py:train_model:171] - Global Epoch:3 Iteration: 610  Loss: 119.90247344970703  Accuracy: 99.6395263671875 %
2021-04-16 22:15:56,032 - trainer4_aws - INFO: [trainer4_aws.py:train_model:171] - Global Epoch:3 Iteration: 620  Loss: 22.805898666381836  Accuracy: 99.22357177734375 %
2021-04-16 22:16:11,517 - trainer4_aws - INFO: [trainer4_aws.py:train_model:171] - Global Epoch:3 Iteration: 630  Loss: 2.1955361366271973  Accuracy: 99.68092346191406 %
2021-04-16 22:16:26,957 - trainer4_aws - INFO: [trainer4_aws.py:train_model:171] - Global Epoch:3 Iteration: 640  Loss: 27.103500366210938  Accuracy: 99.62904357910156 %
2021-04-16 22:16:42,393 - trainer4_aws - INFO: [trainer4_aws.py:train_model:171] - Global Epoch:3 Iteration: 650  Loss: 4.171363830566406  Accuracy: 99.62240600585938 %
2021-04-16 22:16:57,800 - trainer4_aws - INFO: [trainer4_aws.py:train_model:171] - Global Epoch:3 Iteration: 660  Loss: 5.139009952545166  Accuracy: 99.5203857421875 %
2021-04-16 22:17:13,168 - trainer4_aws - INFO: [trainer4_aws.py:train_model:171] - Global Epoch:3 Iteration: 670  Loss: 8.579595565795898  Accuracy: 99.51348114013672 %
2021-04-16 22:17:28,400 - trainer4_aws - INFO: [trainer4_aws.py:train_model:171] - Global Epoch:3 Iteration: 680  Loss: 98.38373565673828  Accuracy: 99.6932373046875 %
2021-04-16 22:17:43,747 - trainer4_aws - INFO: [trainer4_aws.py:train_model:171] - Global Epoch:3 Iteration: 690  Loss: 7.378242015838623  Accuracy: 99.6177749633789 %
2021-04-16 22:17:59,096 - trainer4_aws - INFO: [trainer4_aws.py:train_model:171] - Global Epoch:3 Iteration: 700  Loss: 0.5475494265556335  Accuracy: 99.65035247802734 %
2021-04-16 22:18:14,535 - trainer4_aws - INFO: [trainer4_aws.py:train_model:171] - Global Epoch:3 Iteration: 710  Loss: 10.402826309204102  Accuracy: 99.35617065429688 %
2021-04-16 22:18:29,776 - trainer4_aws - INFO: [trainer4_aws.py:train_model:171] - Global Epoch:3 Iteration: 720  Loss: 5.657848358154297  Accuracy: 99.70677185058594 %
2021-04-16 22:18:45,164 - trainer4_aws - INFO: [trainer4_aws.py:train_model:171] - Global Epoch:3 Iteration: 730  Loss: 1.723556399345398  Accuracy: 99.61968994140625 %
2021-04-16 22:19:00,508 - trainer4_aws - INFO: [trainer4_aws.py:train_model:171] - Global Epoch:3 Iteration: 740  Loss: 2.9440090656280518  Accuracy: 99.65890502929688 %
2021-04-16 22:19:15,973 - trainer4_aws - INFO: [trainer4_aws.py:train_model:171] - Global Epoch:3 Iteration: 750  Loss: 6.68093729019165  Accuracy: 89.4453125 %
2021-04-16 22:19:31,209 - trainer4_aws - INFO: [trainer4_aws.py:train_model:171] - Global Epoch:3 Iteration: 760  Loss: 76.9328842163086  Accuracy: 89.067626953125 %
2021-04-16 22:19:46,574 - trainer4_aws - INFO: [trainer4_aws.py:train_model:171] - Global Epoch:3 Iteration: 770  Loss: 10.205707550048828  Accuracy: 99.74040985107422 %
2021-04-16 22:20:01,770 - trainer4_aws - INFO: [trainer4_aws.py:train_model:171] - Global Epoch:3 Iteration: 780  Loss: 3.1661057472229004  Accuracy: 99.66764068603516 %
2021-04-16 22:20:17,203 - trainer4_aws - INFO: [trainer4_aws.py:train_model:171] - Global Epoch:3 Iteration: 790  Loss: 9.85294246673584  Accuracy: 99.66712951660156 %
2021-04-16 22:20:32,535 - trainer4_aws - INFO: [trainer4_aws.py:train_model:171] - Global Epoch:3 Iteration: 800  Loss: 2.272104501724243  Accuracy: 99.67821502685547 %
2021-04-16 22:20:47,921 - trainer4_aws - INFO: [trainer4_aws.py:train_model:171] - Global Epoch:3 Iteration: 810  Loss: 0.651006817817688  Accuracy: 99.54841613769531 %
2021-04-16 22:21:03,394 - trainer4_aws - INFO: [trainer4_aws.py:train_model:171] - Global Epoch:3 Iteration: 820  Loss: 2.0751380920410156  Accuracy: 99.60903930664062 %
2021-04-16 22:21:18,650 - trainer4_aws - INFO: [trainer4_aws.py:train_model:171] - Global Epoch:3 Iteration: 830  Loss: 139.90248107910156  Accuracy: 99.40560150146484 %
2021-04-16 22:21:33,909 - trainer4_aws - INFO: [trainer4_aws.py:train_model:171] - Global Epoch:3 Iteration: 840  Loss: 82.39924621582031  Accuracy: 88.88787078857422 %
2021-04-16 22:21:49,302 - trainer4_aws - INFO: [trainer4_aws.py:train_model:171] - Global Epoch:3 Iteration: 850  Loss: 35.958492279052734  Accuracy: 89.14196014404297 %
2021-04-16 22:22:04,625 - trainer4_aws - INFO: [trainer4_aws.py:train_model:171] - Global Epoch:3 Iteration: 860  Loss: 45.953956604003906  Accuracy: 89.142578125 %
2021-04-16 22:22:19,881 - trainer4_aws - INFO: [trainer4_aws.py:train_model:171] - Global Epoch:3 Iteration: 870  Loss: 25.915620803833008  Accuracy: 89.0678939819336 %
2021-04-16 22:22:35,296 - trainer4_aws - INFO: [trainer4_aws.py:train_model:171] - Global Epoch:3 Iteration: 880  Loss: 15.853310585021973  Accuracy: 99.68852233886719 %
2021-04-16 22:22:50,605 - trainer4_aws - INFO: [trainer4_aws.py:train_model:171] - Global Epoch:3 Iteration: 890  Loss: 3.777735948562622  Accuracy: 99.14190673828125 %
2021-04-16 22:23:05,951 - trainer4_aws - INFO: [trainer4_aws.py:train_model:171] - Global Epoch:3 Iteration: 900  Loss: 36.06045150756836  Accuracy: 99.68659973144531 %
2021-04-16 22:23:21,189 - trainer4_aws - INFO: [trainer4_aws.py:train_model:171] - Global Epoch:3 Iteration: 910  Loss: 5.327680587768555  Accuracy: 99.69568634033203 %
2021-04-16 22:23:34,267 - trainer4_aws - INFO: [trainer4_aws.py:train_model:195] - Epoch 3 completed. Time taken (seconds): 1421.9345321655273
2021-04-16 22:23:34,267 - trainer4_aws - INFO: [trainer4_aws.py:train_model:197] - 
Accuracy: 99.67900848388672
2021-04-16 22:23:34,267 - trainer4_aws - INFO: [trainer4_aws.py:train_model:198] - 
LOSS:: 5.327680587768555
2021-04-16 22:23:54,339 - trainer4_aws - INFO: [trainer4_aws.py:on_message:253] - Model received from coordinator!
2021-04-16 22:23:54,339 - trainer4_aws - INFO: [trainer4_aws.py:on_message:254] - Topic: fed_ml/coordinator/4/model
2021-04-16 22:23:54,341 - trainer4_aws - INFO: [trainer4_aws.py:train_model:99] - Start training...
2021-04-16 22:24:09,115 - trainer4_aws - INFO: [trainer4_aws.py:train_model:171] - Global Epoch:4 Iteration: 0  Loss: 2959.453857421875  Accuracy: 38.90690994262695 %
2021-04-16 22:24:24,213 - trainer4_aws - INFO: [trainer4_aws.py:train_model:171] - Global Epoch:4 Iteration: 10  Loss: 519.0208740234375  Accuracy: 65.33690643310547 %
2021-04-16 22:24:39,284 - trainer4_aws - INFO: [trainer4_aws.py:train_model:171] - Global Epoch:4 Iteration: 20  Loss: 330.3000793457031  Accuracy: 65.97889709472656 %
2021-04-16 22:24:54,412 - trainer4_aws - INFO: [trainer4_aws.py:train_model:171] - Global Epoch:4 Iteration: 30  Loss: 143.95858764648438  Accuracy: 85.91136169433594 %
2021-04-16 22:25:09,527 - trainer4_aws - INFO: [trainer4_aws.py:train_model:171] - Global Epoch:4 Iteration: 40  Loss: 209.73892211914062  Accuracy: 86.29813385009766 %
2021-04-16 22:25:24,905 - trainer4_aws - INFO: [trainer4_aws.py:train_model:171] - Global Epoch:4 Iteration: 50  Loss: 134.50218200683594  Accuracy: 86.98851776123047 %
2021-04-16 22:25:39,956 - trainer4_aws - INFO: [trainer4_aws.py:train_model:171] - Global Epoch:4 Iteration: 60  Loss: 98.83750915527344  Accuracy: 87.1533432006836 %
2021-04-16 22:25:55,108 - trainer4_aws - INFO: [trainer4_aws.py:train_model:171] - Global Epoch:4 Iteration: 70  Loss: 497.4199523925781  Accuracy: 87.44403076171875 %
2021-04-16 22:26:10,269 - trainer4_aws - INFO: [trainer4_aws.py:train_model:171] - Global Epoch:4 Iteration: 80  Loss: 63.347442626953125  Accuracy: 87.32716369628906 %
2021-04-16 22:26:25,381 - trainer4_aws - INFO: [trainer4_aws.py:train_model:171] - Global Epoch:4 Iteration: 90  Loss: 42.03129959106445  Accuracy: 87.27930450439453 %
2021-04-16 22:26:40,433 - trainer4_aws - INFO: [trainer4_aws.py:train_model:171] - Global Epoch:4 Iteration: 100  Loss: 37.500328063964844  Accuracy: 87.22095489501953 %
2021-04-16 22:26:55,594 - trainer4_aws - INFO: [trainer4_aws.py:train_model:171] - Global Epoch:4 Iteration: 110  Loss: 54.51076126098633  Accuracy: 87.06145477294922 %
2021-04-16 22:27:10,699 - trainer4_aws - INFO: [trainer4_aws.py:train_model:171] - Global Epoch:4 Iteration: 120  Loss: 19.1073055267334  Accuracy: 97.2582778930664 %
2021-04-16 22:27:25,836 - trainer4_aws - INFO: [trainer4_aws.py:train_model:171] - Global Epoch:4 Iteration: 130  Loss: 5.703720569610596  Accuracy: 98.4950180053711 %
2021-04-16 22:27:41,077 - trainer4_aws - INFO: [trainer4_aws.py:train_model:171] - Global Epoch:4 Iteration: 140  Loss: 12.045419692993164  Accuracy: 98.71994018554688 %
2021-04-16 22:27:56,391 - trainer4_aws - INFO: [trainer4_aws.py:train_model:171] - Global Epoch:4 Iteration: 150  Loss: 10.933248519897461  Accuracy: 98.86676788330078 %
2021-04-16 22:28:11,533 - trainer4_aws - INFO: [trainer4_aws.py:train_model:171] - Global Epoch:4 Iteration: 160  Loss: 6.305368900299072  Accuracy: 98.75994110107422 %
2021-04-16 22:28:26,749 - trainer4_aws - INFO: [trainer4_aws.py:train_model:171] - Global Epoch:4 Iteration: 170  Loss: 15.018779754638672  Accuracy: 98.93917083740234 %
2021-04-16 22:28:41,886 - trainer4_aws - INFO: [trainer4_aws.py:train_model:171] - Global Epoch:4 Iteration: 180  Loss: 11.408196449279785  Accuracy: 99.24227142333984 %
2021-04-16 22:28:57,079 - trainer4_aws - INFO: [trainer4_aws.py:train_model:171] - Global Epoch:4 Iteration: 190  Loss: 4.941128730773926  Accuracy: 99.23938751220703 %
2021-04-16 22:29:12,320 - trainer4_aws - INFO: [trainer4_aws.py:train_model:171] - Global Epoch:4 Iteration: 200  Loss: 8.759452819824219  Accuracy: 99.23458862304688 %
2021-04-16 22:29:27,662 - trainer4_aws - INFO: [trainer4_aws.py:train_model:171] - Global Epoch:4 Iteration: 210  Loss: 161.2553253173828  Accuracy: 99.36421203613281 %
2021-04-16 22:29:42,968 - trainer4_aws - INFO: [trainer4_aws.py:train_model:171] - Global Epoch:4 Iteration: 220  Loss: 2.3034300804138184  Accuracy: 99.16889953613281 %
2021-04-16 22:29:58,155 - trainer4_aws - INFO: [trainer4_aws.py:train_model:171] - Global Epoch:4 Iteration: 230  Loss: 1.9576250314712524  Accuracy: 99.30559539794922 %
2021-04-16 22:30:13,739 - trainer4_aws - INFO: [trainer4_aws.py:train_model:171] - Global Epoch:4 Iteration: 240  Loss: 5.09034538269043  Accuracy: 99.27772521972656 %
2021-04-16 22:30:28,883 - trainer4_aws - INFO: [trainer4_aws.py:train_model:171] - Global Epoch:4 Iteration: 250  Loss: 3.7788379192352295  Accuracy: 99.24095916748047 %
2021-04-16 22:30:44,125 - trainer4_aws - INFO: [trainer4_aws.py:train_model:171] - Global Epoch:4 Iteration: 260  Loss: 3.316718816757202  Accuracy: 99.27904510498047 %
2021-04-16 22:30:59,292 - trainer4_aws - INFO: [trainer4_aws.py:train_model:171] - Global Epoch:4 Iteration: 270  Loss: 13.90279483795166  Accuracy: 99.50221252441406 %
2021-04-16 22:31:14,736 - trainer4_aws - INFO: [trainer4_aws.py:train_model:171] - Global Epoch:4 Iteration: 280  Loss: 10.348740577697754  Accuracy: 99.35538482666016 %
2021-04-16 22:31:29,837 - trainer4_aws - INFO: [trainer4_aws.py:train_model:171] - Global Epoch:4 Iteration: 290  Loss: 2.500997304916382  Accuracy: 99.52090454101562 %
2021-04-16 22:31:45,023 - trainer4_aws - INFO: [trainer4_aws.py:train_model:171] - Global Epoch:4 Iteration: 300  Loss: 2.2081689834594727  Accuracy: 90.08224487304688 %
2021-04-16 22:32:00,261 - trainer4_aws - INFO: [trainer4_aws.py:train_model:171] - Global Epoch:4 Iteration: 310  Loss: 25.20490264892578  Accuracy: 99.1985092163086 %
2021-04-16 22:32:15,591 - trainer4_aws - INFO: [trainer4_aws.py:train_model:171] - Global Epoch:4 Iteration: 320  Loss: 22.121431350708008  Accuracy: 89.8798599243164 %
2021-04-16 22:32:30,773 - trainer4_aws - INFO: [trainer4_aws.py:train_model:171] - Global Epoch:4 Iteration: 330  Loss: 16.786819458007812  Accuracy: 89.93130493164062 %
2021-04-16 22:32:46,072 - trainer4_aws - INFO: [trainer4_aws.py:train_model:171] - Global Epoch:4 Iteration: 340  Loss: 119.72986602783203  Accuracy: 90.00206756591797 %
2021-04-16 22:33:01,343 - trainer4_aws - INFO: [trainer4_aws.py:train_model:171] - Global Epoch:4 Iteration: 350  Loss: 11.263843536376953  Accuracy: 99.32201385498047 %
2021-04-16 22:33:16,732 - trainer4_aws - INFO: [trainer4_aws.py:train_model:171] - Global Epoch:4 Iteration: 360  Loss: 8.135113716125488  Accuracy: 99.33232116699219 %
2021-04-16 22:33:32,035 - trainer4_aws - INFO: [trainer4_aws.py:train_model:171] - Global Epoch:4 Iteration: 370  Loss: 86.74967193603516  Accuracy: 88.98500061035156 %
2021-04-16 22:33:47,305 - trainer4_aws - INFO: [trainer4_aws.py:train_model:171] - Global Epoch:4 Iteration: 380  Loss: 118.32890319824219  Accuracy: 89.00587463378906 %
2021-04-16 22:34:02,716 - trainer4_aws - INFO: [trainer4_aws.py:train_model:171] - Global Epoch:4 Iteration: 390  Loss: 24.70136070251465  Accuracy: 89.05802154541016 %
2021-04-16 22:34:17,993 - trainer4_aws - INFO: [trainer4_aws.py:train_model:171] - Global Epoch:4 Iteration: 400  Loss: 37.246219635009766  Accuracy: 99.39137268066406 %
2021-04-16 22:34:33,397 - trainer4_aws - INFO: [trainer4_aws.py:train_model:171] - Global Epoch:4 Iteration: 410  Loss: 4.159759044647217  Accuracy: 99.34131622314453 %
2021-04-16 22:34:48,589 - trainer4_aws - INFO: [trainer4_aws.py:train_model:171] - Global Epoch:4 Iteration: 420  Loss: 71.79299926757812  Accuracy: 99.4251708984375 %
2021-04-16 22:35:03,937 - trainer4_aws - INFO: [trainer4_aws.py:train_model:171] - Global Epoch:4 Iteration: 430  Loss: 102.18154907226562  Accuracy: 89.00997924804688 %
2021-04-16 22:35:19,364 - trainer4_aws - INFO: [trainer4_aws.py:train_model:171] - Global Epoch:4 Iteration: 440  Loss: 13.260190963745117  Accuracy: 99.35407257080078 %
2021-04-16 22:35:34,564 - trainer4_aws - INFO: [trainer4_aws.py:train_model:171] - Global Epoch:4 Iteration: 450  Loss: 2.2006471157073975  Accuracy: 99.45889282226562 %
2021-04-16 22:35:49,964 - trainer4_aws - INFO: [trainer4_aws.py:train_model:171] - Global Epoch:4 Iteration: 460  Loss: 4.739053249359131  Accuracy: 99.48770904541016 %
2021-04-16 22:36:05,388 - trainer4_aws - INFO: [trainer4_aws.py:train_model:171] - Global Epoch:4 Iteration: 470  Loss: 4.174591064453125  Accuracy: 99.52544403076172 %
2021-04-16 22:36:20,721 - trainer4_aws - INFO: [trainer4_aws.py:train_model:171] - Global Epoch:4 Iteration: 480  Loss: 7.840830326080322  Accuracy: 99.58440399169922 %
2021-04-16 22:36:36,068 - trainer4_aws - INFO: [trainer4_aws.py:train_model:171] - Global Epoch:4 Iteration: 490  Loss: 23.60527801513672  Accuracy: 99.5952377319336 %
2021-04-16 22:36:51,492 - trainer4_aws - INFO: [trainer4_aws.py:train_model:171] - Global Epoch:4 Iteration: 500  Loss: 1.6238991022109985  Accuracy: 99.62012481689453 %
2021-04-16 22:37:06,824 - trainer4_aws - INFO: [trainer4_aws.py:train_model:171] - Global Epoch:4 Iteration: 510  Loss: 4.658071041107178  Accuracy: 99.7083511352539 %
2021-04-16 22:37:22,154 - trainer4_aws - INFO: [trainer4_aws.py:train_model:171] - Global Epoch:4 Iteration: 520  Loss: 56.95954895019531  Accuracy: 99.7267837524414 %
2021-04-16 22:37:37,513 - trainer4_aws - INFO: [trainer4_aws.py:train_model:171] - Global Epoch:4 Iteration: 530  Loss: 5.1648125648498535  Accuracy: 99.6155014038086 %
2021-04-16 22:37:52,829 - trainer4_aws - INFO: [trainer4_aws.py:train_model:171] - Global Epoch:4 Iteration: 540  Loss: 118.01634979248047  Accuracy: 99.57392120361328 %
2021-04-16 22:38:08,119 - trainer4_aws - INFO: [trainer4_aws.py:train_model:171] - Global Epoch:4 Iteration: 550  Loss: 23.508222579956055  Accuracy: 99.56641387939453 %
2021-04-16 22:38:23,373 - trainer4_aws - INFO: [trainer4_aws.py:train_model:171] - Global Epoch:4 Iteration: 560  Loss: 2.0438876152038574  Accuracy: 99.59130859375 %
2021-04-16 22:38:38,683 - trainer4_aws - INFO: [trainer4_aws.py:train_model:171] - Global Epoch:4 Iteration: 570  Loss: 1.358225703239441  Accuracy: 99.6106948852539 %
2021-04-16 22:38:53,867 - trainer4_aws - INFO: [trainer4_aws.py:train_model:171] - Global Epoch:4 Iteration: 580  Loss: 3.0280370712280273  Accuracy: 99.45740509033203 %
2021-04-16 22:39:08,980 - trainer4_aws - INFO: [trainer4_aws.py:train_model:171] - Global Epoch:4 Iteration: 590  Loss: 3.375425338745117  Accuracy: 99.61165618896484 %
2021-04-16 22:39:24,348 - trainer4_aws - INFO: [trainer4_aws.py:train_model:171] - Global Epoch:4 Iteration: 600  Loss: 3.788010835647583  Accuracy: 99.59969329833984 %
2021-04-16 22:39:39,615 - trainer4_aws - INFO: [trainer4_aws.py:train_model:171] - Global Epoch:4 Iteration: 610  Loss: 1.7381699085235596  Accuracy: 99.39451599121094 %
2021-04-16 22:39:54,805 - trainer4_aws - INFO: [trainer4_aws.py:train_model:171] - Global Epoch:4 Iteration: 620  Loss: 2.265923261642456  Accuracy: 99.6279067993164 %
2021-04-16 22:40:10,146 - trainer4_aws - INFO: [trainer4_aws.py:train_model:171] - Global Epoch:4 Iteration: 630  Loss: 388.30023193359375  Accuracy: 99.64432525634766 %
2021-04-16 22:40:25,395 - trainer4_aws - INFO: [trainer4_aws.py:train_model:171] - Global Epoch:4 Iteration: 640  Loss: 5.92927885055542  Accuracy: 99.50273132324219 %
2021-04-16 22:40:40,572 - trainer4_aws - INFO: [trainer4_aws.py:train_model:171] - Global Epoch:4 Iteration: 650  Loss: 6.369073390960693  Accuracy: 99.63114166259766 %
2021-04-16 22:40:55,917 - trainer4_aws - INFO: [trainer4_aws.py:train_model:171] - Global Epoch:4 Iteration: 660  Loss: 1.7264260053634644  Accuracy: 99.69743347167969 %
2021-04-16 22:41:11,260 - trainer4_aws - INFO: [trainer4_aws.py:train_model:171] - Global Epoch:4 Iteration: 670  Loss: 3.7665460109710693  Accuracy: 99.65559387207031 %
2021-04-16 22:41:26,421 - trainer4_aws - INFO: [trainer4_aws.py:train_model:171] - Global Epoch:4 Iteration: 680  Loss: 39.16022491455078  Accuracy: 99.63025665283203 %
2021-04-16 22:41:41,599 - trainer4_aws - INFO: [trainer4_aws.py:train_model:171] - Global Epoch:4 Iteration: 690  Loss: 2.5773861408233643  Accuracy: 99.60012817382812 %
2021-04-16 22:41:56,812 - trainer4_aws - INFO: [trainer4_aws.py:train_model:171] - Global Epoch:4 Iteration: 700  Loss: 1.075112223625183  Accuracy: 99.66100311279297 %
2021-04-16 22:42:12,084 - trainer4_aws - INFO: [trainer4_aws.py:train_model:171] - Global Epoch:4 Iteration: 710  Loss: 0.5580407381057739  Accuracy: 99.72372436523438 %
2021-04-16 22:42:27,256 - trainer4_aws - INFO: [trainer4_aws.py:train_model:171] - Global Epoch:4 Iteration: 720  Loss: 1.7805805206298828  Accuracy: 99.65925598144531 %
2021-04-16 22:42:42,465 - trainer4_aws - INFO: [trainer4_aws.py:train_model:171] - Global Epoch:4 Iteration: 730  Loss: 4.7007951736450195  Accuracy: 99.44229125976562 %
2021-04-16 22:42:57,578 - trainer4_aws - INFO: [trainer4_aws.py:train_model:171] - Global Epoch:4 Iteration: 740  Loss: 15.152020454406738  Accuracy: 99.7149887084961 %
2021-04-16 22:43:12,866 - trainer4_aws - INFO: [trainer4_aws.py:train_model:171] - Global Epoch:4 Iteration: 750  Loss: 89.42068481445312  Accuracy: 99.46937561035156 %
2021-04-16 22:43:28,079 - trainer4_aws - INFO: [trainer4_aws.py:train_model:171] - Global Epoch:4 Iteration: 760  Loss: 2.8341965675354004  Accuracy: 99.64807891845703 %
2021-04-16 22:43:43,340 - trainer4_aws - INFO: [trainer4_aws.py:train_model:171] - Global Epoch:4 Iteration: 770  Loss: 3.274726152420044  Accuracy: 99.65471649169922 %
2021-04-16 22:43:58,612 - trainer4_aws - INFO: [trainer4_aws.py:train_model:171] - Global Epoch:4 Iteration: 780  Loss: 29.402875900268555  Accuracy: 99.70416259765625 %
2021-04-16 22:44:13,940 - trainer4_aws - INFO: [trainer4_aws.py:train_model:171] - Global Epoch:4 Iteration: 790  Loss: 4.374744415283203  Accuracy: 99.633056640625 %
2021-04-16 22:44:29,276 - trainer4_aws - INFO: [trainer4_aws.py:train_model:171] - Global Epoch:4 Iteration: 800  Loss: 1.6397849321365356  Accuracy: 99.77595520019531 %
2021-04-16 22:44:44,592 - trainer4_aws - INFO: [trainer4_aws.py:train_model:171] - Global Epoch:4 Iteration: 810  Loss: 11.725096702575684  Accuracy: 99.55043029785156 %
2021-04-16 22:44:59,744 - trainer4_aws - INFO: [trainer4_aws.py:train_model:171] - Global Epoch:4 Iteration: 820  Loss: 6.253108978271484  Accuracy: 99.68040466308594 %
2021-04-16 22:45:15,073 - trainer4_aws - INFO: [trainer4_aws.py:train_model:171] - Global Epoch:4 Iteration: 830  Loss: 125.14720153808594  Accuracy: 99.71061706542969 %
2021-04-16 22:45:30,377 - trainer4_aws - INFO: [trainer4_aws.py:train_model:171] - Global Epoch:4 Iteration: 840  Loss: 4.773029804229736  Accuracy: 99.50762176513672 %
2021-04-16 22:45:45,595 - trainer4_aws - INFO: [trainer4_aws.py:train_model:171] - Global Epoch:4 Iteration: 850  Loss: 46.07421112060547  Accuracy: 99.7322769165039 %
2021-04-16 22:46:00,958 - trainer4_aws - INFO: [trainer4_aws.py:train_model:171] - Global Epoch:4 Iteration: 860  Loss: 3.3852765560150146  Accuracy: 99.50291442871094 %
2021-04-16 22:46:16,277 - trainer4_aws - INFO: [trainer4_aws.py:train_model:171] - Global Epoch:4 Iteration: 870  Loss: 1.8698982000350952  Accuracy: 89.29743957519531 %
2021-04-16 22:46:31,423 - trainer4_aws - INFO: [trainer4_aws.py:train_model:171] - Global Epoch:4 Iteration: 880  Loss: 3.1910784244537354  Accuracy: 99.66887664794922 %
2021-04-16 22:46:46,874 - trainer4_aws - INFO: [trainer4_aws.py:train_model:171] - Global Epoch:4 Iteration: 890  Loss: 2.46240234375  Accuracy: 99.68511199951172 %
2021-04-16 22:47:02,161 - trainer4_aws - INFO: [trainer4_aws.py:train_model:171] - Global Epoch:4 Iteration: 900  Loss: 2.688763380050659  Accuracy: 99.68363189697266 %
2021-04-16 22:47:17,466 - trainer4_aws - INFO: [trainer4_aws.py:train_model:171] - Global Epoch:4 Iteration: 910  Loss: 2.9904122352600098  Accuracy: 99.73621368408203 %
2021-04-16 22:47:30,541 - trainer4_aws - INFO: [trainer4_aws.py:train_model:195] - Epoch 4 completed. Time taken (seconds): 1416.2003498077393
2021-04-16 22:47:30,541 - trainer4_aws - INFO: [trainer4_aws.py:train_model:197] - 
Accuracy: 99.5838851928711
2021-04-16 22:47:30,542 - trainer4_aws - INFO: [trainer4_aws.py:train_model:198] - 
LOSS:: 2.9904122352600098
2021-04-16 22:47:50,789 - trainer4_aws - INFO: [trainer4_aws.py:on_message:253] - Model received from coordinator!
2021-04-16 22:47:50,789 - trainer4_aws - INFO: [trainer4_aws.py:on_message:254] - Topic: fed_ml/coordinator/5/model
2021-04-16 22:47:50,791 - trainer4_aws - INFO: [trainer4_aws.py:train_model:99] - Start training...
2021-04-16 22:48:05,701 - trainer4_aws - INFO: [trainer4_aws.py:train_model:171] - Global Epoch:5 Iteration: 0  Loss: 3347.880859375  Accuracy: 36.64018249511719 %
2021-04-16 22:48:20,727 - trainer4_aws - INFO: [trainer4_aws.py:train_model:171] - Global Epoch:5 Iteration: 10  Loss: 803.1187744140625  Accuracy: 65.02262878417969 %
2021-04-16 22:48:35,833 - trainer4_aws - INFO: [trainer4_aws.py:train_model:171] - Global Epoch:5 Iteration: 20  Loss: 194.4617462158203  Accuracy: 66.1358642578125 %
2021-04-16 22:48:51,082 - trainer4_aws - INFO: [trainer4_aws.py:train_model:171] - Global Epoch:5 Iteration: 30  Loss: 277.7134704589844  Accuracy: 86.18204498291016 %
2021-04-16 22:49:06,320 - trainer4_aws - INFO: [trainer4_aws.py:train_model:171] - Global Epoch:5 Iteration: 40  Loss: 111.03831481933594  Accuracy: 87.37651062011719 %
2021-04-16 22:49:21,397 - trainer4_aws - INFO: [trainer4_aws.py:train_model:171] - Global Epoch:5 Iteration: 50  Loss: 96.89464569091797  Accuracy: 86.83208465576172 %
2021-04-16 22:49:36,651 - trainer4_aws - INFO: [trainer4_aws.py:train_model:171] - Global Epoch:5 Iteration: 60  Loss: 98.43646240234375  Accuracy: 86.7171401977539 %
2021-04-16 22:49:51,669 - trainer4_aws - INFO: [trainer4_aws.py:train_model:171] - Global Epoch:5 Iteration: 70  Loss: 68.3571548461914  Accuracy: 86.57266235351562 %
2021-04-16 22:50:06,843 - trainer4_aws - INFO: [trainer4_aws.py:train_model:171] - Global Epoch:5 Iteration: 80  Loss: 68.88896179199219  Accuracy: 83.51509857177734 %
2021-04-16 22:50:22,067 - trainer4_aws - INFO: [trainer4_aws.py:train_model:171] - Global Epoch:5 Iteration: 90  Loss: 72.89579010009766  Accuracy: 88.21845245361328 %
2021-04-16 22:50:37,163 - trainer4_aws - INFO: [trainer4_aws.py:train_model:171] - Global Epoch:5 Iteration: 100  Loss: 30.2648868560791  Accuracy: 88.3248291015625 %
2021-04-16 22:50:52,240 - trainer4_aws - INFO: [trainer4_aws.py:train_model:171] - Global Epoch:5 Iteration: 110  Loss: 25.474876403808594  Accuracy: 87.51871490478516 %
2021-04-16 22:51:07,511 - trainer4_aws - INFO: [trainer4_aws.py:train_model:171] - Global Epoch:5 Iteration: 120  Loss: 26.747821807861328  Accuracy: 96.8584976196289 %
2021-04-16 22:51:22,552 - trainer4_aws - INFO: [trainer4_aws.py:train_model:171] - Global Epoch:5 Iteration: 130  Loss: 22.700313568115234  Accuracy: 98.48602294921875 %
2021-04-16 22:51:37,691 - trainer4_aws - INFO: [trainer4_aws.py:train_model:171] - Global Epoch:5 Iteration: 140  Loss: 7.603665828704834  Accuracy: 98.74185943603516 %
2021-04-16 22:51:52,763 - trainer4_aws - INFO: [trainer4_aws.py:train_model:171] - Global Epoch:5 Iteration: 150  Loss: 8.155096054077148  Accuracy: 98.93647003173828 %
2021-04-16 22:52:08,012 - trainer4_aws - INFO: [trainer4_aws.py:train_model:171] - Global Epoch:5 Iteration: 160  Loss: 16.47468376159668  Accuracy: 98.93157958984375 %
2021-04-16 22:52:23,133 - trainer4_aws - INFO: [trainer4_aws.py:train_model:171] - Global Epoch:5 Iteration: 170  Loss: 29.112194061279297  Accuracy: 98.87646484375 %
2021-04-16 22:52:38,337 - trainer4_aws - INFO: [trainer4_aws.py:train_model:171] - Global Epoch:5 Iteration: 180  Loss: 9.648028373718262  Accuracy: 98.89838409423828 %
2021-04-16 22:52:53,444 - trainer4_aws - INFO: [trainer4_aws.py:train_model:171] - Global Epoch:5 Iteration: 190  Loss: 9.358256340026855  Accuracy: 98.92144775390625 %
2021-04-16 22:53:08,617 - trainer4_aws - INFO: [trainer4_aws.py:train_model:171] - Global Epoch:5 Iteration: 200  Loss: 6.27885103225708  Accuracy: 98.98145294189453 %
2021-04-16 22:53:23,801 - trainer4_aws - INFO: [trainer4_aws.py:train_model:171] - Global Epoch:5 Iteration: 210  Loss: 15.76974868774414  Accuracy: 98.8350601196289 %
2021-04-16 22:53:39,015 - trainer4_aws - INFO: [trainer4_aws.py:train_model:171] - Global Epoch:5 Iteration: 220  Loss: 7.585142135620117  Accuracy: 99.25834655761719 %
2021-04-16 22:53:54,385 - trainer4_aws - INFO: [trainer4_aws.py:train_model:171] - Global Epoch:5 Iteration: 230  Loss: 2.282353401184082  Accuracy: 99.05979919433594 %
2021-04-16 22:54:09,660 - trainer4_aws - INFO: [trainer4_aws.py:train_model:171] - Global Epoch:5 Iteration: 240  Loss: 6.526549339294434  Accuracy: 99.33660888671875 %
2021-04-16 22:54:25,090 - trainer4_aws - INFO: [trainer4_aws.py:train_model:171] - Global Epoch:5 Iteration: 250  Loss: 105.38441467285156  Accuracy: 99.46884155273438 %
2021-04-16 22:54:40,195 - trainer4_aws - INFO: [trainer4_aws.py:train_model:171] - Global Epoch:5 Iteration: 260  Loss: 3.782027244567871  Accuracy: 99.46491241455078 %
2021-04-16 22:54:55,372 - trainer4_aws - INFO: [trainer4_aws.py:train_model:171] - Global Epoch:5 Iteration: 270  Loss: 156.11659240722656  Accuracy: 99.53339385986328 %
2021-04-16 22:55:10,660 - trainer4_aws - INFO: [trainer4_aws.py:train_model:171] - Global Epoch:5 Iteration: 280  Loss: 6.938204765319824  Accuracy: 99.48072052001953 %
2021-04-16 22:55:25,917 - trainer4_aws - INFO: [trainer4_aws.py:train_model:171] - Global Epoch:5 Iteration: 290  Loss: 22.37762451171875  Accuracy: 99.4822998046875 %
2021-04-16 22:55:41,085 - trainer4_aws - INFO: [trainer4_aws.py:train_model:171] - Global Epoch:5 Iteration: 300  Loss: 8.021421432495117  Accuracy: 99.22715759277344 %
2021-04-16 22:55:56,180 - trainer4_aws - INFO: [trainer4_aws.py:train_model:171] - Global Epoch:5 Iteration: 310  Loss: 7.90127420425415  Accuracy: 89.04666137695312 %
2021-04-16 22:56:11,384 - trainer4_aws - INFO: [trainer4_aws.py:train_model:171] - Global Epoch:5 Iteration: 320  Loss: 6.12946081161499  Accuracy: 99.52500915527344 %
2021-04-16 22:56:26,578 - trainer4_aws - INFO: [trainer4_aws.py:train_model:171] - Global Epoch:5 Iteration: 330  Loss: 4.800094127655029  Accuracy: 99.51365661621094 %
2021-04-16 22:56:41,669 - trainer4_aws - INFO: [trainer4_aws.py:train_model:171] - Global Epoch:5 Iteration: 340  Loss: 3.404571533203125  Accuracy: 99.49539947509766 %
2021-04-16 22:56:56,853 - trainer4_aws - INFO: [trainer4_aws.py:train_model:171] - Global Epoch:5 Iteration: 350  Loss: 12.604742050170898  Accuracy: 99.40045166015625 %
2021-04-16 22:57:12,016 - trainer4_aws - INFO: [trainer4_aws.py:train_model:171] - Global Epoch:5 Iteration: 360  Loss: 7.8197174072265625  Accuracy: 99.3784408569336 %
2021-04-16 22:57:27,135 - trainer4_aws - INFO: [trainer4_aws.py:train_model:171] - Global Epoch:5 Iteration: 370  Loss: 3.409785270690918  Accuracy: 99.38988494873047 %
2021-04-16 22:57:42,291 - trainer4_aws - INFO: [trainer4_aws.py:train_model:171] - Global Epoch:5 Iteration: 380  Loss: 6.804081916809082  Accuracy: 99.28777313232422 %
2021-04-16 22:57:57,389 - trainer4_aws - INFO: [trainer4_aws.py:train_model:171] - Global Epoch:5 Iteration: 390  Loss: 8.229326248168945  Accuracy: 99.38595581054688 %
2021-04-16 22:58:12,610 - trainer4_aws - INFO: [trainer4_aws.py:train_model:171] - Global Epoch:5 Iteration: 400  Loss: 1.4415292739868164  Accuracy: 99.52299499511719 %
2021-04-16 22:58:27,648 - trainer4_aws - INFO: [trainer4_aws.py:train_model:171] - Global Epoch:5 Iteration: 410  Loss: 6.657238960266113  Accuracy: 99.43975830078125 %
2021-04-16 22:58:42,824 - trainer4_aws - INFO: [trainer4_aws.py:train_model:171] - Global Epoch:5 Iteration: 420  Loss: 6.590607643127441  Accuracy: 99.61585235595703 %
2021-04-16 22:58:57,912 - trainer4_aws - INFO: [trainer4_aws.py:train_model:171] - Global Epoch:5 Iteration: 430  Loss: 7.33694314956665  Accuracy: 99.38743591308594 %
2021-04-16 22:59:13,279 - trainer4_aws - INFO: [trainer4_aws.py:train_model:171] - Global Epoch:5 Iteration: 440  Loss: 1.7791205644607544  Accuracy: 99.50823974609375 %
2021-04-16 22:59:28,733 - trainer4_aws - INFO: [trainer4_aws.py:train_model:171] - Global Epoch:5 Iteration: 450  Loss: 131.6771697998047  Accuracy: 99.53907012939453 %
2021-04-16 22:59:44,138 - trainer4_aws - INFO: [trainer4_aws.py:train_model:171] - Global Epoch:5 Iteration: 460  Loss: 36.3398323059082  Accuracy: 99.46588134765625 %
2021-04-16 22:59:59,406 - trainer4_aws - INFO: [trainer4_aws.py:train_model:171] - Global Epoch:5 Iteration: 470  Loss: 22.14932632446289  Accuracy: 99.56658935546875 %
2021-04-16 23:00:15,161 - trainer4_aws - INFO: [trainer4_aws.py:train_model:171] - Global Epoch:5 Iteration: 480  Loss: 92.98963928222656  Accuracy: 89.10492706298828 %
2021-04-16 23:00:30,398 - trainer4_aws - INFO: [trainer4_aws.py:train_model:171] - Global Epoch:5 Iteration: 490  Loss: 32.45406723022461  Accuracy: 89.09610748291016 %
2021-04-16 23:00:45,675 - trainer4_aws - INFO: [trainer4_aws.py:train_model:171] - Global Epoch:5 Iteration: 500  Loss: 4.366095542907715  Accuracy: 89.00299072265625 %
2021-04-16 23:01:01,145 - trainer4_aws - INFO: [trainer4_aws.py:train_model:171] - Global Epoch:5 Iteration: 510  Loss: 3.629160165786743  Accuracy: 99.56615447998047 %
2021-04-16 23:01:16,651 - trainer4_aws - INFO: [trainer4_aws.py:train_model:171] - Global Epoch:5 Iteration: 520  Loss: 4.425899028778076  Accuracy: 89.20013427734375 %
2021-04-16 23:01:32,080 - trainer4_aws - INFO: [trainer4_aws.py:train_model:171] - Global Epoch:5 Iteration: 530  Loss: 87.15029907226562  Accuracy: 99.52169036865234 %
2021-04-16 23:01:47,440 - trainer4_aws - INFO: [trainer4_aws.py:train_model:171] - Global Epoch:5 Iteration: 540  Loss: 24.402070999145508  Accuracy: 99.44229125976562 %
2021-04-16 23:02:02,917 - trainer4_aws - INFO: [trainer4_aws.py:train_model:171] - Global Epoch:5 Iteration: 550  Loss: 6.013809680938721  Accuracy: 99.35372924804688 %
2021-04-16 23:02:18,207 - trainer4_aws - INFO: [trainer4_aws.py:train_model:171] - Global Epoch:5 Iteration: 560  Loss: 9.122581481933594  Accuracy: 89.08658599853516 %
2021-04-16 23:02:33,576 - trainer4_aws - INFO: [trainer4_aws.py:train_model:171] - Global Epoch:5 Iteration: 570  Loss: 23.179126739501953  Accuracy: 99.42840576171875 %
2021-04-16 23:02:49,063 - trainer4_aws - INFO: [trainer4_aws.py:train_model:171] - Global Epoch:5 Iteration: 580  Loss: 2.969648599624634  Accuracy: 99.62702941894531 %
2021-04-16 23:03:04,525 - trainer4_aws - INFO: [trainer4_aws.py:train_model:171] - Global Epoch:5 Iteration: 590  Loss: 311.37005615234375  Accuracy: 99.69271850585938 %
2021-04-16 23:03:19,871 - trainer4_aws - INFO: [trainer4_aws.py:train_model:171] - Global Epoch:5 Iteration: 600  Loss: 0.8747564554214478  Accuracy: 99.73796081542969 %
2021-04-16 23:03:35,210 - trainer4_aws - INFO: [trainer4_aws.py:train_model:171] - Global Epoch:5 Iteration: 610  Loss: 1.9700844287872314  Accuracy: 99.73297882080078 %
2021-04-16 23:03:50,562 - trainer4_aws - INFO: [trainer4_aws.py:train_model:171] - Global Epoch:5 Iteration: 620  Loss: 0.6017336845397949  Accuracy: 99.6380386352539 %
2021-04-16 23:04:05,899 - trainer4_aws - INFO: [trainer4_aws.py:train_model:171] - Global Epoch:5 Iteration: 630  Loss: 6.216329097747803  Accuracy: 99.61585235595703 %
2021-04-16 23:04:21,264 - trainer4_aws - INFO: [trainer4_aws.py:train_model:171] - Global Epoch:5 Iteration: 640  Loss: 1.6214053630828857  Accuracy: 99.61856079101562 %
2021-04-16 23:04:36,525 - trainer4_aws - INFO: [trainer4_aws.py:train_model:171] - Global Epoch:5 Iteration: 650  Loss: 10.899062156677246  Accuracy: 99.4332046508789 %
2021-04-16 23:04:51,720 - trainer4_aws - INFO: [trainer4_aws.py:train_model:171] - Global Epoch:5 Iteration: 660  Loss: 3.956341505050659  Accuracy: 99.63768768310547 %
2021-04-16 23:05:07,013 - trainer4_aws - INFO: [trainer4_aws.py:train_model:171] - Global Epoch:5 Iteration: 670  Loss: 5.109434127807617  Accuracy: 99.63681030273438 %
2021-04-16 23:05:22,338 - trainer4_aws - INFO: [trainer4_aws.py:train_model:171] - Global Epoch:5 Iteration: 680  Loss: 2.735527276992798  Accuracy: 99.64826202392578 %
2021-04-16 23:05:37,605 - trainer4_aws - INFO: [trainer4_aws.py:train_model:171] - Global Epoch:5 Iteration: 690  Loss: 2.084336042404175  Accuracy: 99.660400390625 %
2021-04-16 23:05:52,962 - trainer4_aws - INFO: [trainer4_aws.py:train_model:171] - Global Epoch:5 Iteration: 700  Loss: 7.994096755981445  Accuracy: 98.91594696044922 %
2021-04-16 23:06:08,305 - trainer4_aws - INFO: [trainer4_aws.py:train_model:171] - Global Epoch:5 Iteration: 710  Loss: 108.78596496582031  Accuracy: 99.4098892211914 %
2021-04-16 23:06:23,593 - trainer4_aws - INFO: [trainer4_aws.py:train_model:171] - Global Epoch:5 Iteration: 720  Loss: 4.861555576324463  Accuracy: 99.55558013916016 %
2021-04-16 23:06:38,835 - trainer4_aws - INFO: [trainer4_aws.py:train_model:171] - Global Epoch:5 Iteration: 730  Loss: 51.07292938232422  Accuracy: 99.15369415283203 %
2021-04-16 23:06:54,054 - trainer4_aws - INFO: [trainer4_aws.py:train_model:171] - Global Epoch:5 Iteration: 740  Loss: 8.139871597290039  Accuracy: 99.64546203613281 %
2021-04-16 23:07:09,324 - trainer4_aws - INFO: [trainer4_aws.py:train_model:171] - Global Epoch:5 Iteration: 750  Loss: 5.3116888999938965  Accuracy: 99.4665756225586 %
2021-04-16 23:07:24,786 - trainer4_aws - INFO: [trainer4_aws.py:train_model:171] - Global Epoch:5 Iteration: 760  Loss: 1.9633156061172485  Accuracy: 99.67367553710938 %
2021-04-16 23:07:40,182 - trainer4_aws - INFO: [trainer4_aws.py:train_model:171] - Global Epoch:5 Iteration: 770  Loss: 373.4805908203125  Accuracy: 99.72048950195312 %
2021-04-16 23:07:55,741 - trainer4_aws - INFO: [trainer4_aws.py:train_model:171] - Global Epoch:5 Iteration: 780  Loss: 6.061341285705566  Accuracy: 99.51417541503906 %
2021-04-16 23:08:11,315 - trainer4_aws - INFO: [trainer4_aws.py:train_model:171] - Global Epoch:5 Iteration: 790  Loss: 1.501154899597168  Accuracy: 99.67620849609375 %
2021-04-16 23:08:26,879 - trainer4_aws - INFO: [trainer4_aws.py:train_model:171] - Global Epoch:5 Iteration: 800  Loss: 10.484797477722168  Accuracy: 99.64581298828125 %
2021-04-16 23:08:42,403 - trainer4_aws - INFO: [trainer4_aws.py:train_model:171] - Global Epoch:5 Iteration: 810  Loss: 9.77100658416748  Accuracy: 99.66860961914062 %
2021-04-16 23:08:57,842 - trainer4_aws - INFO: [trainer4_aws.py:train_model:171] - Global Epoch:5 Iteration: 820  Loss: 4.939918041229248  Accuracy: 99.68363189697266 %
2021-04-16 23:09:13,436 - trainer4_aws - INFO: [trainer4_aws.py:train_model:171] - Global Epoch:5 Iteration: 830  Loss: 1.4034138917922974  Accuracy: 99.52369689941406 %
2021-04-16 23:09:28,975 - trainer4_aws - INFO: [trainer4_aws.py:train_model:171] - Global Epoch:5 Iteration: 840  Loss: 7.443260192871094  Accuracy: 99.59636688232422 %
2021-04-16 23:09:44,457 - trainer4_aws - INFO: [trainer4_aws.py:train_model:171] - Global Epoch:5 Iteration: 850  Loss: 5.491793155670166  Accuracy: 99.70537567138672 %
2021-04-16 23:09:59,802 - trainer4_aws - INFO: [trainer4_aws.py:train_model:171] - Global Epoch:5 Iteration: 860  Loss: 8.819666862487793  Accuracy: 99.6714859008789 %
2021-04-16 23:10:15,520 - trainer4_aws - INFO: [trainer4_aws.py:train_model:171] - Global Epoch:5 Iteration: 870  Loss: 3.9770781993865967  Accuracy: 99.68022155761719 %
2021-04-16 23:10:30,988 - trainer4_aws - INFO: [trainer4_aws.py:train_model:171] - Global Epoch:5 Iteration: 880  Loss: 23.31275749206543  Accuracy: 99.66659545898438 %
2021-04-16 23:10:46,253 - trainer4_aws - INFO: [trainer4_aws.py:train_model:171] - Global Epoch:5 Iteration: 890  Loss: 11.27715015411377  Accuracy: 99.52989959716797 %
2021-04-16 23:11:01,599 - trainer4_aws - INFO: [trainer4_aws.py:train_model:171] - Global Epoch:5 Iteration: 900  Loss: 5.3552374839782715  Accuracy: 99.73526000976562 %
2021-04-16 23:11:17,061 - trainer4_aws - INFO: [trainer4_aws.py:train_model:171] - Global Epoch:5 Iteration: 910  Loss: 8.306763648986816  Accuracy: 99.69568634033203 %
2021-04-16 23:11:30,225 - trainer4_aws - INFO: [trainer4_aws.py:train_model:195] - Epoch 5 completed. Time taken (seconds): 1419.434026002884
2021-04-16 23:11:30,225 - trainer4_aws - INFO: [trainer4_aws.py:train_model:197] - 
Accuracy: 99.69953155517578
2021-04-16 23:11:30,225 - trainer4_aws - INFO: [trainer4_aws.py:train_model:198] - 
LOSS:: 8.306763648986816
