2021-04-16 19:40:28,924 - trainer2_aws - INFO: [trainer2_aws.py:load_data:85] - Loading data...
2021-04-16 19:41:12,263 - trainer2_aws - INFO: [trainer2_aws.py:load_data:95] - Completed loading data
2021-04-16 19:41:23,712 - trainer2_aws - INFO: [trainer2_aws.py:GetPyTorchDataLoaders:81] - Completed loading data and returning pytorch train and validation data loaders
2021-04-16 19:41:23,751 - trainer2_aws - INFO: [trainer2_aws.py:on_connect_remote:248] - Connected to remote broker with rc: 0
2021-04-16 19:41:23,752 - trainer2_aws - INFO: [trainer2_aws.py:on_connect_remote:250] - Waiting for initial model from coordinator...
2021-04-16 19:42:09,966 - trainer2_aws - INFO: [trainer2_aws.py:on_message:254] - Model received from coordinator!
2021-04-16 19:42:09,966 - trainer2_aws - INFO: [trainer2_aws.py:on_message:255] - Topic: fed_ml/coordinator/1/model
2021-04-16 19:42:10,070 - trainer2_aws - INFO: [trainer2_aws.py:train_model:100] - Start training...
2021-04-16 19:42:25,247 - trainer2_aws - INFO: [trainer2_aws.py:train_model:172] - Global Epoch:1 Iteration: 0  Loss: 2181808.75  Accuracy: 1.6256910562515259 %
2021-04-16 19:42:42,231 - trainer2_aws - INFO: [trainer2_aws.py:train_model:172] - Global Epoch:1 Iteration: 10  Loss: 969979.0625  Accuracy: 20.801105499267578 %
2021-04-16 19:42:59,018 - trainer2_aws - INFO: [trainer2_aws.py:train_model:172] - Global Epoch:1 Iteration: 20  Loss: 212334.609375  Accuracy: 51.91249465942383 %
2021-04-16 19:43:15,850 - trainer2_aws - INFO: [trainer2_aws.py:train_model:172] - Global Epoch:1 Iteration: 30  Loss: 107587.4453125  Accuracy: 71.00326538085938 %
2021-04-16 19:43:32,720 - trainer2_aws - INFO: [trainer2_aws.py:train_model:172] - Global Epoch:1 Iteration: 40  Loss: 83988.1875  Accuracy: 73.6484603881836 %
2021-04-16 19:43:49,899 - trainer2_aws - INFO: [trainer2_aws.py:train_model:172] - Global Epoch:1 Iteration: 50  Loss: 32455.111328125  Accuracy: 75.3416748046875 %
2021-04-16 19:44:07,154 - trainer2_aws - INFO: [trainer2_aws.py:train_model:172] - Global Epoch:1 Iteration: 60  Loss: 31226.755859375  Accuracy: 76.0362548828125 %
2021-04-16 19:44:24,069 - trainer2_aws - INFO: [trainer2_aws.py:train_model:172] - Global Epoch:1 Iteration: 70  Loss: 24145.51171875  Accuracy: 75.55645751953125 %
2021-04-16 19:44:41,260 - trainer2_aws - INFO: [trainer2_aws.py:train_model:172] - Global Epoch:1 Iteration: 80  Loss: 22148.150390625  Accuracy: 73.81433868408203 %
2021-04-16 19:44:58,209 - trainer2_aws - INFO: [trainer2_aws.py:train_model:172] - Global Epoch:1 Iteration: 90  Loss: 21585.443359375  Accuracy: 57.26630401611328 %
2021-04-16 19:45:15,462 - trainer2_aws - INFO: [trainer2_aws.py:train_model:172] - Global Epoch:1 Iteration: 100  Loss: 19341.923828125  Accuracy: 70.75154113769531 %
2021-04-16 19:45:32,590 - trainer2_aws - INFO: [trainer2_aws.py:train_model:172] - Global Epoch:1 Iteration: 110  Loss: 10186.025390625  Accuracy: 74.10380554199219 %
2021-04-16 19:45:49,661 - trainer2_aws - INFO: [trainer2_aws.py:train_model:172] - Global Epoch:1 Iteration: 120  Loss: 11738.6748046875  Accuracy: 71.8874740600586 %
2021-04-16 19:46:06,952 - trainer2_aws - INFO: [trainer2_aws.py:train_model:172] - Global Epoch:1 Iteration: 130  Loss: 8297.0859375  Accuracy: 69.8655014038086 %
2021-04-16 19:46:24,074 - trainer2_aws - INFO: [trainer2_aws.py:train_model:172] - Global Epoch:1 Iteration: 140  Loss: 10412.5078125  Accuracy: 69.93694305419922 %
2021-04-16 19:46:41,083 - trainer2_aws - INFO: [trainer2_aws.py:train_model:172] - Global Epoch:1 Iteration: 150  Loss: 6280.03466796875  Accuracy: 74.74073028564453 %
2021-04-16 19:46:58,142 - trainer2_aws - INFO: [trainer2_aws.py:train_model:172] - Global Epoch:1 Iteration: 160  Loss: 5734.7822265625  Accuracy: 70.99234771728516 %
2021-04-16 19:47:15,321 - trainer2_aws - INFO: [trainer2_aws.py:train_model:172] - Global Epoch:1 Iteration: 170  Loss: 6631.28515625  Accuracy: 57.05431365966797 %
2021-04-16 19:47:32,555 - trainer2_aws - INFO: [trainer2_aws.py:train_model:172] - Global Epoch:1 Iteration: 180  Loss: 7442.01611328125  Accuracy: 75.41749572753906 %
2021-04-16 19:47:49,827 - trainer2_aws - INFO: [trainer2_aws.py:train_model:172] - Global Epoch:1 Iteration: 190  Loss: 5980.0302734375  Accuracy: 69.3401870727539 %
2021-04-16 19:48:07,255 - trainer2_aws - INFO: [trainer2_aws.py:train_model:172] - Global Epoch:1 Iteration: 200  Loss: 3977.8876953125  Accuracy: 54.23643112182617 %
2021-04-16 19:48:24,652 - trainer2_aws - INFO: [trainer2_aws.py:train_model:172] - Global Epoch:1 Iteration: 210  Loss: 5752.22802734375  Accuracy: 74.4054183959961 %
2021-04-16 19:48:41,652 - trainer2_aws - INFO: [trainer2_aws.py:train_model:172] - Global Epoch:1 Iteration: 220  Loss: 5031.9267578125  Accuracy: 71.12922668457031 %
2021-04-16 19:48:56,416 - trainer2_aws - INFO: [trainer2_aws.py:train_model:196] - Epoch 1 completed. Time taken (seconds): 406.3460738658905
2021-04-16 19:48:56,417 - trainer2_aws - INFO: [trainer2_aws.py:train_model:198] - 
Accuracy: 75.46265411376953
2021-04-16 19:48:56,417 - trainer2_aws - INFO: [trainer2_aws.py:train_model:199] - 
LOSS:: 5031.9267578125
2021-04-16 19:50:30,801 - trainer2_aws - INFO: [trainer2_aws.py:on_message:254] - Model received from coordinator!
2021-04-16 19:50:30,801 - trainer2_aws - INFO: [trainer2_aws.py:on_message:255] - Topic: fed_ml/coordinator/2/model
2021-04-16 19:50:30,803 - trainer2_aws - INFO: [trainer2_aws.py:train_model:100] - Start training...
2021-04-16 19:50:45,667 - trainer2_aws - INFO: [trainer2_aws.py:train_model:172] - Global Epoch:2 Iteration: 0  Loss: 376680.34375  Accuracy: 36.81239700317383 %
2021-04-16 19:51:02,775 - trainer2_aws - INFO: [trainer2_aws.py:train_model:172] - Global Epoch:2 Iteration: 10  Loss: 86372.75  Accuracy: 72.58966064453125 %
2021-04-16 19:51:19,819 - trainer2_aws - INFO: [trainer2_aws.py:train_model:172] - Global Epoch:2 Iteration: 20  Loss: 51026.3984375  Accuracy: 32.29292297363281 %
2021-04-16 19:51:36,942 - trainer2_aws - INFO: [trainer2_aws.py:train_model:172] - Global Epoch:2 Iteration: 30  Loss: 29105.951171875  Accuracy: 75.64624786376953 %
2021-04-16 19:51:53,904 - trainer2_aws - INFO: [trainer2_aws.py:train_model:172] - Global Epoch:2 Iteration: 40  Loss: 11404.6923828125  Accuracy: 73.31105041503906 %
2021-04-16 19:52:10,702 - trainer2_aws - INFO: [trainer2_aws.py:train_model:172] - Global Epoch:2 Iteration: 50  Loss: 19886.328125  Accuracy: 75.38316345214844 %
2021-04-16 19:52:27,897 - trainer2_aws - INFO: [trainer2_aws.py:train_model:172] - Global Epoch:2 Iteration: 60  Loss: 9244.990234375  Accuracy: 30.902278900146484 %
2021-04-16 19:52:44,906 - trainer2_aws - INFO: [trainer2_aws.py:train_model:172] - Global Epoch:2 Iteration: 70  Loss: 13954.8779296875  Accuracy: 70.59571838378906 %
2021-04-16 19:53:01,827 - trainer2_aws - INFO: [trainer2_aws.py:train_model:172] - Global Epoch:2 Iteration: 80  Loss: 11730.6708984375  Accuracy: 74.17350769042969 %
2021-04-16 19:53:18,797 - trainer2_aws - INFO: [trainer2_aws.py:train_model:172] - Global Epoch:2 Iteration: 90  Loss: 5693.70654296875  Accuracy: 51.81903076171875 %
2021-04-16 19:53:35,794 - trainer2_aws - INFO: [trainer2_aws.py:train_model:172] - Global Epoch:2 Iteration: 100  Loss: 12494.689453125  Accuracy: 75.24734497070312 %
2021-04-16 19:53:52,668 - trainer2_aws - INFO: [trainer2_aws.py:train_model:172] - Global Epoch:2 Iteration: 110  Loss: 4932.5537109375  Accuracy: 55.58112716674805 %
2021-04-16 19:54:09,775 - trainer2_aws - INFO: [trainer2_aws.py:train_model:172] - Global Epoch:2 Iteration: 120  Loss: 5099.02392578125  Accuracy: 69.45653533935547 %
2021-04-16 19:54:26,535 - trainer2_aws - INFO: [trainer2_aws.py:train_model:172] - Global Epoch:2 Iteration: 130  Loss: 12888.5517578125  Accuracy: 72.42291259765625 %
2021-04-16 19:54:43,212 - trainer2_aws - INFO: [trainer2_aws.py:train_model:172] - Global Epoch:2 Iteration: 140  Loss: 11626.267578125  Accuracy: 76.17618560791016 %
2021-04-16 19:55:00,391 - trainer2_aws - INFO: [trainer2_aws.py:train_model:172] - Global Epoch:2 Iteration: 150  Loss: 9557.3056640625  Accuracy: 70.96273803710938 %
2021-04-16 19:55:17,643 - trainer2_aws - INFO: [trainer2_aws.py:train_model:172] - Global Epoch:2 Iteration: 160  Loss: 5873.90380859375  Accuracy: 72.2752914428711 %
2021-04-16 19:55:34,565 - trainer2_aws - INFO: [trainer2_aws.py:train_model:172] - Global Epoch:2 Iteration: 170  Loss: 4223.55419921875  Accuracy: 72.08077239990234 %
2021-04-16 19:55:51,363 - trainer2_aws - INFO: [trainer2_aws.py:train_model:172] - Global Epoch:2 Iteration: 180  Loss: 6633.3837890625  Accuracy: 73.52277374267578 %
2021-04-16 19:56:08,269 - trainer2_aws - INFO: [trainer2_aws.py:train_model:172] - Global Epoch:2 Iteration: 190  Loss: 3237.985107421875  Accuracy: 57.180355072021484 %
2021-04-16 19:56:25,363 - trainer2_aws - INFO: [trainer2_aws.py:train_model:172] - Global Epoch:2 Iteration: 200  Loss: 4171.96240234375  Accuracy: 73.01284790039062 %
2021-04-16 19:56:42,189 - trainer2_aws - INFO: [trainer2_aws.py:train_model:172] - Global Epoch:2 Iteration: 210  Loss: 5002.77587890625  Accuracy: 70.18954467773438 %
2021-04-16 19:56:59,187 - trainer2_aws - INFO: [trainer2_aws.py:train_model:172] - Global Epoch:2 Iteration: 220  Loss: 4078.252685546875  Accuracy: 75.25345611572266 %
2021-04-16 19:57:14,121 - trainer2_aws - INFO: [trainer2_aws.py:train_model:196] - Epoch 2 completed. Time taken (seconds): 403.3178479671478
2021-04-16 19:57:14,121 - trainer2_aws - INFO: [trainer2_aws.py:train_model:198] - 
Accuracy: 57.31416702270508
2021-04-16 19:57:14,121 - trainer2_aws - INFO: [trainer2_aws.py:train_model:199] - 
LOSS:: 4078.252685546875
2021-04-16 19:58:46,408 - trainer2_aws - INFO: [trainer2_aws.py:on_message:254] - Model received from coordinator!
2021-04-16 19:58:46,409 - trainer2_aws - INFO: [trainer2_aws.py:on_message:255] - Topic: fed_ml/coordinator/3/model
2021-04-16 19:58:46,410 - trainer2_aws - INFO: [trainer2_aws.py:train_model:100] - Start training...
2021-04-16 19:59:01,653 - trainer2_aws - INFO: [trainer2_aws.py:train_model:172] - Global Epoch:3 Iteration: 0  Loss: 258232.46875  Accuracy: 38.334495544433594 %
2021-04-16 19:59:19,019 - trainer2_aws - INFO: [trainer2_aws.py:train_model:172] - Global Epoch:3 Iteration: 10  Loss: 46904.8515625  Accuracy: 72.86043548583984 %
2021-04-16 19:59:35,817 - trainer2_aws - INFO: [trainer2_aws.py:train_model:172] - Global Epoch:3 Iteration: 20  Loss: 20043.021484375  Accuracy: 67.85731506347656 %
2021-04-16 19:59:52,993 - trainer2_aws - INFO: [trainer2_aws.py:train_model:172] - Global Epoch:3 Iteration: 30  Loss: 12251.01953125  Accuracy: 54.85283279418945 %
2021-04-16 20:00:10,330 - trainer2_aws - INFO: [trainer2_aws.py:train_model:172] - Global Epoch:3 Iteration: 40  Loss: 11350.4306640625  Accuracy: 47.32637023925781 %
2021-04-16 20:00:27,716 - trainer2_aws - INFO: [trainer2_aws.py:train_model:172] - Global Epoch:3 Iteration: 50  Loss: 18969.2734375  Accuracy: 74.76091003417969 %
2021-04-16 20:00:45,118 - trainer2_aws - INFO: [trainer2_aws.py:train_model:172] - Global Epoch:3 Iteration: 60  Loss: 8967.021484375  Accuracy: 73.3451156616211 %
2021-04-16 20:01:02,269 - trainer2_aws - INFO: [trainer2_aws.py:train_model:172] - Global Epoch:3 Iteration: 70  Loss: 9673.771484375  Accuracy: 74.41815948486328 %
2021-04-16 20:01:19,906 - trainer2_aws - INFO: [trainer2_aws.py:train_model:172] - Global Epoch:3 Iteration: 80  Loss: 14037.3056640625  Accuracy: 73.40459442138672 %
2021-04-16 20:01:36,999 - trainer2_aws - INFO: [trainer2_aws.py:train_model:172] - Global Epoch:3 Iteration: 90  Loss: 4913.37646484375  Accuracy: 72.81343078613281 %
2021-04-16 20:01:54,654 - trainer2_aws - INFO: [trainer2_aws.py:train_model:172] - Global Epoch:3 Iteration: 100  Loss: 5608.31396484375  Accuracy: 72.75578308105469 %
2021-04-16 20:02:12,581 - trainer2_aws - INFO: [trainer2_aws.py:train_model:172] - Global Epoch:3 Iteration: 110  Loss: 9674.1279296875  Accuracy: 68.87410736083984 %
2021-04-16 20:02:30,347 - trainer2_aws - INFO: [trainer2_aws.py:train_model:172] - Global Epoch:3 Iteration: 120  Loss: 7155.85595703125  Accuracy: 72.61306762695312 %
2021-04-16 20:02:47,896 - trainer2_aws - INFO: [trainer2_aws.py:train_model:172] - Global Epoch:3 Iteration: 130  Loss: 7462.02783203125  Accuracy: 72.14811706542969 %
2021-04-16 20:03:05,374 - trainer2_aws - INFO: [trainer2_aws.py:train_model:172] - Global Epoch:3 Iteration: 140  Loss: 7442.7578125  Accuracy: 75.57139587402344 %
2021-04-16 20:03:22,749 - trainer2_aws - INFO: [trainer2_aws.py:train_model:172] - Global Epoch:3 Iteration: 150  Loss: 8947.193359375  Accuracy: 69.22533416748047 %
2021-04-16 20:03:40,151 - trainer2_aws - INFO: [trainer2_aws.py:train_model:172] - Global Epoch:3 Iteration: 160  Loss: 5670.3974609375  Accuracy: 68.78562927246094 %
2021-04-16 20:03:57,501 - trainer2_aws - INFO: [trainer2_aws.py:train_model:172] - Global Epoch:3 Iteration: 170  Loss: 5344.13232421875  Accuracy: 74.57014465332031 %
2021-04-16 20:04:15,009 - trainer2_aws - INFO: [trainer2_aws.py:train_model:172] - Global Epoch:3 Iteration: 180  Loss: 6810.875  Accuracy: 69.35198211669922 %
2021-04-16 20:04:32,227 - trainer2_aws - INFO: [trainer2_aws.py:train_model:172] - Global Epoch:3 Iteration: 190  Loss: 3923.919921875  Accuracy: 55.62794494628906 %
2021-04-16 20:04:49,401 - trainer2_aws - INFO: [trainer2_aws.py:train_model:172] - Global Epoch:3 Iteration: 200  Loss: 10906.064453125  Accuracy: 68.65644073486328 %
2021-04-16 20:05:06,473 - trainer2_aws - INFO: [trainer2_aws.py:train_model:172] - Global Epoch:3 Iteration: 210  Loss: 4438.728515625  Accuracy: 75.2593994140625 %
2021-04-16 20:05:24,230 - trainer2_aws - INFO: [trainer2_aws.py:train_model:172] - Global Epoch:3 Iteration: 220  Loss: 5376.0322265625  Accuracy: 73.76699829101562 %
2021-04-16 20:05:39,714 - trainer2_aws - INFO: [trainer2_aws.py:train_model:196] - Epoch 3 completed. Time taken (seconds): 413.3033139705658
2021-04-16 20:05:39,714 - trainer2_aws - INFO: [trainer2_aws.py:train_model:198] - 
Accuracy: 74.18949127197266
2021-04-16 20:05:39,714 - trainer2_aws - INFO: [trainer2_aws.py:train_model:199] - 
LOSS:: 5376.0322265625
2021-04-16 20:07:04,535 - trainer2_aws - INFO: [trainer2_aws.py:on_message:254] - Model received from coordinator!
2021-04-16 20:07:04,535 - trainer2_aws - INFO: [trainer2_aws.py:on_message:255] - Topic: fed_ml/coordinator/4/model
2021-04-16 20:07:04,537 - trainer2_aws - INFO: [trainer2_aws.py:train_model:100] - Start training...
2021-04-16 20:07:19,804 - trainer2_aws - INFO: [trainer2_aws.py:train_model:172] - Global Epoch:4 Iteration: 0  Loss: 241116.75  Accuracy: 38.68903732299805 %
2021-04-16 20:07:37,346 - trainer2_aws - INFO: [trainer2_aws.py:train_model:172] - Global Epoch:4 Iteration: 10  Loss: 32009.04296875  Accuracy: 74.9139404296875 %
2021-04-16 20:07:55,012 - trainer2_aws - INFO: [trainer2_aws.py:train_model:172] - Global Epoch:4 Iteration: 20  Loss: 18123.138671875  Accuracy: 74.03488159179688 %
2021-04-16 20:08:12,309 - trainer2_aws - INFO: [trainer2_aws.py:train_model:172] - Global Epoch:4 Iteration: 30  Loss: 18471.126953125  Accuracy: 74.33011627197266 %
2021-04-16 20:08:29,703 - trainer2_aws - INFO: [trainer2_aws.py:train_model:172] - Global Epoch:4 Iteration: 40  Loss: 9906.3017578125  Accuracy: 71.02641296386719 %
2021-04-16 20:08:47,082 - trainer2_aws - INFO: [trainer2_aws.py:train_model:172] - Global Epoch:4 Iteration: 50  Loss: 16230.1484375  Accuracy: 55.699222564697266 %
2021-04-16 20:09:05,013 - trainer2_aws - INFO: [trainer2_aws.py:train_model:172] - Global Epoch:4 Iteration: 60  Loss: 12785.6787109375  Accuracy: 73.9974136352539 %
2021-04-16 20:09:22,781 - trainer2_aws - INFO: [trainer2_aws.py:train_model:172] - Global Epoch:4 Iteration: 70  Loss: 13537.8427734375  Accuracy: 75.62162780761719 %
2021-04-16 20:09:40,260 - trainer2_aws - INFO: [trainer2_aws.py:train_model:172] - Global Epoch:4 Iteration: 80  Loss: 16635.68359375  Accuracy: 54.46763610839844 %
2021-04-16 20:09:57,493 - trainer2_aws - INFO: [trainer2_aws.py:train_model:172] - Global Epoch:4 Iteration: 90  Loss: 9852.935546875  Accuracy: 73.80796813964844 %
2021-04-16 20:10:14,720 - trainer2_aws - INFO: [trainer2_aws.py:train_model:172] - Global Epoch:4 Iteration: 100  Loss: 4735.93896484375  Accuracy: 68.84040069580078 %
2021-04-16 20:10:31,914 - trainer2_aws - INFO: [trainer2_aws.py:train_model:172] - Global Epoch:4 Iteration: 110  Loss: 11692.72265625  Accuracy: 75.52554321289062 %
2021-04-16 20:10:48,911 - trainer2_aws - INFO: [trainer2_aws.py:train_model:172] - Global Epoch:4 Iteration: 120  Loss: 5957.27099609375  Accuracy: 72.76251220703125 %
2021-04-16 20:11:06,164 - trainer2_aws - INFO: [trainer2_aws.py:train_model:172] - Global Epoch:4 Iteration: 130  Loss: 6880.80712890625  Accuracy: 70.95697784423828 %
2021-04-16 20:11:23,131 - trainer2_aws - INFO: [trainer2_aws.py:train_model:172] - Global Epoch:4 Iteration: 140  Loss: 6119.55322265625  Accuracy: 71.90242004394531 %
2021-04-16 20:11:40,011 - trainer2_aws - INFO: [trainer2_aws.py:train_model:172] - Global Epoch:4 Iteration: 150  Loss: 7090.74072265625  Accuracy: 75.43286895751953 %
2021-04-16 20:11:56,948 - trainer2_aws - INFO: [trainer2_aws.py:train_model:172] - Global Epoch:4 Iteration: 160  Loss: 3905.78955078125  Accuracy: 51.751773834228516 %
2021-04-16 20:12:13,990 - trainer2_aws - INFO: [trainer2_aws.py:train_model:172] - Global Epoch:4 Iteration: 170  Loss: 12014.203125  Accuracy: 70.70166015625 %
2021-04-16 20:12:31,374 - trainer2_aws - INFO: [trainer2_aws.py:train_model:172] - Global Epoch:4 Iteration: 180  Loss: 5341.83984375  Accuracy: 77.2936019897461 %
2021-04-16 20:12:49,457 - trainer2_aws - INFO: [trainer2_aws.py:train_model:172] - Global Epoch:4 Iteration: 190  Loss: 4734.34814453125  Accuracy: 70.27995300292969 %
2021-04-16 20:13:07,090 - trainer2_aws - INFO: [trainer2_aws.py:train_model:172] - Global Epoch:4 Iteration: 200  Loss: 4913.6494140625  Accuracy: 75.3764419555664 %
2021-04-16 20:13:24,226 - trainer2_aws - INFO: [trainer2_aws.py:train_model:172] - Global Epoch:4 Iteration: 210  Loss: 6968.99658203125  Accuracy: 71.02073669433594 %
2021-04-16 20:13:41,458 - trainer2_aws - INFO: [trainer2_aws.py:train_model:172] - Global Epoch:4 Iteration: 220  Loss: 3145.292724609375  Accuracy: 76.64653778076172 %
2021-04-16 20:13:56,373 - trainer2_aws - INFO: [trainer2_aws.py:train_model:196] - Epoch 4 completed. Time taken (seconds): 411.8360080718994
2021-04-16 20:13:56,373 - trainer2_aws - INFO: [trainer2_aws.py:train_model:198] - 
Accuracy: 77.44410705566406
2021-04-16 20:13:56,373 - trainer2_aws - INFO: [trainer2_aws.py:train_model:199] - 
LOSS:: 3145.292724609375
2021-04-16 20:15:32,940 - trainer2_aws - INFO: [trainer2_aws.py:on_message:254] - Model received from coordinator!
2021-04-16 20:15:32,941 - trainer2_aws - INFO: [trainer2_aws.py:on_message:255] - Topic: fed_ml/coordinator/5/model
2021-04-16 20:15:32,942 - trainer2_aws - INFO: [trainer2_aws.py:train_model:100] - Start training...
2021-04-16 20:15:48,077 - trainer2_aws - INFO: [trainer2_aws.py:train_model:172] - Global Epoch:5 Iteration: 0  Loss: 228495.25  Accuracy: 45.79387664794922 %
2021-04-16 20:16:05,286 - trainer2_aws - INFO: [trainer2_aws.py:train_model:172] - Global Epoch:5 Iteration: 10  Loss: 28144.650390625  Accuracy: 77.1693115234375 %
2021-04-16 20:16:22,748 - trainer2_aws - INFO: [trainer2_aws.py:train_model:172] - Global Epoch:5 Iteration: 20  Loss: 15623.177734375  Accuracy: 71.60124969482422 %
2021-04-16 20:16:40,054 - trainer2_aws - INFO: [trainer2_aws.py:train_model:172] - Global Epoch:5 Iteration: 30  Loss: 11349.9052734375  Accuracy: 56.47826385498047 %
2021-04-16 20:16:57,127 - trainer2_aws - INFO: [trainer2_aws.py:train_model:172] - Global Epoch:5 Iteration: 40  Loss: 11349.6982421875  Accuracy: 72.49113464355469 %
2021-04-16 20:17:14,377 - trainer2_aws - INFO: [trainer2_aws.py:train_model:172] - Global Epoch:5 Iteration: 50  Loss: 8070.7158203125  Accuracy: 68.09272003173828 %
2021-04-16 20:17:31,621 - trainer2_aws - INFO: [trainer2_aws.py:train_model:172] - Global Epoch:5 Iteration: 60  Loss: 9119.5283203125  Accuracy: 74.64089965820312 %
2021-04-16 20:17:48,765 - trainer2_aws - INFO: [trainer2_aws.py:train_model:172] - Global Epoch:5 Iteration: 70  Loss: 8872.0107421875  Accuracy: 72.88147735595703 %
2021-04-16 20:18:05,970 - trainer2_aws - INFO: [trainer2_aws.py:train_model:172] - Global Epoch:5 Iteration: 80  Loss: 12780.103515625  Accuracy: 56.53835678100586 %
2021-04-16 20:18:23,210 - trainer2_aws - INFO: [trainer2_aws.py:train_model:172] - Global Epoch:5 Iteration: 90  Loss: 10723.9580078125  Accuracy: 76.45455932617188 %
2021-04-16 20:18:40,369 - trainer2_aws - INFO: [trainer2_aws.py:train_model:172] - Global Epoch:5 Iteration: 100  Loss: 10823.0166015625  Accuracy: 72.76470184326172 %
2021-04-16 20:18:57,463 - trainer2_aws - INFO: [trainer2_aws.py:train_model:172] - Global Epoch:5 Iteration: 110  Loss: 5047.3037109375  Accuracy: 72.22419738769531 %
2021-04-16 20:19:14,693 - trainer2_aws - INFO: [trainer2_aws.py:train_model:172] - Global Epoch:5 Iteration: 120  Loss: 10696.1513671875  Accuracy: 76.26143646240234 %
2021-04-16 20:19:31,661 - trainer2_aws - INFO: [trainer2_aws.py:train_model:172] - Global Epoch:5 Iteration: 130  Loss: 14923.2958984375  Accuracy: 78.59262084960938 %
2021-04-16 20:19:48,812 - trainer2_aws - INFO: [trainer2_aws.py:train_model:172] - Global Epoch:5 Iteration: 140  Loss: 6535.3095703125  Accuracy: 70.0185317993164 %
2021-04-16 20:20:06,343 - trainer2_aws - INFO: [trainer2_aws.py:train_model:172] - Global Epoch:5 Iteration: 150  Loss: 6994.2294921875  Accuracy: 69.5843276977539 %
2021-04-16 20:20:23,639 - trainer2_aws - INFO: [trainer2_aws.py:train_model:172] - Global Epoch:5 Iteration: 160  Loss: 2908.159912109375  Accuracy: 55.252532958984375 %
2021-04-16 20:20:40,548 - trainer2_aws - INFO: [trainer2_aws.py:train_model:172] - Global Epoch:5 Iteration: 170  Loss: 3279.646728515625  Accuracy: 75.95292663574219 %
2021-04-16 20:20:57,542 - trainer2_aws - INFO: [trainer2_aws.py:train_model:172] - Global Epoch:5 Iteration: 180  Loss: 5288.25341796875  Accuracy: 77.70614624023438 %
2021-04-16 20:21:14,685 - trainer2_aws - INFO: [trainer2_aws.py:train_model:172] - Global Epoch:5 Iteration: 190  Loss: 4112.39404296875  Accuracy: 71.58621978759766 %
2021-04-16 20:21:31,897 - trainer2_aws - INFO: [trainer2_aws.py:train_model:172] - Global Epoch:5 Iteration: 200  Loss: 8053.7646484375  Accuracy: 71.87236785888672 %
2021-04-16 20:21:48,907 - trainer2_aws - INFO: [trainer2_aws.py:train_model:172] - Global Epoch:5 Iteration: 210  Loss: 9209.19921875  Accuracy: 71.41484069824219 %
2021-04-16 20:22:05,822 - trainer2_aws - INFO: [trainer2_aws.py:train_model:172] - Global Epoch:5 Iteration: 220  Loss: 4680.12060546875  Accuracy: 57.32429885864258 %
2021-04-16 20:22:20,692 - trainer2_aws - INFO: [trainer2_aws.py:train_model:196] - Epoch 5 completed. Time taken (seconds): 407.74966955184937
2021-04-16 20:22:20,692 - trainer2_aws - INFO: [trainer2_aws.py:train_model:198] - 
Accuracy: 76.37821197509766
2021-04-16 20:22:20,692 - trainer2_aws - INFO: [trainer2_aws.py:train_model:199] - 
LOSS:: 4680.12060546875
