2021-04-16 21:10:19,376 - trainer2_aws - INFO: [trainer2_aws.py:load_data:85] - Loading data...
2021-04-16 21:11:15,951 - trainer2_aws - INFO: [trainer2_aws.py:load_data:95] - Completed loading data
2021-04-16 21:11:27,399 - trainer2_aws - INFO: [trainer2_aws.py:GetPyTorchDataLoaders:81] - Completed loading data and returning pytorch train and validation data loaders
2021-04-16 21:11:27,406 - trainer2_aws - INFO: [trainer2_aws.py:on_connect_remote:248] - Connected to remote broker with rc: 0
2021-04-16 21:11:27,406 - trainer2_aws - INFO: [trainer2_aws.py:on_connect_remote:250] - Waiting for initial model from coordinator...
2021-04-16 21:11:52,654 - trainer2_aws - INFO: [trainer2_aws.py:on_message:254] - Model received from coordinator!
2021-04-16 21:11:52,654 - trainer2_aws - INFO: [trainer2_aws.py:on_message:255] - Topic: fed_ml/coordinator/1/model
2021-04-16 21:11:52,694 - trainer2_aws - INFO: [trainer2_aws.py:train_model:100] - Start training...
2021-04-16 21:12:06,861 - trainer2_aws - INFO: [trainer2_aws.py:train_model:172] - Global Epoch:1 Iteration: 0  Loss: 2032993.875  Accuracy: 0.4300936162471771 %
2021-04-16 21:12:21,364 - trainer2_aws - INFO: [trainer2_aws.py:train_model:172] - Global Epoch:1 Iteration: 10  Loss: 728939.125  Accuracy: 9.251118659973145 %
2021-04-16 21:12:35,776 - trainer2_aws - INFO: [trainer2_aws.py:train_model:172] - Global Epoch:1 Iteration: 20  Loss: 267683.5625  Accuracy: 35.87255096435547 %
2021-04-16 21:12:50,226 - trainer2_aws - INFO: [trainer2_aws.py:train_model:172] - Global Epoch:1 Iteration: 30  Loss: 196345.375  Accuracy: 38.18059158325195 %
2021-04-16 21:13:04,800 - trainer2_aws - INFO: [trainer2_aws.py:train_model:172] - Global Epoch:1 Iteration: 40  Loss: 104323.7109375  Accuracy: 49.71538162231445 %
2021-04-16 21:13:19,451 - trainer2_aws - INFO: [trainer2_aws.py:train_model:172] - Global Epoch:1 Iteration: 50  Loss: 72823.765625  Accuracy: 72.8774642944336 %
2021-04-16 21:13:33,913 - trainer2_aws - INFO: [trainer2_aws.py:train_model:172] - Global Epoch:1 Iteration: 60  Loss: 52442.92578125  Accuracy: 51.72810363769531 %
2021-04-16 21:13:48,326 - trainer2_aws - INFO: [trainer2_aws.py:train_model:172] - Global Epoch:1 Iteration: 70  Loss: 33517.31640625  Accuracy: 70.82447052001953 %
2021-04-16 21:14:02,822 - trainer2_aws - INFO: [trainer2_aws.py:train_model:172] - Global Epoch:1 Iteration: 80  Loss: 26978.86328125  Accuracy: 70.033203125 %
2021-04-16 21:14:17,311 - trainer2_aws - INFO: [trainer2_aws.py:train_model:172] - Global Epoch:1 Iteration: 90  Loss: 23678.9375  Accuracy: 73.38040161132812 %
2021-04-16 21:14:31,624 - trainer2_aws - INFO: [trainer2_aws.py:train_model:172] - Global Epoch:1 Iteration: 100  Loss: 19147.365234375  Accuracy: 73.23139190673828 %
2021-04-16 21:14:45,862 - trainer2_aws - INFO: [trainer2_aws.py:train_model:172] - Global Epoch:1 Iteration: 110  Loss: 19508.62109375  Accuracy: 74.3809585571289 %
2021-04-16 21:15:00,196 - trainer2_aws - INFO: [trainer2_aws.py:train_model:172] - Global Epoch:1 Iteration: 120  Loss: 18931.400390625  Accuracy: 73.50792694091797 %
2021-04-16 21:15:14,701 - trainer2_aws - INFO: [trainer2_aws.py:train_model:172] - Global Epoch:1 Iteration: 130  Loss: 15865.611328125  Accuracy: 74.15227508544922 %
2021-04-16 21:15:29,168 - trainer2_aws - INFO: [trainer2_aws.py:train_model:172] - Global Epoch:1 Iteration: 140  Loss: 15187.9072265625  Accuracy: 75.11692810058594 %
2021-04-16 21:15:43,654 - trainer2_aws - INFO: [trainer2_aws.py:train_model:172] - Global Epoch:1 Iteration: 150  Loss: 12492.7646484375  Accuracy: 74.16581726074219 %
2021-04-16 21:15:58,016 - trainer2_aws - INFO: [trainer2_aws.py:train_model:172] - Global Epoch:1 Iteration: 160  Loss: 10378.2705078125  Accuracy: 56.7769889831543 %
2021-04-16 21:16:12,540 - trainer2_aws - INFO: [trainer2_aws.py:train_model:172] - Global Epoch:1 Iteration: 170  Loss: 13431.763671875  Accuracy: 69.88689422607422 %
2021-04-16 21:16:26,935 - trainer2_aws - INFO: [trainer2_aws.py:train_model:172] - Global Epoch:1 Iteration: 180  Loss: 12471.81640625  Accuracy: 74.30286407470703 %
2021-04-16 21:16:41,522 - trainer2_aws - INFO: [trainer2_aws.py:train_model:172] - Global Epoch:1 Iteration: 190  Loss: 9121.80859375  Accuracy: 61.21147537231445 %
2021-04-16 21:16:56,041 - trainer2_aws - INFO: [trainer2_aws.py:train_model:172] - Global Epoch:1 Iteration: 200  Loss: 11341.513671875  Accuracy: 74.75550079345703 %
2021-04-16 21:17:10,475 - trainer2_aws - INFO: [trainer2_aws.py:train_model:172] - Global Epoch:1 Iteration: 210  Loss: 10715.015625  Accuracy: 72.91265869140625 %
2021-04-16 21:17:24,874 - trainer2_aws - INFO: [trainer2_aws.py:train_model:172] - Global Epoch:1 Iteration: 220  Loss: 8009.09619140625  Accuracy: 76.40756225585938 %
2021-04-16 21:17:39,270 - trainer2_aws - INFO: [trainer2_aws.py:train_model:172] - Global Epoch:1 Iteration: 230  Loss: 6658.55078125  Accuracy: 72.96699523925781 %
2021-04-16 21:17:53,728 - trainer2_aws - INFO: [trainer2_aws.py:train_model:172] - Global Epoch:1 Iteration: 240  Loss: 6789.67822265625  Accuracy: 74.4073257446289 %
2021-04-16 21:18:08,334 - trainer2_aws - INFO: [trainer2_aws.py:train_model:172] - Global Epoch:1 Iteration: 250  Loss: 6446.2890625  Accuracy: 75.47129821777344 %
2021-04-16 21:18:22,672 - trainer2_aws - INFO: [trainer2_aws.py:train_model:172] - Global Epoch:1 Iteration: 260  Loss: 4687.0654296875  Accuracy: 73.15696716308594 %
2021-04-16 21:18:37,138 - trainer2_aws - INFO: [trainer2_aws.py:train_model:172] - Global Epoch:1 Iteration: 270  Loss: 7536.9697265625  Accuracy: 76.1485824584961 %
2021-04-16 21:18:51,697 - trainer2_aws - INFO: [trainer2_aws.py:train_model:172] - Global Epoch:1 Iteration: 280  Loss: 5224.0283203125  Accuracy: 64.59859466552734 %
2021-04-16 21:19:06,208 - trainer2_aws - INFO: [trainer2_aws.py:train_model:172] - Global Epoch:1 Iteration: 290  Loss: 4920.09228515625  Accuracy: 57.072654724121094 %
2021-04-16 21:19:20,746 - trainer2_aws - INFO: [trainer2_aws.py:train_model:172] - Global Epoch:1 Iteration: 300  Loss: 14266.033203125  Accuracy: 72.5915756225586 %
2021-04-16 21:19:35,076 - trainer2_aws - INFO: [trainer2_aws.py:train_model:172] - Global Epoch:1 Iteration: 310  Loss: 7448.65576171875  Accuracy: 73.70271301269531 %
2021-04-16 21:19:49,362 - trainer2_aws - INFO: [trainer2_aws.py:train_model:172] - Global Epoch:1 Iteration: 320  Loss: 5598.02099609375  Accuracy: 72.13282775878906 %
2021-04-16 21:20:03,810 - trainer2_aws - INFO: [trainer2_aws.py:train_model:172] - Global Epoch:1 Iteration: 330  Loss: 3066.9794921875  Accuracy: 49.700008392333984 %
2021-04-16 21:20:18,686 - trainer2_aws - INFO: [trainer2_aws.py:train_model:172] - Global Epoch:1 Iteration: 340  Loss: 5085.07470703125  Accuracy: 70.93173217773438 %
2021-04-16 21:20:33,085 - trainer2_aws - INFO: [trainer2_aws.py:train_model:172] - Global Epoch:1 Iteration: 350  Loss: 10681.41796875  Accuracy: 70.95330047607422 %
2021-04-16 21:20:47,421 - trainer2_aws - INFO: [trainer2_aws.py:train_model:172] - Global Epoch:1 Iteration: 360  Loss: 6241.27880859375  Accuracy: 75.100341796875 %
2021-04-16 21:21:01,766 - trainer2_aws - INFO: [trainer2_aws.py:train_model:172] - Global Epoch:1 Iteration: 370  Loss: 8939.8134765625  Accuracy: 70.77075958251953 %
2021-04-16 21:21:16,374 - trainer2_aws - INFO: [trainer2_aws.py:train_model:172] - Global Epoch:1 Iteration: 380  Loss: 10770.5087890625  Accuracy: 74.71427154541016 %
2021-04-16 21:21:30,588 - trainer2_aws - INFO: [trainer2_aws.py:train_model:172] - Global Epoch:1 Iteration: 390  Loss: 5347.84619140625  Accuracy: 73.55377960205078 %
2021-04-16 21:21:44,865 - trainer2_aws - INFO: [trainer2_aws.py:train_model:172] - Global Epoch:1 Iteration: 400  Loss: 3664.931640625  Accuracy: 53.727027893066406 %
2021-04-16 21:21:59,248 - trainer2_aws - INFO: [trainer2_aws.py:train_model:172] - Global Epoch:1 Iteration: 410  Loss: 4777.02099609375  Accuracy: 70.61553955078125 %
2021-04-16 21:22:13,655 - trainer2_aws - INFO: [trainer2_aws.py:train_model:172] - Global Epoch:1 Iteration: 420  Loss: 4709.07958984375  Accuracy: 71.35501098632812 %
2021-04-16 21:22:28,109 - trainer2_aws - INFO: [trainer2_aws.py:train_model:172] - Global Epoch:1 Iteration: 430  Loss: 5852.7177734375  Accuracy: 61.33297348022461 %
2021-04-16 21:22:42,595 - trainer2_aws - INFO: [trainer2_aws.py:train_model:172] - Global Epoch:1 Iteration: 440  Loss: 8589.94921875  Accuracy: 75.96349334716797 %
2021-04-16 21:22:57,069 - trainer2_aws - INFO: [trainer2_aws.py:train_model:172] - Global Epoch:1 Iteration: 450  Loss: 11843.568359375  Accuracy: 76.31401824951172 %
2021-04-16 21:23:11,518 - trainer2_aws - INFO: [trainer2_aws.py:train_model:172] - Global Epoch:1 Iteration: 460  Loss: 9709.2158203125  Accuracy: 57.87327194213867 %
2021-04-16 21:23:26,086 - trainer2_aws - INFO: [trainer2_aws.py:train_model:172] - Global Epoch:1 Iteration: 470  Loss: 9513.9931640625  Accuracy: 69.22096252441406 %
2021-04-16 21:23:40,730 - trainer2_aws - INFO: [trainer2_aws.py:train_model:172] - Global Epoch:1 Iteration: 480  Loss: 13993.4111328125  Accuracy: 70.59606170654297 %
2021-04-16 21:23:55,518 - trainer2_aws - INFO: [trainer2_aws.py:train_model:172] - Global Epoch:1 Iteration: 490  Loss: 8911.744140625  Accuracy: 71.76990509033203 %
2021-04-16 21:24:10,107 - trainer2_aws - INFO: [trainer2_aws.py:train_model:172] - Global Epoch:1 Iteration: 500  Loss: 7234.18017578125  Accuracy: 70.17129516601562 %
2021-04-16 21:24:24,717 - trainer2_aws - INFO: [trainer2_aws.py:train_model:172] - Global Epoch:1 Iteration: 510  Loss: 15512.9326171875  Accuracy: 73.35332489013672 %
2021-04-16 21:24:38,980 - trainer2_aws - INFO: [trainer2_aws.py:train_model:172] - Global Epoch:1 Iteration: 520  Loss: 17627.03125  Accuracy: 54.89886474609375 %
2021-04-16 21:24:53,236 - trainer2_aws - INFO: [trainer2_aws.py:train_model:172] - Global Epoch:1 Iteration: 530  Loss: 9826.6103515625  Accuracy: 66.79615020751953 %
2021-04-16 21:25:07,703 - trainer2_aws - INFO: [trainer2_aws.py:train_model:172] - Global Epoch:1 Iteration: 540  Loss: 14364.7099609375  Accuracy: 75.83343505859375 %
2021-04-16 21:25:22,200 - trainer2_aws - INFO: [trainer2_aws.py:train_model:172] - Global Epoch:1 Iteration: 550  Loss: 5405.09375  Accuracy: 71.27185821533203 %
2021-04-16 21:25:36,593 - trainer2_aws - INFO: [trainer2_aws.py:train_model:172] - Global Epoch:1 Iteration: 560  Loss: 9338.416015625  Accuracy: 77.83602905273438 %
2021-04-16 21:25:51,106 - trainer2_aws - INFO: [trainer2_aws.py:train_model:172] - Global Epoch:1 Iteration: 570  Loss: 4997.28271484375  Accuracy: 74.27893829345703 %
2021-04-16 21:26:05,716 - trainer2_aws - INFO: [trainer2_aws.py:train_model:172] - Global Epoch:1 Iteration: 580  Loss: 9783.830078125  Accuracy: 71.45625305175781 %
2021-04-16 21:26:20,215 - trainer2_aws - INFO: [trainer2_aws.py:train_model:172] - Global Epoch:1 Iteration: 590  Loss: 4906.25537109375  Accuracy: 75.28385162353516 %
2021-04-16 21:26:34,572 - trainer2_aws - INFO: [trainer2_aws.py:train_model:172] - Global Epoch:1 Iteration: 600  Loss: 6106.18017578125  Accuracy: 74.14835357666016 %
2021-04-16 21:26:48,905 - trainer2_aws - INFO: [trainer2_aws.py:train_model:172] - Global Epoch:1 Iteration: 610  Loss: 4816.6455078125  Accuracy: 73.05609130859375 %
2021-04-16 21:27:03,613 - trainer2_aws - INFO: [trainer2_aws.py:train_model:172] - Global Epoch:1 Iteration: 620  Loss: 2694.670654296875  Accuracy: 56.6904296875 %
2021-04-16 21:27:18,481 - trainer2_aws - INFO: [trainer2_aws.py:train_model:172] - Global Epoch:1 Iteration: 630  Loss: 4940.46484375  Accuracy: 78.05177307128906 %
2021-04-16 21:27:33,200 - trainer2_aws - INFO: [trainer2_aws.py:train_model:172] - Global Epoch:1 Iteration: 640  Loss: 8588.921875  Accuracy: 55.486270904541016 %
2021-04-16 21:27:47,749 - trainer2_aws - INFO: [trainer2_aws.py:train_model:172] - Global Epoch:1 Iteration: 650  Loss: 6892.525390625  Accuracy: 53.146697998046875 %
2021-04-16 21:28:02,344 - trainer2_aws - INFO: [trainer2_aws.py:train_model:172] - Global Epoch:1 Iteration: 660  Loss: 8823.7451171875  Accuracy: 68.98609161376953 %
2021-04-16 21:28:16,872 - trainer2_aws - INFO: [trainer2_aws.py:train_model:172] - Global Epoch:1 Iteration: 670  Loss: 6594.1015625  Accuracy: 74.32417297363281 %
2021-04-16 21:28:31,338 - trainer2_aws - INFO: [trainer2_aws.py:train_model:172] - Global Epoch:1 Iteration: 680  Loss: 4047.323974609375  Accuracy: 76.0654296875 %
2021-04-16 21:28:45,790 - trainer2_aws - INFO: [trainer2_aws.py:train_model:172] - Global Epoch:1 Iteration: 690  Loss: 5176.77978515625  Accuracy: 75.10260772705078 %
2021-04-16 21:29:00,454 - trainer2_aws - INFO: [trainer2_aws.py:train_model:172] - Global Epoch:1 Iteration: 700  Loss: 5876.275390625  Accuracy: 77.92660522460938 %
2021-04-16 21:29:15,198 - trainer2_aws - INFO: [trainer2_aws.py:train_model:172] - Global Epoch:1 Iteration: 710  Loss: 5509.37939453125  Accuracy: 75.14750671386719 %
2021-04-16 21:29:29,789 - trainer2_aws - INFO: [trainer2_aws.py:train_model:172] - Global Epoch:1 Iteration: 720  Loss: 3350.108154296875  Accuracy: 57.55227279663086 %
2021-04-16 21:29:44,346 - trainer2_aws - INFO: [trainer2_aws.py:train_model:172] - Global Epoch:1 Iteration: 730  Loss: 3049.43408203125  Accuracy: 72.91405487060547 %
2021-04-16 21:29:58,782 - trainer2_aws - INFO: [trainer2_aws.py:train_model:172] - Global Epoch:1 Iteration: 740  Loss: 5165.67041015625  Accuracy: 75.25869750976562 %
2021-04-16 21:30:13,370 - trainer2_aws - INFO: [trainer2_aws.py:train_model:172] - Global Epoch:1 Iteration: 750  Loss: 3688.26513671875  Accuracy: 72.72661590576172 %
2021-04-16 21:30:28,022 - trainer2_aws - INFO: [trainer2_aws.py:train_model:172] - Global Epoch:1 Iteration: 760  Loss: 4919.32958984375  Accuracy: 71.87708282470703 %
2021-04-16 21:30:43,009 - trainer2_aws - INFO: [trainer2_aws.py:train_model:172] - Global Epoch:1 Iteration: 770  Loss: 4057.260009765625  Accuracy: 77.0212631225586 %
2021-04-16 21:30:57,848 - trainer2_aws - INFO: [trainer2_aws.py:train_model:172] - Global Epoch:1 Iteration: 780  Loss: 3866.257568359375  Accuracy: 75.29564666748047 %
2021-04-16 21:31:12,436 - trainer2_aws - INFO: [trainer2_aws.py:train_model:172] - Global Epoch:1 Iteration: 790  Loss: 6636.87890625  Accuracy: 77.37142944335938 %
2021-04-16 21:31:26,892 - trainer2_aws - INFO: [trainer2_aws.py:train_model:172] - Global Epoch:1 Iteration: 800  Loss: 8299.0712890625  Accuracy: 75.67656707763672 %
2021-04-16 21:31:41,311 - trainer2_aws - INFO: [trainer2_aws.py:train_model:172] - Global Epoch:1 Iteration: 810  Loss: 6415.2412109375  Accuracy: 74.27928924560547 %
2021-04-16 21:31:55,660 - trainer2_aws - INFO: [trainer2_aws.py:train_model:172] - Global Epoch:1 Iteration: 820  Loss: 4719.60400390625  Accuracy: 78.46623229980469 %
2021-04-16 21:32:10,190 - trainer2_aws - INFO: [trainer2_aws.py:train_model:172] - Global Epoch:1 Iteration: 830  Loss: 7967.23583984375  Accuracy: 76.81372833251953 %
2021-04-16 21:32:24,675 - trainer2_aws - INFO: [trainer2_aws.py:train_model:172] - Global Epoch:1 Iteration: 840  Loss: 5823.11962890625  Accuracy: 71.65889739990234 %
2021-04-16 21:32:39,185 - trainer2_aws - INFO: [trainer2_aws.py:train_model:172] - Global Epoch:1 Iteration: 850  Loss: 3097.156982421875  Accuracy: 75.27843475341797 %
2021-04-16 21:32:53,808 - trainer2_aws - INFO: [trainer2_aws.py:train_model:172] - Global Epoch:1 Iteration: 860  Loss: 4346.20703125  Accuracy: 74.84764862060547 %
2021-04-16 21:33:08,440 - trainer2_aws - INFO: [trainer2_aws.py:train_model:172] - Global Epoch:1 Iteration: 870  Loss: 5721.5703125  Accuracy: 75.00077056884766 %
2021-04-16 21:33:22,842 - trainer2_aws - INFO: [trainer2_aws.py:train_model:172] - Global Epoch:1 Iteration: 880  Loss: 3922.166015625  Accuracy: 76.9325180053711 %
2021-04-16 21:33:37,192 - trainer2_aws - INFO: [trainer2_aws.py:train_model:172] - Global Epoch:1 Iteration: 890  Loss: 6955.45703125  Accuracy: 77.8624038696289 %
2021-04-16 21:33:51,737 - trainer2_aws - INFO: [trainer2_aws.py:train_model:172] - Global Epoch:1 Iteration: 900  Loss: 4822.9189453125  Accuracy: 75.09754943847656 %
2021-04-16 21:34:06,588 - trainer2_aws - INFO: [trainer2_aws.py:train_model:172] - Global Epoch:1 Iteration: 910  Loss: 11254.724609375  Accuracy: 69.2155532836914 %
2021-04-16 21:34:19,480 - trainer2_aws - INFO: [trainer2_aws.py:train_model:196] - Epoch 1 completed. Time taken (seconds): 1346.7859117984772
2021-04-16 21:34:19,480 - trainer2_aws - INFO: [trainer2_aws.py:train_model:198] - 
Accuracy: 57.2305793762207
2021-04-16 21:34:19,480 - trainer2_aws - INFO: [trainer2_aws.py:train_model:199] - 
LOSS:: 11254.724609375
2021-04-16 21:35:53,482 - trainer2_aws - INFO: [trainer2_aws.py:on_message:254] - Model received from coordinator!
2021-04-16 21:35:53,482 - trainer2_aws - INFO: [trainer2_aws.py:on_message:255] - Topic: fed_ml/coordinator/2/model
2021-04-16 21:35:53,483 - trainer2_aws - INFO: [trainer2_aws.py:train_model:100] - Start training...
2021-04-16 21:36:07,604 - trainer2_aws - INFO: [trainer2_aws.py:train_model:172] - Global Epoch:2 Iteration: 0  Loss: 251656.1875  Accuracy: 36.513671875 %
2021-04-16 21:36:21,927 - trainer2_aws - INFO: [trainer2_aws.py:train_model:172] - Global Epoch:2 Iteration: 10  Loss: 85974.6953125  Accuracy: 51.90742492675781 %
2021-04-16 21:36:36,153 - trainer2_aws - INFO: [trainer2_aws.py:train_model:172] - Global Epoch:2 Iteration: 20  Loss: 34133.70703125  Accuracy: 57.86366271972656 %
2021-04-16 21:36:50,488 - trainer2_aws - INFO: [trainer2_aws.py:train_model:172] - Global Epoch:2 Iteration: 30  Loss: 20361.234375  Accuracy: 75.41181182861328 %
2021-04-16 21:37:04,834 - trainer2_aws - INFO: [trainer2_aws.py:train_model:172] - Global Epoch:2 Iteration: 40  Loss: 15492.185546875  Accuracy: 71.75470733642578 %
2021-04-16 21:37:19,239 - trainer2_aws - INFO: [trainer2_aws.py:train_model:172] - Global Epoch:2 Iteration: 50  Loss: 13690.2578125  Accuracy: 76.1980209350586 %
2021-04-16 21:37:33,897 - trainer2_aws - INFO: [trainer2_aws.py:train_model:172] - Global Epoch:2 Iteration: 60  Loss: 12183.0478515625  Accuracy: 75.3979263305664 %
2021-04-16 21:37:48,692 - trainer2_aws - INFO: [trainer2_aws.py:train_model:172] - Global Epoch:2 Iteration: 70  Loss: 8983.033203125  Accuracy: 71.775146484375 %
2021-04-16 21:38:03,547 - trainer2_aws - INFO: [trainer2_aws.py:train_model:172] - Global Epoch:2 Iteration: 80  Loss: 10365.8740234375  Accuracy: 74.24268341064453 %
2021-04-16 21:38:18,002 - trainer2_aws - INFO: [trainer2_aws.py:train_model:172] - Global Epoch:2 Iteration: 90  Loss: 9237.1572265625  Accuracy: 77.31221008300781 %
2021-04-16 21:38:32,315 - trainer2_aws - INFO: [trainer2_aws.py:train_model:172] - Global Epoch:2 Iteration: 100  Loss: 7750.1826171875  Accuracy: 71.84407043457031 %
2021-04-16 21:38:46,659 - trainer2_aws - INFO: [trainer2_aws.py:train_model:172] - Global Epoch:2 Iteration: 110  Loss: 7261.6279296875  Accuracy: 76.64933776855469 %
2021-04-16 21:39:01,102 - trainer2_aws - INFO: [trainer2_aws.py:train_model:172] - Global Epoch:2 Iteration: 120  Loss: 5631.7392578125  Accuracy: 74.65007019042969 %
2021-04-16 21:39:15,664 - trainer2_aws - INFO: [trainer2_aws.py:train_model:172] - Global Epoch:2 Iteration: 130  Loss: 14307.453125  Accuracy: 77.2586669921875 %
2021-04-16 21:39:30,098 - trainer2_aws - INFO: [trainer2_aws.py:train_model:172] - Global Epoch:2 Iteration: 140  Loss: 8580.5537109375  Accuracy: 73.90509796142578 %
2021-04-16 21:39:44,317 - trainer2_aws - INFO: [trainer2_aws.py:train_model:172] - Global Epoch:2 Iteration: 150  Loss: 8689.560546875  Accuracy: 72.86043548583984 %
2021-04-16 21:39:58,588 - trainer2_aws - INFO: [trainer2_aws.py:train_model:172] - Global Epoch:2 Iteration: 160  Loss: 3852.947509765625  Accuracy: 57.38823699951172 %
2021-04-16 21:40:13,047 - trainer2_aws - INFO: [trainer2_aws.py:train_model:172] - Global Epoch:2 Iteration: 170  Loss: 6440.1884765625  Accuracy: 77.12433624267578 %
2021-04-16 21:40:27,436 - trainer2_aws - INFO: [trainer2_aws.py:train_model:172] - Global Epoch:2 Iteration: 180  Loss: 5612.52587890625  Accuracy: 73.55955505371094 %
2021-04-16 21:40:41,929 - trainer2_aws - INFO: [trainer2_aws.py:train_model:172] - Global Epoch:2 Iteration: 190  Loss: 4665.86962890625  Accuracy: 70.5363998413086 %
2021-04-16 21:40:56,237 - trainer2_aws - INFO: [trainer2_aws.py:train_model:172] - Global Epoch:2 Iteration: 200  Loss: 5843.28857421875  Accuracy: 70.33131408691406 %
2021-04-16 21:41:10,888 - trainer2_aws - INFO: [trainer2_aws.py:train_model:172] - Global Epoch:2 Iteration: 210  Loss: 2806.4228515625  Accuracy: 54.498382568359375 %
2021-04-16 21:41:25,530 - trainer2_aws - INFO: [trainer2_aws.py:train_model:172] - Global Epoch:2 Iteration: 220  Loss: 7003.0400390625  Accuracy: 73.71013641357422 %
2021-04-16 21:41:39,912 - trainer2_aws - INFO: [trainer2_aws.py:train_model:172] - Global Epoch:2 Iteration: 230  Loss: 3623.28515625  Accuracy: 73.06289672851562 %
2021-04-16 21:41:54,269 - trainer2_aws - INFO: [trainer2_aws.py:train_model:172] - Global Epoch:2 Iteration: 240  Loss: 4587.68701171875  Accuracy: 55.208248138427734 %
2021-04-16 21:42:08,622 - trainer2_aws - INFO: [trainer2_aws.py:train_model:172] - Global Epoch:2 Iteration: 250  Loss: 7228.7470703125  Accuracy: 74.68544006347656 %
2021-04-16 21:42:23,151 - trainer2_aws - INFO: [trainer2_aws.py:train_model:172] - Global Epoch:2 Iteration: 260  Loss: 6150.01220703125  Accuracy: 70.33978271484375 %
2021-04-16 21:42:37,563 - trainer2_aws - INFO: [trainer2_aws.py:train_model:172] - Global Epoch:2 Iteration: 270  Loss: 6706.205078125  Accuracy: 70.81827545166016 %
2021-04-16 21:42:52,018 - trainer2_aws - INFO: [trainer2_aws.py:train_model:172] - Global Epoch:2 Iteration: 280  Loss: 6024.83447265625  Accuracy: 70.70393371582031 %
2021-04-16 21:43:06,573 - trainer2_aws - INFO: [trainer2_aws.py:train_model:172] - Global Epoch:2 Iteration: 290  Loss: 11643.044921875  Accuracy: 73.87504577636719 %
2021-04-16 21:43:20,996 - trainer2_aws - INFO: [trainer2_aws.py:train_model:172] - Global Epoch:2 Iteration: 300  Loss: 5852.296875  Accuracy: 75.8486328125 %
2021-04-16 21:43:35,308 - trainer2_aws - INFO: [trainer2_aws.py:train_model:172] - Global Epoch:2 Iteration: 310  Loss: 7451.07275390625  Accuracy: 74.93315124511719 %
2021-04-16 21:43:49,884 - trainer2_aws - INFO: [trainer2_aws.py:train_model:172] - Global Epoch:2 Iteration: 320  Loss: 6477.45703125  Accuracy: 51.054054260253906 %
2021-04-16 21:44:04,382 - trainer2_aws - INFO: [trainer2_aws.py:train_model:172] - Global Epoch:2 Iteration: 330  Loss: 8886.83203125  Accuracy: 76.81983947753906 %
2021-04-16 21:44:18,834 - trainer2_aws - INFO: [trainer2_aws.py:train_model:172] - Global Epoch:2 Iteration: 340  Loss: 9245.365234375  Accuracy: 77.85620880126953 %
2021-04-16 21:44:33,323 - trainer2_aws - INFO: [trainer2_aws.py:train_model:172] - Global Epoch:2 Iteration: 350  Loss: 9828.689453125  Accuracy: 77.37100219726562 %
2021-04-16 21:44:47,857 - trainer2_aws - INFO: [trainer2_aws.py:train_model:172] - Global Epoch:2 Iteration: 360  Loss: 5836.3955078125  Accuracy: 75.89047241210938 %
2021-04-16 21:45:02,264 - trainer2_aws - INFO: [trainer2_aws.py:train_model:172] - Global Epoch:2 Iteration: 370  Loss: 4422.7353515625  Accuracy: 72.79325866699219 %
2021-04-16 21:45:16,762 - trainer2_aws - INFO: [trainer2_aws.py:train_model:172] - Global Epoch:2 Iteration: 380  Loss: 10564.572265625  Accuracy: 71.22896575927734 %
2021-04-16 21:45:31,164 - trainer2_aws - INFO: [trainer2_aws.py:train_model:172] - Global Epoch:2 Iteration: 390  Loss: 4361.31689453125  Accuracy: 70.08429718017578 %
2021-04-16 21:45:45,518 - trainer2_aws - INFO: [trainer2_aws.py:train_model:172] - Global Epoch:2 Iteration: 400  Loss: 7198.7001953125  Accuracy: 75.48082733154297 %
2021-04-16 21:45:59,884 - trainer2_aws - INFO: [trainer2_aws.py:train_model:172] - Global Epoch:2 Iteration: 410  Loss: 4471.3525390625  Accuracy: 76.63859558105469 %
2021-04-16 21:46:14,494 - trainer2_aws - INFO: [trainer2_aws.py:train_model:172] - Global Epoch:2 Iteration: 420  Loss: 4609.97509765625  Accuracy: 54.702247619628906 %
2021-04-16 21:46:28,735 - trainer2_aws - INFO: [trainer2_aws.py:train_model:172] - Global Epoch:2 Iteration: 430  Loss: 11929.7734375  Accuracy: 71.16844177246094 %
2021-04-16 21:46:42,991 - trainer2_aws - INFO: [trainer2_aws.py:train_model:172] - Global Epoch:2 Iteration: 440  Loss: 8136.1767578125  Accuracy: 76.75581359863281 %
2021-04-16 21:46:57,401 - trainer2_aws - INFO: [trainer2_aws.py:train_model:172] - Global Epoch:2 Iteration: 450  Loss: 2840.476806640625  Accuracy: 71.20809936523438 %
2021-04-16 21:47:11,794 - trainer2_aws - INFO: [trainer2_aws.py:train_model:172] - Global Epoch:2 Iteration: 460  Loss: 4332.54833984375  Accuracy: 76.67030334472656 %
2021-04-16 21:47:26,209 - trainer2_aws - INFO: [trainer2_aws.py:train_model:172] - Global Epoch:2 Iteration: 470  Loss: 7761.013671875  Accuracy: 71.53398132324219 %
2021-04-16 21:47:40,678 - trainer2_aws - INFO: [trainer2_aws.py:train_model:172] - Global Epoch:2 Iteration: 480  Loss: 8754.3779296875  Accuracy: 71.54045104980469 %
2021-04-16 21:47:55,137 - trainer2_aws - INFO: [trainer2_aws.py:train_model:172] - Global Epoch:2 Iteration: 490  Loss: 3591.90771484375  Accuracy: 74.08458709716797 %
2021-04-16 21:48:10,032 - trainer2_aws - INFO: [trainer2_aws.py:train_model:172] - Global Epoch:2 Iteration: 500  Loss: 11853.9443359375  Accuracy: 75.40718841552734 %
2021-04-16 21:48:24,782 - trainer2_aws - INFO: [trainer2_aws.py:train_model:172] - Global Epoch:2 Iteration: 510  Loss: 9033.2236328125  Accuracy: 73.2601318359375 %
2021-04-16 21:48:39,245 - trainer2_aws - INFO: [trainer2_aws.py:train_model:172] - Global Epoch:2 Iteration: 520  Loss: 12831.4580078125  Accuracy: 76.71773529052734 %
2021-04-16 21:48:53,608 - trainer2_aws - INFO: [trainer2_aws.py:train_model:172] - Global Epoch:2 Iteration: 530  Loss: 10647.7275390625  Accuracy: 71.34033966064453 %
2021-04-16 21:49:08,159 - trainer2_aws - INFO: [trainer2_aws.py:train_model:172] - Global Epoch:2 Iteration: 540  Loss: 14536.4736328125  Accuracy: 77.22477722167969 %
2021-04-16 21:49:22,676 - trainer2_aws - INFO: [trainer2_aws.py:train_model:172] - Global Epoch:2 Iteration: 550  Loss: 15424.4609375  Accuracy: 75.7970199584961 %
2021-04-16 21:49:36,999 - trainer2_aws - INFO: [trainer2_aws.py:train_model:172] - Global Epoch:2 Iteration: 560  Loss: 7939.81591796875  Accuracy: 75.08679962158203 %
2021-04-16 21:49:51,246 - trainer2_aws - INFO: [trainer2_aws.py:train_model:172] - Global Epoch:2 Iteration: 570  Loss: 7385.23046875  Accuracy: 70.80115509033203 %
2021-04-16 21:50:05,627 - trainer2_aws - INFO: [trainer2_aws.py:train_model:172] - Global Epoch:2 Iteration: 580  Loss: 4544.9228515625  Accuracy: 72.58293151855469 %
2021-04-16 21:50:20,175 - trainer2_aws - INFO: [trainer2_aws.py:train_model:172] - Global Epoch:2 Iteration: 590  Loss: 3621.173583984375  Accuracy: 71.30714416503906 %
2021-04-16 21:50:34,644 - trainer2_aws - INFO: [trainer2_aws.py:train_model:172] - Global Epoch:2 Iteration: 600  Loss: 2990.164306640625  Accuracy: 75.98829650878906 %
2021-04-16 21:50:49,124 - trainer2_aws - INFO: [trainer2_aws.py:train_model:172] - Global Epoch:2 Iteration: 610  Loss: 6825.583984375  Accuracy: 76.57002258300781 %
2021-04-16 21:51:03,526 - trainer2_aws - INFO: [trainer2_aws.py:train_model:172] - Global Epoch:2 Iteration: 620  Loss: 3855.990478515625  Accuracy: 74.76859283447266 %
2021-04-16 21:51:18,056 - trainer2_aws - INFO: [trainer2_aws.py:train_model:172] - Global Epoch:2 Iteration: 630  Loss: 4095.481689453125  Accuracy: 74.88887023925781 %
2021-04-16 21:51:32,521 - trainer2_aws - INFO: [trainer2_aws.py:train_model:172] - Global Epoch:2 Iteration: 640  Loss: 6155.96630859375  Accuracy: 75.51366424560547 %
2021-04-16 21:51:47,198 - trainer2_aws - INFO: [trainer2_aws.py:train_model:172] - Global Epoch:2 Iteration: 650  Loss: 3294.4375  Accuracy: 59.8776969909668 %
2021-04-16 21:52:01,629 - trainer2_aws - INFO: [trainer2_aws.py:train_model:172] - Global Epoch:2 Iteration: 660  Loss: 3608.384521484375  Accuracy: 73.41411590576172 %
2021-04-16 21:52:16,080 - trainer2_aws - INFO: [trainer2_aws.py:train_model:172] - Global Epoch:2 Iteration: 670  Loss: 8158.22412109375  Accuracy: 76.36135864257812 %
2021-04-16 21:52:30,618 - trainer2_aws - INFO: [trainer2_aws.py:train_model:172] - Global Epoch:2 Iteration: 680  Loss: 7892.3505859375  Accuracy: 73.04106140136719 %
2021-04-16 21:52:45,073 - trainer2_aws - INFO: [trainer2_aws.py:train_model:172] - Global Epoch:2 Iteration: 690  Loss: 3718.74560546875  Accuracy: 59.41773223876953 %
2021-04-16 21:52:59,576 - trainer2_aws - INFO: [trainer2_aws.py:train_model:172] - Global Epoch:2 Iteration: 700  Loss: 3113.17529296875  Accuracy: 70.01573181152344 %
2021-04-16 21:53:14,257 - trainer2_aws - INFO: [trainer2_aws.py:train_model:172] - Global Epoch:2 Iteration: 710  Loss: 2456.101318359375  Accuracy: 67.46277618408203 %
2021-04-16 21:53:28,686 - trainer2_aws - INFO: [trainer2_aws.py:train_model:172] - Global Epoch:2 Iteration: 720  Loss: 7820.80712890625  Accuracy: 78.2084732055664 %
2021-04-16 21:53:43,178 - trainer2_aws - INFO: [trainer2_aws.py:train_model:172] - Global Epoch:2 Iteration: 730  Loss: 4118.47265625  Accuracy: 76.52670288085938 %
2021-04-16 21:53:57,724 - trainer2_aws - INFO: [trainer2_aws.py:train_model:172] - Global Epoch:2 Iteration: 740  Loss: 4761.068359375  Accuracy: 74.40113067626953 %
2021-04-16 21:54:12,467 - trainer2_aws - INFO: [trainer2_aws.py:train_model:172] - Global Epoch:2 Iteration: 750  Loss: 5920.0  Accuracy: 76.56758117675781 %
2021-04-16 21:54:27,102 - trainer2_aws - INFO: [trainer2_aws.py:train_model:172] - Global Epoch:2 Iteration: 760  Loss: 5982.7451171875  Accuracy: 71.67871856689453 %
2021-04-16 21:54:41,517 - trainer2_aws - INFO: [trainer2_aws.py:train_model:172] - Global Epoch:2 Iteration: 770  Loss: 5906.93603515625  Accuracy: 76.40756225585938 %
2021-04-16 21:54:55,978 - trainer2_aws - INFO: [trainer2_aws.py:train_model:172] - Global Epoch:2 Iteration: 780  Loss: 8567.47265625  Accuracy: 78.0128173828125 %
2021-04-16 21:55:10,853 - trainer2_aws - INFO: [trainer2_aws.py:train_model:172] - Global Epoch:2 Iteration: 790  Loss: 8186.07763671875  Accuracy: 77.9520263671875 %
2021-04-16 21:55:25,653 - trainer2_aws - INFO: [trainer2_aws.py:train_model:172] - Global Epoch:2 Iteration: 800  Loss: 7574.8154296875  Accuracy: 74.80807495117188 %
2021-04-16 21:55:40,161 - trainer2_aws - INFO: [trainer2_aws.py:train_model:172] - Global Epoch:2 Iteration: 810  Loss: 5965.7001953125  Accuracy: 75.32315826416016 %
2021-04-16 21:55:54,672 - trainer2_aws - INFO: [trainer2_aws.py:train_model:172] - Global Epoch:2 Iteration: 820  Loss: 8422.5556640625  Accuracy: 74.05549621582031 %
2021-04-16 21:56:09,302 - trainer2_aws - INFO: [trainer2_aws.py:train_model:172] - Global Epoch:2 Iteration: 830  Loss: 4587.162109375  Accuracy: 72.5796127319336 %
2021-04-16 21:56:23,903 - trainer2_aws - INFO: [trainer2_aws.py:train_model:172] - Global Epoch:2 Iteration: 840  Loss: 6501.83984375  Accuracy: 73.60514068603516 %
2021-04-16 21:56:38,290 - trainer2_aws - INFO: [trainer2_aws.py:train_model:172] - Global Epoch:2 Iteration: 850  Loss: 3702.67236328125  Accuracy: 70.76542663574219 %
2021-04-16 21:56:52,694 - trainer2_aws - INFO: [trainer2_aws.py:train_model:172] - Global Epoch:2 Iteration: 860  Loss: 3241.841064453125  Accuracy: 79.22370147705078 %
2021-04-16 21:57:07,249 - trainer2_aws - INFO: [trainer2_aws.py:train_model:172] - Global Epoch:2 Iteration: 870  Loss: 2455.45068359375  Accuracy: 76.89399719238281 %
2021-04-16 21:57:21,856 - trainer2_aws - INFO: [trainer2_aws.py:train_model:172] - Global Epoch:2 Iteration: 880  Loss: 13190.548828125  Accuracy: 74.14459228515625 %
2021-04-16 21:57:36,446 - trainer2_aws - INFO: [trainer2_aws.py:train_model:172] - Global Epoch:2 Iteration: 890  Loss: 2156.1962890625  Accuracy: 78.19257354736328 %
2021-04-16 21:57:51,078 - trainer2_aws - INFO: [trainer2_aws.py:train_model:172] - Global Epoch:2 Iteration: 900  Loss: 7158.78564453125  Accuracy: 76.36363220214844 %
2021-04-16 21:58:05,812 - trainer2_aws - INFO: [trainer2_aws.py:train_model:172] - Global Epoch:2 Iteration: 910  Loss: 2149.276611328125  Accuracy: 71.70037841796875 %
2021-04-16 21:58:18,270 - trainer2_aws - INFO: [trainer2_aws.py:train_model:196] - Epoch 2 completed. Time taken (seconds): 1344.7867050170898
2021-04-16 21:58:18,270 - trainer2_aws - INFO: [trainer2_aws.py:train_model:198] - 
Accuracy: 78.20498657226562
2021-04-16 21:58:18,271 - trainer2_aws - INFO: [trainer2_aws.py:train_model:199] - 
LOSS:: 2149.276611328125
2021-04-16 21:59:52,334 - trainer2_aws - INFO: [trainer2_aws.py:on_message:254] - Model received from coordinator!
2021-04-16 21:59:52,334 - trainer2_aws - INFO: [trainer2_aws.py:on_message:255] - Topic: fed_ml/coordinator/3/model
2021-04-16 21:59:52,335 - trainer2_aws - INFO: [trainer2_aws.py:train_model:100] - Start training...
2021-04-16 22:00:06,314 - trainer2_aws - INFO: [trainer2_aws.py:train_model:172] - Global Epoch:3 Iteration: 0  Loss: 259475.65625  Accuracy: 56.70274353027344 %
2021-04-16 22:00:20,995 - trainer2_aws - INFO: [trainer2_aws.py:train_model:172] - Global Epoch:3 Iteration: 10  Loss: 61225.8671875  Accuracy: 73.97322845458984 %
2021-04-16 22:00:35,406 - trainer2_aws - INFO: [trainer2_aws.py:train_model:172] - Global Epoch:3 Iteration: 20  Loss: 25188.072265625  Accuracy: 55.377960205078125 %
2021-04-16 22:00:49,787 - trainer2_aws - INFO: [trainer2_aws.py:train_model:172] - Global Epoch:3 Iteration: 30  Loss: 15778.5380859375  Accuracy: 74.7527847290039 %
2021-04-16 22:01:04,728 - trainer2_aws - INFO: [trainer2_aws.py:train_model:172] - Global Epoch:3 Iteration: 40  Loss: 11428.26953125  Accuracy: 70.6917953491211 %
2021-04-16 22:01:19,622 - trainer2_aws - INFO: [trainer2_aws.py:train_model:172] - Global Epoch:3 Iteration: 50  Loss: 15253.29296875  Accuracy: 74.03043365478516 %
2021-04-16 22:01:34,180 - trainer2_aws - INFO: [trainer2_aws.py:train_model:172] - Global Epoch:3 Iteration: 60  Loss: 10487.650390625  Accuracy: 74.45860290527344 %
2021-04-16 22:01:49,076 - trainer2_aws - INFO: [trainer2_aws.py:train_model:172] - Global Epoch:3 Iteration: 70  Loss: 11609.689453125  Accuracy: 74.50184631347656 %
2021-04-16 22:02:04,165 - trainer2_aws - INFO: [trainer2_aws.py:train_model:172] - Global Epoch:3 Iteration: 80  Loss: 5496.0908203125  Accuracy: 55.307735443115234 %
2021-04-16 22:02:19,246 - trainer2_aws - INFO: [trainer2_aws.py:train_model:172] - Global Epoch:3 Iteration: 90  Loss: 9767.212890625  Accuracy: 74.9977035522461 %
2021-04-16 22:02:34,172 - trainer2_aws - INFO: [trainer2_aws.py:train_model:172] - Global Epoch:3 Iteration: 100  Loss: 8903.056640625  Accuracy: 75.11492919921875 %
2021-04-16 22:02:48,942 - trainer2_aws - INFO: [trainer2_aws.py:train_model:172] - Global Epoch:3 Iteration: 110  Loss: 4860.55322265625  Accuracy: 53.42795181274414 %
2021-04-16 22:03:03,839 - trainer2_aws - INFO: [trainer2_aws.py:train_model:172] - Global Epoch:3 Iteration: 120  Loss: 3571.103271484375  Accuracy: 70.04839324951172 %
2021-04-16 22:03:18,625 - trainer2_aws - INFO: [trainer2_aws.py:train_model:172] - Global Epoch:3 Iteration: 130  Loss: 5086.18994140625  Accuracy: 73.52408599853516 %
2021-04-16 22:03:33,370 - trainer2_aws - INFO: [trainer2_aws.py:train_model:172] - Global Epoch:3 Iteration: 140  Loss: 3340.50634765625  Accuracy: 54.244205474853516 %
2021-04-16 22:03:47,994 - trainer2_aws - INFO: [trainer2_aws.py:train_model:172] - Global Epoch:3 Iteration: 150  Loss: 7850.83349609375  Accuracy: 68.87324523925781 %
2021-04-16 22:04:02,741 - trainer2_aws - INFO: [trainer2_aws.py:train_model:172] - Global Epoch:3 Iteration: 160  Loss: 5286.4560546875  Accuracy: 71.90494537353516 %
2021-04-16 22:04:17,795 - trainer2_aws - INFO: [trainer2_aws.py:train_model:172] - Global Epoch:3 Iteration: 170  Loss: 6526.36376953125  Accuracy: 75.7439956665039 %
2021-04-16 22:04:32,535 - trainer2_aws - INFO: [trainer2_aws.py:train_model:172] - Global Epoch:3 Iteration: 180  Loss: 7155.94091796875  Accuracy: 70.61754608154297 %
2021-04-16 22:04:46,972 - trainer2_aws - INFO: [trainer2_aws.py:train_model:172] - Global Epoch:3 Iteration: 190  Loss: 10490.7333984375  Accuracy: 74.12101745605469 %
2021-04-16 22:05:01,522 - trainer2_aws - INFO: [trainer2_aws.py:train_model:172] - Global Epoch:3 Iteration: 200  Loss: 6234.87255859375  Accuracy: 75.56502532958984 %
2021-04-16 22:05:16,238 - trainer2_aws - INFO: [trainer2_aws.py:train_model:172] - Global Epoch:3 Iteration: 210  Loss: 8427.4580078125  Accuracy: 74.71051025390625 %
2021-04-16 22:05:30,954 - trainer2_aws - INFO: [trainer2_aws.py:train_model:172] - Global Epoch:3 Iteration: 220  Loss: 7064.0048828125  Accuracy: 72.90576171875 %
2021-04-16 22:05:45,939 - trainer2_aws - INFO: [trainer2_aws.py:train_model:172] - Global Epoch:3 Iteration: 230  Loss: 6866.02978515625  Accuracy: 70.72358703613281 %
2021-04-16 22:06:00,728 - trainer2_aws - INFO: [trainer2_aws.py:train_model:172] - Global Epoch:3 Iteration: 240  Loss: 4617.59765625  Accuracy: 73.13041687011719 %
2021-04-16 22:06:15,578 - trainer2_aws - INFO: [trainer2_aws.py:train_model:172] - Global Epoch:3 Iteration: 250  Loss: 8114.041015625  Accuracy: 75.84147644042969 %
2021-04-16 22:06:30,077 - trainer2_aws - INFO: [trainer2_aws.py:train_model:172] - Global Epoch:3 Iteration: 260  Loss: 8700.9619140625  Accuracy: 77.41650390625 %
2021-04-16 22:06:44,571 - trainer2_aws - INFO: [trainer2_aws.py:train_model:172] - Global Epoch:3 Iteration: 270  Loss: 9076.298828125  Accuracy: 71.24102783203125 %
2021-04-16 22:06:59,040 - trainer2_aws - INFO: [trainer2_aws.py:train_model:172] - Global Epoch:3 Iteration: 280  Loss: 2876.50244140625  Accuracy: 56.460533142089844 %
2021-04-16 22:07:13,594 - trainer2_aws - INFO: [trainer2_aws.py:train_model:172] - Global Epoch:3 Iteration: 290  Loss: 3043.699951171875  Accuracy: 76.59178161621094 %
2021-04-16 22:07:28,276 - trainer2_aws - INFO: [trainer2_aws.py:train_model:172] - Global Epoch:3 Iteration: 300  Loss: 3411.61328125  Accuracy: 75.89789581298828 %
2021-04-16 22:07:42,870 - trainer2_aws - INFO: [trainer2_aws.py:train_model:172] - Global Epoch:3 Iteration: 310  Loss: 4798.41015625  Accuracy: 75.84435272216797 %
2021-04-16 22:07:57,465 - trainer2_aws - INFO: [trainer2_aws.py:train_model:172] - Global Epoch:3 Iteration: 320  Loss: 6717.1279296875  Accuracy: 77.15167236328125 %
2021-04-16 22:08:12,330 - trainer2_aws - INFO: [trainer2_aws.py:train_model:172] - Global Epoch:3 Iteration: 330  Loss: 9113.4267578125  Accuracy: 76.56033325195312 %
2021-04-16 22:08:26,891 - trainer2_aws - INFO: [trainer2_aws.py:train_model:172] - Global Epoch:3 Iteration: 340  Loss: 6728.14892578125  Accuracy: 72.32089233398438 %
2021-04-16 22:08:41,451 - trainer2_aws - INFO: [trainer2_aws.py:train_model:172] - Global Epoch:3 Iteration: 350  Loss: 5401.36474609375  Accuracy: 75.20698547363281 %
2021-04-16 22:08:56,130 - trainer2_aws - INFO: [trainer2_aws.py:train_model:172] - Global Epoch:3 Iteration: 360  Loss: 10438.43359375  Accuracy: 73.45700073242188 %
2021-04-16 22:09:11,266 - trainer2_aws - INFO: [trainer2_aws.py:train_model:172] - Global Epoch:3 Iteration: 370  Loss: 5315.79296875  Accuracy: 75.91127014160156 %
2021-04-16 22:09:26,526 - trainer2_aws - INFO: [trainer2_aws.py:train_model:172] - Global Epoch:3 Iteration: 380  Loss: 8352.0517578125  Accuracy: 73.4350814819336 %
2021-04-16 22:09:41,453 - trainer2_aws - INFO: [trainer2_aws.py:train_model:172] - Global Epoch:3 Iteration: 390  Loss: 4783.9423828125  Accuracy: 74.85096740722656 %
2021-04-16 22:09:56,102 - trainer2_aws - INFO: [trainer2_aws.py:train_model:172] - Global Epoch:3 Iteration: 400  Loss: 5146.77099609375  Accuracy: 75.78958892822266 %
2021-04-16 22:10:10,886 - trainer2_aws - INFO: [trainer2_aws.py:train_model:172] - Global Epoch:3 Iteration: 410  Loss: 3715.901611328125  Accuracy: 75.83561706542969 %
2021-04-16 22:10:25,516 - trainer2_aws - INFO: [trainer2_aws.py:train_model:172] - Global Epoch:3 Iteration: 420  Loss: 3967.998046875  Accuracy: 75.23136138916016 %
2021-04-16 22:10:40,088 - trainer2_aws - INFO: [trainer2_aws.py:train_model:172] - Global Epoch:3 Iteration: 430  Loss: 5244.3994140625  Accuracy: 68.53687286376953 %
2021-04-16 22:10:54,641 - trainer2_aws - INFO: [trainer2_aws.py:train_model:172] - Global Epoch:3 Iteration: 440  Loss: 3767.050048828125  Accuracy: 72.24288940429688 %
2021-04-16 22:11:09,364 - trainer2_aws - INFO: [trainer2_aws.py:train_model:172] - Global Epoch:3 Iteration: 450  Loss: 4261.34228515625  Accuracy: 74.62910461425781 %
2021-04-16 22:11:24,014 - trainer2_aws - INFO: [trainer2_aws.py:train_model:172] - Global Epoch:3 Iteration: 460  Loss: 4744.3291015625  Accuracy: 71.85847473144531 %
2021-04-16 22:11:38,437 - trainer2_aws - INFO: [trainer2_aws.py:train_model:172] - Global Epoch:3 Iteration: 470  Loss: 4057.034912109375  Accuracy: 74.38829803466797 %
2021-04-16 22:11:52,865 - trainer2_aws - INFO: [trainer2_aws.py:train_model:172] - Global Epoch:3 Iteration: 480  Loss: 8184.21435546875  Accuracy: 76.6172866821289 %
2021-04-16 22:12:07,471 - trainer2_aws - INFO: [trainer2_aws.py:train_model:172] - Global Epoch:3 Iteration: 490  Loss: 5877.81005859375  Accuracy: 52.94125747680664 %
2021-04-16 22:12:22,058 - trainer2_aws - INFO: [trainer2_aws.py:train_model:172] - Global Epoch:3 Iteration: 500  Loss: 6512.8623046875  Accuracy: 77.10249328613281 %
2021-04-16 22:12:36,668 - trainer2_aws - INFO: [trainer2_aws.py:train_model:172] - Global Epoch:3 Iteration: 510  Loss: 5917.22412109375  Accuracy: 72.18418884277344 %
2021-04-16 22:12:51,708 - trainer2_aws - INFO: [trainer2_aws.py:train_model:172] - Global Epoch:3 Iteration: 520  Loss: 4570.25537109375  Accuracy: 69.2474365234375 %
2021-04-16 22:13:07,152 - trainer2_aws - INFO: [trainer2_aws.py:train_model:172] - Global Epoch:3 Iteration: 530  Loss: 4945.88623046875  Accuracy: 70.6307373046875 %
2021-04-16 22:13:22,299 - trainer2_aws - INFO: [trainer2_aws.py:train_model:172] - Global Epoch:3 Iteration: 540  Loss: 5351.88818359375  Accuracy: 75.83736419677734 %
2021-04-16 22:13:36,916 - trainer2_aws - INFO: [trainer2_aws.py:train_model:172] - Global Epoch:3 Iteration: 550  Loss: 8804.4599609375  Accuracy: 78.51409912109375 %
2021-04-16 22:13:51,719 - trainer2_aws - INFO: [trainer2_aws.py:train_model:172] - Global Epoch:3 Iteration: 560  Loss: 3832.813232421875  Accuracy: 70.05696105957031 %
2021-04-16 22:14:06,541 - trainer2_aws - INFO: [trainer2_aws.py:train_model:172] - Global Epoch:3 Iteration: 570  Loss: 6931.9208984375  Accuracy: 76.89827728271484 %
2021-04-16 22:14:21,404 - trainer2_aws - INFO: [trainer2_aws.py:train_model:172] - Global Epoch:3 Iteration: 580  Loss: 6692.3984375  Accuracy: 74.05008697509766 %
2021-04-16 22:14:36,133 - trainer2_aws - INFO: [trainer2_aws.py:train_model:172] - Global Epoch:3 Iteration: 590  Loss: 3290.489013671875  Accuracy: 77.62133026123047 %
2021-04-16 22:14:50,640 - trainer2_aws - INFO: [trainer2_aws.py:train_model:172] - Global Epoch:3 Iteration: 600  Loss: 5080.12060546875  Accuracy: 56.04135513305664 %
2021-04-16 22:15:05,193 - trainer2_aws - INFO: [trainer2_aws.py:train_model:172] - Global Epoch:3 Iteration: 610  Loss: 7293.18896484375  Accuracy: 67.93514251708984 %
2021-04-16 22:15:19,970 - trainer2_aws - INFO: [trainer2_aws.py:train_model:172] - Global Epoch:3 Iteration: 620  Loss: 9794.5390625  Accuracy: 75.44833374023438 %
2021-04-16 22:15:34,658 - trainer2_aws - INFO: [trainer2_aws.py:train_model:172] - Global Epoch:3 Iteration: 630  Loss: 3637.9951171875  Accuracy: 55.843868255615234 %
2021-04-16 22:15:49,328 - trainer2_aws - INFO: [trainer2_aws.py:train_model:172] - Global Epoch:3 Iteration: 640  Loss: 9140.3330078125  Accuracy: 74.9222412109375 %
2021-04-16 22:16:04,038 - trainer2_aws - INFO: [trainer2_aws.py:train_model:172] - Global Epoch:3 Iteration: 650  Loss: 5055.66162109375  Accuracy: 75.94226837158203 %
2021-04-16 22:16:18,880 - trainer2_aws - INFO: [trainer2_aws.py:train_model:172] - Global Epoch:3 Iteration: 660  Loss: 4229.107421875  Accuracy: 77.48401641845703 %
2021-04-16 22:16:33,689 - trainer2_aws - INFO: [trainer2_aws.py:train_model:172] - Global Epoch:3 Iteration: 670  Loss: 2809.83251953125  Accuracy: 51.03326416015625 %
2021-04-16 22:16:48,609 - trainer2_aws - INFO: [trainer2_aws.py:train_model:172] - Global Epoch:3 Iteration: 680  Loss: 3015.785400390625  Accuracy: 55.14002990722656 %
2021-04-16 22:17:03,805 - trainer2_aws - INFO: [trainer2_aws.py:train_model:172] - Global Epoch:3 Iteration: 690  Loss: 4177.7294921875  Accuracy: 76.65441131591797 %
2021-04-16 22:17:18,727 - trainer2_aws - INFO: [trainer2_aws.py:train_model:172] - Global Epoch:3 Iteration: 700  Loss: 5038.39111328125  Accuracy: 78.3741683959961 %
2021-04-16 22:17:33,566 - trainer2_aws - INFO: [trainer2_aws.py:train_model:172] - Global Epoch:3 Iteration: 710  Loss: 5112.2158203125  Accuracy: 69.69071197509766 %
2021-04-16 22:17:48,577 - trainer2_aws - INFO: [trainer2_aws.py:train_model:172] - Global Epoch:3 Iteration: 720  Loss: 3451.26806640625  Accuracy: 77.67697143554688 %
2021-04-16 22:18:03,495 - trainer2_aws - INFO: [trainer2_aws.py:train_model:172] - Global Epoch:3 Iteration: 730  Loss: 5175.4150390625  Accuracy: 77.30531311035156 %
2021-04-16 22:18:18,608 - trainer2_aws - INFO: [trainer2_aws.py:train_model:172] - Global Epoch:3 Iteration: 740  Loss: 2159.81787109375  Accuracy: 77.41929626464844 %
2021-04-16 22:18:33,511 - trainer2_aws - INFO: [trainer2_aws.py:train_model:172] - Global Epoch:3 Iteration: 750  Loss: 5737.2783203125  Accuracy: 77.77854919433594 %
2021-04-16 22:18:48,478 - trainer2_aws - INFO: [trainer2_aws.py:train_model:172] - Global Epoch:3 Iteration: 760  Loss: 2692.927978515625  Accuracy: 78.61550903320312 %
2021-04-16 22:19:03,633 - trainer2_aws - INFO: [trainer2_aws.py:train_model:172] - Global Epoch:3 Iteration: 770  Loss: 2742.50634765625  Accuracy: 76.27479553222656 %
2021-04-16 22:19:18,789 - trainer2_aws - INFO: [trainer2_aws.py:train_model:172] - Global Epoch:3 Iteration: 780  Loss: 8146.4814453125  Accuracy: 77.29413604736328 %
2021-04-16 22:19:33,905 - trainer2_aws - INFO: [trainer2_aws.py:train_model:172] - Global Epoch:3 Iteration: 790  Loss: 1974.2882080078125  Accuracy: 75.71150207519531 %
2021-04-16 22:19:48,560 - trainer2_aws - INFO: [trainer2_aws.py:train_model:172] - Global Epoch:3 Iteration: 800  Loss: 2661.20849609375  Accuracy: 71.78693389892578 %
2021-04-16 22:20:03,306 - trainer2_aws - INFO: [trainer2_aws.py:train_model:172] - Global Epoch:3 Iteration: 810  Loss: 3103.85595703125  Accuracy: 59.338680267333984 %
2021-04-16 22:20:18,624 - trainer2_aws - INFO: [trainer2_aws.py:train_model:172] - Global Epoch:3 Iteration: 820  Loss: 10500.015625  Accuracy: 79.14447784423828 %
2021-04-16 22:20:33,666 - trainer2_aws - INFO: [trainer2_aws.py:train_model:172] - Global Epoch:3 Iteration: 830  Loss: 3727.879150390625  Accuracy: 50.63059616088867 %
2021-04-16 22:20:48,348 - trainer2_aws - INFO: [trainer2_aws.py:train_model:172] - Global Epoch:3 Iteration: 840  Loss: 11011.6083984375  Accuracy: 68.08223724365234 %
2021-04-16 22:21:03,045 - trainer2_aws - INFO: [trainer2_aws.py:train_model:172] - Global Epoch:3 Iteration: 850  Loss: 10567.4306640625  Accuracy: 67.21007537841797 %
2021-04-16 22:21:17,803 - trainer2_aws - INFO: [trainer2_aws.py:train_model:172] - Global Epoch:3 Iteration: 860  Loss: 11011.779296875  Accuracy: 76.71990966796875 %
2021-04-16 22:21:32,394 - trainer2_aws - INFO: [trainer2_aws.py:train_model:172] - Global Epoch:3 Iteration: 870  Loss: 7823.150390625  Accuracy: 78.26044464111328 %
2021-04-16 22:21:47,081 - trainer2_aws - INFO: [trainer2_aws.py:train_model:172] - Global Epoch:3 Iteration: 880  Loss: 4490.25341796875  Accuracy: 57.42317581176758 %
2021-04-16 22:22:01,570 - trainer2_aws - INFO: [trainer2_aws.py:train_model:172] - Global Epoch:3 Iteration: 890  Loss: 6814.10009765625  Accuracy: 68.7079849243164 %
2021-04-16 22:22:16,274 - trainer2_aws - INFO: [trainer2_aws.py:train_model:172] - Global Epoch:3 Iteration: 900  Loss: 10295.064453125  Accuracy: 74.55390167236328 %
2021-04-16 22:22:30,860 - trainer2_aws - INFO: [trainer2_aws.py:train_model:172] - Global Epoch:3 Iteration: 910  Loss: 7877.67578125  Accuracy: 78.83885192871094 %
2021-04-16 22:22:43,453 - trainer2_aws - INFO: [trainer2_aws.py:train_model:196] - Epoch 3 completed. Time taken (seconds): 1371.1176521778107
2021-04-16 22:22:43,453 - trainer2_aws - INFO: [trainer2_aws.py:train_model:198] - 
Accuracy: 66.05518341064453
2021-04-16 22:22:43,453 - trainer2_aws - INFO: [trainer2_aws.py:train_model:199] - 
LOSS:: 7877.67578125
2021-04-16 22:23:54,342 - trainer2_aws - INFO: [trainer2_aws.py:on_message:254] - Model received from coordinator!
2021-04-16 22:23:54,342 - trainer2_aws - INFO: [trainer2_aws.py:on_message:255] - Topic: fed_ml/coordinator/4/model
2021-04-16 22:23:54,344 - trainer2_aws - INFO: [trainer2_aws.py:train_model:100] - Start training...
2021-04-16 22:24:09,008 - trainer2_aws - INFO: [trainer2_aws.py:train_model:172] - Global Epoch:4 Iteration: 0  Loss: 161593.65625  Accuracy: 48.1939811706543 %
2021-04-16 22:24:23,634 - trainer2_aws - INFO: [trainer2_aws.py:train_model:172] - Global Epoch:4 Iteration: 10  Loss: 55187.796875  Accuracy: 73.98448944091797 %
2021-04-16 22:24:38,189 - trainer2_aws - INFO: [trainer2_aws.py:train_model:172] - Global Epoch:4 Iteration: 20  Loss: 10663.6591796875  Accuracy: 75.49138641357422 %
2021-04-16 22:24:52,543 - trainer2_aws - INFO: [trainer2_aws.py:train_model:172] - Global Epoch:4 Iteration: 30  Loss: 12260.4365234375  Accuracy: 74.03479766845703 %
2021-04-16 22:25:06,963 - trainer2_aws - INFO: [trainer2_aws.py:train_model:172] - Global Epoch:4 Iteration: 40  Loss: 12599.1396484375  Accuracy: 73.0675277709961 %
2021-04-16 22:25:21,652 - trainer2_aws - INFO: [trainer2_aws.py:train_model:172] - Global Epoch:4 Iteration: 50  Loss: 8448.7548828125  Accuracy: 75.11544799804688 %
2021-04-16 22:25:36,086 - trainer2_aws - INFO: [trainer2_aws.py:train_model:172] - Global Epoch:4 Iteration: 60  Loss: 9973.0546875  Accuracy: 75.1983413696289 %
2021-04-16 22:25:50,559 - trainer2_aws - INFO: [trainer2_aws.py:train_model:172] - Global Epoch:4 Iteration: 70  Loss: 7472.22021484375  Accuracy: 75.1245346069336 %
2021-04-16 22:26:05,234 - trainer2_aws - INFO: [trainer2_aws.py:train_model:172] - Global Epoch:4 Iteration: 80  Loss: 6289.17626953125  Accuracy: 74.40837860107422 %
2021-04-16 22:26:19,816 - trainer2_aws - INFO: [trainer2_aws.py:train_model:172] - Global Epoch:4 Iteration: 90  Loss: 6214.49462890625  Accuracy: 73.4612808227539 %
2021-04-16 22:26:34,220 - trainer2_aws - INFO: [trainer2_aws.py:train_model:172] - Global Epoch:4 Iteration: 100  Loss: 4876.58984375  Accuracy: 71.268798828125 %
2021-04-16 22:26:48,607 - trainer2_aws - INFO: [trainer2_aws.py:train_model:172] - Global Epoch:4 Iteration: 110  Loss: 4059.326416015625  Accuracy: 70.91452026367188 %
2021-04-16 22:27:03,053 - trainer2_aws - INFO: [trainer2_aws.py:train_model:172] - Global Epoch:4 Iteration: 120  Loss: 9467.142578125  Accuracy: 76.25252532958984 %
2021-04-16 22:27:17,890 - trainer2_aws - INFO: [trainer2_aws.py:train_model:172] - Global Epoch:4 Iteration: 130  Loss: 6009.03515625  Accuracy: 60.345699310302734 %
2021-04-16 22:27:32,831 - trainer2_aws - INFO: [trainer2_aws.py:train_model:172] - Global Epoch:4 Iteration: 140  Loss: 3913.898681640625  Accuracy: 52.62908172607422 %
2021-04-16 22:27:47,754 - trainer2_aws - INFO: [trainer2_aws.py:train_model:172] - Global Epoch:4 Iteration: 150  Loss: 4554.8515625  Accuracy: 73.12238311767578 %
2021-04-16 22:28:02,394 - trainer2_aws - INFO: [trainer2_aws.py:train_model:172] - Global Epoch:4 Iteration: 160  Loss: 4499.982421875  Accuracy: 71.35169219970703 %
2021-04-16 22:28:17,207 - trainer2_aws - INFO: [trainer2_aws.py:train_model:172] - Global Epoch:4 Iteration: 170  Loss: 4137.40625  Accuracy: 74.53582000732422 %
2021-04-16 22:28:31,732 - trainer2_aws - INFO: [trainer2_aws.py:train_model:172] - Global Epoch:4 Iteration: 180  Loss: 2446.546875  Accuracy: 76.6489028930664 %
2021-04-16 22:28:46,209 - trainer2_aws - INFO: [trainer2_aws.py:train_model:172] - Global Epoch:4 Iteration: 190  Loss: 5681.6123046875  Accuracy: 73.3630142211914 %
2021-04-16 22:29:00,740 - trainer2_aws - INFO: [trainer2_aws.py:train_model:172] - Global Epoch:4 Iteration: 200  Loss: 4963.9873046875  Accuracy: 56.570064544677734 %
2021-04-16 22:29:15,611 - trainer2_aws - INFO: [trainer2_aws.py:train_model:172] - Global Epoch:4 Iteration: 210  Loss: 8346.10546875  Accuracy: 76.97889709472656 %
2021-04-16 22:29:30,381 - trainer2_aws - INFO: [trainer2_aws.py:train_model:172] - Global Epoch:4 Iteration: 220  Loss: 7845.85693359375  Accuracy: 74.6517333984375 %
2021-04-16 22:29:44,857 - trainer2_aws - INFO: [trainer2_aws.py:train_model:172] - Global Epoch:4 Iteration: 230  Loss: 4590.1279296875  Accuracy: 71.62945556640625 %
2021-04-16 22:29:59,351 - trainer2_aws - INFO: [trainer2_aws.py:train_model:172] - Global Epoch:4 Iteration: 240  Loss: 8416.509765625  Accuracy: 69.24585723876953 %
2021-04-16 22:30:14,026 - trainer2_aws - INFO: [trainer2_aws.py:train_model:172] - Global Epoch:4 Iteration: 250  Loss: 5489.99658203125  Accuracy: 67.51360321044922 %
2021-04-16 22:30:28,594 - trainer2_aws - INFO: [trainer2_aws.py:train_model:172] - Global Epoch:4 Iteration: 260  Loss: 7529.30810546875  Accuracy: 72.1447982788086 %
2021-04-16 22:30:43,170 - trainer2_aws - INFO: [trainer2_aws.py:train_model:172] - Global Epoch:4 Iteration: 270  Loss: 7502.2294921875  Accuracy: 74.32505798339844 %
2021-04-16 22:30:58,235 - trainer2_aws - INFO: [trainer2_aws.py:train_model:172] - Global Epoch:4 Iteration: 280  Loss: 3924.99560546875  Accuracy: 69.865234375 %
2021-04-16 22:31:13,253 - trainer2_aws - INFO: [trainer2_aws.py:train_model:172] - Global Epoch:4 Iteration: 290  Loss: 2141.2099609375  Accuracy: 72.04408264160156 %
2021-04-16 22:31:27,888 - trainer2_aws - INFO: [trainer2_aws.py:train_model:172] - Global Epoch:4 Iteration: 300  Loss: 5737.73828125  Accuracy: 75.44220733642578 %
2021-04-16 22:31:42,361 - trainer2_aws - INFO: [trainer2_aws.py:train_model:172] - Global Epoch:4 Iteration: 310  Loss: 5593.34716796875  Accuracy: 76.14273071289062 %
2021-04-16 22:31:56,761 - trainer2_aws - INFO: [trainer2_aws.py:train_model:172] - Global Epoch:4 Iteration: 320  Loss: 4421.28173828125  Accuracy: 73.24247741699219 %
2021-04-16 22:32:11,377 - trainer2_aws - INFO: [trainer2_aws.py:train_model:172] - Global Epoch:4 Iteration: 330  Loss: 2051.767822265625  Accuracy: 78.9994888305664 %
2021-04-16 22:32:26,110 - trainer2_aws - INFO: [trainer2_aws.py:train_model:172] - Global Epoch:4 Iteration: 340  Loss: 9879.142578125  Accuracy: 78.86802673339844 %
2021-04-16 22:32:40,798 - trainer2_aws - INFO: [trainer2_aws.py:train_model:172] - Global Epoch:4 Iteration: 350  Loss: 7889.8056640625  Accuracy: 75.33843994140625 %
2021-04-16 22:32:55,487 - trainer2_aws - INFO: [trainer2_aws.py:train_model:172] - Global Epoch:4 Iteration: 360  Loss: 8293.71875  Accuracy: 75.63786315917969 %
2021-04-16 22:33:10,462 - trainer2_aws - INFO: [trainer2_aws.py:train_model:172] - Global Epoch:4 Iteration: 370  Loss: 17648.318359375  Accuracy: 72.94856262207031 %
2021-04-16 22:33:25,148 - trainer2_aws - INFO: [trainer2_aws.py:train_model:172] - Global Epoch:4 Iteration: 380  Loss: 11544.640625  Accuracy: 53.09568786621094 %
2021-04-16 22:33:39,738 - trainer2_aws - INFO: [trainer2_aws.py:train_model:172] - Global Epoch:4 Iteration: 390  Loss: 11647.763671875  Accuracy: 74.21656799316406 %
2021-04-16 22:33:54,385 - trainer2_aws - INFO: [trainer2_aws.py:train_model:172] - Global Epoch:4 Iteration: 400  Loss: 5445.3154296875  Accuracy: 69.69744110107422 %
2021-04-16 22:34:09,398 - trainer2_aws - INFO: [trainer2_aws.py:train_model:172] - Global Epoch:4 Iteration: 410  Loss: 13369.7646484375  Accuracy: 72.83911895751953 %
2021-04-16 22:34:24,492 - trainer2_aws - INFO: [trainer2_aws.py:train_model:172] - Global Epoch:4 Iteration: 420  Loss: 6944.1162109375  Accuracy: 78.5462417602539 %
2021-04-16 22:34:39,661 - trainer2_aws - INFO: [trainer2_aws.py:train_model:172] - Global Epoch:4 Iteration: 430  Loss: 4864.373046875  Accuracy: 60.43339538574219 %
2021-04-16 22:34:54,592 - trainer2_aws - INFO: [trainer2_aws.py:train_model:172] - Global Epoch:4 Iteration: 440  Loss: 5688.03369140625  Accuracy: 50.52674102783203 %
2021-04-16 22:35:09,324 - trainer2_aws - INFO: [trainer2_aws.py:train_model:172] - Global Epoch:4 Iteration: 450  Loss: 10910.353515625  Accuracy: 77.17271423339844 %
2021-04-16 22:35:24,122 - trainer2_aws - INFO: [trainer2_aws.py:train_model:172] - Global Epoch:4 Iteration: 460  Loss: 10008.501953125  Accuracy: 71.78004455566406 %
2021-04-16 22:35:38,935 - trainer2_aws - INFO: [trainer2_aws.py:train_model:172] - Global Epoch:4 Iteration: 470  Loss: 9024.2099609375  Accuracy: 70.03022766113281 %
2021-04-16 22:35:53,637 - trainer2_aws - INFO: [trainer2_aws.py:train_model:172] - Global Epoch:4 Iteration: 480  Loss: 7169.75048828125  Accuracy: 71.81768035888672 %
2021-04-16 22:36:08,418 - trainer2_aws - INFO: [trainer2_aws.py:train_model:172] - Global Epoch:4 Iteration: 490  Loss: 4099.07958984375  Accuracy: 74.0241470336914 %
2021-04-16 22:36:23,072 - trainer2_aws - INFO: [trainer2_aws.py:train_model:172] - Global Epoch:4 Iteration: 500  Loss: 2790.59716796875  Accuracy: 58.86343002319336 %
2021-04-16 22:36:37,639 - trainer2_aws - INFO: [trainer2_aws.py:train_model:172] - Global Epoch:4 Iteration: 510  Loss: 3960.511962890625  Accuracy: 72.68687438964844 %
2021-04-16 22:36:52,201 - trainer2_aws - INFO: [trainer2_aws.py:train_model:172] - Global Epoch:4 Iteration: 520  Loss: 4481.4345703125  Accuracy: 77.17743682861328 %
2021-04-16 22:37:06,799 - trainer2_aws - INFO: [trainer2_aws.py:train_model:172] - Global Epoch:4 Iteration: 530  Loss: 9518.5927734375  Accuracy: 78.2531967163086 %
2021-04-16 22:37:21,558 - trainer2_aws - INFO: [trainer2_aws.py:train_model:172] - Global Epoch:4 Iteration: 540  Loss: 2904.1748046875  Accuracy: 55.27629089355469 %
2021-04-16 22:37:36,254 - trainer2_aws - INFO: [trainer2_aws.py:train_model:172] - Global Epoch:4 Iteration: 550  Loss: 3791.0927734375  Accuracy: 76.38389587402344 %
2021-04-16 22:37:50,920 - trainer2_aws - INFO: [trainer2_aws.py:train_model:172] - Global Epoch:4 Iteration: 560  Loss: 7866.60888671875  Accuracy: 69.67769622802734 %
2021-04-16 22:38:06,130 - trainer2_aws - INFO: [trainer2_aws.py:train_model:172] - Global Epoch:4 Iteration: 570  Loss: 3750.758056640625  Accuracy: 77.01278686523438 %
2021-04-16 22:38:21,424 - trainer2_aws - INFO: [trainer2_aws.py:train_model:172] - Global Epoch:4 Iteration: 580  Loss: 4931.54541015625  Accuracy: 78.47366333007812 %
2021-04-16 22:38:36,434 - trainer2_aws - INFO: [trainer2_aws.py:train_model:172] - Global Epoch:4 Iteration: 590  Loss: 2426.300537109375  Accuracy: 60.59611892700195 %
2021-04-16 22:38:51,338 - trainer2_aws - INFO: [trainer2_aws.py:train_model:172] - Global Epoch:4 Iteration: 600  Loss: 6695.408203125  Accuracy: 73.00061798095703 %
2021-04-16 22:39:06,122 - trainer2_aws - INFO: [trainer2_aws.py:train_model:172] - Global Epoch:4 Iteration: 610  Loss: 8595.2607421875  Accuracy: 75.96515655517578 %
2021-04-16 22:39:21,052 - trainer2_aws - INFO: [trainer2_aws.py:train_model:172] - Global Epoch:4 Iteration: 620  Loss: 5386.63623046875  Accuracy: 70.29654693603516 %
2021-04-16 22:39:35,911 - trainer2_aws - INFO: [trainer2_aws.py:train_model:172] - Global Epoch:4 Iteration: 630  Loss: 12490.8056640625  Accuracy: 69.66425323486328 %
2021-04-16 22:39:50,438 - trainer2_aws - INFO: [trainer2_aws.py:train_model:172] - Global Epoch:4 Iteration: 640  Loss: 9165.365234375  Accuracy: 78.61236572265625 %
2021-04-16 22:40:04,923 - trainer2_aws - INFO: [trainer2_aws.py:train_model:172] - Global Epoch:4 Iteration: 650  Loss: 4062.380859375  Accuracy: 73.2991714477539 %
2021-04-16 22:40:19,585 - trainer2_aws - INFO: [trainer2_aws.py:train_model:172] - Global Epoch:4 Iteration: 660  Loss: 5157.24365234375  Accuracy: 73.85084533691406 %
2021-04-16 22:40:34,288 - trainer2_aws - INFO: [trainer2_aws.py:train_model:172] - Global Epoch:4 Iteration: 670  Loss: 9150.40625  Accuracy: 75.6153335571289 %
2021-04-16 22:40:48,795 - trainer2_aws - INFO: [trainer2_aws.py:train_model:172] - Global Epoch:4 Iteration: 680  Loss: 6809.35986328125  Accuracy: 76.22763061523438 %
2021-04-16 22:41:03,378 - trainer2_aws - INFO: [trainer2_aws.py:train_model:172] - Global Epoch:4 Iteration: 690  Loss: 3938.10888671875  Accuracy: 73.51823425292969 %
2021-04-16 22:41:18,285 - trainer2_aws - INFO: [trainer2_aws.py:train_model:172] - Global Epoch:4 Iteration: 700  Loss: 3728.385498046875  Accuracy: 75.96192932128906 %
2021-04-16 22:41:32,908 - trainer2_aws - INFO: [trainer2_aws.py:train_model:172] - Global Epoch:4 Iteration: 710  Loss: 4428.5654296875  Accuracy: 77.813232421875 %
2021-04-16 22:41:47,797 - trainer2_aws - INFO: [trainer2_aws.py:train_model:172] - Global Epoch:4 Iteration: 720  Loss: 3159.202880859375  Accuracy: 75.87064361572266 %
2021-04-16 22:42:02,859 - trainer2_aws - INFO: [trainer2_aws.py:train_model:172] - Global Epoch:4 Iteration: 730  Loss: 4618.8359375  Accuracy: 73.27706909179688 %
2021-04-16 22:42:17,742 - trainer2_aws - INFO: [trainer2_aws.py:train_model:172] - Global Epoch:4 Iteration: 740  Loss: 2629.594482421875  Accuracy: 72.36640167236328 %
2021-04-16 22:42:32,521 - trainer2_aws - INFO: [trainer2_aws.py:train_model:172] - Global Epoch:4 Iteration: 750  Loss: 4188.1572265625  Accuracy: 78.42456817626953 %
2021-04-16 22:42:47,442 - trainer2_aws - INFO: [trainer2_aws.py:train_model:172] - Global Epoch:4 Iteration: 760  Loss: 6993.2841796875  Accuracy: 69.86235809326172 %
2021-04-16 22:43:02,426 - trainer2_aws - INFO: [trainer2_aws.py:train_model:172] - Global Epoch:4 Iteration: 770  Loss: 7102.779296875  Accuracy: 74.76300048828125 %
2021-04-16 22:43:17,586 - trainer2_aws - INFO: [trainer2_aws.py:train_model:172] - Global Epoch:4 Iteration: 780  Loss: 4728.3642578125  Accuracy: 71.9474868774414 %
2021-04-16 22:43:32,270 - trainer2_aws - INFO: [trainer2_aws.py:train_model:172] - Global Epoch:4 Iteration: 790  Loss: 5053.86474609375  Accuracy: 70.31550598144531 %
2021-04-16 22:43:47,094 - trainer2_aws - INFO: [trainer2_aws.py:train_model:172] - Global Epoch:4 Iteration: 800  Loss: 5926.294921875  Accuracy: 70.55413818359375 %
2021-04-16 22:44:01,862 - trainer2_aws - INFO: [trainer2_aws.py:train_model:172] - Global Epoch:4 Iteration: 810  Loss: 4663.2890625  Accuracy: 77.20364379882812 %
2021-04-16 22:44:16,748 - trainer2_aws - INFO: [trainer2_aws.py:train_model:172] - Global Epoch:4 Iteration: 820  Loss: 4432.52783203125  Accuracy: 71.79566955566406 %
2021-04-16 22:44:31,841 - trainer2_aws - INFO: [trainer2_aws.py:train_model:172] - Global Epoch:4 Iteration: 830  Loss: 2886.863037109375  Accuracy: 73.63859558105469 %
2021-04-16 22:44:46,446 - trainer2_aws - INFO: [trainer2_aws.py:train_model:172] - Global Epoch:4 Iteration: 840  Loss: 2849.08837890625  Accuracy: 73.57815551757812 %
2021-04-16 22:45:01,005 - trainer2_aws - INFO: [trainer2_aws.py:train_model:172] - Global Epoch:4 Iteration: 850  Loss: 3602.877685546875  Accuracy: 74.63469696044922 %
2021-04-16 22:45:15,875 - trainer2_aws - INFO: [trainer2_aws.py:train_model:172] - Global Epoch:4 Iteration: 860  Loss: 3056.09228515625  Accuracy: 78.02032470703125 %
2021-04-16 22:45:30,810 - trainer2_aws - INFO: [trainer2_aws.py:train_model:172] - Global Epoch:4 Iteration: 870  Loss: 5247.50341796875  Accuracy: 74.56900787353516 %
2021-04-16 22:45:45,702 - trainer2_aws - INFO: [trainer2_aws.py:train_model:172] - Global Epoch:4 Iteration: 880  Loss: 4855.9658203125  Accuracy: 76.71895599365234 %
2021-04-16 22:46:00,312 - trainer2_aws - INFO: [trainer2_aws.py:train_model:172] - Global Epoch:4 Iteration: 890  Loss: 12097.1298828125  Accuracy: 76.85259246826172 %
2021-04-16 22:46:15,140 - trainer2_aws - INFO: [trainer2_aws.py:train_model:172] - Global Epoch:4 Iteration: 900  Loss: 7964.68798828125  Accuracy: 72.46055603027344 %
2021-04-16 22:46:29,750 - trainer2_aws - INFO: [trainer2_aws.py:train_model:172] - Global Epoch:4 Iteration: 910  Loss: 14060.498046875  Accuracy: 74.76571655273438 %
2021-04-16 22:46:42,223 - trainer2_aws - INFO: [trainer2_aws.py:train_model:196] - Epoch 4 completed. Time taken (seconds): 1367.8795552253723
2021-04-16 22:46:42,223 - trainer2_aws - INFO: [trainer2_aws.py:train_model:198] - 
Accuracy: 70.52783966064453
2021-04-16 22:46:42,224 - trainer2_aws - INFO: [trainer2_aws.py:train_model:199] - 
LOSS:: 14060.498046875
2021-04-16 22:47:50,793 - trainer2_aws - INFO: [trainer2_aws.py:on_message:254] - Model received from coordinator!
2021-04-16 22:47:50,794 - trainer2_aws - INFO: [trainer2_aws.py:on_message:255] - Topic: fed_ml/coordinator/5/model
2021-04-16 22:47:50,795 - trainer2_aws - INFO: [trainer2_aws.py:train_model:100] - Start training...
2021-04-16 22:48:05,081 - trainer2_aws - INFO: [trainer2_aws.py:train_model:172] - Global Epoch:5 Iteration: 0  Loss: 221743.84375  Accuracy: 56.6314697265625 %
2021-04-16 22:48:19,726 - trainer2_aws - INFO: [trainer2_aws.py:train_model:172] - Global Epoch:5 Iteration: 10  Loss: 36860.87890625  Accuracy: 75.56379699707031 %
2021-04-16 22:48:34,145 - trainer2_aws - INFO: [trainer2_aws.py:train_model:172] - Global Epoch:5 Iteration: 20  Loss: 15001.3251953125  Accuracy: 72.73796844482422 %
2021-04-16 22:48:48,702 - trainer2_aws - INFO: [trainer2_aws.py:train_model:172] - Global Epoch:5 Iteration: 30  Loss: 12243.166015625  Accuracy: 72.87126159667969 %
2021-04-16 22:49:03,590 - trainer2_aws - INFO: [trainer2_aws.py:train_model:172] - Global Epoch:5 Iteration: 40  Loss: 7302.41015625  Accuracy: 74.69723510742188 %
2021-04-16 22:49:18,609 - trainer2_aws - INFO: [trainer2_aws.py:train_model:172] - Global Epoch:5 Iteration: 50  Loss: 8197.3564453125  Accuracy: 74.36155700683594 %
2021-04-16 22:49:33,420 - trainer2_aws - INFO: [trainer2_aws.py:train_model:172] - Global Epoch:5 Iteration: 60  Loss: 6380.6298828125  Accuracy: 75.69551086425781 %
2021-04-16 22:49:47,977 - trainer2_aws - INFO: [trainer2_aws.py:train_model:172] - Global Epoch:5 Iteration: 70  Loss: 5689.166015625  Accuracy: 67.54522705078125 %
2021-04-16 22:50:02,313 - trainer2_aws - INFO: [trainer2_aws.py:train_model:172] - Global Epoch:5 Iteration: 80  Loss: 2995.82080078125  Accuracy: 74.59110260009766 %
2021-04-16 22:50:16,947 - trainer2_aws - INFO: [trainer2_aws.py:train_model:172] - Global Epoch:5 Iteration: 90  Loss: 5535.28271484375  Accuracy: 73.71109771728516 %
2021-04-16 22:50:31,433 - trainer2_aws - INFO: [trainer2_aws.py:train_model:172] - Global Epoch:5 Iteration: 100  Loss: 4905.52294921875  Accuracy: 74.36768341064453 %
2021-04-16 22:50:45,868 - trainer2_aws - INFO: [trainer2_aws.py:train_model:172] - Global Epoch:5 Iteration: 110  Loss: 4577.94873046875  Accuracy: 72.03028869628906 %
2021-04-16 22:51:00,401 - trainer2_aws - INFO: [trainer2_aws.py:train_model:172] - Global Epoch:5 Iteration: 120  Loss: 6653.736328125  Accuracy: 74.6074447631836 %
2021-04-16 22:51:15,042 - trainer2_aws - INFO: [trainer2_aws.py:train_model:172] - Global Epoch:5 Iteration: 130  Loss: 2534.35546875  Accuracy: 73.24876403808594 %
2021-04-16 22:51:29,436 - trainer2_aws - INFO: [trainer2_aws.py:train_model:172] - Global Epoch:5 Iteration: 140  Loss: 7992.33837890625  Accuracy: 56.276405334472656 %
2021-04-16 22:51:43,841 - trainer2_aws - INFO: [trainer2_aws.py:train_model:172] - Global Epoch:5 Iteration: 150  Loss: 4681.27734375  Accuracy: 57.87641525268555 %
2021-04-16 22:51:58,294 - trainer2_aws - INFO: [trainer2_aws.py:train_model:172] - Global Epoch:5 Iteration: 160  Loss: 6006.49072265625  Accuracy: 75.44046020507812 %
2021-04-16 22:52:12,885 - trainer2_aws - INFO: [trainer2_aws.py:train_model:172] - Global Epoch:5 Iteration: 170  Loss: 5174.4990234375  Accuracy: 70.9033432006836 %
2021-04-16 22:52:27,424 - trainer2_aws - INFO: [trainer2_aws.py:train_model:172] - Global Epoch:5 Iteration: 180  Loss: 4764.0234375  Accuracy: 72.99555206298828 %
2021-04-16 22:52:42,342 - trainer2_aws - INFO: [trainer2_aws.py:train_model:172] - Global Epoch:5 Iteration: 190  Loss: 4616.29248046875  Accuracy: 74.77742004394531 %
2021-04-16 22:52:57,284 - trainer2_aws - INFO: [trainer2_aws.py:train_model:172] - Global Epoch:5 Iteration: 200  Loss: 5914.75341796875  Accuracy: 76.83285522460938 %
2021-04-16 22:53:12,011 - trainer2_aws - INFO: [trainer2_aws.py:train_model:172] - Global Epoch:5 Iteration: 210  Loss: 3956.014892578125  Accuracy: 74.64080810546875 %
2021-04-16 22:53:26,637 - trainer2_aws - INFO: [trainer2_aws.py:train_model:172] - Global Epoch:5 Iteration: 220  Loss: 3184.39404296875  Accuracy: 72.41312408447266 %
2021-04-16 22:53:41,077 - trainer2_aws - INFO: [trainer2_aws.py:train_model:172] - Global Epoch:5 Iteration: 230  Loss: 10298.0927734375  Accuracy: 76.68628692626953 %
2021-04-16 22:53:55,548 - trainer2_aws - INFO: [trainer2_aws.py:train_model:172] - Global Epoch:5 Iteration: 240  Loss: 4956.10400390625  Accuracy: 76.75520324707031 %
2021-04-16 22:54:10,261 - trainer2_aws - INFO: [trainer2_aws.py:train_model:172] - Global Epoch:5 Iteration: 250  Loss: 10635.97265625  Accuracy: 78.57576751708984 %
2021-04-16 22:54:24,950 - trainer2_aws - INFO: [trainer2_aws.py:train_model:172] - Global Epoch:5 Iteration: 260  Loss: 5296.30322265625  Accuracy: 68.4984359741211 %
2021-04-16 22:54:39,516 - trainer2_aws - INFO: [trainer2_aws.py:train_model:172] - Global Epoch:5 Iteration: 270  Loss: 12066.3388671875  Accuracy: 70.24274444580078 %
2021-04-16 22:54:53,897 - trainer2_aws - INFO: [trainer2_aws.py:train_model:172] - Global Epoch:5 Iteration: 280  Loss: 6981.79345703125  Accuracy: 74.76903533935547 %
2021-04-16 22:55:08,364 - trainer2_aws - INFO: [trainer2_aws.py:train_model:172] - Global Epoch:5 Iteration: 290  Loss: 3142.9169921875  Accuracy: 77.24443054199219 %
2021-04-16 22:55:22,897 - trainer2_aws - INFO: [trainer2_aws.py:train_model:172] - Global Epoch:5 Iteration: 300  Loss: 6603.32275390625  Accuracy: 52.91461944580078 %
2021-04-16 22:55:37,400 - trainer2_aws - INFO: [trainer2_aws.py:train_model:172] - Global Epoch:5 Iteration: 310  Loss: 8083.47900390625  Accuracy: 58.22554016113281 %
2021-04-16 22:55:51,908 - trainer2_aws - INFO: [trainer2_aws.py:train_model:172] - Global Epoch:5 Iteration: 320  Loss: 3917.5859375  Accuracy: 76.107177734375 %
2021-04-16 22:56:06,649 - trainer2_aws - INFO: [trainer2_aws.py:train_model:172] - Global Epoch:5 Iteration: 330  Loss: 3548.02001953125  Accuracy: 76.44625854492188 %
2021-04-16 22:56:21,294 - trainer2_aws - INFO: [trainer2_aws.py:train_model:172] - Global Epoch:5 Iteration: 340  Loss: 4862.80712890625  Accuracy: 75.60467529296875 %
2021-04-16 22:56:35,866 - trainer2_aws - INFO: [trainer2_aws.py:train_model:172] - Global Epoch:5 Iteration: 350  Loss: 5821.5654296875  Accuracy: 68.97988891601562 %
2021-04-16 22:56:50,179 - trainer2_aws - INFO: [trainer2_aws.py:train_model:172] - Global Epoch:5 Iteration: 360  Loss: 2632.997314453125  Accuracy: 69.62686920166016 %
2021-04-16 22:57:04,577 - trainer2_aws - INFO: [trainer2_aws.py:train_model:172] - Global Epoch:5 Iteration: 370  Loss: 5164.4677734375  Accuracy: 76.66078186035156 %
2021-04-16 22:57:19,157 - trainer2_aws - INFO: [trainer2_aws.py:train_model:172] - Global Epoch:5 Iteration: 380  Loss: 4259.76904296875  Accuracy: 72.189697265625 %
2021-04-16 22:57:33,686 - trainer2_aws - INFO: [trainer2_aws.py:train_model:172] - Global Epoch:5 Iteration: 390  Loss: 1644.28076171875  Accuracy: 57.476806640625 %
2021-04-16 22:57:48,182 - trainer2_aws - INFO: [trainer2_aws.py:train_model:172] - Global Epoch:5 Iteration: 400  Loss: 2778.5888671875  Accuracy: 76.532470703125 %
2021-04-16 22:58:02,782 - trainer2_aws - INFO: [trainer2_aws.py:train_model:172] - Global Epoch:5 Iteration: 410  Loss: 6529.94580078125  Accuracy: 75.97301483154297 %
2021-04-16 22:58:17,543 - trainer2_aws - INFO: [trainer2_aws.py:train_model:172] - Global Epoch:5 Iteration: 420  Loss: 3736.005615234375  Accuracy: 73.99610137939453 %
2021-04-16 22:58:32,051 - trainer2_aws - INFO: [trainer2_aws.py:train_model:172] - Global Epoch:5 Iteration: 430  Loss: 5487.505859375  Accuracy: 76.36380767822266 %
2021-04-16 22:58:46,497 - trainer2_aws - INFO: [trainer2_aws.py:train_model:172] - Global Epoch:5 Iteration: 440  Loss: 9795.1240234375  Accuracy: 77.66770935058594 %
2021-04-16 22:59:00,996 - trainer2_aws - INFO: [trainer2_aws.py:train_model:172] - Global Epoch:5 Iteration: 450  Loss: 5022.7998046875  Accuracy: 77.15988159179688 %
2021-04-16 22:59:15,802 - trainer2_aws - INFO: [trainer2_aws.py:train_model:172] - Global Epoch:5 Iteration: 460  Loss: 8949.400390625  Accuracy: 74.34688568115234 %
2021-04-16 22:59:30,362 - trainer2_aws - INFO: [trainer2_aws.py:train_model:172] - Global Epoch:5 Iteration: 470  Loss: 5231.7177734375  Accuracy: 76.94928741455078 %
2021-04-16 22:59:45,264 - trainer2_aws - INFO: [trainer2_aws.py:train_model:172] - Global Epoch:5 Iteration: 480  Loss: 4966.4990234375  Accuracy: 51.98542785644531 %
2021-04-16 22:59:59,830 - trainer2_aws - INFO: [trainer2_aws.py:train_model:172] - Global Epoch:5 Iteration: 490  Loss: 6893.291015625  Accuracy: 75.71552276611328 %
2021-04-16 23:00:14,556 - trainer2_aws - INFO: [trainer2_aws.py:train_model:172] - Global Epoch:5 Iteration: 500  Loss: 4277.49853515625  Accuracy: 77.37134552001953 %
2021-04-16 23:00:29,131 - trainer2_aws - INFO: [trainer2_aws.py:train_model:172] - Global Epoch:5 Iteration: 510  Loss: 9027.6435546875  Accuracy: 77.06012725830078 %
2021-04-16 23:00:43,602 - trainer2_aws - INFO: [trainer2_aws.py:train_model:172] - Global Epoch:5 Iteration: 520  Loss: 6417.91845703125  Accuracy: 78.40421295166016 %
2021-04-16 23:00:58,063 - trainer2_aws - INFO: [trainer2_aws.py:train_model:172] - Global Epoch:5 Iteration: 530  Loss: 8316.568359375  Accuracy: 59.202510833740234 %
2021-04-16 23:01:12,670 - trainer2_aws - INFO: [trainer2_aws.py:train_model:172] - Global Epoch:5 Iteration: 540  Loss: 9653.4736328125  Accuracy: 70.75154113769531 %
2021-04-16 23:01:27,300 - trainer2_aws - INFO: [trainer2_aws.py:train_model:172] - Global Epoch:5 Iteration: 550  Loss: 3416.923583984375  Accuracy: 77.31439971923828 %
2021-04-16 23:01:41,674 - trainer2_aws - INFO: [trainer2_aws.py:train_model:172] - Global Epoch:5 Iteration: 560  Loss: 4165.1513671875  Accuracy: 78.99564361572266 %
2021-04-16 23:01:56,063 - trainer2_aws - INFO: [trainer2_aws.py:train_model:172] - Global Epoch:5 Iteration: 570  Loss: 10376.3037109375  Accuracy: 78.58860778808594 %
2021-04-16 23:02:10,622 - trainer2_aws - INFO: [trainer2_aws.py:train_model:172] - Global Epoch:5 Iteration: 580  Loss: 1643.6949462890625  Accuracy: 77.27247619628906 %
2021-04-16 23:02:25,103 - trainer2_aws - INFO: [trainer2_aws.py:train_model:172] - Global Epoch:5 Iteration: 590  Loss: 4526.1142578125  Accuracy: 75.82513427734375 %
2021-04-16 23:02:39,670 - trainer2_aws - INFO: [trainer2_aws.py:train_model:172] - Global Epoch:5 Iteration: 600  Loss: 2314.908935546875  Accuracy: 59.84607696533203 %
2021-04-16 23:02:54,296 - trainer2_aws - INFO: [trainer2_aws.py:train_model:172] - Global Epoch:5 Iteration: 610  Loss: 10588.55859375  Accuracy: 78.71324920654297 %
2021-04-16 23:03:09,249 - trainer2_aws - INFO: [trainer2_aws.py:train_model:172] - Global Epoch:5 Iteration: 620  Loss: 6245.49365234375  Accuracy: 78.04216766357422 %
2021-04-16 23:03:24,269 - trainer2_aws - INFO: [trainer2_aws.py:train_model:172] - Global Epoch:5 Iteration: 630  Loss: 7393.8583984375  Accuracy: 77.22923278808594 %
2021-04-16 23:03:38,966 - trainer2_aws - INFO: [trainer2_aws.py:train_model:172] - Global Epoch:5 Iteration: 640  Loss: 4853.8046875  Accuracy: 72.0419921875 %
2021-04-16 23:03:53,427 - trainer2_aws - INFO: [trainer2_aws.py:train_model:172] - Global Epoch:5 Iteration: 650  Loss: 2241.063720703125  Accuracy: 54.58738708496094 %
2021-04-16 23:04:08,030 - trainer2_aws - INFO: [trainer2_aws.py:train_model:172] - Global Epoch:5 Iteration: 660  Loss: 3456.990478515625  Accuracy: 75.49627685546875 %
2021-04-16 23:04:22,646 - trainer2_aws - INFO: [trainer2_aws.py:train_model:172] - Global Epoch:5 Iteration: 670  Loss: 3312.57958984375  Accuracy: 75.60362243652344 %
2021-04-16 23:04:37,334 - trainer2_aws - INFO: [trainer2_aws.py:train_model:172] - Global Epoch:5 Iteration: 680  Loss: 8432.0947265625  Accuracy: 78.78372955322266 %
2021-04-16 23:04:51,706 - trainer2_aws - INFO: [trainer2_aws.py:train_model:172] - Global Epoch:5 Iteration: 690  Loss: 8090.72802734375  Accuracy: 71.58918762207031 %
2021-04-16 23:05:06,162 - trainer2_aws - INFO: [trainer2_aws.py:train_model:172] - Global Epoch:5 Iteration: 700  Loss: 5989.34765625  Accuracy: 74.27954864501953 %
2021-04-16 23:05:20,925 - trainer2_aws - INFO: [trainer2_aws.py:train_model:172] - Global Epoch:5 Iteration: 710  Loss: 5267.20947265625  Accuracy: 76.17583465576172 %
2021-04-16 23:05:35,473 - trainer2_aws - INFO: [trainer2_aws.py:train_model:172] - Global Epoch:5 Iteration: 720  Loss: 5682.58056640625  Accuracy: 73.06892395019531 %
2021-04-16 23:05:50,030 - trainer2_aws - INFO: [trainer2_aws.py:train_model:172] - Global Epoch:5 Iteration: 730  Loss: 4757.9326171875  Accuracy: 78.25634002685547 %
2021-04-16 23:06:04,796 - trainer2_aws - INFO: [trainer2_aws.py:train_model:172] - Global Epoch:5 Iteration: 740  Loss: 5379.4482421875  Accuracy: 77.42261505126953 %
2021-04-16 23:06:19,326 - trainer2_aws - INFO: [trainer2_aws.py:train_model:172] - Global Epoch:5 Iteration: 750  Loss: 5022.3486328125  Accuracy: 77.86895751953125 %
2021-04-16 23:06:33,746 - trainer2_aws - INFO: [trainer2_aws.py:train_model:172] - Global Epoch:5 Iteration: 760  Loss: 3912.1044921875  Accuracy: 78.5660629272461 %
2021-04-16 23:06:48,623 - trainer2_aws - INFO: [trainer2_aws.py:train_model:172] - Global Epoch:5 Iteration: 770  Loss: 11471.099609375  Accuracy: 78.9644546508789 %
2021-04-16 23:07:03,268 - trainer2_aws - INFO: [trainer2_aws.py:train_model:172] - Global Epoch:5 Iteration: 780  Loss: 7335.708984375  Accuracy: 76.62444305419922 %
2021-04-16 23:07:17,793 - trainer2_aws - INFO: [trainer2_aws.py:train_model:172] - Global Epoch:5 Iteration: 790  Loss: 6524.77490234375  Accuracy: 77.67976379394531 %
2021-04-16 23:07:32,437 - trainer2_aws - INFO: [trainer2_aws.py:train_model:172] - Global Epoch:5 Iteration: 800  Loss: 4284.1064453125  Accuracy: 69.9078598022461 %
2021-04-16 23:07:47,094 - trainer2_aws - INFO: [trainer2_aws.py:train_model:172] - Global Epoch:5 Iteration: 810  Loss: 5219.27734375  Accuracy: 74.81768798828125 %
2021-04-16 23:08:01,708 - trainer2_aws - INFO: [trainer2_aws.py:train_model:172] - Global Epoch:5 Iteration: 820  Loss: 5620.94189453125  Accuracy: 77.95533752441406 %
2021-04-16 23:08:16,398 - trainer2_aws - INFO: [trainer2_aws.py:train_model:172] - Global Epoch:5 Iteration: 830  Loss: 5931.5810546875  Accuracy: 77.0932388305664 %
2021-04-16 23:08:31,033 - trainer2_aws - INFO: [trainer2_aws.py:train_model:172] - Global Epoch:5 Iteration: 840  Loss: 9071.8525390625  Accuracy: 77.28958892822266 %
2021-04-16 23:08:45,606 - trainer2_aws - INFO: [trainer2_aws.py:train_model:172] - Global Epoch:5 Iteration: 850  Loss: 5380.802734375  Accuracy: 56.56962585449219 %
2021-04-16 23:09:00,143 - trainer2_aws - INFO: [trainer2_aws.py:train_model:172] - Global Epoch:5 Iteration: 860  Loss: 5764.29638671875  Accuracy: 65.51390075683594 %
2021-04-16 23:09:14,900 - trainer2_aws - INFO: [trainer2_aws.py:train_model:172] - Global Epoch:5 Iteration: 870  Loss: 9899.7900390625  Accuracy: 66.0500259399414 %
2021-04-16 23:09:29,754 - trainer2_aws - INFO: [trainer2_aws.py:train_model:172] - Global Epoch:5 Iteration: 880  Loss: 5253.55859375  Accuracy: 77.28618621826172 %
2021-04-16 23:09:44,330 - trainer2_aws - INFO: [trainer2_aws.py:train_model:172] - Global Epoch:5 Iteration: 890  Loss: 7170.326171875  Accuracy: 78.03045654296875 %
2021-04-16 23:09:58,749 - trainer2_aws - INFO: [trainer2_aws.py:train_model:172] - Global Epoch:5 Iteration: 900  Loss: 6972.490234375  Accuracy: 70.5558853149414 %
2021-04-16 23:10:13,738 - trainer2_aws - INFO: [trainer2_aws.py:train_model:172] - Global Epoch:5 Iteration: 910  Loss: 3166.951904296875  Accuracy: 65.73881530761719 %
2021-04-16 23:10:26,537 - trainer2_aws - INFO: [trainer2_aws.py:train_model:196] - Epoch 5 completed. Time taken (seconds): 1355.7421834468842
2021-04-16 23:10:26,537 - trainer2_aws - INFO: [trainer2_aws.py:train_model:198] - 
Accuracy: 76.17242431640625
2021-04-16 23:10:26,538 - trainer2_aws - INFO: [trainer2_aws.py:train_model:199] - 
LOSS:: 3166.951904296875
